[0.008s] Invoking command in '/home/ivasd/fyt_atuoaim/build/rm_serial_driver': CMAKE_PREFIX_PATH=/home/ivasd/fyt_atuoaim/install/rm_utils:/home/ivasd/fyt_atuoaim/install/rm_interfaces:/home/ivasd/fyt_atuoaim/install/rm_bringup:/home/ivasd/fyt_atuoaim/install/rm_serial_driver:/home/ivasd/fyt_atuoaim/install/rm_camera_driver:/home/ivasd/fyt_atuoaim/install/rm_auto_aim:/home/ivasd/fyt_atuoaim/install/armor_solver:/home/ivasd/fyt_atuoaim/install/armor_detector:/home/ivasd/fyt_atuoaim/install/rm_robot_description:/opt/ros/humble LD_LIBRARY_PATH=/home/ivasd/fyt_atuoaim/install/rm_utils/lib:/home/ivasd/fyt_atuoaim/install/rm_interfaces/lib:/home/ivasd/fyt_atuoaim/install/rm_serial_driver/lib:/home/ivasd/fyt_atuoaim/install/rm_camera_driver/lib:/home/ivasd/fyt_atuoaim/install/armor_solver/lib:/home/ivasd/fyt_atuoaim/install/armor_detector/lib:/opt/ros/humble/opt/rviz_ogre_vendor/lib:/opt/ros/humble/lib/x86_64-linux-gnu:/opt/ros/humble/lib /usr/local/bin/cmake /home/ivasd/fyt_atuoaim/src/rm_hardware_driver/rm_serial_driver -DAMENT_CMAKE_SYMLINK_INSTALL=1 -DCMAKE_INSTALL_PREFIX=/home/ivasd/fyt_atuoaim/install/rm_serial_driver
[0.038s] -- The C compiler identification is GNU 11.4.0
[0.071s] -- The CXX compiler identification is GNU 11.4.0
[0.077s] -- Detecting C compiler ABI info
[0.112s] -- Detecting C compiler ABI info - done
[0.119s] -- Check for working C compiler: /usr/bin/cc - skipped
[0.119s] -- Detecting C compile features
[0.119s] -- Detecting C compile features - done
[0.122s] -- Detecting CXX compiler ABI info
[0.163s] -- Detecting CXX compiler ABI info - done
[0.167s] -- Check for working CXX compiler: /usr/bin/c++ - skipped
[0.167s] -- Detecting CXX compile features
[0.167s] -- Detecting CXX compile features - done
[0.168s] -- Found ament_cmake_auto: 1.3.12 (/opt/ros/humble/share/ament_cmake_auto/cmake)
[0.244s] -- Found Python3: /usr/bin/python3 (found version "3.10.12") found components: Interpreter 
[0.276s] -- Override CMake install command with custom implementation using symlinks instead of copying resources
[0.370s] -- Found rosidl_generator_c: 3.1.7 (/opt/ros/humble/share/rosidl_generator_c/cmake)
[0.374s] -- Found rosidl_adapter: 3.1.7 (/opt/ros/humble/share/rosidl_adapter/cmake)
[0.380s] -- Found rosidl_generator_cpp: 3.1.7 (/opt/ros/humble/share/rosidl_generator_cpp/cmake)
[0.390s] -- Using all available rosidl_typesupport_c: rosidl_typesupport_fastrtps_c;rosidl_typesupport_introspection_c
[0.404s] -- Using all available rosidl_typesupport_cpp: rosidl_typesupport_fastrtps_cpp;rosidl_typesupport_introspection_cpp
[0.439s] -- Found rmw_implementation_cmake: 6.1.2 (/opt/ros/humble/share/rmw_implementation_cmake/cmake)
[0.441s] -- Found rmw_fastrtps_cpp: 6.2.8 (/opt/ros/humble/share/rmw_fastrtps_cpp/cmake)
[0.508s] -- Found OpenSSL: /usr/lib/x86_64-linux-gnu/libcrypto.so (found version "3.0.2")  
[0.531s] -- Found FastRTPS: /opt/ros/humble/include  
[0.559s] -- Using RMW implementation 'rmw_fastrtps_cpp' as default
[0.566s] -- Performing Test CMAKE_HAVE_LIBC_PTHREAD
[0.614s] -- Performing Test CMAKE_HAVE_LIBC_PTHREAD - Success
[0.615s] -- Found Threads: TRUE  
[0.758s] -- Found eigen3_cmake_module: 0.1.1 (/opt/ros/humble/share/eigen3_cmake_module/cmake)
[0.759s] -- Found Eigen3: TRUE (found version "3.4.0") 
[0.759s] -- Ensuring Eigen3 include directory is part of orocos-kdl CMake target
[1.138s] -- Found AMD headers in: /usr/include/suitesparse
[1.139s] -- Found AMD library: /usr/lib/x86_64-linux-gnu/libamd.so
[1.139s] -- Found CAMD headers in: /usr/include/suitesparse
[1.140s] -- Found CAMD library: /usr/lib/x86_64-linux-gnu/libcamd.so
[1.140s] -- Found CCOLAMD headers in: /usr/include/suitesparse
[1.140s] -- Found CCOLAMD library: /usr/lib/x86_64-linux-gnu/libccolamd.so
[1.140s] -- Found CHOLMOD headers in: /usr/include/suitesparse
[1.141s] -- Found CHOLMOD library: /usr/lib/x86_64-linux-gnu/libcholmod.so
[1.141s] -- Found COLAMD headers in: /usr/include/suitesparse
[1.141s] -- Found COLAMD library: /usr/lib/x86_64-linux-gnu/libcolamd.so
[1.141s] -- Found SPQR headers in: /usr/include/suitesparse
[1.142s] -- Found SPQR library: /usr/lib/x86_64-linux-gnu/libspqr.so
[1.142s] -- Found Config headers in: /usr/include/suitesparse
[1.142s] -- Found Config library: /usr/lib/x86_64-linux-gnu/libsuitesparseconfig.so
[1.144s] -- Found Intel Thread Building Blocks (TBB) library (2021.5 / ) include location: . Assuming SuiteSparseQR was compiled with TBB.
[1.144s] -- Looking for shm_open in rt
[1.193s] -- Looking for shm_open in rt - found
[1.193s] -- Adding librt to SuiteSparse_config libraries (required on Linux & Unix [not OSX] if SuiteSparse is compiled with timing).
[1.196s] -- Could NOT find METIS (missing: METIS_INCLUDE_DIR METIS_LIBRARY) 
[1.221s] -- Found ament_lint_auto: 0.12.14 (/opt/ros/humble/share/ament_lint_auto/cmake)
[1.237s] -- Found ament_cmake_gtest: 1.3.12 (/opt/ros/humble/share/ament_cmake_gtest/cmake)
[1.238s] -- Found gtest sources under '/opt/ros/humble/src/gtest_vendor': C++ tests using 'Google Test' will be built
[1.242s] [0mIn this package, headers install destination is set to `include` by ament_auto_package. It is recommended to install `include/rm_serial_driver` instead and will be the default behavior of ament_auto_package from ROS 2 Kilted Kaiju. On distributions before Kilted, ament_auto_package behaves the same way when you use USE_SCOPED_HEADER_INSTALL_DIR option.[0m
[1.246s] -- Added test 'cppcheck' to perform static code analysis on C / C++ code
[1.246s] -- Configured cppcheck include dirs: /home/ivasd/fyt_atuoaim/src/rm_hardware_driver/rm_serial_driver/include
[1.246s] -- Configured cppcheck exclude dirs and/or files: 
[1.247s] -- Added test 'lint_cmake' to check CMake code style
[1.248s] -- Added test 'xmllint' to check XML markup files
[1.250s] -- Configuring done
[1.275s] -- Generating done
[1.284s] -- Build files have been written to: /home/ivasd/fyt_atuoaim/build/rm_serial_driver
[1.294s] Invoked command in '/home/ivasd/fyt_atuoaim/build/rm_serial_driver' returned '0': CMAKE_PREFIX_PATH=/home/ivasd/fyt_atuoaim/install/rm_utils:/home/ivasd/fyt_atuoaim/install/rm_interfaces:/home/ivasd/fyt_atuoaim/install/rm_bringup:/home/ivasd/fyt_atuoaim/install/rm_serial_driver:/home/ivasd/fyt_atuoaim/install/rm_camera_driver:/home/ivasd/fyt_atuoaim/install/rm_auto_aim:/home/ivasd/fyt_atuoaim/install/armor_solver:/home/ivasd/fyt_atuoaim/install/armor_detector:/home/ivasd/fyt_atuoaim/install/rm_robot_description:/opt/ros/humble LD_LIBRARY_PATH=/home/ivasd/fyt_atuoaim/install/rm_utils/lib:/home/ivasd/fyt_atuoaim/install/rm_interfaces/lib:/home/ivasd/fyt_atuoaim/install/rm_serial_driver/lib:/home/ivasd/fyt_atuoaim/install/rm_camera_driver/lib:/home/ivasd/fyt_atuoaim/install/armor_solver/lib:/home/ivasd/fyt_atuoaim/install/armor_detector/lib:/opt/ros/humble/opt/rviz_ogre_vendor/lib:/opt/ros/humble/lib/x86_64-linux-gnu:/opt/ros/humble/lib /usr/local/bin/cmake /home/ivasd/fyt_atuoaim/src/rm_hardware_driver/rm_serial_driver -DAMENT_CMAKE_SYMLINK_INSTALL=1 -DCMAKE_INSTALL_PREFIX=/home/ivasd/fyt_atuoaim/install/rm_serial_driver
[1.295s] Invoking command in '/home/ivasd/fyt_atuoaim/build/rm_serial_driver': CMAKE_PREFIX_PATH=/home/ivasd/fyt_atuoaim/install/rm_utils:/home/ivasd/fyt_atuoaim/install/rm_interfaces:/home/ivasd/fyt_atuoaim/install/rm_bringup:/home/ivasd/fyt_atuoaim/install/rm_serial_driver:/home/ivasd/fyt_atuoaim/install/rm_camera_driver:/home/ivasd/fyt_atuoaim/install/rm_auto_aim:/home/ivasd/fyt_atuoaim/install/armor_solver:/home/ivasd/fyt_atuoaim/install/armor_detector:/home/ivasd/fyt_atuoaim/install/rm_robot_description:/opt/ros/humble LD_LIBRARY_PATH=/home/ivasd/fyt_atuoaim/install/rm_utils/lib:/home/ivasd/fyt_atuoaim/install/rm_interfaces/lib:/home/ivasd/fyt_atuoaim/install/rm_serial_driver/lib:/home/ivasd/fyt_atuoaim/install/rm_camera_driver/lib:/home/ivasd/fyt_atuoaim/install/armor_solver/lib:/home/ivasd/fyt_atuoaim/install/armor_detector/lib:/opt/ros/humble/opt/rviz_ogre_vendor/lib:/opt/ros/humble/lib/x86_64-linux-gnu:/opt/ros/humble/lib /usr/local/bin/cmake --build /home/ivasd/fyt_atuoaim/build/rm_serial_driver -- -j32 -l32
[1.325s] [ 11%] [32mBuilding CXX object CMakeFiles/rm_serial_driver.dir/src/protocol/infantry_protocol.cpp.o[0m
[1.325s] [ 11%] [32mBuilding CXX object CMakeFiles/rm_serial_driver_node.dir/rclcpp_components/node_main_rm_serial_driver_node.cpp.o[0m
[1.325s] [ 23%] [32mBuilding CXX object CMakeFiles/virtual_serial_node.dir/rclcpp_components/node_main_virtual_serial_node.cpp.o[0m
[1.325s] [ 23%] [32mBuilding CXX object gtest/CMakeFiles/gtest_main.dir/src/gtest_main.cc.o[0m
[1.325s] [ 29%] [32mBuilding CXX object CMakeFiles/rm_serial_driver.dir/src/protocol/default_protocol.cpp.o[0m
[1.325s] [ 35%] [32mBuilding CXX object gtest/CMakeFiles/gtest.dir/src/gtest-all.cc.o[0m
[1.325s] [ 41%] [32mBuilding CXX object CMakeFiles/rm_serial_driver.dir/src/serial_driver_node.cpp.o[0m
[1.325s] [ 47%] [32mBuilding CXX object CMakeFiles/rm_serial_driver.dir/src/protocol/sentry_protocol.cpp.o[0m
[1.325s] [ 52%] [32mBuilding CXX object CMakeFiles/rm_serial_driver.dir/src/transporter_driver/uart_transporter.cpp.o[0m
[1.326s] [ 58%] [32mBuilding CXX object CMakeFiles/rm_serial_driver.dir/src/virtual_serial_node.cpp.o[0m
[2.591s] [ 64%] [32m[1mLinking CXX static library libgtest_main.a[0m
[2.614s] [ 64%] Built target gtest_main
[5.294s] [ 70%] [32m[1mLinking CXX executable rm_serial_driver_node[0m
[5.375s] [ 70%] Built target rm_serial_driver_node
[5.991s] [ 76%] [32m[1mLinking CXX executable virtual_serial_node[0m
[6.111s] [ 76%] Built target virtual_serial_node
[9.550s] [ 82%] [32m[1mLinking CXX static library libgtest.a[0m
[9.574s] [ 82%] Built target gtest
[14.759s] [ 88%] [32m[1mLinking CXX shared library librm_serial_driver.so[0m
[14.939s] [ 88%] Built target rm_serial_driver
[14.949s] [ 94%] [32mBuilding CXX object CMakeFiles/test_fixed_packet_tool.dir/test/test_fixed_packet_tool.cpp.o[0m
[17.461s] [100%] [32m[1mLinking CXX executable test_fixed_packet_tool[0m
[17.583s] [100%] Built target test_fixed_packet_tool
[17.588s] Invoked command in '/home/ivasd/fyt_atuoaim/build/rm_serial_driver' returned '0': CMAKE_PREFIX_PATH=/home/ivasd/fyt_atuoaim/install/rm_utils:/home/ivasd/fyt_atuoaim/install/rm_interfaces:/home/ivasd/fyt_atuoaim/install/rm_bringup:/home/ivasd/fyt_atuoaim/install/rm_serial_driver:/home/ivasd/fyt_atuoaim/install/rm_camera_driver:/home/ivasd/fyt_atuoaim/install/rm_auto_aim:/home/ivasd/fyt_atuoaim/install/armor_solver:/home/ivasd/fyt_atuoaim/install/armor_detector:/home/ivasd/fyt_atuoaim/install/rm_robot_description:/opt/ros/humble LD_LIBRARY_PATH=/home/ivasd/fyt_atuoaim/install/rm_utils/lib:/home/ivasd/fyt_atuoaim/install/rm_interfaces/lib:/home/ivasd/fyt_atuoaim/install/rm_serial_driver/lib:/home/ivasd/fyt_atuoaim/install/rm_camera_driver/lib:/home/ivasd/fyt_atuoaim/install/armor_solver/lib:/home/ivasd/fyt_atuoaim/install/armor_detector/lib:/opt/ros/humble/opt/rviz_ogre_vendor/lib:/opt/ros/humble/lib/x86_64-linux-gnu:/opt/ros/humble/lib /usr/local/bin/cmake --build /home/ivasd/fyt_atuoaim/build/rm_serial_driver -- -j32 -l32
[17.589s] Invoking command in '/home/ivasd/fyt_atuoaim/build/rm_serial_driver': CMAKE_PREFIX_PATH=/home/ivasd/fyt_atuoaim/install/rm_utils:/home/ivasd/fyt_atuoaim/install/rm_interfaces:/home/ivasd/fyt_atuoaim/install/rm_bringup:/home/ivasd/fyt_atuoaim/install/rm_serial_driver:/home/ivasd/fyt_atuoaim/install/rm_camera_driver:/home/ivasd/fyt_atuoaim/install/rm_auto_aim:/home/ivasd/fyt_atuoaim/install/armor_solver:/home/ivasd/fyt_atuoaim/install/armor_detector:/home/ivasd/fyt_atuoaim/install/rm_robot_description:/opt/ros/humble LD_LIBRARY_PATH=/home/ivasd/fyt_atuoaim/install/rm_utils/lib:/home/ivasd/fyt_atuoaim/install/rm_interfaces/lib:/home/ivasd/fyt_atuoaim/install/rm_serial_driver/lib:/home/ivasd/fyt_atuoaim/install/rm_camera_driver/lib:/home/ivasd/fyt_atuoaim/install/armor_solver/lib:/home/ivasd/fyt_atuoaim/install/armor_detector/lib:/opt/ros/humble/opt/rviz_ogre_vendor/lib:/opt/ros/humble/lib/x86_64-linux-gnu:/opt/ros/humble/lib /usr/local/bin/cmake --install /home/ivasd/fyt_atuoaim/build/rm_serial_driver
[17.592s] -- Install configuration: ""
[17.592s] -- Execute custom install script
[17.592s] -- Symlinking: /home/ivasd/fyt_atuoaim/install/rm_serial_driver/lib/rm_serial_driver/rm_serial_driver_node
[17.595s] -- Symlinking: /home/ivasd/fyt_atuoaim/install/rm_serial_driver/lib/rm_serial_driver/virtual_serial_node
[17.599s] -- Symlinking: /home/ivasd/fyt_atuoaim/install/rm_serial_driver/include/rm_serial_driver/fixed_packet.hpp
[17.602s] -- Symlinking: /home/ivasd/fyt_atuoaim/install/rm_serial_driver/include/rm_serial_driver/fixed_packet_tool.hpp
[17.604s] -- Symlinking: /home/ivasd/fyt_atuoaim/install/rm_serial_driver/include/rm_serial_driver/protocol.hpp
[17.607s] -- Symlinking: /home/ivasd/fyt_atuoaim/install/rm_serial_driver/include/rm_serial_driver/protocol/default_protocol.hpp
[17.610s] -- Symlinking: /home/ivasd/fyt_atuoaim/install/rm_serial_driver/include/rm_serial_driver/protocol/infantry_protocol.hpp
[17.613s] -- Symlinking: /home/ivasd/fyt_atuoaim/install/rm_serial_driver/include/rm_serial_driver/protocol/sentry_protocol.hpp
[17.615s] -- Symlinking: /home/ivasd/fyt_atuoaim/install/rm_serial_driver/include/rm_serial_driver/protocol_factory.hpp
[17.618s] -- Symlinking: /home/ivasd/fyt_atuoaim/install/rm_serial_driver/include/rm_serial_driver/serial_driver_node.hpp
[17.621s] -- Symlinking: /home/ivasd/fyt_atuoaim/install/rm_serial_driver/include/rm_serial_driver/transporter_interface.hpp
[17.623s] -- Symlinking: /home/ivasd/fyt_atuoaim/install/rm_serial_driver/include/rm_serial_driver/uart_transporter.hpp
[17.626s] -- Symlinking: /home/ivasd/fyt_atuoaim/install/rm_serial_driver/share/rm_serial_driver/environment/library_path.sh
[17.629s] -- Symlinking: /home/ivasd/fyt_atuoaim/install/rm_serial_driver/share/rm_serial_driver/environment/library_path.dsv
[17.632s] -- Symlinking: /home/ivasd/fyt_atuoaim/install/rm_serial_driver/lib/librm_serial_driver.so
[17.634s] -- Symlinking: /home/ivasd/fyt_atuoaim/install/rm_serial_driver/share/ament_index/resource_index/package_run_dependencies/rm_serial_driver
[17.637s] -- Symlinking: /home/ivasd/fyt_atuoaim/install/rm_serial_driver/share/ament_index/resource_index/parent_prefix_path/rm_serial_driver
[17.641s] -- Symlinking: /home/ivasd/fyt_atuoaim/install/rm_serial_driver/share/rm_serial_driver/environment/ament_prefix_path.sh
[17.644s] -- Symlinking: /home/ivasd/fyt_atuoaim/install/rm_serial_driver/share/rm_serial_driver/environment/ament_prefix_path.dsv
[17.647s] -- Symlinking: /home/ivasd/fyt_atuoaim/install/rm_serial_driver/share/rm_serial_driver/environment/path.sh
[17.649s] -- Symlinking: /home/ivasd/fyt_atuoaim/install/rm_serial_driver/share/rm_serial_driver/environment/path.dsv
[17.652s] -- Symlinking: /home/ivasd/fyt_atuoaim/install/rm_serial_driver/share/rm_serial_driver/local_setup.bash
[17.655s] -- Symlinking: /home/ivasd/fyt_atuoaim/install/rm_serial_driver/share/rm_serial_driver/local_setup.sh
[17.658s] -- Symlinking: /home/ivasd/fyt_atuoaim/install/rm_serial_driver/share/rm_serial_driver/local_setup.zsh
[17.660s] -- Symlinking: /home/ivasd/fyt_atuoaim/install/rm_serial_driver/share/rm_serial_driver/local_setup.dsv
[17.663s] -- Symlinking: /home/ivasd/fyt_atuoaim/install/rm_serial_driver/share/rm_serial_driver/package.dsv
[17.666s] -- Symlinking: /home/ivasd/fyt_atuoaim/install/rm_serial_driver/share/ament_index/resource_index/packages/rm_serial_driver
[17.668s] -- Symlinking: /home/ivasd/fyt_atuoaim/install/rm_serial_driver/share/ament_index/resource_index/rclcpp_components/rm_serial_driver
[17.671s] -- Symlinking: /home/ivasd/fyt_atuoaim/install/rm_serial_driver/share/rm_serial_driver/cmake/ament_cmake_export_dependencies-extras.cmake
[17.673s] -- Symlinking: /home/ivasd/fyt_atuoaim/install/rm_serial_driver/share/rm_serial_driver/cmake/ament_cmake_export_include_directories-extras.cmake
[17.675s] -- Symlinking: /home/ivasd/fyt_atuoaim/install/rm_serial_driver/share/rm_serial_driver/cmake/ament_cmake_export_libraries-extras.cmake
[17.678s] -- Symlinking: /home/ivasd/fyt_atuoaim/install/rm_serial_driver/share/rm_serial_driver/cmake/rm_serial_driverConfig.cmake
[17.680s] -- Symlinking: /home/ivasd/fyt_atuoaim/install/rm_serial_driver/share/rm_serial_driver/cmake/rm_serial_driverConfig-version.cmake
[17.683s] -- Symlinking: /home/ivasd/fyt_atuoaim/install/rm_serial_driver/share/rm_serial_driver/package.xml
[17.686s] Invoked command in '/home/ivasd/fyt_atuoaim/build/rm_serial_driver' returned '0': CMAKE_PREFIX_PATH=/home/ivasd/fyt_atuoaim/install/rm_utils:/home/ivasd/fyt_atuoaim/install/rm_interfaces:/home/ivasd/fyt_atuoaim/install/rm_bringup:/home/ivasd/fyt_atuoaim/install/rm_serial_driver:/home/ivasd/fyt_atuoaim/install/rm_camera_driver:/home/ivasd/fyt_atuoaim/install/rm_auto_aim:/home/ivasd/fyt_atuoaim/install/armor_solver:/home/ivasd/fyt_atuoaim/install/armor_detector:/home/ivasd/fyt_atuoaim/install/rm_robot_description:/opt/ros/humble LD_LIBRARY_PATH=/home/ivasd/fyt_atuoaim/install/rm_utils/lib:/home/ivasd/fyt_atuoaim/install/rm_interfaces/lib:/home/ivasd/fyt_atuoaim/install/rm_serial_driver/lib:/home/ivasd/fyt_atuoaim/install/rm_camera_driver/lib:/home/ivasd/fyt_atuoaim/install/armor_solver/lib:/home/ivasd/fyt_atuoaim/install/armor_detector/lib:/opt/ros/humble/opt/rviz_ogre_vendor/lib:/opt/ros/humble/lib/x86_64-linux-gnu:/opt/ros/humble/lib /usr/local/bin/cmake --install /home/ivasd/fyt_atuoaim/build/rm_serial_driver
