[0.008s] Invoking command in '/home/ivasd/fyt_atuoaim/build/rm_serial_driver': CMAKE_PREFIX_PATH=/home/ivasd/fyt_atuoaim/install/rm_utils:/home/ivasd/fyt_atuoaim/install/rm_interfaces:/home/ivasd/fyt_atuoaim/install/rm_bringup:/home/ivasd/fyt_atuoaim/install/rm_serial_driver:/home/ivasd/fyt_atuoaim/install/rm_camera_driver:/home/ivasd/fyt_atuoaim/install/rm_auto_aim:/home/ivasd/fyt_atuoaim/install/armor_solver:/home/ivasd/fyt_atuoaim/install/armor_detector:/home/ivasd/fyt_atuoaim/install/rm_robot_description:/opt/ros/humble LD_LIBRARY_PATH=/home/ivasd/fyt_atuoaim/install/rm_utils/lib:/home/ivasd/fyt_atuoaim/install/rm_interfaces/lib:/home/ivasd/fyt_atuoaim/install/rm_serial_driver/lib:/home/ivasd/fyt_atuoaim/install/rm_camera_driver/lib:/home/ivasd/fyt_atuoaim/install/armor_solver/lib:/home/ivasd/fyt_atuoaim/install/armor_detector/lib:/opt/ros/humble/opt/rviz_ogre_vendor/lib:/opt/ros/humble/lib/x86_64-linux-gnu:/opt/ros/humble/lib /usr/local/bin/cmake --build /home/ivasd/fyt_atuoaim/build/rm_serial_driver -- -j32 -l32
[0.025s] [35m[1mConsolidate compiler generated dependencies of target rm_serial_driver_node[0m
[0.025s] [35m[1mConsolidate compiler generated dependencies of target gtest_main[0m
[0.026s] [35m[1mConsolidate compiler generated dependencies of target gtest[0m
[0.026s] [35m[1mConsolidate compiler generated dependencies of target virtual_serial_node[0m
[0.029s] [35m[1mConsolidate compiler generated dependencies of target rm_serial_driver[0m
[0.031s] [ 11%] Built target rm_serial_driver_node
[0.031s] [ 23%] Built target gtest_main
[0.032s] [ 35%] Built target gtest
[0.034s] [ 47%] Built target virtual_serial_node
[0.047s] [ 88%] Built target rm_serial_driver
[0.051s] [35m[1mConsolidate compiler generated dependencies of target test_fixed_packet_tool[0m
[0.059s] [100%] Built target test_fixed_packet_tool
[0.067s] Invoked command in '/home/ivasd/fyt_atuoaim/build/rm_serial_driver' returned '0': CMAKE_PREFIX_PATH=/home/ivasd/fyt_atuoaim/install/rm_utils:/home/ivasd/fyt_atuoaim/install/rm_interfaces:/home/ivasd/fyt_atuoaim/install/rm_bringup:/home/ivasd/fyt_atuoaim/install/rm_serial_driver:/home/ivasd/fyt_atuoaim/install/rm_camera_driver:/home/ivasd/fyt_atuoaim/install/rm_auto_aim:/home/ivasd/fyt_atuoaim/install/armor_solver:/home/ivasd/fyt_atuoaim/install/armor_detector:/home/ivasd/fyt_atuoaim/install/rm_robot_description:/opt/ros/humble LD_LIBRARY_PATH=/home/ivasd/fyt_atuoaim/install/rm_utils/lib:/home/ivasd/fyt_atuoaim/install/rm_interfaces/lib:/home/ivasd/fyt_atuoaim/install/rm_serial_driver/lib:/home/ivasd/fyt_atuoaim/install/rm_camera_driver/lib:/home/ivasd/fyt_atuoaim/install/armor_solver/lib:/home/ivasd/fyt_atuoaim/install/armor_detector/lib:/opt/ros/humble/opt/rviz_ogre_vendor/lib:/opt/ros/humble/lib/x86_64-linux-gnu:/opt/ros/humble/lib /usr/local/bin/cmake --build /home/ivasd/fyt_atuoaim/build/rm_serial_driver -- -j32 -l32
[0.068s] Invoking command in '/home/ivasd/fyt_atuoaim/build/rm_serial_driver': CMAKE_PREFIX_PATH=/home/ivasd/fyt_atuoaim/install/rm_utils:/home/ivasd/fyt_atuoaim/install/rm_interfaces:/home/ivasd/fyt_atuoaim/install/rm_bringup:/home/ivasd/fyt_atuoaim/install/rm_serial_driver:/home/ivasd/fyt_atuoaim/install/rm_camera_driver:/home/ivasd/fyt_atuoaim/install/rm_auto_aim:/home/ivasd/fyt_atuoaim/install/armor_solver:/home/ivasd/fyt_atuoaim/install/armor_detector:/home/ivasd/fyt_atuoaim/install/rm_robot_description:/opt/ros/humble LD_LIBRARY_PATH=/home/ivasd/fyt_atuoaim/install/rm_utils/lib:/home/ivasd/fyt_atuoaim/install/rm_interfaces/lib:/home/ivasd/fyt_atuoaim/install/rm_serial_driver/lib:/home/ivasd/fyt_atuoaim/install/rm_camera_driver/lib:/home/ivasd/fyt_atuoaim/install/armor_solver/lib:/home/ivasd/fyt_atuoaim/install/armor_detector/lib:/opt/ros/humble/opt/rviz_ogre_vendor/lib:/opt/ros/humble/lib/x86_64-linux-gnu:/opt/ros/humble/lib /usr/local/bin/cmake --install /home/ivasd/fyt_atuoaim/build/rm_serial_driver
[0.069s] -- Install configuration: ""
[0.070s] -- Execute custom install script
[0.070s] -- Up-to-date symlink: /home/ivasd/fyt_atuoaim/install/rm_serial_driver/lib/rm_serial_driver/rm_serial_driver_node
[0.070s] -- Up-to-date symlink: /home/ivasd/fyt_atuoaim/install/rm_serial_driver/lib/rm_serial_driver/virtual_serial_node
[0.070s] -- Up-to-date symlink: /home/ivasd/fyt_atuoaim/install/rm_serial_driver/include/rm_serial_driver/fixed_packet.hpp
[0.070s] -- Up-to-date symlink: /home/ivasd/fyt_atuoaim/install/rm_serial_driver/include/rm_serial_driver/fixed_packet_tool.hpp
[0.070s] -- Up-to-date symlink: /home/ivasd/fyt_atuoaim/install/rm_serial_driver/include/rm_serial_driver/protocol.hpp
[0.070s] -- Up-to-date symlink: /home/ivasd/fyt_atuoaim/install/rm_serial_driver/include/rm_serial_driver/protocol/default_protocol.hpp
[0.070s] -- Up-to-date symlink: /home/ivasd/fyt_atuoaim/install/rm_serial_driver/include/rm_serial_driver/protocol/infantry_protocol.hpp
[0.070s] -- Up-to-date symlink: /home/ivasd/fyt_atuoaim/install/rm_serial_driver/include/rm_serial_driver/protocol/sentry_protocol.hpp
[0.070s] -- Up-to-date symlink: /home/ivasd/fyt_atuoaim/install/rm_serial_driver/include/rm_serial_driver/protocol_factory.hpp
[0.070s] -- Up-to-date symlink: /home/ivasd/fyt_atuoaim/install/rm_serial_driver/include/rm_serial_driver/serial_driver_node.hpp
[0.070s] -- Up-to-date symlink: /home/ivasd/fyt_atuoaim/install/rm_serial_driver/include/rm_serial_driver/transporter_interface.hpp
[0.070s] -- Up-to-date symlink: /home/ivasd/fyt_atuoaim/install/rm_serial_driver/include/rm_serial_driver/uart_transporter.hpp
[0.071s] -- Up-to-date symlink: /home/ivasd/fyt_atuoaim/install/rm_serial_driver/share/rm_serial_driver/environment/library_path.sh
[0.071s] -- Up-to-date symlink: /home/ivasd/fyt_atuoaim/install/rm_serial_driver/share/rm_serial_driver/environment/library_path.dsv
[0.071s] -- Up-to-date symlink: /home/ivasd/fyt_atuoaim/install/rm_serial_driver/lib/librm_serial_driver.so
[0.071s] -- Up-to-date symlink: /home/ivasd/fyt_atuoaim/install/rm_serial_driver/share/ament_index/resource_index/package_run_dependencies/rm_serial_driver
[0.071s] -- Up-to-date symlink: /home/ivasd/fyt_atuoaim/install/rm_serial_driver/share/ament_index/resource_index/parent_prefix_path/rm_serial_driver
[0.071s] -- Up-to-date symlink: /home/ivasd/fyt_atuoaim/install/rm_serial_driver/share/rm_serial_driver/environment/ament_prefix_path.sh
[0.071s] -- Up-to-date symlink: /home/ivasd/fyt_atuoaim/install/rm_serial_driver/share/rm_serial_driver/environment/ament_prefix_path.dsv
[0.071s] -- Up-to-date symlink: /home/ivasd/fyt_atuoaim/install/rm_serial_driver/share/rm_serial_driver/environment/path.sh
[0.071s] -- Up-to-date symlink: /home/ivasd/fyt_atuoaim/install/rm_serial_driver/share/rm_serial_driver/environment/path.dsv
[0.071s] -- Up-to-date symlink: /home/ivasd/fyt_atuoaim/install/rm_serial_driver/share/rm_serial_driver/local_setup.bash
[0.071s] -- Up-to-date symlink: /home/ivasd/fyt_atuoaim/install/rm_serial_driver/share/rm_serial_driver/local_setup.sh
[0.071s] -- Up-to-date symlink: /home/ivasd/fyt_atuoaim/install/rm_serial_driver/share/rm_serial_driver/local_setup.zsh
[0.071s] -- Up-to-date symlink: /home/ivasd/fyt_atuoaim/install/rm_serial_driver/share/rm_serial_driver/local_setup.dsv
[0.071s] -- Symlinking: /home/ivasd/fyt_atuoaim/install/rm_serial_driver/share/rm_serial_driver/package.dsv
[0.074s] -- Up-to-date symlink: /home/ivasd/fyt_atuoaim/install/rm_serial_driver/share/ament_index/resource_index/packages/rm_serial_driver
[0.074s] -- Up-to-date symlink: /home/ivasd/fyt_atuoaim/install/rm_serial_driver/share/ament_index/resource_index/rclcpp_components/rm_serial_driver
[0.074s] -- Up-to-date symlink: /home/ivasd/fyt_atuoaim/install/rm_serial_driver/share/rm_serial_driver/cmake/ament_cmake_export_dependencies-extras.cmake
[0.074s] -- Up-to-date symlink: /home/ivasd/fyt_atuoaim/install/rm_serial_driver/share/rm_serial_driver/cmake/ament_cmake_export_include_directories-extras.cmake
[0.074s] -- Up-to-date symlink: /home/ivasd/fyt_atuoaim/install/rm_serial_driver/share/rm_serial_driver/cmake/ament_cmake_export_libraries-extras.cmake
[0.074s] -- Up-to-date symlink: /home/ivasd/fyt_atuoaim/install/rm_serial_driver/share/rm_serial_driver/cmake/rm_serial_driverConfig.cmake
[0.075s] -- Up-to-date symlink: /home/ivasd/fyt_atuoaim/install/rm_serial_driver/share/rm_serial_driver/cmake/rm_serial_driverConfig-version.cmake
[0.075s] -- Up-to-date symlink: /home/ivasd/fyt_atuoaim/install/rm_serial_driver/share/rm_serial_driver/package.xml
[0.076s] Invoked command in '/home/ivasd/fyt_atuoaim/build/rm_serial_driver' returned '0': CMAKE_PREFIX_PATH=/home/ivasd/fyt_atuoaim/install/rm_utils:/home/ivasd/fyt_atuoaim/install/rm_interfaces:/home/ivasd/fyt_atuoaim/install/rm_bringup:/home/ivasd/fyt_atuoaim/install/rm_serial_driver:/home/ivasd/fyt_atuoaim/install/rm_camera_driver:/home/ivasd/fyt_atuoaim/install/rm_auto_aim:/home/ivasd/fyt_atuoaim/install/armor_solver:/home/ivasd/fyt_atuoaim/install/armor_detector:/home/ivasd/fyt_atuoaim/install/rm_robot_description:/opt/ros/humble LD_LIBRARY_PATH=/home/ivasd/fyt_atuoaim/install/rm_utils/lib:/home/ivasd/fyt_atuoaim/install/rm_interfaces/lib:/home/ivasd/fyt_atuoaim/install/rm_serial_driver/lib:/home/ivasd/fyt_atuoaim/install/rm_camera_driver/lib:/home/ivasd/fyt_atuoaim/install/armor_solver/lib:/home/ivasd/fyt_atuoaim/install/armor_detector/lib:/opt/ros/humble/opt/rviz_ogre_vendor/lib:/opt/ros/humble/lib/x86_64-linux-gnu:/opt/ros/humble/lib /usr/local/bin/cmake --install /home/ivasd/fyt_atuoaim/build/rm_serial_driver
