Determining if the function sgemm_ exists failed with the following output:
Change Dir: /home/ivasd/fyt_atuoaim/build/rm_utils/CMakeFiles/CMakeTmp

Run Build Command(s):/usr/bin/gmake -f Makefile cmTC_b7c49/fast && /usr/bin/gmake  -f CMakeFiles/cmTC_b7c49.dir/build.make CMakeFiles/cmTC_b7c49.dir/build
gmake[1]: 进入目录“/home/ivasd/fyt_atuoaim/build/rm_utils/CMakeFiles/CMakeTmp”
Building C object CMakeFiles/cmTC_b7c49.dir/CheckFunctionExists.c.o
/usr/bin/cc   -DCHECK_FUNCTION_EXISTS=sgemm_ -o CMakeFiles/cmTC_b7c49.dir/CheckFunctionExists.c.o -c /usr/local/share/cmake-3.24/Modules/CheckFunctionExists.c
Linking C executable cmTC_b7c49
/usr/local/bin/cmake -E cmake_link_script CMakeFiles/cmTC_b7c49.dir/link.txt --verbose=1
/usr/bin/cc  -DCHECK_FUNCTION_EXISTS=sgemm_ CMakeFiles/cmTC_b7c49.dir/CheckFunctionExists.c.o -o cmTC_b7c49 
/usr/bin/ld: CMakeFiles/cmTC_b7c49.dir/CheckFunctionExists.c.o: in function `main':
CheckFunctionExists.c:(.text+0x14): undefined reference to `sgemm_'
collect2: error: ld returned 1 exit status
gmake[1]: *** [CMakeFiles/cmTC_b7c49.dir/build.make:99：cmTC_b7c49] 错误 1
gmake[1]: 离开目录“/home/ivasd/fyt_atuoaim/build/rm_utils/CMakeFiles/CMakeTmp”
gmake: *** [Makefile:127：cmTC_b7c49/fast] 错误 2



Determining if the function cheev_ exists failed with the following output:
Change Dir: /home/ivasd/fyt_atuoaim/build/rm_utils/CMakeFiles/CMakeTmp

Run Build Command(s):/usr/bin/gmake -f Makefile cmTC_45af6/fast && /usr/bin/gmake  -f CMakeFiles/cmTC_45af6.dir/build.make CMakeFiles/cmTC_45af6.dir/build
gmake[1]: 进入目录“/home/ivasd/fyt_atuoaim/build/rm_utils/CMakeFiles/CMakeTmp”
Building C object CMakeFiles/cmTC_45af6.dir/CheckFunctionExists.c.o
/usr/bin/cc   -DCHECK_FUNCTION_EXISTS=cheev_ -o CMakeFiles/cmTC_45af6.dir/CheckFunctionExists.c.o -c /usr/local/share/cmake-3.24/Modules/CheckFunctionExists.c
Linking C executable cmTC_45af6
/usr/local/bin/cmake -E cmake_link_script CMakeFiles/cmTC_45af6.dir/link.txt --verbose=1
/usr/bin/cc  -DCHECK_FUNCTION_EXISTS=cheev_ CMakeFiles/cmTC_45af6.dir/CheckFunctionExists.c.o -o cmTC_45af6  /usr/lib/x86_64-linux-gnu/libblas.so -lm -ldl 
/usr/bin/ld: CMakeFiles/cmTC_45af6.dir/CheckFunctionExists.c.o: in function `main':
CheckFunctionExists.c:(.text+0x14): undefined reference to `cheev_'
collect2: error: ld returned 1 exit status
gmake[1]: *** [CMakeFiles/cmTC_45af6.dir/build.make:100：cmTC_45af6] 错误 1
gmake[1]: 离开目录“/home/ivasd/fyt_atuoaim/build/rm_utils/CMakeFiles/CMakeTmp”
gmake: *** [Makefile:127：cmTC_45af6/fast] 错误 2



