-- The C compiler identification is GNU 11.4.0
-- The CXX compiler identification is GNU 11.4.0
-- Detecting C compiler ABI info
-- Detecting C compiler ABI info - done
-- Check for working C compiler: /usr/bin/cc - skipped
-- Detecting C compile features
-- Detecting C compile features - done
-- Detecting CXX compiler ABI info
-- Detecting CXX compiler ABI info - done
-- Check for working CXX compiler: /usr/bin/c++ - skipped
-- Detecting CXX compile features
-- Detecting CXX compile features - done
-- Found ament_cmake_auto: 1.3.12 (/opt/ros/humble/share/ament_cmake_auto/cmake)
-- Found Python3: /usr/bin/python3 (found version "3.10.12") found components: Interpreter 
-- Override CMake install command with custom implementation using symlinks instead of copying resources
-- Found OpenCV: /usr (found version "4.5.4") 
-- Searching for g2o ...
-- Found g2o headers in: /usr/local/include/g2o
-- Found libg2o: /usr/local/lib/libg2o_csparse_extension.so;/usr/local/lib/libg2o_core.so;/usr/local/lib/libg2o_stuff.so;/usr/local/lib/libg2o_types_slam2d.so;/usr/local/lib/libg2o_types_slam3d.so;/usr/local/lib/libg2o_solver_cholmod.so;/usr/local/lib/libg2o_solver_pcg.so;/usr/local/lib/libg2o_solver_csparse.so;/usr/local/lib/libg2o_incremental.so
-- Found rosidl_generator_c: 3.1.7 (/opt/ros/humble/share/rosidl_generator_c/cmake)
-- Found rosidl_adapter: 3.1.7 (/opt/ros/humble/share/rosidl_adapter/cmake)
-- Found rosidl_generator_cpp: 3.1.7 (/opt/ros/humble/share/rosidl_generator_cpp/cmake)
-- Using all available rosidl_typesupport_c: rosidl_typesupport_fastrtps_c;rosidl_typesupport_introspection_c
-- Using all available rosidl_typesupport_cpp: rosidl_typesupport_fastrtps_cpp;rosidl_typesupport_introspection_cpp
-- Found rmw_implementation_cmake: 6.1.2 (/opt/ros/humble/share/rmw_implementation_cmake/cmake)
-- Found rmw_fastrtps_cpp: 6.2.8 (/opt/ros/humble/share/rmw_fastrtps_cpp/cmake)
-- Found OpenSSL: /usr/lib/x86_64-linux-gnu/libcrypto.so (found version "3.0.2")  
-- Found FastRTPS: /opt/ros/humble/include  
-- Using RMW implementation 'rmw_fastrtps_cpp' as default
-- Performing Test CMAKE_HAVE_LIBC_PTHREAD
-- Performing Test CMAKE_HAVE_LIBC_PTHREAD - Success
-- Found Threads: TRUE  
-- Found eigen3_cmake_module: 0.1.1 (/opt/ros/humble/share/eigen3_cmake_module/cmake)
-- Found Eigen3: TRUE (found version "3.4.0") 
-- Ensuring Eigen3 include directory is part of orocos-kdl CMake target
-- Found AMD headers in: /usr/include/suitesparse
-- Found AMD library: /usr/lib/x86_64-linux-gnu/libamd.so
-- Found CAMD headers in: /usr/include/suitesparse
-- Found CAMD library: /usr/lib/x86_64-linux-gnu/libcamd.so
-- Found CCOLAMD headers in: /usr/include/suitesparse
-- Found CCOLAMD library: /usr/lib/x86_64-linux-gnu/libccolamd.so
-- Found CHOLMOD headers in: /usr/include/suitesparse
-- Found CHOLMOD library: /usr/lib/x86_64-linux-gnu/libcholmod.so
-- Found COLAMD headers in: /usr/include/suitesparse
-- Found COLAMD library: /usr/lib/x86_64-linux-gnu/libcolamd.so
-- Found SPQR headers in: /usr/include/suitesparse
-- Found SPQR library: /usr/lib/x86_64-linux-gnu/libspqr.so
-- Found Config headers in: /usr/include/suitesparse
-- Found Config library: /usr/lib/x86_64-linux-gnu/libsuitesparseconfig.so
-- Found Intel Thread Building Blocks (TBB) library (2021.5 / ) include location: . Assuming SuiteSparseQR was compiled with TBB.
-- Looking for shm_open in rt
-- Looking for shm_open in rt - found
-- Adding librt to SuiteSparse_config libraries (required on Linux & Unix [not OSX] if SuiteSparse is compiled with timing).
-- Could NOT find METIS (missing: METIS_INCLUDE_DIR METIS_LIBRARY) 
-- Found ament_lint_auto: 0.12.14 (/opt/ros/humble/share/ament_lint_auto/cmake)
-- Found gtest sources under '/opt/ros/humble/src/gtest_vendor': C++ tests using 'Google Test' will be built
[0mIn this package, headers install destination is set to `include` by ament_auto_package. It is recommended to install `include/armor_detector` instead and will be the default behavior of ament_auto_package from ROS 2 Kilted Kaiju. On distributions before Kilted, ament_auto_package behaves the same way when you use USE_SCOPED_HEADER_INSTALL_DIR option.[0m
-- Added test 'cppcheck' to perform static code analysis on C / C++ code
-- Configured cppcheck include dirs: /home/ivasd/fyt_atuoaim/src/rm_auto_aim/armor_detector/include
-- Configured cppcheck exclude dirs and/or files: 
-- Added test 'xmllint' to check XML markup files
-- Configuring done
-- Generating done
-- Build files have been written to: /home/ivasd/fyt_atuoaim/build/armor_detector
[ 18%] [32mBuilding CXX object CMakeFiles/armor_detector.dir/src/armor_detector_node.cpp.o[0m
[ 18%] [32mBuilding CXX object CMakeFiles/armor_detector_node.dir/rclcpp_components/node_main_armor_detector_node.cpp.o[0m
[ 18%] [32mBuilding CXX object CMakeFiles/armor_detector.dir/src/armor_detector.cpp.o[0m
[ 25%] [32mBuilding CXX object gtest/CMakeFiles/gtest.dir/src/gtest-all.cc.o[0m
[ 37%] [32mBuilding CXX object CMakeFiles/armor_detector.dir/src/ba_solver.cpp.o[0m
[ 37%] [32mBuilding CXX object CMakeFiles/armor_detector.dir/src/armor_pose_estimator.cpp.o[0m
[ 43%] [32mBuilding CXX object gtest/CMakeFiles/gtest_main.dir/src/gtest_main.cc.o[0m
[ 50%] [32mBuilding CXX object CMakeFiles/armor_detector.dir/src/light_corner_corrector.cpp.o[0m
[ 56%] [32mBuilding CXX object CMakeFiles/armor_detector.dir/src/graph_optimizer.cpp.o[0m
[ 62%] [32mBuilding CXX object CMakeFiles/armor_detector.dir/src/number_classifier.cpp.o[0m
[ 68%] [32m[1mLinking CXX static library libgtest_main.a[0m
[ 68%] Built target gtest_main
[ 75%] [32m[1mLinking CXX executable armor_detector_node[0m
[ 75%] Built target armor_detector_node
[ 81%] [32m[1mLinking CXX static library libgtest.a[0m
[ 81%] Built target gtest
[ 87%] [32m[1mLinking CXX shared library libarmor_detector.so[0m
[ 87%] Built target armor_detector
[ 93%] [32mBuilding CXX object CMakeFiles/test_detector.dir/test/test_detector.cpp.o[0m
[100%] [32m[1mLinking CXX executable test_detector[0m
[100%] Built target test_detector
-- Install configuration: ""
-- Execute custom install script
-- Symlinking: /home/ivasd/fyt_atuoaim/install/armor_detector/lib/armor_detector/armor_detector_node
-- Symlinking: /home/ivasd/fyt_atuoaim/install/armor_detector/include/armor_detector/armor_detector.hpp
-- Symlinking: /home/ivasd/fyt_atuoaim/install/armor_detector/include/armor_detector/armor_detector_node.hpp
-- Symlinking: /home/ivasd/fyt_atuoaim/install/armor_detector/include/armor_detector/armor_pose_estimator.hpp
-- Symlinking: /home/ivasd/fyt_atuoaim/install/armor_detector/include/armor_detector/ba_solver.hpp
-- Symlinking: /home/ivasd/fyt_atuoaim/install/armor_detector/include/armor_detector/graph_optimizer.hpp
-- Symlinking: /home/ivasd/fyt_atuoaim/install/armor_detector/include/armor_detector/light_corner_corrector.hpp
-- Symlinking: /home/ivasd/fyt_atuoaim/install/armor_detector/include/armor_detector/number_classifier.hpp
-- Symlinking: /home/ivasd/fyt_atuoaim/install/armor_detector/include/armor_detector/types.hpp
-- Symlinking: /home/ivasd/fyt_atuoaim/install/armor_detector/share/armor_detector/environment/library_path.sh
-- Symlinking: /home/ivasd/fyt_atuoaim/install/armor_detector/share/armor_detector/environment/library_path.dsv
-- Symlinking: /home/ivasd/fyt_atuoaim/install/armor_detector/lib/libarmor_detector.so
-- Symlinking: /home/ivasd/fyt_atuoaim/install/armor_detector/share/armor_detector/docs/BA.png
-- Symlinking: /home/ivasd/fyt_atuoaim/install/armor_detector/share/armor_detector/docs/blue.png
-- Symlinking: /home/ivasd/fyt_atuoaim/install/armor_detector/share/armor_detector/docs/classify.png
-- Symlinking: /home/ivasd/fyt_atuoaim/install/armor_detector/share/armor_detector/docs/gray_bin.png
-- Symlinking: /home/ivasd/fyt_atuoaim/install/armor_detector/share/armor_detector/docs/hsv_bin.png
-- Symlinking: /home/ivasd/fyt_atuoaim/install/armor_detector/share/armor_detector/docs/model.svg
-- Symlinking: /home/ivasd/fyt_atuoaim/install/armor_detector/share/armor_detector/docs/num_bin.png
-- Symlinking: /home/ivasd/fyt_atuoaim/install/armor_detector/share/armor_detector/docs/num_raw.png
-- Symlinking: /home/ivasd/fyt_atuoaim/install/armor_detector/share/armor_detector/docs/num_roi.png
-- Symlinking: /home/ivasd/fyt_atuoaim/install/armor_detector/share/armor_detector/docs/num_warp.png
-- Symlinking: /home/ivasd/fyt_atuoaim/install/armor_detector/share/armor_detector/docs/origin1.png
-- Symlinking: /home/ivasd/fyt_atuoaim/install/armor_detector/share/armor_detector/docs/origin2.png
-- Symlinking: /home/ivasd/fyt_atuoaim/install/armor_detector/share/armor_detector/docs/pca1.png
-- Symlinking: /home/ivasd/fyt_atuoaim/install/armor_detector/share/armor_detector/docs/pca2.png
-- Symlinking: /home/ivasd/fyt_atuoaim/install/armor_detector/share/armor_detector/docs/raw.png
-- Symlinking: /home/ivasd/fyt_atuoaim/install/armor_detector/share/armor_detector/docs/red.png
-- Symlinking: /home/ivasd/fyt_atuoaim/install/armor_detector/share/armor_detector/docs/test.png
-- Symlinking: /home/ivasd/fyt_atuoaim/install/armor_detector/share/armor_detector/model/label.txt
-- Symlinking: /home/ivasd/fyt_atuoaim/install/armor_detector/share/armor_detector/model/lenet.onnx
-- Symlinking: /home/ivasd/fyt_atuoaim/install/armor_detector/share/armor_detector/model/mlp.onnx
-- Symlinking: /home/ivasd/fyt_atuoaim/install/armor_detector/share/ament_index/resource_index/package_run_dependencies/armor_detector
-- Symlinking: /home/ivasd/fyt_atuoaim/install/armor_detector/share/ament_index/resource_index/parent_prefix_path/armor_detector
-- Symlinking: /home/ivasd/fyt_atuoaim/install/armor_detector/share/armor_detector/environment/ament_prefix_path.sh
-- Symlinking: /home/ivasd/fyt_atuoaim/install/armor_detector/share/armor_detector/environment/ament_prefix_path.dsv
-- Symlinking: /home/ivasd/fyt_atuoaim/install/armor_detector/share/armor_detector/environment/path.sh
-- Symlinking: /home/ivasd/fyt_atuoaim/install/armor_detector/share/armor_detector/environment/path.dsv
-- Symlinking: /home/ivasd/fyt_atuoaim/install/armor_detector/share/armor_detector/local_setup.bash
-- Symlinking: /home/ivasd/fyt_atuoaim/install/armor_detector/share/armor_detector/local_setup.sh
-- Symlinking: /home/ivasd/fyt_atuoaim/install/armor_detector/share/armor_detector/local_setup.zsh
-- Symlinking: /home/ivasd/fyt_atuoaim/install/armor_detector/share/armor_detector/local_setup.dsv
-- Symlinking: /home/ivasd/fyt_atuoaim/install/armor_detector/share/armor_detector/package.dsv
-- Symlinking: /home/ivasd/fyt_atuoaim/install/armor_detector/share/ament_index/resource_index/packages/armor_detector
-- Symlinking: /home/ivasd/fyt_atuoaim/install/armor_detector/share/ament_index/resource_index/rclcpp_components/armor_detector
-- Symlinking: /home/ivasd/fyt_atuoaim/install/armor_detector/share/armor_detector/cmake/ament_cmake_export_dependencies-extras.cmake
-- Symlinking: /home/ivasd/fyt_atuoaim/install/armor_detector/share/armor_detector/cmake/ament_cmake_export_include_directories-extras.cmake
-- Symlinking: /home/ivasd/fyt_atuoaim/install/armor_detector/share/armor_detector/cmake/ament_cmake_export_libraries-extras.cmake
-- Symlinking: /home/ivasd/fyt_atuoaim/install/armor_detector/share/armor_detector/cmake/armor_detectorConfig.cmake
-- Symlinking: /home/ivasd/fyt_atuoaim/install/armor_detector/share/armor_detector/cmake/armor_detectorConfig-version.cmake
-- Symlinking: /home/ivasd/fyt_atuoaim/install/armor_detector/share/armor_detector/package.xml
