[0.007s] Invoking command in '/home/ivasd/fyt_atuoaim/build/armor_detector': CMAKE_PREFIX_PATH=/home/ivasd/fyt_atuoaim/install/rm_utils:/home/ivasd/fyt_atuoaim/install/rm_interfaces:/home/ivasd/fyt_atuoaim/install/rm_bringup:/home/ivasd/fyt_atuoaim/install/rm_serial_driver:/home/ivasd/fyt_atuoaim/install/rm_camera_driver:/home/ivasd/fyt_atuoaim/install/rm_auto_aim:/home/ivasd/fyt_atuoaim/install/armor_solver:/home/ivasd/fyt_atuoaim/install/armor_detector:/home/ivasd/fyt_atuoaim/install/rm_robot_description:/opt/ros/humble LD_LIBRARY_PATH=/home/ivasd/fyt_atuoaim/install/rm_utils/lib:/home/ivasd/fyt_atuoaim/install/rm_interfaces/lib:/home/ivasd/fyt_atuoaim/install/rm_serial_driver/lib:/home/ivasd/fyt_atuoaim/install/rm_camera_driver/lib:/home/ivasd/fyt_atuoaim/install/armor_solver/lib:/home/ivasd/fyt_atuoaim/install/armor_detector/lib:/opt/ros/humble/opt/rviz_ogre_vendor/lib:/opt/ros/humble/lib/x86_64-linux-gnu:/opt/ros/humble/lib /usr/local/bin/cmake /home/ivasd/fyt_atuoaim/src/rm_auto_aim/armor_detector -DAMENT_CMAKE_SYMLINK_INSTALL=1 -DCMAKE_INSTALL_PREFIX=/home/ivasd/fyt_atuoaim/install/armor_detector
[0.039s] -- The C compiler identification is GNU 11.4.0
[0.073s] -- The CXX compiler identification is GNU 11.4.0
[0.078s] -- Detecting C compiler ABI info
[0.117s] -- Detecting C compiler ABI info - done
[0.121s] -- Check for working C compiler: /usr/bin/cc - skipped
[0.121s] -- Detecting C compile features
[0.121s] -- Detecting C compile features - done
[0.123s] -- Detecting CXX compiler ABI info
[0.167s] -- Detecting CXX compiler ABI info - done
[0.171s] -- Check for working CXX compiler: /usr/bin/c++ - skipped
[0.171s] -- Detecting CXX compile features
[0.171s] -- Detecting CXX compile features - done
[0.172s] -- Found ament_cmake_auto: 1.3.12 (/opt/ros/humble/share/ament_cmake_auto/cmake)
[0.244s] -- Found Python3: /usr/bin/python3 (found version "3.10.12") found components: Interpreter 
[0.280s] -- Override CMake install command with custom implementation using symlinks instead of copying resources
[0.298s] -- Found OpenCV: /usr (found version "4.5.4") 
[0.299s] -- Searching for g2o ...
[0.299s] -- Found g2o headers in: /usr/local/include/g2o
[0.303s] -- Found libg2o: /usr/local/lib/libg2o_csparse_extension.so;/usr/local/lib/libg2o_core.so;/usr/local/lib/libg2o_stuff.so;/usr/local/lib/libg2o_types_slam2d.so;/usr/local/lib/libg2o_types_slam3d.so;/usr/local/lib/libg2o_solver_cholmod.so;/usr/local/lib/libg2o_solver_pcg.so;/usr/local/lib/libg2o_solver_csparse.so;/usr/local/lib/libg2o_incremental.so
[0.377s] -- Found rosidl_generator_c: 3.1.7 (/opt/ros/humble/share/rosidl_generator_c/cmake)
[0.380s] -- Found rosidl_adapter: 3.1.7 (/opt/ros/humble/share/rosidl_adapter/cmake)
[0.386s] -- Found rosidl_generator_cpp: 3.1.7 (/opt/ros/humble/share/rosidl_generator_cpp/cmake)
[0.394s] -- Using all available rosidl_typesupport_c: rosidl_typesupport_fastrtps_c;rosidl_typesupport_introspection_c
[0.405s] -- Using all available rosidl_typesupport_cpp: rosidl_typesupport_fastrtps_cpp;rosidl_typesupport_introspection_cpp
[0.434s] -- Found rmw_implementation_cmake: 6.1.2 (/opt/ros/humble/share/rmw_implementation_cmake/cmake)
[0.436s] -- Found rmw_fastrtps_cpp: 6.2.8 (/opt/ros/humble/share/rmw_fastrtps_cpp/cmake)
[0.497s] -- Found OpenSSL: /usr/lib/x86_64-linux-gnu/libcrypto.so (found version "3.0.2")  
[0.526s] -- Found FastRTPS: /opt/ros/humble/include  
[0.562s] -- Using RMW implementation 'rmw_fastrtps_cpp' as default
[0.568s] -- Performing Test CMAKE_HAVE_LIBC_PTHREAD
[0.613s] -- Performing Test CMAKE_HAVE_LIBC_PTHREAD - Success
[0.614s] -- Found Threads: TRUE  
[0.821s] -- Found eigen3_cmake_module: 0.1.1 (/opt/ros/humble/share/eigen3_cmake_module/cmake)
[0.822s] -- Found Eigen3: TRUE (found version "3.4.0") 
[0.822s] -- Ensuring Eigen3 include directory is part of orocos-kdl CMake target
[1.163s] -- Found AMD headers in: /usr/include/suitesparse
[1.164s] -- Found AMD library: /usr/lib/x86_64-linux-gnu/libamd.so
[1.165s] -- Found CAMD headers in: /usr/include/suitesparse
[1.165s] -- Found CAMD library: /usr/lib/x86_64-linux-gnu/libcamd.so
[1.166s] -- Found CCOLAMD headers in: /usr/include/suitesparse
[1.166s] -- Found CCOLAMD library: /usr/lib/x86_64-linux-gnu/libccolamd.so
[1.167s] -- Found CHOLMOD headers in: /usr/include/suitesparse
[1.167s] -- Found CHOLMOD library: /usr/lib/x86_64-linux-gnu/libcholmod.so
[1.167s] -- Found COLAMD headers in: /usr/include/suitesparse
[1.168s] -- Found COLAMD library: /usr/lib/x86_64-linux-gnu/libcolamd.so
[1.169s] -- Found SPQR headers in: /usr/include/suitesparse
[1.169s] -- Found SPQR library: /usr/lib/x86_64-linux-gnu/libspqr.so
[1.169s] -- Found Config headers in: /usr/include/suitesparse
[1.170s] -- Found Config library: /usr/lib/x86_64-linux-gnu/libsuitesparseconfig.so
[1.170s] -- Found Intel Thread Building Blocks (TBB) library (2021.5 / ) include location: . Assuming SuiteSparseQR was compiled with TBB.
[1.170s] -- Looking for shm_open in rt
[1.221s] -- Looking for shm_open in rt - found
[1.221s] -- Adding librt to SuiteSparse_config libraries (required on Linux & Unix [not OSX] if SuiteSparse is compiled with timing).
[1.225s] -- Could NOT find METIS (missing: METIS_INCLUDE_DIR METIS_LIBRARY) 
[1.241s] -- Found ament_lint_auto: 0.12.14 (/opt/ros/humble/share/ament_lint_auto/cmake)
[1.259s] -- Found gtest sources under '/opt/ros/humble/src/gtest_vendor': C++ tests using 'Google Test' will be built
[1.263s] [0mIn this package, headers install destination is set to `include` by ament_auto_package. It is recommended to install `include/armor_detector` instead and will be the default behavior of ament_auto_package from ROS 2 Kilted Kaiju. On distributions before Kilted, ament_auto_package behaves the same way when you use USE_SCOPED_HEADER_INSTALL_DIR option.[0m
[1.267s] -- Added test 'cppcheck' to perform static code analysis on C / C++ code
[1.267s] -- Configured cppcheck include dirs: /home/ivasd/fyt_atuoaim/src/rm_auto_aim/armor_detector/include
[1.268s] -- Configured cppcheck exclude dirs and/or files: 
[1.268s] -- Added test 'xmllint' to check XML markup files
[1.270s] -- Configuring done
[1.296s] -- Generating done
[1.304s] -- Build files have been written to: /home/ivasd/fyt_atuoaim/build/armor_detector
[1.314s] Invoked command in '/home/ivasd/fyt_atuoaim/build/armor_detector' returned '0': CMAKE_PREFIX_PATH=/home/ivasd/fyt_atuoaim/install/rm_utils:/home/ivasd/fyt_atuoaim/install/rm_interfaces:/home/ivasd/fyt_atuoaim/install/rm_bringup:/home/ivasd/fyt_atuoaim/install/rm_serial_driver:/home/ivasd/fyt_atuoaim/install/rm_camera_driver:/home/ivasd/fyt_atuoaim/install/rm_auto_aim:/home/ivasd/fyt_atuoaim/install/armor_solver:/home/ivasd/fyt_atuoaim/install/armor_detector:/home/ivasd/fyt_atuoaim/install/rm_robot_description:/opt/ros/humble LD_LIBRARY_PATH=/home/ivasd/fyt_atuoaim/install/rm_utils/lib:/home/ivasd/fyt_atuoaim/install/rm_interfaces/lib:/home/ivasd/fyt_atuoaim/install/rm_serial_driver/lib:/home/ivasd/fyt_atuoaim/install/rm_camera_driver/lib:/home/ivasd/fyt_atuoaim/install/armor_solver/lib:/home/ivasd/fyt_atuoaim/install/armor_detector/lib:/opt/ros/humble/opt/rviz_ogre_vendor/lib:/opt/ros/humble/lib/x86_64-linux-gnu:/opt/ros/humble/lib /usr/local/bin/cmake /home/ivasd/fyt_atuoaim/src/rm_auto_aim/armor_detector -DAMENT_CMAKE_SYMLINK_INSTALL=1 -DCMAKE_INSTALL_PREFIX=/home/ivasd/fyt_atuoaim/install/armor_detector
[1.314s] Invoking command in '/home/ivasd/fyt_atuoaim/build/armor_detector': CMAKE_PREFIX_PATH=/home/ivasd/fyt_atuoaim/install/rm_utils:/home/ivasd/fyt_atuoaim/install/rm_interfaces:/home/ivasd/fyt_atuoaim/install/rm_bringup:/home/ivasd/fyt_atuoaim/install/rm_serial_driver:/home/ivasd/fyt_atuoaim/install/rm_camera_driver:/home/ivasd/fyt_atuoaim/install/rm_auto_aim:/home/ivasd/fyt_atuoaim/install/armor_solver:/home/ivasd/fyt_atuoaim/install/armor_detector:/home/ivasd/fyt_atuoaim/install/rm_robot_description:/opt/ros/humble LD_LIBRARY_PATH=/home/ivasd/fyt_atuoaim/install/rm_utils/lib:/home/ivasd/fyt_atuoaim/install/rm_interfaces/lib:/home/ivasd/fyt_atuoaim/install/rm_serial_driver/lib:/home/ivasd/fyt_atuoaim/install/rm_camera_driver/lib:/home/ivasd/fyt_atuoaim/install/armor_solver/lib:/home/ivasd/fyt_atuoaim/install/armor_detector/lib:/opt/ros/humble/opt/rviz_ogre_vendor/lib:/opt/ros/humble/lib/x86_64-linux-gnu:/opt/ros/humble/lib /usr/local/bin/cmake --build /home/ivasd/fyt_atuoaim/build/armor_detector -- -j32 -l32
[1.339s] [ 18%] [32mBuilding CXX object CMakeFiles/armor_detector.dir/src/armor_detector_node.cpp.o[0m
[1.339s] [ 18%] [32mBuilding CXX object CMakeFiles/armor_detector_node.dir/rclcpp_components/node_main_armor_detector_node.cpp.o[0m
[1.340s] [ 18%] [32mBuilding CXX object CMakeFiles/armor_detector.dir/src/armor_detector.cpp.o[0m
[1.340s] [ 25%] [32mBuilding CXX object gtest/CMakeFiles/gtest.dir/src/gtest-all.cc.o[0m
[1.340s] [ 37%] [32mBuilding CXX object CMakeFiles/armor_detector.dir/src/ba_solver.cpp.o[0m
[1.340s] [ 37%] [32mBuilding CXX object CMakeFiles/armor_detector.dir/src/armor_pose_estimator.cpp.o[0m
[1.340s] [ 43%] [32mBuilding CXX object gtest/CMakeFiles/gtest_main.dir/src/gtest_main.cc.o[0m
[1.340s] [ 50%] [32mBuilding CXX object CMakeFiles/armor_detector.dir/src/light_corner_corrector.cpp.o[0m
[1.340s] [ 56%] [32mBuilding CXX object CMakeFiles/armor_detector.dir/src/graph_optimizer.cpp.o[0m
[1.340s] [ 62%] [32mBuilding CXX object CMakeFiles/armor_detector.dir/src/number_classifier.cpp.o[0m
[2.585s] [ 68%] [32m[1mLinking CXX static library libgtest_main.a[0m
[2.607s] [ 68%] Built target gtest_main
[4.615s] [ 75%] [32m[1mLinking CXX executable armor_detector_node[0m
[4.698s] [ 75%] Built target armor_detector_node
[8.008s] [ 81%] [32m[1mLinking CXX static library libgtest.a[0m
[8.033s] [ 81%] Built target gtest
[23.960s] [ 87%] [32m[1mLinking CXX shared library libarmor_detector.so[0m
[24.155s] [ 87%] Built target armor_detector
[24.166s] [ 93%] [32mBuilding CXX object CMakeFiles/test_detector.dir/test/test_detector.cpp.o[0m
[27.020s] [100%] [32m[1mLinking CXX executable test_detector[0m
[27.240s] [100%] Built target test_detector
[27.245s] Invoked command in '/home/ivasd/fyt_atuoaim/build/armor_detector' returned '0': CMAKE_PREFIX_PATH=/home/ivasd/fyt_atuoaim/install/rm_utils:/home/ivasd/fyt_atuoaim/install/rm_interfaces:/home/ivasd/fyt_atuoaim/install/rm_bringup:/home/ivasd/fyt_atuoaim/install/rm_serial_driver:/home/ivasd/fyt_atuoaim/install/rm_camera_driver:/home/ivasd/fyt_atuoaim/install/rm_auto_aim:/home/ivasd/fyt_atuoaim/install/armor_solver:/home/ivasd/fyt_atuoaim/install/armor_detector:/home/ivasd/fyt_atuoaim/install/rm_robot_description:/opt/ros/humble LD_LIBRARY_PATH=/home/ivasd/fyt_atuoaim/install/rm_utils/lib:/home/ivasd/fyt_atuoaim/install/rm_interfaces/lib:/home/ivasd/fyt_atuoaim/install/rm_serial_driver/lib:/home/ivasd/fyt_atuoaim/install/rm_camera_driver/lib:/home/ivasd/fyt_atuoaim/install/armor_solver/lib:/home/ivasd/fyt_atuoaim/install/armor_detector/lib:/opt/ros/humble/opt/rviz_ogre_vendor/lib:/opt/ros/humble/lib/x86_64-linux-gnu:/opt/ros/humble/lib /usr/local/bin/cmake --build /home/ivasd/fyt_atuoaim/build/armor_detector -- -j32 -l32
[27.246s] Invoking command in '/home/ivasd/fyt_atuoaim/build/armor_detector': CMAKE_PREFIX_PATH=/home/ivasd/fyt_atuoaim/install/rm_utils:/home/ivasd/fyt_atuoaim/install/rm_interfaces:/home/ivasd/fyt_atuoaim/install/rm_bringup:/home/ivasd/fyt_atuoaim/install/rm_serial_driver:/home/ivasd/fyt_atuoaim/install/rm_camera_driver:/home/ivasd/fyt_atuoaim/install/rm_auto_aim:/home/ivasd/fyt_atuoaim/install/armor_solver:/home/ivasd/fyt_atuoaim/install/armor_detector:/home/ivasd/fyt_atuoaim/install/rm_robot_description:/opt/ros/humble LD_LIBRARY_PATH=/home/ivasd/fyt_atuoaim/install/rm_utils/lib:/home/ivasd/fyt_atuoaim/install/rm_interfaces/lib:/home/ivasd/fyt_atuoaim/install/rm_serial_driver/lib:/home/ivasd/fyt_atuoaim/install/rm_camera_driver/lib:/home/ivasd/fyt_atuoaim/install/armor_solver/lib:/home/ivasd/fyt_atuoaim/install/armor_detector/lib:/opt/ros/humble/opt/rviz_ogre_vendor/lib:/opt/ros/humble/lib/x86_64-linux-gnu:/opt/ros/humble/lib /usr/local/bin/cmake --install /home/ivasd/fyt_atuoaim/build/armor_detector
[27.248s] -- Install configuration: ""
[27.248s] -- Execute custom install script
[27.249s] -- Symlinking: /home/ivasd/fyt_atuoaim/install/armor_detector/lib/armor_detector/armor_detector_node
[27.252s] -- Symlinking: /home/ivasd/fyt_atuoaim/install/armor_detector/include/armor_detector/armor_detector.hpp
[27.255s] -- Symlinking: /home/ivasd/fyt_atuoaim/install/armor_detector/include/armor_detector/armor_detector_node.hpp
[27.257s] -- Symlinking: /home/ivasd/fyt_atuoaim/install/armor_detector/include/armor_detector/armor_pose_estimator.hpp
[27.259s] -- Symlinking: /home/ivasd/fyt_atuoaim/install/armor_detector/include/armor_detector/ba_solver.hpp
[27.262s] -- Symlinking: /home/ivasd/fyt_atuoaim/install/armor_detector/include/armor_detector/graph_optimizer.hpp
[27.265s] -- Symlinking: /home/ivasd/fyt_atuoaim/install/armor_detector/include/armor_detector/light_corner_corrector.hpp
[27.267s] -- Symlinking: /home/ivasd/fyt_atuoaim/install/armor_detector/include/armor_detector/number_classifier.hpp
[27.270s] -- Symlinking: /home/ivasd/fyt_atuoaim/install/armor_detector/include/armor_detector/types.hpp
[27.272s] -- Symlinking: /home/ivasd/fyt_atuoaim/install/armor_detector/share/armor_detector/environment/library_path.sh
[27.274s] -- Symlinking: /home/ivasd/fyt_atuoaim/install/armor_detector/share/armor_detector/environment/library_path.dsv
[27.278s] -- Symlinking: /home/ivasd/fyt_atuoaim/install/armor_detector/lib/libarmor_detector.so
[27.280s] -- Symlinking: /home/ivasd/fyt_atuoaim/install/armor_detector/share/armor_detector/docs/BA.png
[27.282s] -- Symlinking: /home/ivasd/fyt_atuoaim/install/armor_detector/share/armor_detector/docs/blue.png
[27.285s] -- Symlinking: /home/ivasd/fyt_atuoaim/install/armor_detector/share/armor_detector/docs/classify.png
[27.287s] -- Symlinking: /home/ivasd/fyt_atuoaim/install/armor_detector/share/armor_detector/docs/gray_bin.png
[27.289s] -- Symlinking: /home/ivasd/fyt_atuoaim/install/armor_detector/share/armor_detector/docs/hsv_bin.png
[27.292s] -- Symlinking: /home/ivasd/fyt_atuoaim/install/armor_detector/share/armor_detector/docs/model.svg
[27.295s] -- Symlinking: /home/ivasd/fyt_atuoaim/install/armor_detector/share/armor_detector/docs/num_bin.png
[27.297s] -- Symlinking: /home/ivasd/fyt_atuoaim/install/armor_detector/share/armor_detector/docs/num_raw.png
[27.299s] -- Symlinking: /home/ivasd/fyt_atuoaim/install/armor_detector/share/armor_detector/docs/num_roi.png
[27.301s] -- Symlinking: /home/ivasd/fyt_atuoaim/install/armor_detector/share/armor_detector/docs/num_warp.png
[27.304s] -- Symlinking: /home/ivasd/fyt_atuoaim/install/armor_detector/share/armor_detector/docs/origin1.png
[27.306s] -- Symlinking: /home/ivasd/fyt_atuoaim/install/armor_detector/share/armor_detector/docs/origin2.png
[27.309s] -- Symlinking: /home/ivasd/fyt_atuoaim/install/armor_detector/share/armor_detector/docs/pca1.png
[27.311s] -- Symlinking: /home/ivasd/fyt_atuoaim/install/armor_detector/share/armor_detector/docs/pca2.png
[27.313s] -- Symlinking: /home/ivasd/fyt_atuoaim/install/armor_detector/share/armor_detector/docs/raw.png
[27.315s] -- Symlinking: /home/ivasd/fyt_atuoaim/install/armor_detector/share/armor_detector/docs/red.png
[27.317s] -- Symlinking: /home/ivasd/fyt_atuoaim/install/armor_detector/share/armor_detector/docs/test.png
[27.320s] -- Symlinking: /home/ivasd/fyt_atuoaim/install/armor_detector/share/armor_detector/model/label.txt
[27.322s] -- Symlinking: /home/ivasd/fyt_atuoaim/install/armor_detector/share/armor_detector/model/lenet.onnx
[27.325s] -- Symlinking: /home/ivasd/fyt_atuoaim/install/armor_detector/share/armor_detector/model/mlp.onnx
[27.327s] -- Symlinking: /home/ivasd/fyt_atuoaim/install/armor_detector/share/ament_index/resource_index/package_run_dependencies/armor_detector
[27.329s] -- Symlinking: /home/ivasd/fyt_atuoaim/install/armor_detector/share/ament_index/resource_index/parent_prefix_path/armor_detector
[27.332s] -- Symlinking: /home/ivasd/fyt_atuoaim/install/armor_detector/share/armor_detector/environment/ament_prefix_path.sh
[27.334s] -- Symlinking: /home/ivasd/fyt_atuoaim/install/armor_detector/share/armor_detector/environment/ament_prefix_path.dsv
[27.336s] -- Symlinking: /home/ivasd/fyt_atuoaim/install/armor_detector/share/armor_detector/environment/path.sh
[27.339s] -- Symlinking: /home/ivasd/fyt_atuoaim/install/armor_detector/share/armor_detector/environment/path.dsv
[27.342s] -- Symlinking: /home/ivasd/fyt_atuoaim/install/armor_detector/share/armor_detector/local_setup.bash
[27.344s] -- Symlinking: /home/ivasd/fyt_atuoaim/install/armor_detector/share/armor_detector/local_setup.sh
[27.346s] -- Symlinking: /home/ivasd/fyt_atuoaim/install/armor_detector/share/armor_detector/local_setup.zsh
[27.349s] -- Symlinking: /home/ivasd/fyt_atuoaim/install/armor_detector/share/armor_detector/local_setup.dsv
[27.352s] -- Symlinking: /home/ivasd/fyt_atuoaim/install/armor_detector/share/armor_detector/package.dsv
[27.354s] -- Symlinking: /home/ivasd/fyt_atuoaim/install/armor_detector/share/ament_index/resource_index/packages/armor_detector
[27.356s] -- Symlinking: /home/ivasd/fyt_atuoaim/install/armor_detector/share/ament_index/resource_index/rclcpp_components/armor_detector
[27.359s] -- Symlinking: /home/ivasd/fyt_atuoaim/install/armor_detector/share/armor_detector/cmake/ament_cmake_export_dependencies-extras.cmake
[27.361s] -- Symlinking: /home/ivasd/fyt_atuoaim/install/armor_detector/share/armor_detector/cmake/ament_cmake_export_include_directories-extras.cmake
[27.365s] -- Symlinking: /home/ivasd/fyt_atuoaim/install/armor_detector/share/armor_detector/cmake/ament_cmake_export_libraries-extras.cmake
[27.367s] -- Symlinking: /home/ivasd/fyt_atuoaim/install/armor_detector/share/armor_detector/cmake/armor_detectorConfig.cmake
[27.370s] -- Symlinking: /home/ivasd/fyt_atuoaim/install/armor_detector/share/armor_detector/cmake/armor_detectorConfig-version.cmake
[27.373s] -- Symlinking: /home/ivasd/fyt_atuoaim/install/armor_detector/share/armor_detector/package.xml
[27.376s] Invoked command in '/home/ivasd/fyt_atuoaim/build/armor_detector' returned '0': CMAKE_PREFIX_PATH=/home/ivasd/fyt_atuoaim/install/rm_utils:/home/ivasd/fyt_atuoaim/install/rm_interfaces:/home/ivasd/fyt_atuoaim/install/rm_bringup:/home/ivasd/fyt_atuoaim/install/rm_serial_driver:/home/ivasd/fyt_atuoaim/install/rm_camera_driver:/home/ivasd/fyt_atuoaim/install/rm_auto_aim:/home/ivasd/fyt_atuoaim/install/armor_solver:/home/ivasd/fyt_atuoaim/install/armor_detector:/home/ivasd/fyt_atuoaim/install/rm_robot_description:/opt/ros/humble LD_LIBRARY_PATH=/home/ivasd/fyt_atuoaim/install/rm_utils/lib:/home/ivasd/fyt_atuoaim/install/rm_interfaces/lib:/home/ivasd/fyt_atuoaim/install/rm_serial_driver/lib:/home/ivasd/fyt_atuoaim/install/rm_camera_driver/lib:/home/ivasd/fyt_atuoaim/install/armor_solver/lib:/home/ivasd/fyt_atuoaim/install/armor_detector/lib:/opt/ros/humble/opt/rviz_ogre_vendor/lib:/opt/ros/humble/lib/x86_64-linux-gnu:/opt/ros/humble/lib /usr/local/bin/cmake --install /home/ivasd/fyt_atuoaim/build/armor_detector
