[0.008s] Invoking command in '/home/ivasd/fyt_atuoaim/build/rm_utils': CMAKE_PREFIX_PATH=${CMAKE_PREFIX_PATH}:/opt/ros/humble /usr/local/bin/cmake /home/ivasd/fyt_atuoaim/src/rm_utils -DCMAKE_INSTALL_PREFIX=/home/ivasd/fyt_atuoaim/install/rm_utils
[0.014s] -- Found ament_cmake: 1.3.12 (/opt/ros/humble/share/ament_cmake/cmake)
[0.059s] -- Override CMake install command with custom implementation using symlinks instead of copying resources
[0.062s] -- Found rclcpp: 16.0.14 (/opt/ros/humble/share/rclcpp/cmake)
[0.076s] -- Found rosidl_generator_c: 3.1.7 (/opt/ros/humble/share/rosidl_generator_c/cmake)
[0.077s] -- Found rosidl_adapter: 3.1.7 (/opt/ros/humble/share/rosidl_adapter/cmake)
[0.080s] -- Found rosidl_generator_cpp: 3.1.7 (/opt/ros/humble/share/rosidl_generator_cpp/cmake)
[0.085s] -- Using all available rosidl_typesupport_c: rosidl_typesupport_fastrtps_c;rosidl_typesupport_introspection_c
[0.091s] -- Using all available rosidl_typesupport_cpp: rosidl_typesupport_fastrtps_cpp;rosidl_typesupport_introspection_cpp
[0.108s] -- Found rmw_implementation_cmake: 6.1.2 (/opt/ros/humble/share/rmw_implementation_cmake/cmake)
[0.108s] -- Found rmw_fastrtps_cpp: 6.2.8 (/opt/ros/humble/share/rmw_fastrtps_cpp/cmake)
[0.161s] -- Using RMW implementation 'rmw_fastrtps_cpp' as default
[0.185s] -- Found eigen3_cmake_module: 0.1.1 (/opt/ros/humble/share/eigen3_cmake_module/cmake)
[0.185s] -- Found geometry_msgs: 4.9.0 (/opt/ros/humble/share/geometry_msgs/cmake)
[0.263s] -- Found AMD headers in: /usr/include/suitesparse
[0.263s] -- Found AMD library: /usr/lib/x86_64-linux-gnu/libamd.so
[0.263s] -- Found CAMD headers in: /usr/include/suitesparse
[0.263s] -- Found CAMD library: /usr/lib/x86_64-linux-gnu/libcamd.so
[0.264s] -- Found CCOLAMD headers in: /usr/include/suitesparse
[0.264s] -- Found CCOLAMD library: /usr/lib/x86_64-linux-gnu/libccolamd.so
[0.264s] -- Found CHOLMOD headers in: /usr/include/suitesparse
[0.264s] -- Found CHOLMOD library: /usr/lib/x86_64-linux-gnu/libcholmod.so
[0.264s] -- Found COLAMD headers in: /usr/include/suitesparse
[0.264s] -- Found COLAMD library: /usr/lib/x86_64-linux-gnu/libcolamd.so
[0.264s] -- Found SPQR headers in: /usr/include/suitesparse
[0.264s] -- Found SPQR library: /usr/lib/x86_64-linux-gnu/libspqr.so
[0.264s] -- Found Config headers in: /usr/include/suitesparse
[0.264s] -- Found Config library: /usr/lib/x86_64-linux-gnu/libsuitesparseconfig.so
[0.264s] -- Found Intel Thread Building Blocks (TBB) library (2021.5 / ) include location: . Assuming SuiteSparseQR was compiled with TBB.
[0.264s] -- Adding librt to SuiteSparse_config libraries (required on Linux & Unix [not OSX] if SuiteSparse is compiled with timing).
[0.266s] -- Could NOT find METIS (missing: METIS_INCLUDE_DIR METIS_LIBRARY) 
[0.267s] -- Found required Ceres dependency: Eigen version 3.4.0 in /usr/share/eigen3/cmake
[0.268s] -- Found required Ceres dependency: glog
[0.268s] -- Found required Ceres dependency: gflags
[0.268s] -- Found Ceres version: 2.1.0 installed in: /usr/local with components: [EigenSparse, SparseLinearAlgebraLibrary, LAPACK, SuiteSparse, CXSparse, SchurSpecializations, Multithreading]
[0.271s] -- Found ament_lint_auto: 0.12.14 (/opt/ros/humble/share/ament_lint_auto/cmake)
[0.304s] -- Added test 'cppcheck' to perform static code analysis on C / C++ code
[0.304s] -- Configured cppcheck include dirs: /home/ivasd/fyt_atuoaim/src/rm_utils/include
[0.304s] -- Configured cppcheck exclude dirs and/or files: 
[0.304s] -- Added test 'lint_cmake' to check CMake code style
[0.304s] -- Added test 'xmllint' to check XML markup files
[0.305s] -- Configuring done
[0.313s] -- Generating done
[0.316s] -- Build files have been written to: /home/ivasd/fyt_atuoaim/build/rm_utils
[0.320s] Invoked command in '/home/ivasd/fyt_atuoaim/build/rm_utils' returned '0': CMAKE_PREFIX_PATH=${CMAKE_PREFIX_PATH}:/opt/ros/humble /usr/local/bin/cmake /home/ivasd/fyt_atuoaim/src/rm_utils -DCMAKE_INSTALL_PREFIX=/home/ivasd/fyt_atuoaim/install/rm_utils
[0.322s] Invoking command in '/home/ivasd/fyt_atuoaim/build/rm_utils': CMAKE_PREFIX_PATH=${CMAKE_PREFIX_PATH}:/opt/ros/humble /usr/local/bin/cmake --build /home/ivasd/fyt_atuoaim/build/rm_utils -- -j32 -l32
[0.338s] [35m[1mConsolidate compiler generated dependencies of target fytlogger[0m
[0.339s] [35m[1mConsolidate compiler generated dependencies of target rm_utils[0m
[0.345s] [ 33%] Built target fytlogger
[0.350s] [100%] Built target rm_utils
[0.354s] Invoked command in '/home/ivasd/fyt_atuoaim/build/rm_utils' returned '0': CMAKE_PREFIX_PATH=${CMAKE_PREFIX_PATH}:/opt/ros/humble /usr/local/bin/cmake --build /home/ivasd/fyt_atuoaim/build/rm_utils -- -j32 -l32
[0.355s] Invoking command in '/home/ivasd/fyt_atuoaim/build/rm_utils': CMAKE_PREFIX_PATH=${CMAKE_PREFIX_PATH}:/opt/ros/humble /usr/local/bin/cmake --install /home/ivasd/fyt_atuoaim/build/rm_utils
[0.356s] -- Install configuration: ""
[0.357s] -- Execute custom install script
[0.357s] -- Up-to-date symlink: /home/ivasd/fyt_atuoaim/install/rm_utils/include/rm_utils/assert.hpp
[0.357s] -- Up-to-date symlink: /home/ivasd/fyt_atuoaim/install/rm_utils/include/rm_utils/common.hpp
[0.357s] -- Up-to-date symlink: /home/ivasd/fyt_atuoaim/install/rm_utils/include/rm_utils/heartbeat.hpp
[0.357s] -- Up-to-date symlink: /home/ivasd/fyt_atuoaim/install/rm_utils/include/rm_utils/logger/README.md
[0.357s] -- Up-to-date symlink: /home/ivasd/fyt_atuoaim/install/rm_utils/include/rm_utils/logger/exception.hpp
[0.357s] -- Up-to-date symlink: /home/ivasd/fyt_atuoaim/install/rm_utils/include/rm_utils/logger/impl/global_mutex.hpp
[0.357s] -- Up-to-date symlink: /home/ivasd/fyt_atuoaim/install/rm_utils/include/rm_utils/logger/impl/logger_impl.hpp
[0.357s] -- Up-to-date symlink: /home/ivasd/fyt_atuoaim/install/rm_utils/include/rm_utils/logger/impl/writer.hpp
[0.357s] -- Up-to-date symlink: /home/ivasd/fyt_atuoaim/install/rm_utils/include/rm_utils/logger/log.hpp
[0.357s] -- Up-to-date symlink: /home/ivasd/fyt_atuoaim/install/rm_utils/include/rm_utils/logger/logger_pool.hpp
[0.357s] -- Up-to-date symlink: /home/ivasd/fyt_atuoaim/install/rm_utils/include/rm_utils/logger/types.hpp
[0.357s] -- Up-to-date symlink: /home/ivasd/fyt_atuoaim/install/rm_utils/include/rm_utils/math/extended_kalman_filter.hpp
[0.357s] -- Up-to-date symlink: /home/ivasd/fyt_atuoaim/install/rm_utils/include/rm_utils/math/manual_compensator.hpp
[0.357s] -- Up-to-date symlink: /home/ivasd/fyt_atuoaim/install/rm_utils/include/rm_utils/math/particle_filter.hpp
[0.357s] -- Up-to-date symlink: /home/ivasd/fyt_atuoaim/install/rm_utils/include/rm_utils/math/pnp_solver.hpp
[0.357s] -- Up-to-date symlink: /home/ivasd/fyt_atuoaim/install/rm_utils/include/rm_utils/math/trajectory_compensator.hpp
[0.357s] -- Up-to-date symlink: /home/ivasd/fyt_atuoaim/install/rm_utils/include/rm_utils/math/utils.hpp
[0.357s] -- Up-to-date symlink: /home/ivasd/fyt_atuoaim/install/rm_utils/include/rm_utils/url_resolver.hpp
[0.357s] -- Up-to-date symlink: /home/ivasd/fyt_atuoaim/install/rm_utils/share/rm_utils/environment/library_path.sh
[0.357s] -- Up-to-date symlink: /home/ivasd/fyt_atuoaim/install/rm_utils/share/rm_utils/environment/library_path.dsv
[0.357s] -- Up-to-date symlink: /home/ivasd/fyt_atuoaim/install/rm_utils/share/ament_index/resource_index/package_run_dependencies/rm_utils
[0.357s] -- Up-to-date symlink: /home/ivasd/fyt_atuoaim/install/rm_utils/share/ament_index/resource_index/parent_prefix_path/rm_utils
[0.358s] -- Up-to-date symlink: /home/ivasd/fyt_atuoaim/install/rm_utils/share/rm_utils/environment/ament_prefix_path.sh
[0.358s] -- Up-to-date symlink: /home/ivasd/fyt_atuoaim/install/rm_utils/share/rm_utils/environment/ament_prefix_path.dsv
[0.358s] -- Up-to-date symlink: /home/ivasd/fyt_atuoaim/install/rm_utils/share/rm_utils/environment/path.sh
[0.358s] -- Up-to-date symlink: /home/ivasd/fyt_atuoaim/install/rm_utils/share/rm_utils/environment/path.dsv
[0.358s] -- Up-to-date symlink: /home/ivasd/fyt_atuoaim/install/rm_utils/share/rm_utils/local_setup.bash
[0.358s] -- Up-to-date symlink: /home/ivasd/fyt_atuoaim/install/rm_utils/share/rm_utils/local_setup.sh
[0.358s] -- Up-to-date symlink: /home/ivasd/fyt_atuoaim/install/rm_utils/share/rm_utils/local_setup.zsh
[0.358s] -- Up-to-date symlink: /home/ivasd/fyt_atuoaim/install/rm_utils/share/rm_utils/local_setup.dsv
[0.358s] -- Symlinking: /home/ivasd/fyt_atuoaim/install/rm_utils/share/rm_utils/package.dsv
[0.360s] -- Up-to-date symlink: /home/ivasd/fyt_atuoaim/install/rm_utils/share/ament_index/resource_index/packages/rm_utils
[0.360s] -- Up-to-date symlink: /home/ivasd/fyt_atuoaim/install/rm_utils/share/rm_utils/cmake/ament_cmake_export_targets-extras.cmake
[0.360s] -- Up-to-date symlink: /home/ivasd/fyt_atuoaim/install/rm_utils/share/rm_utils/cmake/ament_cmake_export_dependencies-extras.cmake
[0.360s] -- Up-to-date symlink: /home/ivasd/fyt_atuoaim/install/rm_utils/share/rm_utils/cmake/rm_utilsConfig.cmake
[0.361s] -- Up-to-date symlink: /home/ivasd/fyt_atuoaim/install/rm_utils/share/rm_utils/cmake/rm_utilsConfig-version.cmake
[0.361s] -- Up-to-date symlink: /home/ivasd/fyt_atuoaim/install/rm_utils/share/rm_utils/package.xml
[0.361s] -- Up-to-date: /home/ivasd/fyt_atuoaim/install/rm_utils/lib/librm_utils.so
[0.361s] -- Up-to-date: /home/ivasd/fyt_atuoaim/install/rm_utils/lib/libfytlogger.so
[0.361s] -- Up-to-date: /home/ivasd/fyt_atuoaim/install/rm_utils/share/rm_utils/cmake/rm_utilsExport.cmake
[0.361s] -- Up-to-date: /home/ivasd/fyt_atuoaim/install/rm_utils/share/rm_utils/cmake/rm_utilsExport-noconfig.cmake
[0.361s] -- Up-to-date: /home/ivasd/fyt_atuoaim/install/rm_utils/share/rm_utils/cmake/fytloggerExport.cmake
[0.361s] -- Up-to-date: /home/ivasd/fyt_atuoaim/install/rm_utils/share/rm_utils/cmake/fytloggerExport-noconfig.cmake
[0.363s] Invoked command in '/home/ivasd/fyt_atuoaim/build/rm_utils' returned '0': CMAKE_PREFIX_PATH=${CMAKE_PREFIX_PATH}:/opt/ros/humble /usr/local/bin/cmake --install /home/ivasd/fyt_atuoaim/build/rm_utils
