[0.015s] Invoking command in '/home/ivasd/fyt_atuoaim/build/rm_bringup': CMAKE_PREFIX_PATH=/home/ivasd/fyt_atuoaim/install/rm_auto_aim:/home/ivasd/fyt_atuoaim/install/rm_serial_driver:/home/ivasd/fyt_atuoaim/install/armor_solver:/home/ivasd/fyt_atuoaim/install/armor_detector:/home/ivasd/fyt_atuoaim/install/rm_utils:/home/ivasd/fyt_atuoaim/install/rm_interfaces:/home/ivasd/fyt_atuoaim/install/rm_bringup:/home/ivasd/fyt_atuoaim/install/rm_camera_driver:/home/ivasd/fyt_atuoaim/install/rm_robot_description:/opt/ros/humble LD_LIBRARY_PATH=/home/ivasd/fyt_atuoaim/install/rm_serial_driver/lib:/home/ivasd/fyt_atuoaim/install/armor_solver/lib:/home/ivasd/fyt_atuoaim/install/armor_detector/lib:/home/ivasd/fyt_atuoaim/install/rm_utils/lib:/home/ivasd/fyt_atuoaim/install/rm_interfaces/lib:/home/ivasd/fyt_atuoaim/install/rm_camera_driver/lib:/opt/ros/humble/opt/rviz_ogre_vendor/lib:/opt/ros/humble/lib/x86_64-linux-gnu:/opt/ros/humble/lib /usr/local/bin/cmake /home/ivasd/fyt_atuoaim/src/rm_bringup -DAMENT_CMAKE_SYMLINK_INSTALL=1 -DCMAKE_INSTALL_PREFIX=/home/ivasd/fyt_atuoaim/install/rm_bringup
[0.048s] -- The C compiler identification is GNU 11.4.0
[0.083s] -- The CXX compiler identification is GNU 11.4.0
[0.089s] -- Detecting C compiler ABI info
[0.128s] -- Detecting C compiler ABI info - done
[0.132s] -- Check for working C compiler: /usr/bin/cc - skipped
[0.133s] -- Detecting C compile features
[0.133s] -- Detecting C compile features - done
[0.134s] -- Detecting CXX compiler ABI info
[0.182s] -- Detecting CXX compiler ABI info - done
[0.187s] -- Check for working CXX compiler: /usr/bin/c++ - skipped
[0.187s] -- Detecting CXX compile features
[0.187s] -- Detecting CXX compile features - done
[0.188s] -- Found ament_cmake_auto: 1.3.12 (/opt/ros/humble/share/ament_cmake_auto/cmake)
[0.261s] -- Found Python3: /usr/bin/python3 (found version "3.10.12") found components: Interpreter 
[0.297s] -- Override CMake install command with custom implementation using symlinks instead of copying resources
[0.312s] -- Found ament_lint_auto: 0.12.14 (/opt/ros/humble/share/ament_lint_auto/cmake)
[0.342s] -- Configuring done
[0.343s] -- Generating done
[0.343s] -- Build files have been written to: /home/ivasd/fyt_atuoaim/build/rm_bringup
[0.347s] Invoked command in '/home/ivasd/fyt_atuoaim/build/rm_bringup' returned '0': CMAKE_PREFIX_PATH=/home/ivasd/fyt_atuoaim/install/rm_auto_aim:/home/ivasd/fyt_atuoaim/install/rm_serial_driver:/home/ivasd/fyt_atuoaim/install/armor_solver:/home/ivasd/fyt_atuoaim/install/armor_detector:/home/ivasd/fyt_atuoaim/install/rm_utils:/home/ivasd/fyt_atuoaim/install/rm_interfaces:/home/ivasd/fyt_atuoaim/install/rm_bringup:/home/ivasd/fyt_atuoaim/install/rm_camera_driver:/home/ivasd/fyt_atuoaim/install/rm_robot_description:/opt/ros/humble LD_LIBRARY_PATH=/home/ivasd/fyt_atuoaim/install/rm_serial_driver/lib:/home/ivasd/fyt_atuoaim/install/armor_solver/lib:/home/ivasd/fyt_atuoaim/install/armor_detector/lib:/home/ivasd/fyt_atuoaim/install/rm_utils/lib:/home/ivasd/fyt_atuoaim/install/rm_interfaces/lib:/home/ivasd/fyt_atuoaim/install/rm_camera_driver/lib:/opt/ros/humble/opt/rviz_ogre_vendor/lib:/opt/ros/humble/lib/x86_64-linux-gnu:/opt/ros/humble/lib /usr/local/bin/cmake /home/ivasd/fyt_atuoaim/src/rm_bringup -DAMENT_CMAKE_SYMLINK_INSTALL=1 -DCMAKE_INSTALL_PREFIX=/home/ivasd/fyt_atuoaim/install/rm_bringup
[0.347s] Invoking command in '/home/ivasd/fyt_atuoaim/build/rm_bringup': CMAKE_PREFIX_PATH=/home/ivasd/fyt_atuoaim/install/rm_auto_aim:/home/ivasd/fyt_atuoaim/install/rm_serial_driver:/home/ivasd/fyt_atuoaim/install/armor_solver:/home/ivasd/fyt_atuoaim/install/armor_detector:/home/ivasd/fyt_atuoaim/install/rm_utils:/home/ivasd/fyt_atuoaim/install/rm_interfaces:/home/ivasd/fyt_atuoaim/install/rm_bringup:/home/ivasd/fyt_atuoaim/install/rm_camera_driver:/home/ivasd/fyt_atuoaim/install/rm_robot_description:/opt/ros/humble LD_LIBRARY_PATH=/home/ivasd/fyt_atuoaim/install/rm_serial_driver/lib:/home/ivasd/fyt_atuoaim/install/armor_solver/lib:/home/ivasd/fyt_atuoaim/install/armor_detector/lib:/home/ivasd/fyt_atuoaim/install/rm_utils/lib:/home/ivasd/fyt_atuoaim/install/rm_interfaces/lib:/home/ivasd/fyt_atuoaim/install/rm_camera_driver/lib:/opt/ros/humble/opt/rviz_ogre_vendor/lib:/opt/ros/humble/lib/x86_64-linux-gnu:/opt/ros/humble/lib /usr/local/bin/cmake --build /home/ivasd/fyt_atuoaim/build/rm_bringup -- -j32 -l32
[0.360s] Invoked command in '/home/ivasd/fyt_atuoaim/build/rm_bringup' returned '0': CMAKE_PREFIX_PATH=/home/ivasd/fyt_atuoaim/install/rm_auto_aim:/home/ivasd/fyt_atuoaim/install/rm_serial_driver:/home/ivasd/fyt_atuoaim/install/armor_solver:/home/ivasd/fyt_atuoaim/install/armor_detector:/home/ivasd/fyt_atuoaim/install/rm_utils:/home/ivasd/fyt_atuoaim/install/rm_interfaces:/home/ivasd/fyt_atuoaim/install/rm_bringup:/home/ivasd/fyt_atuoaim/install/rm_camera_driver:/home/ivasd/fyt_atuoaim/install/rm_robot_description:/opt/ros/humble LD_LIBRARY_PATH=/home/ivasd/fyt_atuoaim/install/rm_serial_driver/lib:/home/ivasd/fyt_atuoaim/install/armor_solver/lib:/home/ivasd/fyt_atuoaim/install/armor_detector/lib:/home/ivasd/fyt_atuoaim/install/rm_utils/lib:/home/ivasd/fyt_atuoaim/install/rm_interfaces/lib:/home/ivasd/fyt_atuoaim/install/rm_camera_driver/lib:/opt/ros/humble/opt/rviz_ogre_vendor/lib:/opt/ros/humble/lib/x86_64-linux-gnu:/opt/ros/humble/lib /usr/local/bin/cmake --build /home/ivasd/fyt_atuoaim/build/rm_bringup -- -j32 -l32
[0.361s] Invoking command in '/home/ivasd/fyt_atuoaim/build/rm_bringup': CMAKE_PREFIX_PATH=/home/ivasd/fyt_atuoaim/install/rm_auto_aim:/home/ivasd/fyt_atuoaim/install/rm_serial_driver:/home/ivasd/fyt_atuoaim/install/armor_solver:/home/ivasd/fyt_atuoaim/install/armor_detector:/home/ivasd/fyt_atuoaim/install/rm_utils:/home/ivasd/fyt_atuoaim/install/rm_interfaces:/home/ivasd/fyt_atuoaim/install/rm_bringup:/home/ivasd/fyt_atuoaim/install/rm_camera_driver:/home/ivasd/fyt_atuoaim/install/rm_robot_description:/opt/ros/humble LD_LIBRARY_PATH=/home/ivasd/fyt_atuoaim/install/rm_serial_driver/lib:/home/ivasd/fyt_atuoaim/install/armor_solver/lib:/home/ivasd/fyt_atuoaim/install/armor_detector/lib:/home/ivasd/fyt_atuoaim/install/rm_utils/lib:/home/ivasd/fyt_atuoaim/install/rm_interfaces/lib:/home/ivasd/fyt_atuoaim/install/rm_camera_driver/lib:/opt/ros/humble/opt/rviz_ogre_vendor/lib:/opt/ros/humble/lib/x86_64-linux-gnu:/opt/ros/humble/lib /usr/local/bin/cmake --install /home/ivasd/fyt_atuoaim/build/rm_bringup
[0.363s] -- Install configuration: ""
[0.363s] -- Execute custom install script
[0.364s] -- Symlinking: /home/ivasd/fyt_atuoaim/install/rm_bringup/share/rm_bringup/launch/bringup.launch.py
[0.366s] -- Symlinking: /home/ivasd/fyt_atuoaim/install/rm_bringup/share/rm_bringup/launch/bringup_navigation.launch.py
[0.370s] -- Symlinking: /home/ivasd/fyt_atuoaim/install/rm_bringup/share/rm_bringup/config/camera_info.yaml
[0.372s] -- Symlinking: /home/ivasd/fyt_atuoaim/install/rm_bringup/share/rm_bringup/config/launch_params.yaml
[0.375s] -- Symlinking: /home/ivasd/fyt_atuoaim/install/rm_bringup/share/rm_bringup/config/node_params/armor_detector_params.yaml
[0.377s] -- Symlinking: /home/ivasd/fyt_atuoaim/install/rm_bringup/share/rm_bringup/config/node_params/armor_solver_params.yaml
[0.380s] -- Symlinking: /home/ivasd/fyt_atuoaim/install/rm_bringup/share/rm_bringup/config/node_params/camera_driver_params.yaml
[0.382s] -- Symlinking: /home/ivasd/fyt_atuoaim/install/rm_bringup/share/rm_bringup/config/node_params/rune_detector_params.yaml
[0.385s] -- Symlinking: /home/ivasd/fyt_atuoaim/install/rm_bringup/share/rm_bringup/config/node_params/rune_solver_params.yaml
[0.387s] -- Symlinking: /home/ivasd/fyt_atuoaim/install/rm_bringup/share/rm_bringup/config/node_params/serial_driver_params.yaml
[0.389s] -- Symlinking: /home/ivasd/fyt_atuoaim/install/rm_bringup/share/rm_bringup/config/node_params/video_player_params.yaml
[0.391s] -- Symlinking: /home/ivasd/fyt_atuoaim/install/rm_bringup/share/rm_bringup/config/node_params/virtual_serial_params.yaml
[0.393s] -- Symlinking: /home/ivasd/fyt_atuoaim/install/rm_bringup/share/ament_index/resource_index/package_run_dependencies/rm_bringup
[0.395s] -- Symlinking: /home/ivasd/fyt_atuoaim/install/rm_bringup/share/ament_index/resource_index/parent_prefix_path/rm_bringup
[0.398s] -- Symlinking: /home/ivasd/fyt_atuoaim/install/rm_bringup/share/rm_bringup/environment/ament_prefix_path.sh
[0.400s] -- Symlinking: /home/ivasd/fyt_atuoaim/install/rm_bringup/share/rm_bringup/environment/ament_prefix_path.dsv
[0.402s] -- Symlinking: /home/ivasd/fyt_atuoaim/install/rm_bringup/share/rm_bringup/environment/path.sh
[0.405s] -- Symlinking: /home/ivasd/fyt_atuoaim/install/rm_bringup/share/rm_bringup/environment/path.dsv
[0.407s] -- Symlinking: /home/ivasd/fyt_atuoaim/install/rm_bringup/share/rm_bringup/local_setup.bash
[0.410s] -- Symlinking: /home/ivasd/fyt_atuoaim/install/rm_bringup/share/rm_bringup/local_setup.sh
[0.412s] -- Symlinking: /home/ivasd/fyt_atuoaim/install/rm_bringup/share/rm_bringup/local_setup.zsh
[0.414s] -- Symlinking: /home/ivasd/fyt_atuoaim/install/rm_bringup/share/rm_bringup/local_setup.dsv
[0.417s] -- Symlinking: /home/ivasd/fyt_atuoaim/install/rm_bringup/share/rm_bringup/package.dsv
[0.419s] -- Symlinking: /home/ivasd/fyt_atuoaim/install/rm_bringup/share/ament_index/resource_index/packages/rm_bringup
[0.421s] -- Symlinking: /home/ivasd/fyt_atuoaim/install/rm_bringup/share/rm_bringup/cmake/rm_bringupConfig.cmake
[0.423s] -- Symlinking: /home/ivasd/fyt_atuoaim/install/rm_bringup/share/rm_bringup/cmake/rm_bringupConfig-version.cmake
[0.426s] -- Symlinking: /home/ivasd/fyt_atuoaim/install/rm_bringup/share/rm_bringup/package.xml
[0.430s] Invoked command in '/home/ivasd/fyt_atuoaim/build/rm_bringup' returned '0': CMAKE_PREFIX_PATH=/home/ivasd/fyt_atuoaim/install/rm_auto_aim:/home/ivasd/fyt_atuoaim/install/rm_serial_driver:/home/ivasd/fyt_atuoaim/install/armor_solver:/home/ivasd/fyt_atuoaim/install/armor_detector:/home/ivasd/fyt_atuoaim/install/rm_utils:/home/ivasd/fyt_atuoaim/install/rm_interfaces:/home/ivasd/fyt_atuoaim/install/rm_bringup:/home/ivasd/fyt_atuoaim/install/rm_camera_driver:/home/ivasd/fyt_atuoaim/install/rm_robot_description:/opt/ros/humble LD_LIBRARY_PATH=/home/ivasd/fyt_atuoaim/install/rm_serial_driver/lib:/home/ivasd/fyt_atuoaim/install/armor_solver/lib:/home/ivasd/fyt_atuoaim/install/armor_detector/lib:/home/ivasd/fyt_atuoaim/install/rm_utils/lib:/home/ivasd/fyt_atuoaim/install/rm_interfaces/lib:/home/ivasd/fyt_atuoaim/install/rm_camera_driver/lib:/opt/ros/humble/opt/rviz_ogre_vendor/lib:/opt/ros/humble/lib/x86_64-linux-gnu:/opt/ros/humble/lib /usr/local/bin/cmake --install /home/ivasd/fyt_atuoaim/build/rm_bringup
