[0.007s] Invoking command in '/home/ivasd/fyt_atuoaim/build/rm_camera_driver': CMAKE_PREFIX_PATH=/home/ivasd/fyt_atuoaim/install/rm_utils:/home/ivasd/fyt_atuoaim/install/rm_bringup:/home/ivasd/fyt_atuoaim/install/rm_serial_driver:/home/ivasd/fyt_atuoaim/install/rm_camera_driver:/home/ivasd/fyt_atuoaim/install/rm_auto_aim:/home/ivasd/fyt_atuoaim/install/armor_solver:/home/ivasd/fyt_atuoaim/install/armor_detector:/home/ivasd/fyt_atuoaim/install/rm_robot_description:/home/ivasd/fyt_atuoaim/install/rm_interfaces:/opt/ros/humble LD_LIBRARY_PATH=/home/ivasd/fyt_atuoaim/install/rm_utils/lib:/home/ivasd/fyt_atuoaim/install/rm_serial_driver/lib:/home/ivasd/fyt_atuoaim/install/rm_camera_driver/lib:/home/ivasd/fyt_atuoaim/install/armor_solver/lib:/home/ivasd/fyt_atuoaim/install/armor_detector/lib:/home/ivasd/fyt_atuoaim/install/rm_interfaces/lib:/opt/ros/humble/opt/rviz_ogre_vendor/lib:/opt/ros/humble/lib/x86_64-linux-gnu:/opt/ros/humble/lib /usr/local/bin/cmake --build /home/ivasd/fyt_atuoaim/build/rm_camera_driver -- -j32 -l32
[0.030s] [ 50%] Built target video_player_node
[0.030s] [ 50%] Built target rm_camera_driver_node
[0.033s] [100%] Built target rm_camera_driver
[0.037s] Invoked command in '/home/ivasd/fyt_atuoaim/build/rm_camera_driver' returned '0': CMAKE_PREFIX_PATH=/home/ivasd/fyt_atuoaim/install/rm_utils:/home/ivasd/fyt_atuoaim/install/rm_bringup:/home/ivasd/fyt_atuoaim/install/rm_serial_driver:/home/ivasd/fyt_atuoaim/install/rm_camera_driver:/home/ivasd/fyt_atuoaim/install/rm_auto_aim:/home/ivasd/fyt_atuoaim/install/armor_solver:/home/ivasd/fyt_atuoaim/install/armor_detector:/home/ivasd/fyt_atuoaim/install/rm_robot_description:/home/ivasd/fyt_atuoaim/install/rm_interfaces:/opt/ros/humble LD_LIBRARY_PATH=/home/ivasd/fyt_atuoaim/install/rm_utils/lib:/home/ivasd/fyt_atuoaim/install/rm_serial_driver/lib:/home/ivasd/fyt_atuoaim/install/rm_camera_driver/lib:/home/ivasd/fyt_atuoaim/install/armor_solver/lib:/home/ivasd/fyt_atuoaim/install/armor_detector/lib:/home/ivasd/fyt_atuoaim/install/rm_interfaces/lib:/opt/ros/humble/opt/rviz_ogre_vendor/lib:/opt/ros/humble/lib/x86_64-linux-gnu:/opt/ros/humble/lib /usr/local/bin/cmake --build /home/ivasd/fyt_atuoaim/build/rm_camera_driver -- -j32 -l32
[0.038s] Invoking command in '/home/ivasd/fyt_atuoaim/build/rm_camera_driver': CMAKE_PREFIX_PATH=/home/ivasd/fyt_atuoaim/install/rm_utils:/home/ivasd/fyt_atuoaim/install/rm_bringup:/home/ivasd/fyt_atuoaim/install/rm_serial_driver:/home/ivasd/fyt_atuoaim/install/rm_camera_driver:/home/ivasd/fyt_atuoaim/install/rm_auto_aim:/home/ivasd/fyt_atuoaim/install/armor_solver:/home/ivasd/fyt_atuoaim/install/armor_detector:/home/ivasd/fyt_atuoaim/install/rm_robot_description:/home/ivasd/fyt_atuoaim/install/rm_interfaces:/opt/ros/humble LD_LIBRARY_PATH=/home/ivasd/fyt_atuoaim/install/rm_utils/lib:/home/ivasd/fyt_atuoaim/install/rm_serial_driver/lib:/home/ivasd/fyt_atuoaim/install/rm_camera_driver/lib:/home/ivasd/fyt_atuoaim/install/armor_solver/lib:/home/ivasd/fyt_atuoaim/install/armor_detector/lib:/home/ivasd/fyt_atuoaim/install/rm_interfaces/lib:/opt/ros/humble/opt/rviz_ogre_vendor/lib:/opt/ros/humble/lib/x86_64-linux-gnu:/opt/ros/humble/lib /usr/local/bin/cmake --install /home/ivasd/fyt_atuoaim/build/rm_camera_driver
[0.040s] -- Install configuration: ""
[0.040s] -- Execute custom install script
[0.040s] -- Up-to-date symlink: /home/ivasd/fyt_atuoaim/install/rm_camera_driver/lib/x86_64/libFormatConversion.so
[0.041s] -- Up-to-date symlink: /home/ivasd/fyt_atuoaim/install/rm_camera_driver/lib/x86_64/libMVRender.so
[0.041s] -- Up-to-date symlink: /home/ivasd/fyt_atuoaim/install/rm_camera_driver/lib/x86_64/libMediaProcess.so
[0.041s] -- Up-to-date symlink: /home/ivasd/fyt_atuoaim/install/rm_camera_driver/lib/x86_64/libMvCameraControl.so
[0.041s] -- Up-to-date symlink: /home/ivasd/fyt_atuoaim/install/rm_camera_driver/lib/x86_64/libMvUsb3vTL.so
[0.041s] -- Up-to-date symlink: /home/ivasd/fyt_atuoaim/install/rm_camera_driver/lib/rm_camera_driver/rm_camera_driver_node
[0.041s] -- Up-to-date symlink: /home/ivasd/fyt_atuoaim/install/rm_camera_driver/lib/rm_camera_driver/video_player_node
[0.041s] -- Up-to-date symlink: /home/ivasd/fyt_atuoaim/install/rm_camera_driver/include/hik/CameraParams.h
[0.041s] -- Up-to-date symlink: /home/ivasd/fyt_atuoaim/install/rm_camera_driver/include/hik/MvCameraControl.h
[0.041s] -- Up-to-date symlink: /home/ivasd/fyt_atuoaim/install/rm_camera_driver/include/hik/MvErrorDefine.h
[0.042s] -- Up-to-date symlink: /home/ivasd/fyt_atuoaim/install/rm_camera_driver/include/hik/MvISPErrorDefine.h
[0.042s] -- Up-to-date symlink: /home/ivasd/fyt_atuoaim/install/rm_camera_driver/include/hik/PixelType.h
[0.042s] -- Up-to-date symlink: /home/ivasd/fyt_atuoaim/install/rm_camera_driver/include/rm_camera_driver/hik_camera.hpp
[0.042s] -- Up-to-date symlink: /home/ivasd/fyt_atuoaim/install/rm_camera_driver/include/rm_camera_driver/recorder.hpp
[0.042s] -- Up-to-date symlink: /home/ivasd/fyt_atuoaim/install/rm_camera_driver/share/rm_camera_driver/environment/library_path.sh
[0.042s] -- Up-to-date symlink: /home/ivasd/fyt_atuoaim/install/rm_camera_driver/share/rm_camera_driver/environment/library_path.dsv
[0.042s] -- Up-to-date symlink: /home/ivasd/fyt_atuoaim/install/rm_camera_driver/lib/librm_camera_driver.so
[0.042s] -- Up-to-date symlink: /home/ivasd/fyt_atuoaim/install/rm_camera_driver/share/rm_camera_driver/config/camera_info.yaml
[0.043s] -- Up-to-date symlink: /home/ivasd/fyt_atuoaim/install/rm_camera_driver/share/rm_camera_driver/config/camera_params.yaml
[0.043s] -- Up-to-date symlink: /home/ivasd/fyt_atuoaim/install/rm_camera_driver/share/rm_camera_driver/launch/hik_camera.launch.py
[0.043s] -- Up-to-date symlink: /home/ivasd/fyt_atuoaim/install/rm_camera_driver/share/ament_index/resource_index/package_run_dependencies/rm_camera_driver
[0.043s] -- Up-to-date symlink: /home/ivasd/fyt_atuoaim/install/rm_camera_driver/share/ament_index/resource_index/parent_prefix_path/rm_camera_driver
[0.043s] -- Up-to-date symlink: /home/ivasd/fyt_atuoaim/install/rm_camera_driver/share/rm_camera_driver/environment/ament_prefix_path.sh
[0.043s] -- Up-to-date symlink: /home/ivasd/fyt_atuoaim/install/rm_camera_driver/share/rm_camera_driver/environment/ament_prefix_path.dsv
[0.043s] -- Up-to-date symlink: /home/ivasd/fyt_atuoaim/install/rm_camera_driver/share/rm_camera_driver/environment/path.sh
[0.044s] -- Up-to-date symlink: /home/ivasd/fyt_atuoaim/install/rm_camera_driver/share/rm_camera_driver/environment/path.dsv
[0.044s] -- Up-to-date symlink: /home/ivasd/fyt_atuoaim/install/rm_camera_driver/share/rm_camera_driver/local_setup.bash
[0.044s] -- Up-to-date symlink: /home/ivasd/fyt_atuoaim/install/rm_camera_driver/share/rm_camera_driver/local_setup.sh
[0.044s] -- Up-to-date symlink: /home/ivasd/fyt_atuoaim/install/rm_camera_driver/share/rm_camera_driver/local_setup.zsh
[0.044s] -- Up-to-date symlink: /home/ivasd/fyt_atuoaim/install/rm_camera_driver/share/rm_camera_driver/local_setup.dsv
[0.044s] -- Symlinking: /home/ivasd/fyt_atuoaim/install/rm_camera_driver/share/rm_camera_driver/package.dsv
[0.047s] -- Up-to-date symlink: /home/ivasd/fyt_atuoaim/install/rm_camera_driver/share/ament_index/resource_index/packages/rm_camera_driver
[0.047s] -- Up-to-date symlink: /home/ivasd/fyt_atuoaim/install/rm_camera_driver/share/ament_index/resource_index/rclcpp_components/rm_camera_driver
[0.047s] -- Up-to-date symlink: /home/ivasd/fyt_atuoaim/install/rm_camera_driver/share/rm_camera_driver/cmake/ament_cmake_export_dependencies-extras.cmake
[0.048s] -- Up-to-date symlink: /home/ivasd/fyt_atuoaim/install/rm_camera_driver/share/rm_camera_driver/cmake/ament_cmake_export_include_directories-extras.cmake
[0.048s] -- Up-to-date symlink: /home/ivasd/fyt_atuoaim/install/rm_camera_driver/share/rm_camera_driver/cmake/ament_cmake_export_libraries-extras.cmake
[0.048s] -- Up-to-date symlink: /home/ivasd/fyt_atuoaim/install/rm_camera_driver/share/rm_camera_driver/cmake/rm_camera_driverConfig.cmake
[0.048s] -- Up-to-date symlink: /home/ivasd/fyt_atuoaim/install/rm_camera_driver/share/rm_camera_driver/cmake/rm_camera_driverConfig-version.cmake
[0.048s] -- Up-to-date symlink: /home/ivasd/fyt_atuoaim/install/rm_camera_driver/share/rm_camera_driver/package.xml
[0.049s] Invoked command in '/home/ivasd/fyt_atuoaim/build/rm_camera_driver' returned '0': CMAKE_PREFIX_PATH=/home/ivasd/fyt_atuoaim/install/rm_utils:/home/ivasd/fyt_atuoaim/install/rm_bringup:/home/ivasd/fyt_atuoaim/install/rm_serial_driver:/home/ivasd/fyt_atuoaim/install/rm_camera_driver:/home/ivasd/fyt_atuoaim/install/rm_auto_aim:/home/ivasd/fyt_atuoaim/install/armor_solver:/home/ivasd/fyt_atuoaim/install/armor_detector:/home/ivasd/fyt_atuoaim/install/rm_robot_description:/home/ivasd/fyt_atuoaim/install/rm_interfaces:/opt/ros/humble LD_LIBRARY_PATH=/home/ivasd/fyt_atuoaim/install/rm_utils/lib:/home/ivasd/fyt_atuoaim/install/rm_serial_driver/lib:/home/ivasd/fyt_atuoaim/install/rm_camera_driver/lib:/home/ivasd/fyt_atuoaim/install/armor_solver/lib:/home/ivasd/fyt_atuoaim/install/armor_detector/lib:/home/ivasd/fyt_atuoaim/install/rm_interfaces/lib:/opt/ros/humble/opt/rviz_ogre_vendor/lib:/opt/ros/humble/lib/x86_64-linux-gnu:/opt/ros/humble/lib /usr/local/bin/cmake --install /home/ivasd/fyt_atuoaim/build/rm_camera_driver
