[0.013s] Invoking command in '/home/ivasd/fyt_atuoaim/build/rm_auto_aim': CMAKE_PREFIX_PATH=/home/ivasd/fyt_atuoaim/install/armor_solver:/home/ivasd/fyt_atuoaim/install/armor_detector:/home/ivasd/fyt_atuoaim/install/rm_utils:/home/ivasd/fyt_atuoaim/install/rm_interfaces:/home/ivasd/fyt_atuoaim/install/rm_bringup:/home/ivasd/fyt_atuoaim/install/rm_serial_driver:/home/ivasd/fyt_atuoaim/install/rm_camera_driver:/home/ivasd/fyt_atuoaim/install/rm_auto_aim:/home/ivasd/fyt_atuoaim/install/rm_robot_description:/opt/ros/humble LD_LIBRARY_PATH=/home/ivasd/fyt_atuoaim/install/armor_solver/lib:/home/ivasd/fyt_atuoaim/install/armor_detector/lib:/home/ivasd/fyt_atuoaim/install/rm_utils/lib:/home/ivasd/fyt_atuoaim/install/rm_interfaces/lib:/home/ivasd/fyt_atuoaim/install/rm_serial_driver/lib:/home/ivasd/fyt_atuoaim/install/rm_camera_driver/lib:/opt/ros/humble/opt/rviz_ogre_vendor/lib:/opt/ros/humble/lib/x86_64-linux-gnu:/opt/ros/humble/lib /usr/local/bin/cmake --build /home/ivasd/fyt_atuoaim/build/rm_auto_aim -- -j32 -l32
[0.027s] Invoked command in '/home/ivasd/fyt_atuoaim/build/rm_auto_aim' returned '0': CMAKE_PREFIX_PATH=/home/ivasd/fyt_atuoaim/install/armor_solver:/home/ivasd/fyt_atuoaim/install/armor_detector:/home/ivasd/fyt_atuoaim/install/rm_utils:/home/ivasd/fyt_atuoaim/install/rm_interfaces:/home/ivasd/fyt_atuoaim/install/rm_bringup:/home/ivasd/fyt_atuoaim/install/rm_serial_driver:/home/ivasd/fyt_atuoaim/install/rm_camera_driver:/home/ivasd/fyt_atuoaim/install/rm_auto_aim:/home/ivasd/fyt_atuoaim/install/rm_robot_description:/opt/ros/humble LD_LIBRARY_PATH=/home/ivasd/fyt_atuoaim/install/armor_solver/lib:/home/ivasd/fyt_atuoaim/install/armor_detector/lib:/home/ivasd/fyt_atuoaim/install/rm_utils/lib:/home/ivasd/fyt_atuoaim/install/rm_interfaces/lib:/home/ivasd/fyt_atuoaim/install/rm_serial_driver/lib:/home/ivasd/fyt_atuoaim/install/rm_camera_driver/lib:/opt/ros/humble/opt/rviz_ogre_vendor/lib:/opt/ros/humble/lib/x86_64-linux-gnu:/opt/ros/humble/lib /usr/local/bin/cmake --build /home/ivasd/fyt_atuoaim/build/rm_auto_aim -- -j32 -l32
[0.027s] Invoking command in '/home/ivasd/fyt_atuoaim/build/rm_auto_aim': CMAKE_PREFIX_PATH=/home/ivasd/fyt_atuoaim/install/armor_solver:/home/ivasd/fyt_atuoaim/install/armor_detector:/home/ivasd/fyt_atuoaim/install/rm_utils:/home/ivasd/fyt_atuoaim/install/rm_interfaces:/home/ivasd/fyt_atuoaim/install/rm_bringup:/home/ivasd/fyt_atuoaim/install/rm_serial_driver:/home/ivasd/fyt_atuoaim/install/rm_camera_driver:/home/ivasd/fyt_atuoaim/install/rm_auto_aim:/home/ivasd/fyt_atuoaim/install/rm_robot_description:/opt/ros/humble LD_LIBRARY_PATH=/home/ivasd/fyt_atuoaim/install/armor_solver/lib:/home/ivasd/fyt_atuoaim/install/armor_detector/lib:/home/ivasd/fyt_atuoaim/install/rm_utils/lib:/home/ivasd/fyt_atuoaim/install/rm_interfaces/lib:/home/ivasd/fyt_atuoaim/install/rm_serial_driver/lib:/home/ivasd/fyt_atuoaim/install/rm_camera_driver/lib:/opt/ros/humble/opt/rviz_ogre_vendor/lib:/opt/ros/humble/lib/x86_64-linux-gnu:/opt/ros/humble/lib /usr/local/bin/cmake --install /home/ivasd/fyt_atuoaim/build/rm_auto_aim
[0.030s] -- Install configuration: ""
[0.030s] -- Execute custom install script
[0.030s] -- Up-to-date symlink: /home/ivasd/fyt_atuoaim/install/rm_auto_aim/share/ament_index/resource_index/package_run_dependencies/rm_auto_aim
[0.030s] -- Up-to-date symlink: /home/ivasd/fyt_atuoaim/install/rm_auto_aim/share/ament_index/resource_index/parent_prefix_path/rm_auto_aim
[0.030s] -- Up-to-date symlink: /home/ivasd/fyt_atuoaim/install/rm_auto_aim/share/rm_auto_aim/environment/ament_prefix_path.sh
[0.030s] -- Up-to-date symlink: /home/ivasd/fyt_atuoaim/install/rm_auto_aim/share/rm_auto_aim/environment/ament_prefix_path.dsv
[0.031s] -- Up-to-date symlink: /home/ivasd/fyt_atuoaim/install/rm_auto_aim/share/rm_auto_aim/environment/path.sh
[0.031s] -- Up-to-date symlink: /home/ivasd/fyt_atuoaim/install/rm_auto_aim/share/rm_auto_aim/environment/path.dsv
[0.031s] -- Up-to-date symlink: /home/ivasd/fyt_atuoaim/install/rm_auto_aim/share/rm_auto_aim/local_setup.bash
[0.031s] -- Up-to-date symlink: /home/ivasd/fyt_atuoaim/install/rm_auto_aim/share/rm_auto_aim/local_setup.sh
[0.031s] -- Up-to-date symlink: /home/ivasd/fyt_atuoaim/install/rm_auto_aim/share/rm_auto_aim/local_setup.zsh
[0.031s] -- Up-to-date symlink: /home/ivasd/fyt_atuoaim/install/rm_auto_aim/share/rm_auto_aim/local_setup.dsv
[0.031s] -- Symlinking: /home/ivasd/fyt_atuoaim/install/rm_auto_aim/share/rm_auto_aim/package.dsv
[0.033s] -- Up-to-date symlink: /home/ivasd/fyt_atuoaim/install/rm_auto_aim/share/ament_index/resource_index/packages/rm_auto_aim
[0.033s] -- Up-to-date symlink: /home/ivasd/fyt_atuoaim/install/rm_auto_aim/share/rm_auto_aim/cmake/rm_auto_aimConfig.cmake
[0.033s] -- Up-to-date symlink: /home/ivasd/fyt_atuoaim/install/rm_auto_aim/share/rm_auto_aim/cmake/rm_auto_aimConfig-version.cmake
[0.033s] -- Up-to-date symlink: /home/ivasd/fyt_atuoaim/install/rm_auto_aim/share/rm_auto_aim/package.xml
[0.034s] Invoked command in '/home/ivasd/fyt_atuoaim/build/rm_auto_aim' returned '0': CMAKE_PREFIX_PATH=/home/ivasd/fyt_atuoaim/install/armor_solver:/home/ivasd/fyt_atuoaim/install/armor_detector:/home/ivasd/fyt_atuoaim/install/rm_utils:/home/ivasd/fyt_atuoaim/install/rm_interfaces:/home/ivasd/fyt_atuoaim/install/rm_bringup:/home/ivasd/fyt_atuoaim/install/rm_serial_driver:/home/ivasd/fyt_atuoaim/install/rm_camera_driver:/home/ivasd/fyt_atuoaim/install/rm_auto_aim:/home/ivasd/fyt_atuoaim/install/rm_robot_description:/opt/ros/humble LD_LIBRARY_PATH=/home/ivasd/fyt_atuoaim/install/armor_solver/lib:/home/ivasd/fyt_atuoaim/install/armor_detector/lib:/home/ivasd/fyt_atuoaim/install/rm_utils/lib:/home/ivasd/fyt_atuoaim/install/rm_interfaces/lib:/home/ivasd/fyt_atuoaim/install/rm_serial_driver/lib:/home/ivasd/fyt_atuoaim/install/rm_camera_driver/lib:/opt/ros/humble/opt/rviz_ogre_vendor/lib:/opt/ros/humble/lib/x86_64-linux-gnu:/opt/ros/humble/lib /usr/local/bin/cmake --install /home/ivasd/fyt_atuoaim/build/rm_auto_aim
