[0.008s] Invoking command in '/home/ivasd/fyt_atuoaim/build/rm_utils': CMAKE_PREFIX_PATH=${CMAKE_PREFIX_PATH}:/opt/ros/humble /usr/local/bin/cmake /home/ivasd/fyt_atuoaim/src/rm_utils -DAMENT_CMAKE_SYMLINK_INSTALL=1 -DCMAKE_INSTALL_PREFIX=/home/ivasd/fyt_atuoaim/install/rm_utils
[0.041s] -- The C compiler identification is GNU 11.4.0
[0.071s] -- The CXX compiler identification is GNU 11.4.0
[0.077s] -- Detecting C compiler ABI info
[0.116s] -- Detecting C compiler ABI info - done
[0.119s] -- Check for working C compiler: /usr/bin/cc - skipped
[0.120s] -- Detecting C compile features
[0.120s] -- Detecting C compile features - done
[0.121s] -- Detecting CXX compiler ABI info
[0.162s] -- Detecting CXX compiler ABI info - done
[0.166s] -- Check for working CXX compiler: /usr/bin/c++ - skipped
[0.166s] -- Detecting CXX compile features
[0.166s] -- Detecting CXX compile features - done
[0.167s] -- Found ament_cmake: 1.3.12 (/opt/ros/humble/share/ament_cmake/cmake)
[0.232s] -- Found Python3: /usr/bin/python3 (found version "3.10.12") found components: Interpreter 
[0.264s] -- Override CMake install command with custom implementation using symlinks instead of copying resources
[0.275s] -- Found rclcpp: 16.0.14 (/opt/ros/humble/share/rclcpp/cmake)
[0.293s] -- Found rosidl_generator_c: 3.1.7 (/opt/ros/humble/share/rosidl_generator_c/cmake)
[0.295s] -- Found rosidl_adapter: 3.1.7 (/opt/ros/humble/share/rosidl_adapter/cmake)
[0.299s] -- Found rosidl_generator_cpp: 3.1.7 (/opt/ros/humble/share/rosidl_generator_cpp/cmake)
[0.304s] -- Using all available rosidl_typesupport_c: rosidl_typesupport_fastrtps_c;rosidl_typesupport_introspection_c
[0.312s] -- Using all available rosidl_typesupport_cpp: rosidl_typesupport_fastrtps_cpp;rosidl_typesupport_introspection_cpp
[0.333s] -- Found rmw_implementation_cmake: 6.1.2 (/opt/ros/humble/share/rmw_implementation_cmake/cmake)
[0.334s] -- Found rmw_fastrtps_cpp: 6.2.8 (/opt/ros/humble/share/rmw_fastrtps_cpp/cmake)
[0.380s] -- Found OpenSSL: /usr/lib/x86_64-linux-gnu/libcrypto.so (found version "3.0.2")  
[0.393s] -- Found FastRTPS: /opt/ros/humble/include  
[0.414s] -- Using RMW implementation 'rmw_fastrtps_cpp' as default
[0.418s] -- Performing Test CMAKE_HAVE_LIBC_PTHREAD
[0.459s] -- Performing Test CMAKE_HAVE_LIBC_PTHREAD - Success
[0.460s] -- Found Threads: TRUE  
[0.487s] -- Found eigen3_cmake_module: 0.1.1 (/opt/ros/humble/share/eigen3_cmake_module/cmake)
[0.490s] -- Found Eigen3: TRUE (found version "3.4.0") 
[0.490s] -- Found geometry_msgs: 4.9.0 (/opt/ros/humble/share/geometry_msgs/cmake)
[0.500s] -- Found OpenCV: /usr (found suitable version "4.5.4", minimum required is "4") 
[0.507s] -- Found CXSparse: /usr/include/suitesparse (found suitable version "3.2.0", minimum required is "3.2.0") 
[0.737s] -- Found AMD headers in: /usr/include/suitesparse
[0.737s] -- Found AMD library: /usr/lib/x86_64-linux-gnu/libamd.so
[0.737s] -- Found CAMD headers in: /usr/include/suitesparse
[0.738s] -- Found CAMD library: /usr/lib/x86_64-linux-gnu/libcamd.so
[0.738s] -- Found CCOLAMD headers in: /usr/include/suitesparse
[0.738s] -- Found CCOLAMD library: /usr/lib/x86_64-linux-gnu/libccolamd.so
[0.738s] -- Found CHOLMOD headers in: /usr/include/suitesparse
[0.738s] -- Found CHOLMOD library: /usr/lib/x86_64-linux-gnu/libcholmod.so
[0.739s] -- Found COLAMD headers in: /usr/include/suitesparse
[0.739s] -- Found COLAMD library: /usr/lib/x86_64-linux-gnu/libcolamd.so
[0.739s] -- Found SPQR headers in: /usr/include/suitesparse
[0.740s] -- Found SPQR library: /usr/lib/x86_64-linux-gnu/libspqr.so
[0.740s] -- Found Config headers in: /usr/include/suitesparse
[0.740s] -- Found Config library: /usr/lib/x86_64-linux-gnu/libsuitesparseconfig.so
[0.741s] -- Found Intel Thread Building Blocks (TBB) library (2021.5 / ) include location: . Assuming SuiteSparseQR was compiled with TBB.
[0.741s] -- Looking for shm_open in rt
[0.778s] -- Looking for shm_open in rt - found
[0.778s] -- Adding librt to SuiteSparse_config libraries (required on Linux & Unix [not OSX] if SuiteSparse is compiled with timing).
[0.780s] -- Could NOT find METIS (missing: METIS_INCLUDE_DIR METIS_LIBRARY) 
[0.781s] -- Found SuiteSparse: /usr/include/suitesparse (found suitable version "5.10.1", minimum required is "5.10.1") found components: AMD CAMD CCOLAMD CHOLMOD COLAMD SPQR Config 
[0.781s] -- Found required Ceres dependency: Eigen version 3.4.0 in /usr/share/eigen3/cmake
[0.783s] -- Found required Ceres dependency: glog
[0.783s] -- Found required Ceres dependency: gflags
[0.784s] -- Found Ceres version: 2.1.0 installed in: /usr/local with components: [EigenSparse, SparseLinearAlgebraLibrary, LAPACK, SuiteSparse, CXSparse, SchurSpecializations, Multithreading]
[0.787s] -- Found ament_lint_auto: 0.12.14 (/opt/ros/humble/share/ament_lint_auto/cmake)
[0.830s] -- Added test 'cppcheck' to perform static code analysis on C / C++ code
[0.830s] -- Configured cppcheck include dirs: /home/ivasd/fyt_atuoaim/src/rm_utils/include
[0.830s] -- Configured cppcheck exclude dirs and/or files: 
[0.830s] -- Added test 'lint_cmake' to check CMake code style
[0.831s] -- Added test 'xmllint' to check XML markup files
[0.831s] -- Configuring done
[0.839s] -- Generating done
[0.842s] -- Build files have been written to: /home/ivasd/fyt_atuoaim/build/rm_utils
[0.847s] Invoked command in '/home/ivasd/fyt_atuoaim/build/rm_utils' returned '0': CMAKE_PREFIX_PATH=${CMAKE_PREFIX_PATH}:/opt/ros/humble /usr/local/bin/cmake /home/ivasd/fyt_atuoaim/src/rm_utils -DAMENT_CMAKE_SYMLINK_INSTALL=1 -DCMAKE_INSTALL_PREFIX=/home/ivasd/fyt_atuoaim/install/rm_utils
[0.848s] Invoking command in '/home/ivasd/fyt_atuoaim/build/rm_utils': CMAKE_PREFIX_PATH=${CMAKE_PREFIX_PATH}:/opt/ros/humble /usr/local/bin/cmake --build /home/ivasd/fyt_atuoaim/build/rm_utils -- -j32 -l32
[0.866s] [  8%] [32mBuilding CXX object CMakeFiles/fytlogger.dir/src/logger/writer.cpp.o[0m
[0.866s] [ 16%] [32mBuilding CXX object CMakeFiles/fytlogger.dir/src/logger/logger_impl.cpp.o[0m
[0.866s] [ 25%] [32mBuilding CXX object CMakeFiles/rm_utils.dir/src/math/pnp_solver.cpp.o[0m
[0.866s] [ 33%] [32mBuilding CXX object CMakeFiles/rm_utils.dir/src/math/utils.cpp.o[0m
[0.867s] [ 41%] [32mBuilding CXX object CMakeFiles/fytlogger.dir/src/logger/logger_pool.cpp.o[0m
[0.867s] [ 50%] [32mBuilding CXX object CMakeFiles/rm_utils.dir/src/math/trajectory_compensator.cpp.o[0m
[0.867s] [ 66%] [32mBuilding CXX object CMakeFiles/rm_utils.dir/src/math/extended_kalman_filter.cpp.o[0m
[0.867s] [ 66%] [32mBuilding CXX object CMakeFiles/rm_utils.dir/src/url_resolver.cpp.o[0m
[0.867s] [ 83%] [32mBuilding CXX object CMakeFiles/rm_utils.dir/src/heartbeat.cpp.o[0m
[0.867s] [ 83%] [32mBuilding CXX object CMakeFiles/rm_utils.dir/src/math/manual_compensator.cpp.o[0m
[1.724s] [ 91%] [32m[1mLinking CXX shared library libfytlogger.so[0m
[1.776s] [ 91%] Built target fytlogger
[4.405s] [100%] [32m[1mLinking CXX shared library librm_utils.so[0m
[4.492s] [100%] Built target rm_utils
[4.495s] Invoked command in '/home/ivasd/fyt_atuoaim/build/rm_utils' returned '0': CMAKE_PREFIX_PATH=${CMAKE_PREFIX_PATH}:/opt/ros/humble /usr/local/bin/cmake --build /home/ivasd/fyt_atuoaim/build/rm_utils -- -j32 -l32
[4.497s] Invoking command in '/home/ivasd/fyt_atuoaim/build/rm_utils': CMAKE_PREFIX_PATH=${CMAKE_PREFIX_PATH}:/opt/ros/humble /usr/local/bin/cmake --install /home/ivasd/fyt_atuoaim/build/rm_utils
[4.499s] -- Install configuration: ""
[4.499s] -- Execute custom install script
[4.499s] -- Symlinking: /home/ivasd/fyt_atuoaim/install/rm_utils/include/rm_utils/assert.hpp
[4.502s] -- Symlinking: /home/ivasd/fyt_atuoaim/install/rm_utils/include/rm_utils/common.hpp
[4.504s] -- Symlinking: /home/ivasd/fyt_atuoaim/install/rm_utils/include/rm_utils/heartbeat.hpp
[4.506s] -- Symlinking: /home/ivasd/fyt_atuoaim/install/rm_utils/include/rm_utils/logger/README.md
[4.509s] -- Symlinking: /home/ivasd/fyt_atuoaim/install/rm_utils/include/rm_utils/logger/exception.hpp
[4.511s] -- Symlinking: /home/ivasd/fyt_atuoaim/install/rm_utils/include/rm_utils/logger/impl/global_mutex.hpp
[4.513s] -- Symlinking: /home/ivasd/fyt_atuoaim/install/rm_utils/include/rm_utils/logger/impl/logger_impl.hpp
[4.515s] -- Symlinking: /home/ivasd/fyt_atuoaim/install/rm_utils/include/rm_utils/logger/impl/writer.hpp
[4.517s] -- Symlinking: /home/ivasd/fyt_atuoaim/install/rm_utils/include/rm_utils/logger/log.hpp
[4.519s] -- Symlinking: /home/ivasd/fyt_atuoaim/install/rm_utils/include/rm_utils/logger/logger_pool.hpp
[4.522s] -- Symlinking: /home/ivasd/fyt_atuoaim/install/rm_utils/include/rm_utils/logger/types.hpp
[4.524s] -- Symlinking: /home/ivasd/fyt_atuoaim/install/rm_utils/include/rm_utils/math/extended_kalman_filter.hpp
[4.527s] -- Symlinking: /home/ivasd/fyt_atuoaim/install/rm_utils/include/rm_utils/math/manual_compensator.hpp
[4.529s] -- Symlinking: /home/ivasd/fyt_atuoaim/install/rm_utils/include/rm_utils/math/particle_filter.hpp
[4.531s] -- Symlinking: /home/ivasd/fyt_atuoaim/install/rm_utils/include/rm_utils/math/pnp_solver.hpp
[4.533s] -- Symlinking: /home/ivasd/fyt_atuoaim/install/rm_utils/include/rm_utils/math/trajectory_compensator.hpp
[4.535s] -- Symlinking: /home/ivasd/fyt_atuoaim/install/rm_utils/include/rm_utils/math/utils.hpp
[4.537s] -- Symlinking: /home/ivasd/fyt_atuoaim/install/rm_utils/include/rm_utils/url_resolver.hpp
[4.539s] -- Symlinking: /home/ivasd/fyt_atuoaim/install/rm_utils/share/rm_utils/environment/library_path.sh
[4.541s] -- Symlinking: /home/ivasd/fyt_atuoaim/install/rm_utils/share/rm_utils/environment/library_path.dsv
[4.544s] -- Symlinking: /home/ivasd/fyt_atuoaim/install/rm_utils/share/ament_index/resource_index/package_run_dependencies/rm_utils
[4.546s] -- Symlinking: /home/ivasd/fyt_atuoaim/install/rm_utils/share/ament_index/resource_index/parent_prefix_path/rm_utils
[4.548s] -- Symlinking: /home/ivasd/fyt_atuoaim/install/rm_utils/share/rm_utils/environment/ament_prefix_path.sh
[4.551s] -- Symlinking: /home/ivasd/fyt_atuoaim/install/rm_utils/share/rm_utils/environment/ament_prefix_path.dsv
[4.553s] -- Symlinking: /home/ivasd/fyt_atuoaim/install/rm_utils/share/rm_utils/environment/path.sh
[4.555s] -- Symlinking: /home/ivasd/fyt_atuoaim/install/rm_utils/share/rm_utils/environment/path.dsv
[4.557s] -- Symlinking: /home/ivasd/fyt_atuoaim/install/rm_utils/share/rm_utils/local_setup.bash
[4.559s] -- Symlinking: /home/ivasd/fyt_atuoaim/install/rm_utils/share/rm_utils/local_setup.sh
[4.561s] -- Symlinking: /home/ivasd/fyt_atuoaim/install/rm_utils/share/rm_utils/local_setup.zsh
[4.563s] -- Symlinking: /home/ivasd/fyt_atuoaim/install/rm_utils/share/rm_utils/local_setup.dsv
[4.565s] -- Symlinking: /home/ivasd/fyt_atuoaim/install/rm_utils/share/rm_utils/package.dsv
[4.568s] -- Symlinking: /home/ivasd/fyt_atuoaim/install/rm_utils/share/ament_index/resource_index/packages/rm_utils
[4.570s] -- Symlinking: /home/ivasd/fyt_atuoaim/install/rm_utils/share/rm_utils/cmake/ament_cmake_export_targets-extras.cmake
[4.571s] -- Symlinking: /home/ivasd/fyt_atuoaim/install/rm_utils/share/rm_utils/cmake/ament_cmake_export_dependencies-extras.cmake
[4.574s] -- Symlinking: /home/ivasd/fyt_atuoaim/install/rm_utils/share/rm_utils/cmake/rm_utilsConfig.cmake
[4.576s] -- Symlinking: /home/ivasd/fyt_atuoaim/install/rm_utils/share/rm_utils/cmake/rm_utilsConfig-version.cmake
[4.578s] -- Symlinking: /home/ivasd/fyt_atuoaim/install/rm_utils/share/rm_utils/package.xml
[4.580s] -- Installing: /home/ivasd/fyt_atuoaim/install/rm_utils/lib/librm_utils.so
[4.581s] -- Set runtime path of "/home/ivasd/fyt_atuoaim/install/rm_utils/lib/librm_utils.so" to ""
[4.581s] -- Installing: /home/ivasd/fyt_atuoaim/install/rm_utils/lib/libfytlogger.so
[4.581s] -- Installing: /home/ivasd/fyt_atuoaim/install/rm_utils/share/rm_utils/cmake/rm_utilsExport.cmake
[4.581s] -- Installing: /home/ivasd/fyt_atuoaim/install/rm_utils/share/rm_utils/cmake/rm_utilsExport-noconfig.cmake
[4.581s] -- Installing: /home/ivasd/fyt_atuoaim/install/rm_utils/share/rm_utils/cmake/fytloggerExport.cmake
[4.581s] -- Installing: /home/ivasd/fyt_atuoaim/install/rm_utils/share/rm_utils/cmake/fytloggerExport-noconfig.cmake
[4.583s] Invoked command in '/home/ivasd/fyt_atuoaim/build/rm_utils' returned '0': CMAKE_PREFIX_PATH=${CMAKE_PREFIX_PATH}:/opt/ros/humble /usr/local/bin/cmake --install /home/ivasd/fyt_atuoaim/build/rm_utils
