[0.006s] Invoking command in '/home/ivasd/fyt_atuoaim/build/rm_interfaces': CMAKE_PREFIX_PATH=${CMAKE_PREFIX_PATH}:/opt/ros/humble /usr/local/bin/cmake /home/ivasd/fyt_atuoaim/src/rm_interfaces -DAMENT_CMAKE_SYMLINK_INSTALL=1 -DCMAKE_INSTALL_PREFIX=/home/ivasd/fyt_atuoaim/install/rm_interfaces
[0.039s] -- The C compiler identification is GNU 11.4.0
[0.072s] -- The CXX compiler identification is GNU 11.4.0
[0.079s] -- Detecting C compiler ABI info
[0.118s] -- Detecting C compiler ABI info - done
[0.123s] -- Check for working C compiler: /usr/bin/cc - skipped
[0.123s] -- Detecting C compile features
[0.123s] -- Detecting C compile features - done
[0.125s] -- Detecting CXX compiler ABI info
[0.166s] -- Detecting CXX compiler ABI info - done
[0.171s] -- Check for working CXX compiler: /usr/bin/c++ - skipped
[0.171s] -- Detecting CXX compile features
[0.171s] -- Detecting CXX compile features - done
[0.172s] -- Found ament_cmake: 1.3.12 (/opt/ros/humble/share/ament_cmake/cmake)
[0.242s] -- Found Python3: /usr/bin/python3 (found version "3.10.12") found components: Interpreter 
[0.276s] -- Override CMake install command with custom implementation using symlinks instead of copying resources
[0.290s] -- Found rosidl_default_generators: 1.2.0 (/opt/ros/humble/share/rosidl_default_generators/cmake)
[0.292s] -- Using all available rosidl_typesupport_c: rosidl_typesupport_fastrtps_c;rosidl_typesupport_introspection_c
[0.295s] -- Found rosidl_adapter: 3.1.7 (/opt/ros/humble/share/rosidl_adapter/cmake)
[0.315s] -- Using all available rosidl_typesupport_cpp: rosidl_typesupport_fastrtps_cpp;rosidl_typesupport_introspection_cpp
[0.330s] -- Found geometry_msgs: 4.9.0 (/opt/ros/humble/share/geometry_msgs/cmake)
[0.508s] -- Found ament_cmake_ros: 0.10.0 (/opt/ros/humble/share/ament_cmake_ros/cmake)
[0.603s] -- Using all available rosidl_typesupport_c: rosidl_typesupport_fastrtps_c;rosidl_typesupport_introspection_c
[0.715s] -- Using all available rosidl_typesupport_cpp: rosidl_typesupport_fastrtps_cpp;rosidl_typesupport_introspection_cpp
[0.730s] -- Found PythonInterp: /usr/bin/python3 (found suitable version "3.10.12", minimum required is "3.6") 
[0.730s] -- Found python_cmake_module: 0.10.0 (/opt/ros/humble/share/python_cmake_module/cmake)
[0.745s] -- Found PythonLibs: /usr/lib/x86_64-linux-gnu/libpython3.10.so (found suitable version "3.10.12", minimum required is "3.5") 
[0.745s] -- Using PYTHON_EXECUTABLE: /usr/bin/python3
[0.745s] -- Using PYTHON_INCLUDE_DIRS: /usr/include/python3.10
[0.745s] -- Using PYTHON_LIBRARIES: /usr/lib/x86_64-linux-gnu/libpython3.10.so
[0.755s] -- Found PythonExtra: .so  
[0.795s] -- Configuring done
[0.824s] -- Generating done
[0.830s] -- Build files have been written to: /home/ivasd/fyt_atuoaim/build/rm_interfaces
[0.836s] Invoked command in '/home/ivasd/fyt_atuoaim/build/rm_interfaces' returned '0': CMAKE_PREFIX_PATH=${CMAKE_PREFIX_PATH}:/opt/ros/humble /usr/local/bin/cmake /home/ivasd/fyt_atuoaim/src/rm_interfaces -DAMENT_CMAKE_SYMLINK_INSTALL=1 -DCMAKE_INSTALL_PREFIX=/home/ivasd/fyt_atuoaim/install/rm_interfaces
[0.836s] Invoking command in '/home/ivasd/fyt_atuoaim/build/rm_interfaces': CMAKE_PREFIX_PATH=${CMAKE_PREFIX_PATH}:/opt/ros/humble /usr/local/bin/cmake --build /home/ivasd/fyt_atuoaim/build/rm_interfaces -- -j32 -l32
[0.854s] [  0%] [34m[1mGenerating C code for ROS interfaces[0m
[0.858s] [  0%] [34m[1mGenerating C++ code for ROS interfaces[0m
[0.859s] [  0%] Built target ament_cmake_python_symlink_rm_interfaces
[0.998s] running egg_info
[0.998s] creating rm_interfaces.egg-info
[0.998s] writing rm_interfaces.egg-info/PKG-INFO
[0.999s] writing dependency_links to rm_interfaces.egg-info/dependency_links.txt
[0.999s] writing top-level names to rm_interfaces.egg-info/top_level.txt
[0.999s] writing manifest file 'rm_interfaces.egg-info/SOURCES.txt'
[1.000s] reading manifest file 'rm_interfaces.egg-info/SOURCES.txt'
[1.000s] writing manifest file 'rm_interfaces.egg-info/SOURCES.txt'
[1.018s] [  0%] Built target ament_cmake_python_build_rm_interfaces_egg
[1.574s] [  1%] [32mBuilding C object CMakeFiles/rm_interfaces__rosidl_generator_c.dir/rosidl_generator_c/rm_interfaces/msg/detail/armors__functions.c.o[0m
[1.574s] [  2%] [32mBuilding C object CMakeFiles/rm_interfaces__rosidl_generator_c.dir/rosidl_generator_c/rm_interfaces/msg/detail/armor__functions.c.o[0m
[1.575s] [  2%] [32mBuilding C object CMakeFiles/rm_interfaces__rosidl_generator_c.dir/rosidl_generator_c/rm_interfaces/msg/detail/target__functions.c.o[0m
[1.575s] [  3%] [32mBuilding C object CMakeFiles/rm_interfaces__rosidl_generator_c.dir/rosidl_generator_c/rm_interfaces/msg/detail/rune_target__functions.c.o[0m
[1.576s] [  4%] [32mBuilding C object CMakeFiles/rm_interfaces__rosidl_generator_c.dir/rosidl_generator_c/rm_interfaces/msg/detail/point2d__functions.c.o[0m
[1.576s] [  4%] [32mBuilding C object CMakeFiles/rm_interfaces__rosidl_generator_c.dir/rosidl_generator_c/rm_interfaces/msg/detail/gimbal_cmd__functions.c.o[0m
[1.576s] [  5%] [32mBuilding C object CMakeFiles/rm_interfaces__rosidl_generator_c.dir/rosidl_generator_c/rm_interfaces/msg/detail/chassis_cmd__functions.c.o[0m
[1.577s] [  6%] [32mBuilding C object CMakeFiles/rm_interfaces__rosidl_generator_c.dir/rosidl_generator_c/rm_interfaces/msg/detail/debug_light__functions.c.o[0m
[1.577s] [  6%] [32mBuilding C object CMakeFiles/rm_interfaces__rosidl_generator_c.dir/rosidl_generator_c/rm_interfaces/msg/detail/debug_rune_angle__functions.c.o[0m
[1.577s] [  7%] [32mBuilding C object CMakeFiles/rm_interfaces__rosidl_generator_c.dir/rosidl_generator_c/rm_interfaces/msg/detail/debug_lights__functions.c.o[0m
[1.577s] [  8%] [32mBuilding C object CMakeFiles/rm_interfaces__rosidl_generator_c.dir/rosidl_generator_c/rm_interfaces/msg/detail/debug_armor__functions.c.o[0m
[1.577s] [  8%] [32mBuilding C object CMakeFiles/rm_interfaces__rosidl_generator_c.dir/rosidl_generator_c/rm_interfaces/msg/detail/debug_armors__functions.c.o[0m
[1.579s] [  8%] [32mBuilding C object CMakeFiles/rm_interfaces__rosidl_generator_c.dir/rosidl_generator_c/rm_interfaces/msg/detail/judge_system_data__functions.c.o[0m
[1.579s] [  9%] [32mBuilding C object CMakeFiles/rm_interfaces__rosidl_generator_c.dir/rosidl_generator_c/rm_interfaces/msg/detail/measurement__functions.c.o[0m
[1.579s] [ 10%] [32mBuilding C object CMakeFiles/rm_interfaces__rosidl_generator_c.dir/rosidl_generator_c/rm_interfaces/msg/detail/operator_command__functions.c.o[0m
[1.579s] [ 11%] [32mBuilding C object CMakeFiles/rm_interfaces__rosidl_generator_c.dir/rosidl_generator_c/rm_interfaces/srv/detail/set_mode__functions.c.o[0m
[1.579s] [ 11%] [32mBuilding C object CMakeFiles/rm_interfaces__rosidl_generator_c.dir/rosidl_generator_c/rm_interfaces/msg/detail/serial_receive_data__functions.c.o[0m
[1.629s] [ 12%] [32m[1mLinking C shared library librm_interfaces__rosidl_generator_c.so[0m
[1.640s] [ 12%] Built target rm_interfaces__cpp
[1.646s] [ 13%] [34m[1mGenerating C++ type support dispatch for ROS interfaces[0m
[1.646s] [ 14%] [34m[1mGenerating C++ type support for eProsima Fast-RTPS[0m
[1.646s] [ 14%] [34m[1mGenerating C++ introspection for ROS interfaces[0m
[1.657s] [ 14%] Built target rm_interfaces__rosidl_generator_c
[1.664s] [ 16%] [34m[1mGenerating C type support for eProsima Fast-RTPS[0m
[1.664s] [ 16%] [34m[1mGenerating C introspection for ROS interfaces[0m
[1.664s] [ 17%] [34m[1mGenerating C type support dispatch for ROS interfaces[0m
[2.017s] [ 18%] [32mBuilding CXX object CMakeFiles/rm_interfaces__rosidl_typesupport_cpp.dir/rosidl_typesupport_cpp/rm_interfaces/msg/armor__type_support.cpp.o[0m
[2.017s] [ 18%] [32mBuilding CXX object CMakeFiles/rm_interfaces__rosidl_typesupport_cpp.dir/rosidl_typesupport_cpp/rm_interfaces/msg/armors__type_support.cpp.o[0m
[2.018s] [ 19%] [32mBuilding CXX object CMakeFiles/rm_interfaces__rosidl_typesupport_cpp.dir/rosidl_typesupport_cpp/rm_interfaces/msg/target__type_support.cpp.o[0m
[2.018s] [ 19%] [32mBuilding CXX object CMakeFiles/rm_interfaces__rosidl_typesupport_cpp.dir/rosidl_typesupport_cpp/rm_interfaces/msg/rune_target__type_support.cpp.o[0m
[2.018s] [ 19%] [32mBuilding CXX object CMakeFiles/rm_interfaces__rosidl_typesupport_cpp.dir/rosidl_typesupport_cpp/rm_interfaces/msg/chassis_cmd__type_support.cpp.o[0m
[2.018s] [ 21%] [32mBuilding CXX object CMakeFiles/rm_interfaces__rosidl_typesupport_cpp.dir/rosidl_typesupport_cpp/rm_interfaces/msg/gimbal_cmd__type_support.cpp.o[0m
[2.018s] [ 21%] [32mBuilding CXX object CMakeFiles/rm_interfaces__rosidl_typesupport_cpp.dir/rosidl_typesupport_cpp/rm_interfaces/msg/point2d__type_support.cpp.o[0m
[2.019s] [ 22%] [32mBuilding CXX object CMakeFiles/rm_interfaces__rosidl_typesupport_cpp.dir/rosidl_typesupport_cpp/rm_interfaces/msg/debug_light__type_support.cpp.o[0m
[2.019s] [ 23%] [32mBuilding CXX object CMakeFiles/rm_interfaces__rosidl_typesupport_cpp.dir/rosidl_typesupport_cpp/rm_interfaces/msg/debug_lights__type_support.cpp.o[0m
[2.019s] [ 23%] [32mBuilding CXX object CMakeFiles/rm_interfaces__rosidl_typesupport_cpp.dir/rosidl_typesupport_cpp/rm_interfaces/msg/debug_armor__type_support.cpp.o[0m
[2.019s] [ 24%] [32mBuilding CXX object CMakeFiles/rm_interfaces__rosidl_typesupport_cpp.dir/rosidl_typesupport_cpp/rm_interfaces/msg/debug_armors__type_support.cpp.o[0m
[2.019s] [ 24%] [32mBuilding CXX object CMakeFiles/rm_interfaces__rosidl_typesupport_cpp.dir/rosidl_typesupport_cpp/rm_interfaces/msg/debug_rune_angle__type_support.cpp.o[0m
[2.020s] [ 25%] [32mBuilding CXX object CMakeFiles/rm_interfaces__rosidl_typesupport_cpp.dir/rosidl_typesupport_cpp/rm_interfaces/msg/measurement__type_support.cpp.o[0m
[2.020s] [ 26%] [32mBuilding CXX object CMakeFiles/rm_interfaces__rosidl_typesupport_cpp.dir/rosidl_typesupport_cpp/rm_interfaces/msg/judge_system_data__type_support.cpp.o[0m
[2.020s] [ 26%] [32mBuilding CXX object CMakeFiles/rm_interfaces__rosidl_typesupport_cpp.dir/rosidl_typesupport_cpp/rm_interfaces/msg/operator_command__type_support.cpp.o[0m
[2.021s] [ 27%] [32mBuilding CXX object CMakeFiles/rm_interfaces__rosidl_typesupport_cpp.dir/rosidl_typesupport_cpp/rm_interfaces/msg/serial_receive_data__type_support.cpp.o[0m
[2.022s] [ 28%] [32mBuilding CXX object CMakeFiles/rm_interfaces__rosidl_typesupport_cpp.dir/rosidl_typesupport_cpp/rm_interfaces/srv/set_mode__type_support.cpp.o[0m
[2.102s] [ 28%] [32mBuilding CXX object CMakeFiles/rm_interfaces__rosidl_typesupport_c.dir/rosidl_typesupport_c/rm_interfaces/msg/rune_target__type_support.cpp.o[0m
[2.102s] [ 29%] [32mBuilding CXX object CMakeFiles/rm_interfaces__rosidl_typesupport_c.dir/rosidl_typesupport_c/rm_interfaces/msg/armors__type_support.cpp.o[0m
[2.102s] [ 30%] [32mBuilding CXX object CMakeFiles/rm_interfaces__rosidl_typesupport_c.dir/rosidl_typesupport_c/rm_interfaces/msg/target__type_support.cpp.o[0m
[2.102s] [ 29%] [32mBuilding CXX object CMakeFiles/rm_interfaces__rosidl_typesupport_c.dir/rosidl_typesupport_c/rm_interfaces/msg/armor__type_support.cpp.o[0m
[2.103s] [ 31%] [32mBuilding CXX object CMakeFiles/rm_interfaces__rosidl_typesupport_c.dir/rosidl_typesupport_c/rm_interfaces/msg/gimbal_cmd__type_support.cpp.o[0m
[2.103s] [ 33%] [32mBuilding CXX object CMakeFiles/rm_interfaces__rosidl_typesupport_c.dir/rosidl_typesupport_c/rm_interfaces/msg/debug_light__type_support.cpp.o[0m
[2.103s] [ 33%] [32mBuilding CXX object CMakeFiles/rm_interfaces__rosidl_typesupport_c.dir/rosidl_typesupport_c/rm_interfaces/msg/chassis_cmd__type_support.cpp.o[0m
[2.103s] [ 33%] [32mBuilding CXX object CMakeFiles/rm_interfaces__rosidl_typesupport_c.dir/rosidl_typesupport_c/rm_interfaces/msg/point2d__type_support.cpp.o[0m
[2.103s] [ 33%] [32mBuilding CXX object CMakeFiles/rm_interfaces__rosidl_typesupport_c.dir/rosidl_typesupport_c/rm_interfaces/msg/debug_lights__type_support.cpp.o[0m
[2.104s] [ 34%] [32mBuilding CXX object CMakeFiles/rm_interfaces__rosidl_typesupport_c.dir/rosidl_typesupport_c/rm_interfaces/msg/debug_armor__type_support.cpp.o[0m
[2.104s] [ 35%] [32mBuilding CXX object CMakeFiles/rm_interfaces__rosidl_typesupport_c.dir/rosidl_typesupport_c/rm_interfaces/msg/debug_armors__type_support.cpp.o[0m
[2.135s] [ 35%] [32mBuilding CXX object CMakeFiles/rm_interfaces__rosidl_typesupport_c.dir/rosidl_typesupport_c/rm_interfaces/msg/debug_rune_angle__type_support.cpp.o[0m
[2.139s] [ 35%] [32mBuilding CXX object CMakeFiles/rm_interfaces__rosidl_typesupport_c.dir/rosidl_typesupport_c/rm_interfaces/msg/judge_system_data__type_support.cpp.o[0m
[2.139s] [ 36%] [32mBuilding CXX object CMakeFiles/rm_interfaces__rosidl_typesupport_c.dir/rosidl_typesupport_c/rm_interfaces/msg/measurement__type_support.cpp.o[0m
[2.144s] [ 37%] [32mBuilding CXX object CMakeFiles/rm_interfaces__rosidl_typesupport_c.dir/rosidl_typesupport_c/rm_interfaces/msg/operator_command__type_support.cpp.o[0m
[2.144s] [ 38%] [32mBuilding CXX object CMakeFiles/rm_interfaces__rosidl_typesupport_c.dir/rosidl_typesupport_c/rm_interfaces/msg/serial_receive_data__type_support.cpp.o[0m
[2.145s] [ 38%] [32mBuilding CXX object CMakeFiles/rm_interfaces__rosidl_typesupport_c.dir/rosidl_typesupport_c/rm_interfaces/srv/set_mode__type_support.cpp.o[0m
[2.177s] [ 40%] [32mBuilding CXX object CMakeFiles/rm_interfaces__rosidl_typesupport_introspection_cpp.dir/rosidl_typesupport_introspection_cpp/rm_interfaces/msg/detail/armors__type_support.cpp.o[0m
[2.177s] [ 40%] [32mBuilding CXX object CMakeFiles/rm_interfaces__rosidl_typesupport_introspection_cpp.dir/rosidl_typesupport_introspection_cpp/rm_interfaces/msg/detail/rune_target__type_support.cpp.o[0m
[2.177s] [ 41%] [32mBuilding CXX object CMakeFiles/rm_interfaces__rosidl_typesupport_introspection_cpp.dir/rosidl_typesupport_introspection_cpp/rm_interfaces/msg/detail/armor__type_support.cpp.o[0m
[2.177s] [ 41%] [32mBuilding CXX object CMakeFiles/rm_interfaces__rosidl_typesupport_introspection_cpp.dir/rosidl_typesupport_introspection_cpp/rm_interfaces/msg/detail/target__type_support.cpp.o[0m
[2.177s] [ 41%] [32mBuilding CXX object CMakeFiles/rm_interfaces__rosidl_typesupport_introspection_cpp.dir/rosidl_typesupport_introspection_cpp/rm_interfaces/msg/detail/point2d__type_support.cpp.o[0m
[2.177s] [ 42%] [32mBuilding CXX object CMakeFiles/rm_interfaces__rosidl_typesupport_introspection_cpp.dir/rosidl_typesupport_introspection_cpp/rm_interfaces/msg/detail/gimbal_cmd__type_support.cpp.o[0m
[2.177s] [ 43%] [32mBuilding CXX object CMakeFiles/rm_interfaces__rosidl_typesupport_introspection_cpp.dir/rosidl_typesupport_introspection_cpp/rm_interfaces/msg/detail/chassis_cmd__type_support.cpp.o[0m
[2.178s] [ 43%] [32mBuilding CXX object CMakeFiles/rm_interfaces__rosidl_typesupport_introspection_cpp.dir/rosidl_typesupport_introspection_cpp/rm_interfaces/msg/detail/debug_light__type_support.cpp.o[0m
[2.180s] [ 44%] [32m[1mLinking CXX shared library librm_interfaces__rosidl_typesupport_c.so[0m
[2.183s] [ 45%] [32mBuilding CXX object CMakeFiles/rm_interfaces__rosidl_typesupport_introspection_cpp.dir/rosidl_typesupport_introspection_cpp/rm_interfaces/msg/detail/debug_lights__type_support.cpp.o[0m
[2.183s] [ 45%] [32mBuilding CXX object CMakeFiles/rm_interfaces__rosidl_typesupport_introspection_cpp.dir/rosidl_typesupport_introspection_cpp/rm_interfaces/msg/detail/debug_armor__type_support.cpp.o[0m
[2.197s] [ 46%] [32mBuilding CXX object CMakeFiles/rm_interfaces__rosidl_typesupport_introspection_cpp.dir/rosidl_typesupport_introspection_cpp/rm_interfaces/msg/detail/debug_armors__type_support.cpp.o[0m
[2.269s] [ 46%] Built target rm_interfaces__rosidl_typesupport_c
[2.281s] [ 47%] [32mBuilding CXX object CMakeFiles/rm_interfaces__rosidl_typesupport_introspection_cpp.dir/rosidl_typesupport_introspection_cpp/rm_interfaces/msg/detail/debug_rune_angle__type_support.cpp.o[0m
[2.290s] [ 47%] [32mBuilding CXX object CMakeFiles/rm_interfaces__rosidl_typesupport_introspection_cpp.dir/rosidl_typesupport_introspection_cpp/rm_interfaces/msg/detail/measurement__type_support.cpp.o[0m
[2.309s] [ 48%] [32mBuilding CXX object CMakeFiles/rm_interfaces__rosidl_typesupport_introspection_cpp.dir/rosidl_typesupport_introspection_cpp/rm_interfaces/msg/detail/judge_system_data__type_support.cpp.o[0m
[2.319s] [ 49%] [32mBuilding CXX object CMakeFiles/rm_interfaces__rosidl_typesupport_introspection_cpp.dir/rosidl_typesupport_introspection_cpp/rm_interfaces/msg/detail/operator_command__type_support.cpp.o[0m
[2.333s] [ 49%] [32mBuilding CXX object CMakeFiles/rm_interfaces__rosidl_typesupport_introspection_cpp.dir/rosidl_typesupport_introspection_cpp/rm_interfaces/msg/detail/serial_receive_data__type_support.cpp.o[0m
[2.349s] [ 50%] [32mBuilding CXX object CMakeFiles/rm_interfaces__rosidl_typesupport_introspection_cpp.dir/rosidl_typesupport_introspection_cpp/rm_interfaces/srv/detail/set_mode__type_support.cpp.o[0m
[2.391s] [ 51%] [32mBuilding CXX object CMakeFiles/rm_interfaces__rosidl_typesupport_fastrtps_cpp.dir/rosidl_typesupport_fastrtps_cpp/rm_interfaces/msg/detail/dds_fastrtps/armor__type_support.cpp.o[0m
[2.392s] [ 51%] [32mBuilding CXX object CMakeFiles/rm_interfaces__rosidl_typesupport_fastrtps_cpp.dir/rosidl_typesupport_fastrtps_cpp/rm_interfaces/msg/detail/dds_fastrtps/armors__type_support.cpp.o[0m
[2.393s] [ 52%] [32mBuilding CXX object CMakeFiles/rm_interfaces__rosidl_typesupport_fastrtps_cpp.dir/rosidl_typesupport_fastrtps_cpp/rm_interfaces/msg/detail/dds_fastrtps/target__type_support.cpp.o[0m
[2.396s] [ 52%] [32mBuilding CXX object CMakeFiles/rm_interfaces__rosidl_typesupport_fastrtps_cpp.dir/rosidl_typesupport_fastrtps_cpp/rm_interfaces/msg/detail/dds_fastrtps/point2d__type_support.cpp.o[0m
[2.396s] [ 53%] [32mBuilding CXX object CMakeFiles/rm_interfaces__rosidl_typesupport_fastrtps_cpp.dir/rosidl_typesupport_fastrtps_cpp/rm_interfaces/msg/detail/dds_fastrtps/rune_target__type_support.cpp.o[0m
[2.397s] [ 54%] [32mBuilding CXX object CMakeFiles/rm_interfaces__rosidl_typesupport_fastrtps_cpp.dir/rosidl_typesupport_fastrtps_cpp/rm_interfaces/msg/detail/dds_fastrtps/gimbal_cmd__type_support.cpp.o[0m
[2.400s] [ 55%] [32mBuilding CXX object CMakeFiles/rm_interfaces__rosidl_typesupport_fastrtps_cpp.dir/rosidl_typesupport_fastrtps_cpp/rm_interfaces/msg/detail/dds_fastrtps/debug_light__type_support.cpp.o[0m
[2.400s] [ 55%] [32mBuilding CXX object CMakeFiles/rm_interfaces__rosidl_typesupport_fastrtps_cpp.dir/rosidl_typesupport_fastrtps_cpp/rm_interfaces/msg/detail/dds_fastrtps/chassis_cmd__type_support.cpp.o[0m
[2.402s] [ 56%] [32mBuilding CXX object CMakeFiles/rm_interfaces__rosidl_typesupport_fastrtps_cpp.dir/rosidl_typesupport_fastrtps_cpp/rm_interfaces/msg/detail/dds_fastrtps/debug_lights__type_support.cpp.o[0m
[2.405s] [ 56%] [32mBuilding CXX object CMakeFiles/rm_interfaces__rosidl_typesupport_fastrtps_cpp.dir/rosidl_typesupport_fastrtps_cpp/rm_interfaces/msg/detail/dds_fastrtps/debug_armor__type_support.cpp.o[0m
[2.410s] [ 57%] [32mBuilding CXX object CMakeFiles/rm_interfaces__rosidl_typesupport_fastrtps_cpp.dir/rosidl_typesupport_fastrtps_cpp/rm_interfaces/msg/detail/dds_fastrtps/debug_armors__type_support.cpp.o[0m
[2.415s] [ 58%] [32mBuilding CXX object CMakeFiles/rm_interfaces__rosidl_typesupport_fastrtps_cpp.dir/rosidl_typesupport_fastrtps_cpp/rm_interfaces/msg/detail/dds_fastrtps/debug_rune_angle__type_support.cpp.o[0m
[2.416s] [ 58%] [32m[1mLinking CXX shared library librm_interfaces__rosidl_typesupport_cpp.so[0m
[2.449s] [ 58%] [32mBuilding CXX object CMakeFiles/rm_interfaces__rosidl_typesupport_fastrtps_c.dir/rosidl_typesupport_fastrtps_c/rm_interfaces/msg/detail/armor__type_support_c.cpp.o[0m
[2.478s] [ 58%] Built target rm_interfaces__rosidl_typesupport_cpp
[2.488s] [ 59%] [32mBuilding CXX object CMakeFiles/rm_interfaces__rosidl_typesupport_fastrtps_c.dir/rosidl_typesupport_fastrtps_c/rm_interfaces/msg/detail/armors__type_support_c.cpp.o[0m
[2.663s] [ 60%] [32mBuilding CXX object CMakeFiles/rm_interfaces__rosidl_typesupport_fastrtps_c.dir/rosidl_typesupport_fastrtps_c/rm_interfaces/msg/detail/target__type_support_c.cpp.o[0m
[2.675s] [ 60%] [32mBuilding CXX object CMakeFiles/rm_interfaces__rosidl_typesupport_fastrtps_cpp.dir/rosidl_typesupport_fastrtps_cpp/rm_interfaces/msg/detail/dds_fastrtps/measurement__type_support.cpp.o[0m
[2.676s] [ 61%] [32mBuilding CXX object CMakeFiles/rm_interfaces__rosidl_typesupport_fastrtps_cpp.dir/rosidl_typesupport_fastrtps_cpp/rm_interfaces/msg/detail/dds_fastrtps/judge_system_data__type_support.cpp.o[0m
[2.680s] [ 61%] [32mBuilding CXX object CMakeFiles/rm_interfaces__rosidl_typesupport_fastrtps_c.dir/rosidl_typesupport_fastrtps_c/rm_interfaces/msg/detail/rune_target__type_support_c.cpp.o[0m
[2.693s] [ 61%] [32mBuilding CXX object CMakeFiles/rm_interfaces__rosidl_typesupport_fastrtps_cpp.dir/rosidl_typesupport_fastrtps_cpp/rm_interfaces/msg/detail/dds_fastrtps/operator_command__type_support.cpp.o[0m
[2.716s] [ 62%] [32mBuilding CXX object CMakeFiles/rm_interfaces__rosidl_typesupport_fastrtps_c.dir/rosidl_typesupport_fastrtps_c/rm_interfaces/msg/detail/point2d__type_support_c.cpp.o[0m
[2.732s] [ 63%] [32mBuilding CXX object CMakeFiles/rm_interfaces__rosidl_typesupport_fastrtps_cpp.dir/rosidl_typesupport_fastrtps_cpp/rm_interfaces/msg/detail/dds_fastrtps/serial_receive_data__type_support.cpp.o[0m
[2.751s] [ 64%] [32mBuilding CXX object CMakeFiles/rm_interfaces__rosidl_typesupport_fastrtps_c.dir/rosidl_typesupport_fastrtps_c/rm_interfaces/msg/detail/gimbal_cmd__type_support_c.cpp.o[0m
[2.751s] [ 64%] [32mBuilding CXX object CMakeFiles/rm_interfaces__rosidl_typesupport_fastrtps_c.dir/rosidl_typesupport_fastrtps_c/rm_interfaces/msg/detail/chassis_cmd__type_support_c.cpp.o[0m
[2.767s] [ 65%] [32mBuilding CXX object CMakeFiles/rm_interfaces__rosidl_typesupport_fastrtps_cpp.dir/rosidl_typesupport_fastrtps_cpp/rm_interfaces/srv/detail/dds_fastrtps/set_mode__type_support.cpp.o[0m
[2.772s] [ 66%] [32mBuilding CXX object CMakeFiles/rm_interfaces__rosidl_typesupport_fastrtps_c.dir/rosidl_typesupport_fastrtps_c/rm_interfaces/msg/detail/debug_light__type_support_c.cpp.o[0m
[2.779s] [ 67%] [32mBuilding C object CMakeFiles/rm_interfaces__rosidl_typesupport_introspection_c.dir/rosidl_typesupport_introspection_c/rm_interfaces/msg/detail/armor__type_support.c.o[0m
[2.826s] [ 67%] [32mBuilding C object CMakeFiles/rm_interfaces__rosidl_typesupport_introspection_c.dir/rosidl_typesupport_introspection_c/rm_interfaces/msg/detail/armors__type_support.c.o[0m
[2.833s] [ 68%] [32mBuilding C object CMakeFiles/rm_interfaces__rosidl_typesupport_introspection_c.dir/rosidl_typesupport_introspection_c/rm_interfaces/msg/detail/target__type_support.c.o[0m
[2.842s] [ 69%] [32mBuilding CXX object CMakeFiles/rm_interfaces__rosidl_typesupport_fastrtps_c.dir/rosidl_typesupport_fastrtps_c/rm_interfaces/msg/detail/debug_armor__type_support_c.cpp.o[0m
[2.842s] [ 69%] [32mBuilding CXX object CMakeFiles/rm_interfaces__rosidl_typesupport_fastrtps_c.dir/rosidl_typesupport_fastrtps_c/rm_interfaces/msg/detail/debug_lights__type_support_c.cpp.o[0m
[2.845s] [ 70%] [32mBuilding CXX object CMakeFiles/rm_interfaces__rosidl_typesupport_fastrtps_c.dir/rosidl_typesupport_fastrtps_c/rm_interfaces/msg/detail/debug_armors__type_support_c.cpp.o[0m
[2.876s] [ 70%] [32mBuilding C object CMakeFiles/rm_interfaces__rosidl_typesupport_introspection_c.dir/rosidl_typesupport_introspection_c/rm_interfaces/msg/detail/rune_target__type_support.c.o[0m
[2.877s] [ 70%] [32mBuilding CXX object CMakeFiles/rm_interfaces__rosidl_typesupport_fastrtps_c.dir/rosidl_typesupport_fastrtps_c/rm_interfaces/msg/detail/debug_rune_angle__type_support_c.cpp.o[0m
[2.881s] [ 71%] [32mBuilding CXX object CMakeFiles/rm_interfaces__rosidl_typesupport_fastrtps_c.dir/rosidl_typesupport_fastrtps_c/rm_interfaces/msg/detail/judge_system_data__type_support_c.cpp.o[0m
[2.888s] [ 72%] [32mBuilding CXX object CMakeFiles/rm_interfaces__rosidl_typesupport_fastrtps_c.dir/rosidl_typesupport_fastrtps_c/rm_interfaces/msg/detail/measurement__type_support_c.cpp.o[0m
[2.891s] [ 72%] [32mBuilding CXX object CMakeFiles/rm_interfaces__rosidl_typesupport_fastrtps_c.dir/rosidl_typesupport_fastrtps_c/rm_interfaces/msg/detail/operator_command__type_support_c.cpp.o[0m
[2.909s] [ 73%] [32m[1mLinking CXX shared library librm_interfaces__rosidl_typesupport_introspection_cpp.so[0m
[2.921s] [ 74%] [32mBuilding C object CMakeFiles/rm_interfaces__rosidl_typesupport_introspection_c.dir/rosidl_typesupport_introspection_c/rm_interfaces/msg/detail/point2d__type_support.c.o[0m
[2.927s] [ 75%] [32mBuilding C object CMakeFiles/rm_interfaces__rosidl_typesupport_introspection_c.dir/rosidl_typesupport_introspection_c/rm_interfaces/msg/detail/gimbal_cmd__type_support.c.o[0m
[2.936s] [ 76%] [32mBuilding CXX object CMakeFiles/rm_interfaces__rosidl_typesupport_fastrtps_c.dir/rosidl_typesupport_fastrtps_c/rm_interfaces/msg/detail/serial_receive_data__type_support_c.cpp.o[0m
[2.939s] [ 76%] [32mBuilding C object CMakeFiles/rm_interfaces__rosidl_typesupport_introspection_c.dir/rosidl_typesupport_introspection_c/rm_interfaces/msg/detail/chassis_cmd__type_support.c.o[0m
[2.947s] [ 77%] [32mBuilding CXX object CMakeFiles/rm_interfaces__rosidl_typesupport_fastrtps_c.dir/rosidl_typesupport_fastrtps_c/rm_interfaces/srv/detail/set_mode__type_support_c.cpp.o[0m
[2.951s] [ 78%] [32mBuilding C object CMakeFiles/rm_interfaces__rosidl_typesupport_introspection_c.dir/rosidl_typesupport_introspection_c/rm_interfaces/msg/detail/debug_light__type_support.c.o[0m
[2.951s] [ 79%] [32mBuilding C object CMakeFiles/rm_interfaces__rosidl_typesupport_introspection_c.dir/rosidl_typesupport_introspection_c/rm_interfaces/msg/detail/debug_lights__type_support.c.o[0m
[2.961s] [ 80%] [32mBuilding C object CMakeFiles/rm_interfaces__rosidl_typesupport_introspection_c.dir/rosidl_typesupport_introspection_c/rm_interfaces/msg/detail/debug_armors__type_support.c.o[0m
[2.961s] [ 80%] [32mBuilding C object CMakeFiles/rm_interfaces__rosidl_typesupport_introspection_c.dir/rosidl_typesupport_introspection_c/rm_interfaces/msg/detail/debug_armor__type_support.c.o[0m
[2.961s] [ 81%] [32mBuilding C object CMakeFiles/rm_interfaces__rosidl_typesupport_introspection_c.dir/rosidl_typesupport_introspection_c/rm_interfaces/msg/detail/debug_rune_angle__type_support.c.o[0m
[2.965s] [ 81%] [32mBuilding C object CMakeFiles/rm_interfaces__rosidl_typesupport_introspection_c.dir/rosidl_typesupport_introspection_c/rm_interfaces/msg/detail/measurement__type_support.c.o[0m
[2.968s] [ 82%] [32mBuilding C object CMakeFiles/rm_interfaces__rosidl_typesupport_introspection_c.dir/rosidl_typesupport_introspection_c/rm_interfaces/msg/detail/judge_system_data__type_support.c.o[0m
[2.975s] [ 82%] [32mBuilding C object CMakeFiles/rm_interfaces__rosidl_typesupport_introspection_c.dir/rosidl_typesupport_introspection_c/rm_interfaces/msg/detail/operator_command__type_support.c.o[0m
[2.977s] [ 83%] [32mBuilding C object CMakeFiles/rm_interfaces__rosidl_typesupport_introspection_c.dir/rosidl_typesupport_introspection_c/rm_interfaces/msg/detail/serial_receive_data__type_support.c.o[0m
[2.987s] [ 84%] [32mBuilding C object CMakeFiles/rm_interfaces__rosidl_typesupport_introspection_c.dir/rosidl_typesupport_introspection_c/rm_interfaces/srv/detail/set_mode__type_support.c.o[0m
[3.016s] [ 84%] [32m[1mLinking C shared library librm_interfaces__rosidl_typesupport_introspection_c.so[0m
[3.029s] [ 84%] Built target rm_interfaces__rosidl_typesupport_introspection_cpp
[3.041s] [ 84%] Built target rm_interfaces__rosidl_typesupport_introspection_c
[3.248s] [ 84%] [32m[1mLinking CXX shared library librm_interfaces__rosidl_typesupport_fastrtps_cpp.so[0m
[3.259s] [ 84%] [32m[1mLinking CXX shared library librm_interfaces__rosidl_typesupport_fastrtps_c.so[0m
[3.290s] [ 84%] Built target rm_interfaces__rosidl_typesupport_fastrtps_cpp
[3.298s] [ 84%] Built target rm_interfaces__rosidl_typesupport_fastrtps_c
[3.307s] [ 84%] Built target rm_interfaces
[3.315s] [ 85%] [34m[1mGenerating Python code for ROS interfaces[0m
[4.192s] [ 85%] Built target rm_interfaces__py
[4.200s] [ 85%] [32mBuilding C object CMakeFiles/rm_interfaces__rosidl_generator_py.dir/rosidl_generator_py/rm_interfaces/msg/_armor_s.c.o[0m
[4.200s] [ 86%] [32mBuilding C object CMakeFiles/rm_interfaces__rosidl_generator_py.dir/rosidl_generator_py/rm_interfaces/msg/_armors_s.c.o[0m
[4.200s] [ 87%] [32mBuilding C object CMakeFiles/rm_interfaces__rosidl_generator_py.dir/rosidl_generator_py/rm_interfaces/msg/_rune_target_s.c.o[0m
[4.200s] [ 87%] [32mBuilding C object CMakeFiles/rm_interfaces__rosidl_generator_py.dir/rosidl_generator_py/rm_interfaces/msg/_target_s.c.o[0m
[4.201s] [ 88%] [32mBuilding C object CMakeFiles/rm_interfaces__rosidl_generator_py.dir/rosidl_generator_py/rm_interfaces/msg/_point2d_s.c.o[0m
[4.201s] [ 88%] [32mBuilding C object CMakeFiles/rm_interfaces__rosidl_generator_py.dir/rosidl_generator_py/rm_interfaces/msg/_gimbal_cmd_s.c.o[0m
[4.201s] [ 89%] [32mBuilding C object CMakeFiles/rm_interfaces__rosidl_generator_py.dir/rosidl_generator_py/rm_interfaces/msg/_chassis_cmd_s.c.o[0m
[4.202s] [ 91%] [32mBuilding C object CMakeFiles/rm_interfaces__rosidl_generator_py.dir/rosidl_generator_py/rm_interfaces/msg/_debug_armor_s.c.o[0m
[4.202s] [ 91%] [32mBuilding C object CMakeFiles/rm_interfaces__rosidl_generator_py.dir/rosidl_generator_py/rm_interfaces/msg/_debug_lights_s.c.o[0m
[4.202s] [ 91%] [32mBuilding C object CMakeFiles/rm_interfaces__rosidl_generator_py.dir/rosidl_generator_py/rm_interfaces/msg/_debug_light_s.c.o[0m
[4.202s] [ 92%] [32mBuilding C object CMakeFiles/rm_interfaces__rosidl_generator_py.dir/rosidl_generator_py/rm_interfaces/msg/_debug_armors_s.c.o[0m
[4.202s] [ 92%] [32mBuilding C object CMakeFiles/rm_interfaces__rosidl_generator_py.dir/rosidl_generator_py/rm_interfaces/msg/_debug_rune_angle_s.c.o[0m
[4.202s] [ 93%] [32mBuilding C object CMakeFiles/rm_interfaces__rosidl_generator_py.dir/rosidl_generator_py/rm_interfaces/msg/_judge_system_data_s.c.o[0m
[4.203s] [ 94%] [32mBuilding C object CMakeFiles/rm_interfaces__rosidl_generator_py.dir/rosidl_generator_py/rm_interfaces/msg/_measurement_s.c.o[0m
[4.204s] [ 94%] [32mBuilding C object CMakeFiles/rm_interfaces__rosidl_generator_py.dir/rosidl_generator_py/rm_interfaces/msg/_operator_command_s.c.o[0m
[4.205s] [ 94%] [32mBuilding C object CMakeFiles/rm_interfaces__rosidl_generator_py.dir/rosidl_generator_py/rm_interfaces/srv/_set_mode_s.c.o[0m
[4.206s] [ 95%] [32mBuilding C object CMakeFiles/rm_interfaces__rosidl_generator_py.dir/rosidl_generator_py/rm_interfaces/msg/_serial_receive_data_s.c.o[0m
[4.306s] [ 96%] [32m[1mLinking C shared library rosidl_generator_py/rm_interfaces/librm_interfaces__rosidl_generator_py.so[0m
[4.327s] [ 96%] Built target rm_interfaces__rosidl_generator_py
[4.336s] [ 97%] [32mBuilding C object CMakeFiles/rm_interfaces__rosidl_typesupport_introspection_c__pyext.dir/rosidl_generator_py/rm_interfaces/_rm_interfaces_s.ep.rosidl_typesupport_introspection_c.c.o[0m
[4.336s] [ 98%] [32mBuilding C object CMakeFiles/rm_interfaces__rosidl_typesupport_fastrtps_c__pyext.dir/rosidl_generator_py/rm_interfaces/_rm_interfaces_s.ep.rosidl_typesupport_fastrtps_c.c.o[0m
[4.336s] [ 99%] [32mBuilding C object CMakeFiles/rm_interfaces__rosidl_typesupport_c__pyext.dir/rosidl_generator_py/rm_interfaces/_rm_interfaces_s.ep.rosidl_typesupport_c.c.o[0m
[4.406s] [100%] [32m[1mLinking C shared library rosidl_generator_py/rm_interfaces/rm_interfaces_s__rosidl_typesupport_introspection_c.cpython-310-x86_64-linux-gnu.so[0m
[4.408s] [100%] [32m[1mLinking C shared library rosidl_generator_py/rm_interfaces/rm_interfaces_s__rosidl_typesupport_c.cpython-310-x86_64-linux-gnu.so[0m
[4.422s] [100%] [32m[1mLinking C shared library rosidl_generator_py/rm_interfaces/rm_interfaces_s__rosidl_typesupport_fastrtps_c.cpython-310-x86_64-linux-gnu.so[0m
[4.427s] [100%] Built target rm_interfaces__rosidl_typesupport_introspection_c__pyext
[4.427s] [100%] Built target rm_interfaces__rosidl_typesupport_c__pyext
[4.443s] [100%] Built target rm_interfaces__rosidl_typesupport_fastrtps_c__pyext
[4.448s] Invoked command in '/home/ivasd/fyt_atuoaim/build/rm_interfaces' returned '0': CMAKE_PREFIX_PATH=${CMAKE_PREFIX_PATH}:/opt/ros/humble /usr/local/bin/cmake --build /home/ivasd/fyt_atuoaim/build/rm_interfaces -- -j32 -l32
[4.449s] Invoking command in '/home/ivasd/fyt_atuoaim/build/rm_interfaces': CMAKE_PREFIX_PATH=${CMAKE_PREFIX_PATH}:/opt/ros/humble /usr/local/bin/cmake --install /home/ivasd/fyt_atuoaim/build/rm_interfaces
[4.451s] -- Install configuration: ""
[4.452s] -- Execute custom install script
[4.452s] -- Symlinking: /home/ivasd/fyt_atuoaim/install/rm_interfaces/share/ament_index/resource_index/rosidl_interfaces/rm_interfaces
[4.455s] -- Symlinking: /home/ivasd/fyt_atuoaim/install/rm_interfaces/include/rm_interfaces/rm_interfaces/msg/armor.h
[4.458s] -- Symlinking: /home/ivasd/fyt_atuoaim/install/rm_interfaces/include/rm_interfaces/rm_interfaces/msg/armors.h
[4.460s] -- Symlinking: /home/ivasd/fyt_atuoaim/install/rm_interfaces/include/rm_interfaces/rm_interfaces/msg/chassis_cmd.h
[4.462s] -- Symlinking: /home/ivasd/fyt_atuoaim/install/rm_interfaces/include/rm_interfaces/rm_interfaces/msg/debug_armor.h
[4.465s] -- Symlinking: /home/ivasd/fyt_atuoaim/install/rm_interfaces/include/rm_interfaces/rm_interfaces/msg/debug_armors.h
[4.467s] -- Symlinking: /home/ivasd/fyt_atuoaim/install/rm_interfaces/include/rm_interfaces/rm_interfaces/msg/debug_light.h
[4.469s] -- Symlinking: /home/ivasd/fyt_atuoaim/install/rm_interfaces/include/rm_interfaces/rm_interfaces/msg/debug_lights.h
[4.472s] -- Symlinking: /home/ivasd/fyt_atuoaim/install/rm_interfaces/include/rm_interfaces/rm_interfaces/msg/debug_rune_angle.h
[4.474s] -- Symlinking: /home/ivasd/fyt_atuoaim/install/rm_interfaces/include/rm_interfaces/rm_interfaces/msg/detail/armor__functions.h
[4.476s] -- Symlinking: /home/ivasd/fyt_atuoaim/install/rm_interfaces/include/rm_interfaces/rm_interfaces/msg/detail/armor__struct.h
[4.479s] -- Symlinking: /home/ivasd/fyt_atuoaim/install/rm_interfaces/include/rm_interfaces/rm_interfaces/msg/detail/armor__type_support.h
[4.481s] -- Symlinking: /home/ivasd/fyt_atuoaim/install/rm_interfaces/include/rm_interfaces/rm_interfaces/msg/detail/armors__functions.h
[4.483s] -- Symlinking: /home/ivasd/fyt_atuoaim/install/rm_interfaces/include/rm_interfaces/rm_interfaces/msg/detail/armors__struct.h
[4.485s] -- Symlinking: /home/ivasd/fyt_atuoaim/install/rm_interfaces/include/rm_interfaces/rm_interfaces/msg/detail/armors__type_support.h
[4.487s] -- Symlinking: /home/ivasd/fyt_atuoaim/install/rm_interfaces/include/rm_interfaces/rm_interfaces/msg/detail/chassis_cmd__functions.h
[4.490s] -- Symlinking: /home/ivasd/fyt_atuoaim/install/rm_interfaces/include/rm_interfaces/rm_interfaces/msg/detail/chassis_cmd__struct.h
[4.492s] -- Symlinking: /home/ivasd/fyt_atuoaim/install/rm_interfaces/include/rm_interfaces/rm_interfaces/msg/detail/chassis_cmd__type_support.h
[4.494s] -- Symlinking: /home/ivasd/fyt_atuoaim/install/rm_interfaces/include/rm_interfaces/rm_interfaces/msg/detail/debug_armor__functions.h
[4.496s] -- Symlinking: /home/ivasd/fyt_atuoaim/install/rm_interfaces/include/rm_interfaces/rm_interfaces/msg/detail/debug_armor__struct.h
[4.499s] -- Symlinking: /home/ivasd/fyt_atuoaim/install/rm_interfaces/include/rm_interfaces/rm_interfaces/msg/detail/debug_armor__type_support.h
[4.501s] -- Symlinking: /home/ivasd/fyt_atuoaim/install/rm_interfaces/include/rm_interfaces/rm_interfaces/msg/detail/debug_armors__functions.h
[4.503s] -- Symlinking: /home/ivasd/fyt_atuoaim/install/rm_interfaces/include/rm_interfaces/rm_interfaces/msg/detail/debug_armors__struct.h
[4.505s] -- Symlinking: /home/ivasd/fyt_atuoaim/install/rm_interfaces/include/rm_interfaces/rm_interfaces/msg/detail/debug_armors__type_support.h
[4.507s] -- Symlinking: /home/ivasd/fyt_atuoaim/install/rm_interfaces/include/rm_interfaces/rm_interfaces/msg/detail/debug_light__functions.h
[4.510s] -- Symlinking: /home/ivasd/fyt_atuoaim/install/rm_interfaces/include/rm_interfaces/rm_interfaces/msg/detail/debug_light__struct.h
[4.512s] -- Symlinking: /home/ivasd/fyt_atuoaim/install/rm_interfaces/include/rm_interfaces/rm_interfaces/msg/detail/debug_light__type_support.h
[4.514s] -- Symlinking: /home/ivasd/fyt_atuoaim/install/rm_interfaces/include/rm_interfaces/rm_interfaces/msg/detail/debug_lights__functions.h
[4.517s] -- Symlinking: /home/ivasd/fyt_atuoaim/install/rm_interfaces/include/rm_interfaces/rm_interfaces/msg/detail/debug_lights__struct.h
[4.519s] -- Symlinking: /home/ivasd/fyt_atuoaim/install/rm_interfaces/include/rm_interfaces/rm_interfaces/msg/detail/debug_lights__type_support.h
[4.521s] -- Symlinking: /home/ivasd/fyt_atuoaim/install/rm_interfaces/include/rm_interfaces/rm_interfaces/msg/detail/debug_rune_angle__functions.h
[4.524s] -- Symlinking: /home/ivasd/fyt_atuoaim/install/rm_interfaces/include/rm_interfaces/rm_interfaces/msg/detail/debug_rune_angle__struct.h
[4.526s] -- Symlinking: /home/ivasd/fyt_atuoaim/install/rm_interfaces/include/rm_interfaces/rm_interfaces/msg/detail/debug_rune_angle__type_support.h
[4.528s] -- Symlinking: /home/ivasd/fyt_atuoaim/install/rm_interfaces/include/rm_interfaces/rm_interfaces/msg/detail/gimbal_cmd__functions.h
[4.530s] -- Symlinking: /home/ivasd/fyt_atuoaim/install/rm_interfaces/include/rm_interfaces/rm_interfaces/msg/detail/gimbal_cmd__struct.h
[4.532s] -- Symlinking: /home/ivasd/fyt_atuoaim/install/rm_interfaces/include/rm_interfaces/rm_interfaces/msg/detail/gimbal_cmd__type_support.h
[4.534s] -- Symlinking: /home/ivasd/fyt_atuoaim/install/rm_interfaces/include/rm_interfaces/rm_interfaces/msg/detail/judge_system_data__functions.h
[4.536s] -- Symlinking: /home/ivasd/fyt_atuoaim/install/rm_interfaces/include/rm_interfaces/rm_interfaces/msg/detail/judge_system_data__struct.h
[4.538s] -- Symlinking: /home/ivasd/fyt_atuoaim/install/rm_interfaces/include/rm_interfaces/rm_interfaces/msg/detail/judge_system_data__type_support.h
[4.540s] -- Symlinking: /home/ivasd/fyt_atuoaim/install/rm_interfaces/include/rm_interfaces/rm_interfaces/msg/detail/measurement__functions.h
[4.542s] -- Symlinking: /home/ivasd/fyt_atuoaim/install/rm_interfaces/include/rm_interfaces/rm_interfaces/msg/detail/measurement__struct.h
[4.543s] -- Symlinking: /home/ivasd/fyt_atuoaim/install/rm_interfaces/include/rm_interfaces/rm_interfaces/msg/detail/measurement__type_support.h
[4.545s] -- Symlinking: /home/ivasd/fyt_atuoaim/install/rm_interfaces/include/rm_interfaces/rm_interfaces/msg/detail/operator_command__functions.h
[4.548s] -- Symlinking: /home/ivasd/fyt_atuoaim/install/rm_interfaces/include/rm_interfaces/rm_interfaces/msg/detail/operator_command__struct.h
[4.550s] -- Symlinking: /home/ivasd/fyt_atuoaim/install/rm_interfaces/include/rm_interfaces/rm_interfaces/msg/detail/operator_command__type_support.h
[4.551s] -- Symlinking: /home/ivasd/fyt_atuoaim/install/rm_interfaces/include/rm_interfaces/rm_interfaces/msg/detail/point2d__functions.h
[4.553s] -- Symlinking: /home/ivasd/fyt_atuoaim/install/rm_interfaces/include/rm_interfaces/rm_interfaces/msg/detail/point2d__struct.h
[4.555s] -- Symlinking: /home/ivasd/fyt_atuoaim/install/rm_interfaces/include/rm_interfaces/rm_interfaces/msg/detail/point2d__type_support.h
[4.558s] -- Symlinking: /home/ivasd/fyt_atuoaim/install/rm_interfaces/include/rm_interfaces/rm_interfaces/msg/detail/rune_target__functions.h
[4.560s] -- Symlinking: /home/ivasd/fyt_atuoaim/install/rm_interfaces/include/rm_interfaces/rm_interfaces/msg/detail/rune_target__struct.h
[4.562s] -- Symlinking: /home/ivasd/fyt_atuoaim/install/rm_interfaces/include/rm_interfaces/rm_interfaces/msg/detail/rune_target__type_support.h
[4.563s] -- Symlinking: /home/ivasd/fyt_atuoaim/install/rm_interfaces/include/rm_interfaces/rm_interfaces/msg/detail/serial_receive_data__functions.h
[4.566s] -- Symlinking: /home/ivasd/fyt_atuoaim/install/rm_interfaces/include/rm_interfaces/rm_interfaces/msg/detail/serial_receive_data__struct.h
[4.568s] -- Symlinking: /home/ivasd/fyt_atuoaim/install/rm_interfaces/include/rm_interfaces/rm_interfaces/msg/detail/serial_receive_data__type_support.h
[4.570s] -- Symlinking: /home/ivasd/fyt_atuoaim/install/rm_interfaces/include/rm_interfaces/rm_interfaces/msg/detail/target__functions.h
[4.572s] -- Symlinking: /home/ivasd/fyt_atuoaim/install/rm_interfaces/include/rm_interfaces/rm_interfaces/msg/detail/target__struct.h
[4.575s] -- Symlinking: /home/ivasd/fyt_atuoaim/install/rm_interfaces/include/rm_interfaces/rm_interfaces/msg/detail/target__type_support.h
[4.577s] -- Symlinking: /home/ivasd/fyt_atuoaim/install/rm_interfaces/include/rm_interfaces/rm_interfaces/msg/gimbal_cmd.h
[4.580s] -- Symlinking: /home/ivasd/fyt_atuoaim/install/rm_interfaces/include/rm_interfaces/rm_interfaces/msg/judge_system_data.h
[4.582s] -- Symlinking: /home/ivasd/fyt_atuoaim/install/rm_interfaces/include/rm_interfaces/rm_interfaces/msg/measurement.h
[4.584s] -- Symlinking: /home/ivasd/fyt_atuoaim/install/rm_interfaces/include/rm_interfaces/rm_interfaces/msg/operator_command.h
[4.586s] -- Symlinking: /home/ivasd/fyt_atuoaim/install/rm_interfaces/include/rm_interfaces/rm_interfaces/msg/point2d.h
[4.588s] -- Symlinking: /home/ivasd/fyt_atuoaim/install/rm_interfaces/include/rm_interfaces/rm_interfaces/msg/rosidl_generator_c__visibility_control.h
[4.590s] -- Symlinking: /home/ivasd/fyt_atuoaim/install/rm_interfaces/include/rm_interfaces/rm_interfaces/msg/rune_target.h
[4.592s] -- Symlinking: /home/ivasd/fyt_atuoaim/install/rm_interfaces/include/rm_interfaces/rm_interfaces/msg/serial_receive_data.h
[4.594s] -- Symlinking: /home/ivasd/fyt_atuoaim/install/rm_interfaces/include/rm_interfaces/rm_interfaces/msg/target.h
[4.597s] -- Symlinking: /home/ivasd/fyt_atuoaim/install/rm_interfaces/include/rm_interfaces/rm_interfaces/srv/detail/set_mode__functions.h
[4.599s] -- Symlinking: /home/ivasd/fyt_atuoaim/install/rm_interfaces/include/rm_interfaces/rm_interfaces/srv/detail/set_mode__struct.h
[4.601s] -- Symlinking: /home/ivasd/fyt_atuoaim/install/rm_interfaces/include/rm_interfaces/rm_interfaces/srv/detail/set_mode__type_support.h
[4.603s] -- Symlinking: /home/ivasd/fyt_atuoaim/install/rm_interfaces/include/rm_interfaces/rm_interfaces/srv/set_mode.h
[4.606s] -- Symlinking: /home/ivasd/fyt_atuoaim/install/rm_interfaces/share/rm_interfaces/environment/library_path.sh
[4.608s] -- Symlinking: /home/ivasd/fyt_atuoaim/install/rm_interfaces/share/rm_interfaces/environment/library_path.dsv
[4.610s] -- Symlinking: /home/ivasd/fyt_atuoaim/install/rm_interfaces/include/rm_interfaces/rm_interfaces/msg/detail/armor__rosidl_typesupport_fastrtps_c.h
[4.613s] -- Symlinking: /home/ivasd/fyt_atuoaim/install/rm_interfaces/include/rm_interfaces/rm_interfaces/msg/detail/armors__rosidl_typesupport_fastrtps_c.h
[4.615s] -- Symlinking: /home/ivasd/fyt_atuoaim/install/rm_interfaces/include/rm_interfaces/rm_interfaces/msg/detail/chassis_cmd__rosidl_typesupport_fastrtps_c.h
[4.617s] -- Symlinking: /home/ivasd/fyt_atuoaim/install/rm_interfaces/include/rm_interfaces/rm_interfaces/msg/detail/debug_armor__rosidl_typesupport_fastrtps_c.h
[4.620s] -- Symlinking: /home/ivasd/fyt_atuoaim/install/rm_interfaces/include/rm_interfaces/rm_interfaces/msg/detail/debug_armors__rosidl_typesupport_fastrtps_c.h
[4.623s] -- Symlinking: /home/ivasd/fyt_atuoaim/install/rm_interfaces/include/rm_interfaces/rm_interfaces/msg/detail/debug_light__rosidl_typesupport_fastrtps_c.h
[4.625s] -- Symlinking: /home/ivasd/fyt_atuoaim/install/rm_interfaces/include/rm_interfaces/rm_interfaces/msg/detail/debug_lights__rosidl_typesupport_fastrtps_c.h
[4.627s] -- Symlinking: /home/ivasd/fyt_atuoaim/install/rm_interfaces/include/rm_interfaces/rm_interfaces/msg/detail/debug_rune_angle__rosidl_typesupport_fastrtps_c.h
[4.629s] -- Symlinking: /home/ivasd/fyt_atuoaim/install/rm_interfaces/include/rm_interfaces/rm_interfaces/msg/detail/gimbal_cmd__rosidl_typesupport_fastrtps_c.h
[4.631s] -- Symlinking: /home/ivasd/fyt_atuoaim/install/rm_interfaces/include/rm_interfaces/rm_interfaces/msg/detail/judge_system_data__rosidl_typesupport_fastrtps_c.h
[4.633s] -- Symlinking: /home/ivasd/fyt_atuoaim/install/rm_interfaces/include/rm_interfaces/rm_interfaces/msg/detail/measurement__rosidl_typesupport_fastrtps_c.h
[4.636s] -- Symlinking: /home/ivasd/fyt_atuoaim/install/rm_interfaces/include/rm_interfaces/rm_interfaces/msg/detail/operator_command__rosidl_typesupport_fastrtps_c.h
[4.638s] -- Symlinking: /home/ivasd/fyt_atuoaim/install/rm_interfaces/include/rm_interfaces/rm_interfaces/msg/detail/point2d__rosidl_typesupport_fastrtps_c.h
[4.639s] -- Symlinking: /home/ivasd/fyt_atuoaim/install/rm_interfaces/include/rm_interfaces/rm_interfaces/msg/detail/rune_target__rosidl_typesupport_fastrtps_c.h
[4.642s] -- Symlinking: /home/ivasd/fyt_atuoaim/install/rm_interfaces/include/rm_interfaces/rm_interfaces/msg/detail/serial_receive_data__rosidl_typesupport_fastrtps_c.h
[4.644s] -- Symlinking: /home/ivasd/fyt_atuoaim/install/rm_interfaces/include/rm_interfaces/rm_interfaces/msg/detail/target__rosidl_typesupport_fastrtps_c.h
[4.646s] -- Symlinking: /home/ivasd/fyt_atuoaim/install/rm_interfaces/include/rm_interfaces/rm_interfaces/msg/rosidl_typesupport_fastrtps_c__visibility_control.h
[4.648s] -- Symlinking: /home/ivasd/fyt_atuoaim/install/rm_interfaces/include/rm_interfaces/rm_interfaces/srv/detail/set_mode__rosidl_typesupport_fastrtps_c.h
[4.650s] -- Symlinking: /home/ivasd/fyt_atuoaim/install/rm_interfaces/include/rm_interfaces/rm_interfaces/msg/detail/armor__rosidl_typesupport_introspection_c.h
[4.652s] -- Symlinking: /home/ivasd/fyt_atuoaim/install/rm_interfaces/include/rm_interfaces/rm_interfaces/msg/detail/armors__rosidl_typesupport_introspection_c.h
[4.655s] -- Symlinking: /home/ivasd/fyt_atuoaim/install/rm_interfaces/include/rm_interfaces/rm_interfaces/msg/detail/chassis_cmd__rosidl_typesupport_introspection_c.h
[4.657s] -- Symlinking: /home/ivasd/fyt_atuoaim/install/rm_interfaces/include/rm_interfaces/rm_interfaces/msg/detail/debug_armor__rosidl_typesupport_introspection_c.h
[4.659s] -- Symlinking: /home/ivasd/fyt_atuoaim/install/rm_interfaces/include/rm_interfaces/rm_interfaces/msg/detail/debug_armors__rosidl_typesupport_introspection_c.h
[4.661s] -- Symlinking: /home/ivasd/fyt_atuoaim/install/rm_interfaces/include/rm_interfaces/rm_interfaces/msg/detail/debug_light__rosidl_typesupport_introspection_c.h
[4.663s] -- Symlinking: /home/ivasd/fyt_atuoaim/install/rm_interfaces/include/rm_interfaces/rm_interfaces/msg/detail/debug_lights__rosidl_typesupport_introspection_c.h
[4.665s] -- Symlinking: /home/ivasd/fyt_atuoaim/install/rm_interfaces/include/rm_interfaces/rm_interfaces/msg/detail/debug_rune_angle__rosidl_typesupport_introspection_c.h
[4.667s] -- Symlinking: /home/ivasd/fyt_atuoaim/install/rm_interfaces/include/rm_interfaces/rm_interfaces/msg/detail/gimbal_cmd__rosidl_typesupport_introspection_c.h
[4.669s] -- Symlinking: /home/ivasd/fyt_atuoaim/install/rm_interfaces/include/rm_interfaces/rm_interfaces/msg/detail/judge_system_data__rosidl_typesupport_introspection_c.h
[4.671s] -- Symlinking: /home/ivasd/fyt_atuoaim/install/rm_interfaces/include/rm_interfaces/rm_interfaces/msg/detail/measurement__rosidl_typesupport_introspection_c.h
[4.673s] -- Symlinking: /home/ivasd/fyt_atuoaim/install/rm_interfaces/include/rm_interfaces/rm_interfaces/msg/detail/operator_command__rosidl_typesupport_introspection_c.h
[4.675s] -- Symlinking: /home/ivasd/fyt_atuoaim/install/rm_interfaces/include/rm_interfaces/rm_interfaces/msg/detail/point2d__rosidl_typesupport_introspection_c.h
[4.678s] -- Symlinking: /home/ivasd/fyt_atuoaim/install/rm_interfaces/include/rm_interfaces/rm_interfaces/msg/detail/rune_target__rosidl_typesupport_introspection_c.h
[4.679s] -- Symlinking: /home/ivasd/fyt_atuoaim/install/rm_interfaces/include/rm_interfaces/rm_interfaces/msg/detail/serial_receive_data__rosidl_typesupport_introspection_c.h
[4.681s] -- Symlinking: /home/ivasd/fyt_atuoaim/install/rm_interfaces/include/rm_interfaces/rm_interfaces/msg/detail/target__rosidl_typesupport_introspection_c.h
[4.683s] -- Symlinking: /home/ivasd/fyt_atuoaim/install/rm_interfaces/include/rm_interfaces/rm_interfaces/msg/rosidl_typesupport_introspection_c__visibility_control.h
[4.685s] -- Symlinking: /home/ivasd/fyt_atuoaim/install/rm_interfaces/include/rm_interfaces/rm_interfaces/srv/detail/set_mode__rosidl_typesupport_introspection_c.h
[4.688s] -- Symlinking: /home/ivasd/fyt_atuoaim/install/rm_interfaces/include/rm_interfaces/rm_interfaces/msg/armor.hpp
[4.690s] -- Symlinking: /home/ivasd/fyt_atuoaim/install/rm_interfaces/include/rm_interfaces/rm_interfaces/msg/armors.hpp
[4.692s] -- Symlinking: /home/ivasd/fyt_atuoaim/install/rm_interfaces/include/rm_interfaces/rm_interfaces/msg/chassis_cmd.hpp
[4.694s] -- Symlinking: /home/ivasd/fyt_atuoaim/install/rm_interfaces/include/rm_interfaces/rm_interfaces/msg/debug_armor.hpp
[4.697s] -- Symlinking: /home/ivasd/fyt_atuoaim/install/rm_interfaces/include/rm_interfaces/rm_interfaces/msg/debug_armors.hpp
[4.699s] -- Symlinking: /home/ivasd/fyt_atuoaim/install/rm_interfaces/include/rm_interfaces/rm_interfaces/msg/debug_light.hpp
[4.700s] -- Symlinking: /home/ivasd/fyt_atuoaim/install/rm_interfaces/include/rm_interfaces/rm_interfaces/msg/debug_lights.hpp
[4.702s] -- Symlinking: /home/ivasd/fyt_atuoaim/install/rm_interfaces/include/rm_interfaces/rm_interfaces/msg/debug_rune_angle.hpp
[4.705s] -- Symlinking: /home/ivasd/fyt_atuoaim/install/rm_interfaces/include/rm_interfaces/rm_interfaces/msg/detail/armor__builder.hpp
[4.706s] -- Symlinking: /home/ivasd/fyt_atuoaim/install/rm_interfaces/include/rm_interfaces/rm_interfaces/msg/detail/armor__struct.hpp
[4.708s] -- Symlinking: /home/ivasd/fyt_atuoaim/install/rm_interfaces/include/rm_interfaces/rm_interfaces/msg/detail/armor__traits.hpp
[4.710s] -- Symlinking: /home/ivasd/fyt_atuoaim/install/rm_interfaces/include/rm_interfaces/rm_interfaces/msg/detail/armor__type_support.hpp
[4.713s] -- Symlinking: /home/ivasd/fyt_atuoaim/install/rm_interfaces/include/rm_interfaces/rm_interfaces/msg/detail/armors__builder.hpp
[4.715s] -- Symlinking: /home/ivasd/fyt_atuoaim/install/rm_interfaces/include/rm_interfaces/rm_interfaces/msg/detail/armors__struct.hpp
[4.717s] -- Symlinking: /home/ivasd/fyt_atuoaim/install/rm_interfaces/include/rm_interfaces/rm_interfaces/msg/detail/armors__traits.hpp
[4.719s] -- Symlinking: /home/ivasd/fyt_atuoaim/install/rm_interfaces/include/rm_interfaces/rm_interfaces/msg/detail/armors__type_support.hpp
[4.722s] -- Symlinking: /home/ivasd/fyt_atuoaim/install/rm_interfaces/include/rm_interfaces/rm_interfaces/msg/detail/chassis_cmd__builder.hpp
[4.724s] -- Symlinking: /home/ivasd/fyt_atuoaim/install/rm_interfaces/include/rm_interfaces/rm_interfaces/msg/detail/chassis_cmd__struct.hpp
[4.727s] -- Symlinking: /home/ivasd/fyt_atuoaim/install/rm_interfaces/include/rm_interfaces/rm_interfaces/msg/detail/chassis_cmd__traits.hpp
[4.728s] -- Symlinking: /home/ivasd/fyt_atuoaim/install/rm_interfaces/include/rm_interfaces/rm_interfaces/msg/detail/chassis_cmd__type_support.hpp
[4.730s] -- Symlinking: /home/ivasd/fyt_atuoaim/install/rm_interfaces/include/rm_interfaces/rm_interfaces/msg/detail/debug_armor__builder.hpp
[4.733s] -- Symlinking: /home/ivasd/fyt_atuoaim/install/rm_interfaces/include/rm_interfaces/rm_interfaces/msg/detail/debug_armor__struct.hpp
[4.735s] -- Symlinking: /home/ivasd/fyt_atuoaim/install/rm_interfaces/include/rm_interfaces/rm_interfaces/msg/detail/debug_armor__traits.hpp
[4.737s] -- Symlinking: /home/ivasd/fyt_atuoaim/install/rm_interfaces/include/rm_interfaces/rm_interfaces/msg/detail/debug_armor__type_support.hpp
[4.739s] -- Symlinking: /home/ivasd/fyt_atuoaim/install/rm_interfaces/include/rm_interfaces/rm_interfaces/msg/detail/debug_armors__builder.hpp
[4.740s] -- Symlinking: /home/ivasd/fyt_atuoaim/install/rm_interfaces/include/rm_interfaces/rm_interfaces/msg/detail/debug_armors__struct.hpp
[4.742s] -- Symlinking: /home/ivasd/fyt_atuoaim/install/rm_interfaces/include/rm_interfaces/rm_interfaces/msg/detail/debug_armors__traits.hpp
[4.745s] -- Symlinking: /home/ivasd/fyt_atuoaim/install/rm_interfaces/include/rm_interfaces/rm_interfaces/msg/detail/debug_armors__type_support.hpp
[4.746s] -- Symlinking: /home/ivasd/fyt_atuoaim/install/rm_interfaces/include/rm_interfaces/rm_interfaces/msg/detail/debug_light__builder.hpp
[4.748s] -- Symlinking: /home/ivasd/fyt_atuoaim/install/rm_interfaces/include/rm_interfaces/rm_interfaces/msg/detail/debug_light__struct.hpp
[4.750s] -- Symlinking: /home/ivasd/fyt_atuoaim/install/rm_interfaces/include/rm_interfaces/rm_interfaces/msg/detail/debug_light__traits.hpp
[4.752s] -- Symlinking: /home/ivasd/fyt_atuoaim/install/rm_interfaces/include/rm_interfaces/rm_interfaces/msg/detail/debug_light__type_support.hpp
[4.754s] -- Symlinking: /home/ivasd/fyt_atuoaim/install/rm_interfaces/include/rm_interfaces/rm_interfaces/msg/detail/debug_lights__builder.hpp
[4.757s] -- Symlinking: /home/ivasd/fyt_atuoaim/install/rm_interfaces/include/rm_interfaces/rm_interfaces/msg/detail/debug_lights__struct.hpp
[4.759s] -- Symlinking: /home/ivasd/fyt_atuoaim/install/rm_interfaces/include/rm_interfaces/rm_interfaces/msg/detail/debug_lights__traits.hpp
[4.761s] -- Symlinking: /home/ivasd/fyt_atuoaim/install/rm_interfaces/include/rm_interfaces/rm_interfaces/msg/detail/debug_lights__type_support.hpp
[4.763s] -- Symlinking: /home/ivasd/fyt_atuoaim/install/rm_interfaces/include/rm_interfaces/rm_interfaces/msg/detail/debug_rune_angle__builder.hpp
[4.766s] -- Symlinking: /home/ivasd/fyt_atuoaim/install/rm_interfaces/include/rm_interfaces/rm_interfaces/msg/detail/debug_rune_angle__struct.hpp
[4.768s] -- Symlinking: /home/ivasd/fyt_atuoaim/install/rm_interfaces/include/rm_interfaces/rm_interfaces/msg/detail/debug_rune_angle__traits.hpp
[4.770s] -- Symlinking: /home/ivasd/fyt_atuoaim/install/rm_interfaces/include/rm_interfaces/rm_interfaces/msg/detail/debug_rune_angle__type_support.hpp
[4.772s] -- Symlinking: /home/ivasd/fyt_atuoaim/install/rm_interfaces/include/rm_interfaces/rm_interfaces/msg/detail/gimbal_cmd__builder.hpp
[4.774s] -- Symlinking: /home/ivasd/fyt_atuoaim/install/rm_interfaces/include/rm_interfaces/rm_interfaces/msg/detail/gimbal_cmd__struct.hpp
[4.776s] -- Symlinking: /home/ivasd/fyt_atuoaim/install/rm_interfaces/include/rm_interfaces/rm_interfaces/msg/detail/gimbal_cmd__traits.hpp
[4.778s] -- Symlinking: /home/ivasd/fyt_atuoaim/install/rm_interfaces/include/rm_interfaces/rm_interfaces/msg/detail/gimbal_cmd__type_support.hpp
[4.781s] -- Symlinking: /home/ivasd/fyt_atuoaim/install/rm_interfaces/include/rm_interfaces/rm_interfaces/msg/detail/judge_system_data__builder.hpp
[4.782s] -- Symlinking: /home/ivasd/fyt_atuoaim/install/rm_interfaces/include/rm_interfaces/rm_interfaces/msg/detail/judge_system_data__struct.hpp
[4.784s] -- Symlinking: /home/ivasd/fyt_atuoaim/install/rm_interfaces/include/rm_interfaces/rm_interfaces/msg/detail/judge_system_data__traits.hpp
[4.787s] -- Symlinking: /home/ivasd/fyt_atuoaim/install/rm_interfaces/include/rm_interfaces/rm_interfaces/msg/detail/judge_system_data__type_support.hpp
[4.789s] -- Symlinking: /home/ivasd/fyt_atuoaim/install/rm_interfaces/include/rm_interfaces/rm_interfaces/msg/detail/measurement__builder.hpp
[4.792s] -- Symlinking: /home/ivasd/fyt_atuoaim/install/rm_interfaces/include/rm_interfaces/rm_interfaces/msg/detail/measurement__struct.hpp
[4.794s] -- Symlinking: /home/ivasd/fyt_atuoaim/install/rm_interfaces/include/rm_interfaces/rm_interfaces/msg/detail/measurement__traits.hpp
[4.796s] -- Symlinking: /home/ivasd/fyt_atuoaim/install/rm_interfaces/include/rm_interfaces/rm_interfaces/msg/detail/measurement__type_support.hpp
[4.798s] -- Symlinking: /home/ivasd/fyt_atuoaim/install/rm_interfaces/include/rm_interfaces/rm_interfaces/msg/detail/operator_command__builder.hpp
[4.800s] -- Symlinking: /home/ivasd/fyt_atuoaim/install/rm_interfaces/include/rm_interfaces/rm_interfaces/msg/detail/operator_command__struct.hpp
[4.802s] -- Symlinking: /home/ivasd/fyt_atuoaim/install/rm_interfaces/include/rm_interfaces/rm_interfaces/msg/detail/operator_command__traits.hpp
[4.804s] -- Symlinking: /home/ivasd/fyt_atuoaim/install/rm_interfaces/include/rm_interfaces/rm_interfaces/msg/detail/operator_command__type_support.hpp
[4.806s] -- Symlinking: /home/ivasd/fyt_atuoaim/install/rm_interfaces/include/rm_interfaces/rm_interfaces/msg/detail/point2d__builder.hpp
[4.808s] -- Symlinking: /home/ivasd/fyt_atuoaim/install/rm_interfaces/include/rm_interfaces/rm_interfaces/msg/detail/point2d__struct.hpp
[4.810s] -- Symlinking: /home/ivasd/fyt_atuoaim/install/rm_interfaces/include/rm_interfaces/rm_interfaces/msg/detail/point2d__traits.hpp
[4.812s] -- Symlinking: /home/ivasd/fyt_atuoaim/install/rm_interfaces/include/rm_interfaces/rm_interfaces/msg/detail/point2d__type_support.hpp
[4.814s] -- Symlinking: /home/ivasd/fyt_atuoaim/install/rm_interfaces/include/rm_interfaces/rm_interfaces/msg/detail/rune_target__builder.hpp
[4.817s] -- Symlinking: /home/ivasd/fyt_atuoaim/install/rm_interfaces/include/rm_interfaces/rm_interfaces/msg/detail/rune_target__struct.hpp
[4.819s] -- Symlinking: /home/ivasd/fyt_atuoaim/install/rm_interfaces/include/rm_interfaces/rm_interfaces/msg/detail/rune_target__traits.hpp
[4.822s] -- Symlinking: /home/ivasd/fyt_atuoaim/install/rm_interfaces/include/rm_interfaces/rm_interfaces/msg/detail/rune_target__type_support.hpp
[4.824s] -- Symlinking: /home/ivasd/fyt_atuoaim/install/rm_interfaces/include/rm_interfaces/rm_interfaces/msg/detail/serial_receive_data__builder.hpp
[4.826s] -- Symlinking: /home/ivasd/fyt_atuoaim/install/rm_interfaces/include/rm_interfaces/rm_interfaces/msg/detail/serial_receive_data__struct.hpp
[4.828s] -- Symlinking: /home/ivasd/fyt_atuoaim/install/rm_interfaces/include/rm_interfaces/rm_interfaces/msg/detail/serial_receive_data__traits.hpp
[4.831s] -- Symlinking: /home/ivasd/fyt_atuoaim/install/rm_interfaces/include/rm_interfaces/rm_interfaces/msg/detail/serial_receive_data__type_support.hpp
[4.833s] -- Symlinking: /home/ivasd/fyt_atuoaim/install/rm_interfaces/include/rm_interfaces/rm_interfaces/msg/detail/target__builder.hpp
[4.835s] -- Symlinking: /home/ivasd/fyt_atuoaim/install/rm_interfaces/include/rm_interfaces/rm_interfaces/msg/detail/target__struct.hpp
[4.837s] -- Symlinking: /home/ivasd/fyt_atuoaim/install/rm_interfaces/include/rm_interfaces/rm_interfaces/msg/detail/target__traits.hpp
[4.839s] -- Symlinking: /home/ivasd/fyt_atuoaim/install/rm_interfaces/include/rm_interfaces/rm_interfaces/msg/detail/target__type_support.hpp
[4.841s] -- Symlinking: /home/ivasd/fyt_atuoaim/install/rm_interfaces/include/rm_interfaces/rm_interfaces/msg/gimbal_cmd.hpp
[4.843s] -- Symlinking: /home/ivasd/fyt_atuoaim/install/rm_interfaces/include/rm_interfaces/rm_interfaces/msg/judge_system_data.hpp
[4.846s] -- Symlinking: /home/ivasd/fyt_atuoaim/install/rm_interfaces/include/rm_interfaces/rm_interfaces/msg/measurement.hpp
[4.848s] -- Symlinking: /home/ivasd/fyt_atuoaim/install/rm_interfaces/include/rm_interfaces/rm_interfaces/msg/operator_command.hpp
[4.850s] -- Symlinking: /home/ivasd/fyt_atuoaim/install/rm_interfaces/include/rm_interfaces/rm_interfaces/msg/point2d.hpp
[4.852s] -- Symlinking: /home/ivasd/fyt_atuoaim/install/rm_interfaces/include/rm_interfaces/rm_interfaces/msg/rosidl_generator_cpp__visibility_control.hpp
[4.855s] -- Symlinking: /home/ivasd/fyt_atuoaim/install/rm_interfaces/include/rm_interfaces/rm_interfaces/msg/rune_target.hpp
[4.857s] -- Symlinking: /home/ivasd/fyt_atuoaim/install/rm_interfaces/include/rm_interfaces/rm_interfaces/msg/serial_receive_data.hpp
[4.859s] -- Symlinking: /home/ivasd/fyt_atuoaim/install/rm_interfaces/include/rm_interfaces/rm_interfaces/msg/target.hpp
[4.861s] -- Symlinking: /home/ivasd/fyt_atuoaim/install/rm_interfaces/include/rm_interfaces/rm_interfaces/srv/detail/set_mode__builder.hpp
[4.863s] -- Symlinking: /home/ivasd/fyt_atuoaim/install/rm_interfaces/include/rm_interfaces/rm_interfaces/srv/detail/set_mode__struct.hpp
[4.865s] -- Symlinking: /home/ivasd/fyt_atuoaim/install/rm_interfaces/include/rm_interfaces/rm_interfaces/srv/detail/set_mode__traits.hpp
[4.867s] -- Symlinking: /home/ivasd/fyt_atuoaim/install/rm_interfaces/include/rm_interfaces/rm_interfaces/srv/detail/set_mode__type_support.hpp
[4.869s] -- Symlinking: /home/ivasd/fyt_atuoaim/install/rm_interfaces/include/rm_interfaces/rm_interfaces/srv/set_mode.hpp
[4.872s] -- Symlinking: /home/ivasd/fyt_atuoaim/install/rm_interfaces/include/rm_interfaces/rm_interfaces/msg/detail/armor__rosidl_typesupport_fastrtps_cpp.hpp
[4.874s] -- Symlinking: /home/ivasd/fyt_atuoaim/install/rm_interfaces/include/rm_interfaces/rm_interfaces/msg/detail/armors__rosidl_typesupport_fastrtps_cpp.hpp
[4.876s] -- Symlinking: /home/ivasd/fyt_atuoaim/install/rm_interfaces/include/rm_interfaces/rm_interfaces/msg/detail/chassis_cmd__rosidl_typesupport_fastrtps_cpp.hpp
[4.878s] -- Symlinking: /home/ivasd/fyt_atuoaim/install/rm_interfaces/include/rm_interfaces/rm_interfaces/msg/detail/debug_armor__rosidl_typesupport_fastrtps_cpp.hpp
[4.880s] -- Symlinking: /home/ivasd/fyt_atuoaim/install/rm_interfaces/include/rm_interfaces/rm_interfaces/msg/detail/debug_armors__rosidl_typesupport_fastrtps_cpp.hpp
[4.882s] -- Symlinking: /home/ivasd/fyt_atuoaim/install/rm_interfaces/include/rm_interfaces/rm_interfaces/msg/detail/debug_light__rosidl_typesupport_fastrtps_cpp.hpp
[4.885s] -- Symlinking: /home/ivasd/fyt_atuoaim/install/rm_interfaces/include/rm_interfaces/rm_interfaces/msg/detail/debug_lights__rosidl_typesupport_fastrtps_cpp.hpp
[4.887s] -- Symlinking: /home/ivasd/fyt_atuoaim/install/rm_interfaces/include/rm_interfaces/rm_interfaces/msg/detail/debug_rune_angle__rosidl_typesupport_fastrtps_cpp.hpp
[4.889s] -- Symlinking: /home/ivasd/fyt_atuoaim/install/rm_interfaces/include/rm_interfaces/rm_interfaces/msg/detail/gimbal_cmd__rosidl_typesupport_fastrtps_cpp.hpp
[4.892s] -- Symlinking: /home/ivasd/fyt_atuoaim/install/rm_interfaces/include/rm_interfaces/rm_interfaces/msg/detail/judge_system_data__rosidl_typesupport_fastrtps_cpp.hpp
[4.894s] -- Symlinking: /home/ivasd/fyt_atuoaim/install/rm_interfaces/include/rm_interfaces/rm_interfaces/msg/detail/measurement__rosidl_typesupport_fastrtps_cpp.hpp
[4.896s] -- Symlinking: /home/ivasd/fyt_atuoaim/install/rm_interfaces/include/rm_interfaces/rm_interfaces/msg/detail/operator_command__rosidl_typesupport_fastrtps_cpp.hpp
[4.898s] -- Symlinking: /home/ivasd/fyt_atuoaim/install/rm_interfaces/include/rm_interfaces/rm_interfaces/msg/detail/point2d__rosidl_typesupport_fastrtps_cpp.hpp
[4.900s] -- Symlinking: /home/ivasd/fyt_atuoaim/install/rm_interfaces/include/rm_interfaces/rm_interfaces/msg/detail/rune_target__rosidl_typesupport_fastrtps_cpp.hpp
[4.902s] -- Symlinking: /home/ivasd/fyt_atuoaim/install/rm_interfaces/include/rm_interfaces/rm_interfaces/msg/detail/serial_receive_data__rosidl_typesupport_fastrtps_cpp.hpp
[4.904s] -- Symlinking: /home/ivasd/fyt_atuoaim/install/rm_interfaces/include/rm_interfaces/rm_interfaces/msg/detail/target__rosidl_typesupport_fastrtps_cpp.hpp
[4.906s] -- Symlinking: /home/ivasd/fyt_atuoaim/install/rm_interfaces/include/rm_interfaces/rm_interfaces/msg/rosidl_typesupport_fastrtps_cpp__visibility_control.h
[4.909s] -- Symlinking: /home/ivasd/fyt_atuoaim/install/rm_interfaces/include/rm_interfaces/rm_interfaces/srv/detail/set_mode__rosidl_typesupport_fastrtps_cpp.hpp
[4.911s] -- Symlinking: /home/ivasd/fyt_atuoaim/install/rm_interfaces/include/rm_interfaces/rm_interfaces/msg/detail/armor__rosidl_typesupport_introspection_cpp.hpp
[4.913s] -- Symlinking: /home/ivasd/fyt_atuoaim/install/rm_interfaces/include/rm_interfaces/rm_interfaces/msg/detail/armors__rosidl_typesupport_introspection_cpp.hpp
[4.916s] -- Symlinking: /home/ivasd/fyt_atuoaim/install/rm_interfaces/include/rm_interfaces/rm_interfaces/msg/detail/chassis_cmd__rosidl_typesupport_introspection_cpp.hpp
[4.918s] -- Symlinking: /home/ivasd/fyt_atuoaim/install/rm_interfaces/include/rm_interfaces/rm_interfaces/msg/detail/debug_armor__rosidl_typesupport_introspection_cpp.hpp
[4.920s] -- Symlinking: /home/ivasd/fyt_atuoaim/install/rm_interfaces/include/rm_interfaces/rm_interfaces/msg/detail/debug_armors__rosidl_typesupport_introspection_cpp.hpp
[4.923s] -- Symlinking: /home/ivasd/fyt_atuoaim/install/rm_interfaces/include/rm_interfaces/rm_interfaces/msg/detail/debug_light__rosidl_typesupport_introspection_cpp.hpp
[4.925s] -- Symlinking: /home/ivasd/fyt_atuoaim/install/rm_interfaces/include/rm_interfaces/rm_interfaces/msg/detail/debug_lights__rosidl_typesupport_introspection_cpp.hpp
[4.928s] -- Symlinking: /home/ivasd/fyt_atuoaim/install/rm_interfaces/include/rm_interfaces/rm_interfaces/msg/detail/debug_rune_angle__rosidl_typesupport_introspection_cpp.hpp
[4.930s] -- Symlinking: /home/ivasd/fyt_atuoaim/install/rm_interfaces/include/rm_interfaces/rm_interfaces/msg/detail/gimbal_cmd__rosidl_typesupport_introspection_cpp.hpp
[4.932s] -- Symlinking: /home/ivasd/fyt_atuoaim/install/rm_interfaces/include/rm_interfaces/rm_interfaces/msg/detail/judge_system_data__rosidl_typesupport_introspection_cpp.hpp
[4.935s] -- Symlinking: /home/ivasd/fyt_atuoaim/install/rm_interfaces/include/rm_interfaces/rm_interfaces/msg/detail/measurement__rosidl_typesupport_introspection_cpp.hpp
[4.937s] -- Symlinking: /home/ivasd/fyt_atuoaim/install/rm_interfaces/include/rm_interfaces/rm_interfaces/msg/detail/operator_command__rosidl_typesupport_introspection_cpp.hpp
[4.939s] -- Symlinking: /home/ivasd/fyt_atuoaim/install/rm_interfaces/include/rm_interfaces/rm_interfaces/msg/detail/point2d__rosidl_typesupport_introspection_cpp.hpp
[4.941s] -- Symlinking: /home/ivasd/fyt_atuoaim/install/rm_interfaces/include/rm_interfaces/rm_interfaces/msg/detail/rune_target__rosidl_typesupport_introspection_cpp.hpp
[4.943s] -- Symlinking: /home/ivasd/fyt_atuoaim/install/rm_interfaces/include/rm_interfaces/rm_interfaces/msg/detail/serial_receive_data__rosidl_typesupport_introspection_cpp.hpp
[4.945s] -- Symlinking: /home/ivasd/fyt_atuoaim/install/rm_interfaces/include/rm_interfaces/rm_interfaces/msg/detail/target__rosidl_typesupport_introspection_cpp.hpp
[4.947s] -- Symlinking: /home/ivasd/fyt_atuoaim/install/rm_interfaces/include/rm_interfaces/rm_interfaces/srv/detail/set_mode__rosidl_typesupport_introspection_cpp.hpp
[4.948s] -- Symlinking: /home/ivasd/fyt_atuoaim/install/rm_interfaces/share/rm_interfaces/environment/pythonpath.sh
[4.951s] -- Symlinking: /home/ivasd/fyt_atuoaim/install/rm_interfaces/share/rm_interfaces/environment/pythonpath.dsv
[4.953s] -- Symlinking: /home/ivasd/fyt_atuoaim/install/rm_interfaces/local/lib/python3.10/dist-packages/rm_interfaces-0.0.0-py3.10.egg-info/PKG-INFO
[4.955s] -- Symlinking: /home/ivasd/fyt_atuoaim/install/rm_interfaces/local/lib/python3.10/dist-packages/rm_interfaces-0.0.0-py3.10.egg-info/SOURCES.txt
[4.957s] -- Symlinking: /home/ivasd/fyt_atuoaim/install/rm_interfaces/local/lib/python3.10/dist-packages/rm_interfaces-0.0.0-py3.10.egg-info/dependency_links.txt
[4.960s] -- Symlinking: /home/ivasd/fyt_atuoaim/install/rm_interfaces/local/lib/python3.10/dist-packages/rm_interfaces-0.0.0-py3.10.egg-info/top_level.txt
[4.962s] -- Symlinking: /home/ivasd/fyt_atuoaim/install/rm_interfaces/local/lib/python3.10/dist-packages/rm_interfaces/__init__.py
[4.964s] -- Symlinking: /home/ivasd/fyt_atuoaim/install/rm_interfaces/local/lib/python3.10/dist-packages/rm_interfaces/_rm_interfaces_s.ep.rosidl_typesupport_c.c
[4.967s] -- Symlinking: /home/ivasd/fyt_atuoaim/install/rm_interfaces/local/lib/python3.10/dist-packages/rm_interfaces/_rm_interfaces_s.ep.rosidl_typesupport_fastrtps_c.c
[4.969s] -- Symlinking: /home/ivasd/fyt_atuoaim/install/rm_interfaces/local/lib/python3.10/dist-packages/rm_interfaces/_rm_interfaces_s.ep.rosidl_typesupport_introspection_c.c
[4.971s] -- Symlinking: /home/ivasd/fyt_atuoaim/install/rm_interfaces/local/lib/python3.10/dist-packages/rm_interfaces/librm_interfaces__rosidl_generator_py.so
[4.973s] -- Symlinking: /home/ivasd/fyt_atuoaim/install/rm_interfaces/local/lib/python3.10/dist-packages/rm_interfaces/msg/__init__.py
[4.975s] -- Symlinking: /home/ivasd/fyt_atuoaim/install/rm_interfaces/local/lib/python3.10/dist-packages/rm_interfaces/msg/_armor.py
[4.977s] -- Symlinking: /home/ivasd/fyt_atuoaim/install/rm_interfaces/local/lib/python3.10/dist-packages/rm_interfaces/msg/_armor_s.c
[4.980s] -- Symlinking: /home/ivasd/fyt_atuoaim/install/rm_interfaces/local/lib/python3.10/dist-packages/rm_interfaces/msg/_armors.py
[4.982s] -- Symlinking: /home/ivasd/fyt_atuoaim/install/rm_interfaces/local/lib/python3.10/dist-packages/rm_interfaces/msg/_armors_s.c
[4.985s] -- Symlinking: /home/ivasd/fyt_atuoaim/install/rm_interfaces/local/lib/python3.10/dist-packages/rm_interfaces/msg/_chassis_cmd.py
[4.987s] -- Symlinking: /home/ivasd/fyt_atuoaim/install/rm_interfaces/local/lib/python3.10/dist-packages/rm_interfaces/msg/_chassis_cmd_s.c
[4.989s] -- Symlinking: /home/ivasd/fyt_atuoaim/install/rm_interfaces/local/lib/python3.10/dist-packages/rm_interfaces/msg/_debug_armor.py
[4.992s] -- Symlinking: /home/ivasd/fyt_atuoaim/install/rm_interfaces/local/lib/python3.10/dist-packages/rm_interfaces/msg/_debug_armor_s.c
[4.994s] -- Symlinking: /home/ivasd/fyt_atuoaim/install/rm_interfaces/local/lib/python3.10/dist-packages/rm_interfaces/msg/_debug_armors.py
[4.996s] -- Symlinking: /home/ivasd/fyt_atuoaim/install/rm_interfaces/local/lib/python3.10/dist-packages/rm_interfaces/msg/_debug_armors_s.c
[4.998s] -- Symlinking: /home/ivasd/fyt_atuoaim/install/rm_interfaces/local/lib/python3.10/dist-packages/rm_interfaces/msg/_debug_light.py
[5.000s] -- Symlinking: /home/ivasd/fyt_atuoaim/install/rm_interfaces/local/lib/python3.10/dist-packages/rm_interfaces/msg/_debug_light_s.c
[5.002s] -- Symlinking: /home/ivasd/fyt_atuoaim/install/rm_interfaces/local/lib/python3.10/dist-packages/rm_interfaces/msg/_debug_lights.py
[5.004s] -- Symlinking: /home/ivasd/fyt_atuoaim/install/rm_interfaces/local/lib/python3.10/dist-packages/rm_interfaces/msg/_debug_lights_s.c
[5.006s] -- Symlinking: /home/ivasd/fyt_atuoaim/install/rm_interfaces/local/lib/python3.10/dist-packages/rm_interfaces/msg/_debug_rune_angle.py
[5.008s] -- Symlinking: /home/ivasd/fyt_atuoaim/install/rm_interfaces/local/lib/python3.10/dist-packages/rm_interfaces/msg/_debug_rune_angle_s.c
[5.011s] -- Symlinking: /home/ivasd/fyt_atuoaim/install/rm_interfaces/local/lib/python3.10/dist-packages/rm_interfaces/msg/_gimbal_cmd.py
[5.013s] -- Symlinking: /home/ivasd/fyt_atuoaim/install/rm_interfaces/local/lib/python3.10/dist-packages/rm_interfaces/msg/_gimbal_cmd_s.c
[5.015s] -- Symlinking: /home/ivasd/fyt_atuoaim/install/rm_interfaces/local/lib/python3.10/dist-packages/rm_interfaces/msg/_judge_system_data.py
[5.017s] -- Symlinking: /home/ivasd/fyt_atuoaim/install/rm_interfaces/local/lib/python3.10/dist-packages/rm_interfaces/msg/_judge_system_data_s.c
[5.019s] -- Symlinking: /home/ivasd/fyt_atuoaim/install/rm_interfaces/local/lib/python3.10/dist-packages/rm_interfaces/msg/_measurement.py
[5.022s] -- Symlinking: /home/ivasd/fyt_atuoaim/install/rm_interfaces/local/lib/python3.10/dist-packages/rm_interfaces/msg/_measurement_s.c
[5.024s] -- Symlinking: /home/ivasd/fyt_atuoaim/install/rm_interfaces/local/lib/python3.10/dist-packages/rm_interfaces/msg/_operator_command.py
[5.025s] -- Symlinking: /home/ivasd/fyt_atuoaim/install/rm_interfaces/local/lib/python3.10/dist-packages/rm_interfaces/msg/_operator_command_s.c
[5.028s] -- Symlinking: /home/ivasd/fyt_atuoaim/install/rm_interfaces/local/lib/python3.10/dist-packages/rm_interfaces/msg/_point2d.py
[5.030s] -- Symlinking: /home/ivasd/fyt_atuoaim/install/rm_interfaces/local/lib/python3.10/dist-packages/rm_interfaces/msg/_point2d_s.c
[5.032s] -- Symlinking: /home/ivasd/fyt_atuoaim/install/rm_interfaces/local/lib/python3.10/dist-packages/rm_interfaces/msg/_rune_target.py
[5.034s] -- Symlinking: /home/ivasd/fyt_atuoaim/install/rm_interfaces/local/lib/python3.10/dist-packages/rm_interfaces/msg/_rune_target_s.c
[5.036s] -- Symlinking: /home/ivasd/fyt_atuoaim/install/rm_interfaces/local/lib/python3.10/dist-packages/rm_interfaces/msg/_serial_receive_data.py
[5.039s] -- Symlinking: /home/ivasd/fyt_atuoaim/install/rm_interfaces/local/lib/python3.10/dist-packages/rm_interfaces/msg/_serial_receive_data_s.c
[5.041s] -- Symlinking: /home/ivasd/fyt_atuoaim/install/rm_interfaces/local/lib/python3.10/dist-packages/rm_interfaces/msg/_target.py
[5.043s] -- Symlinking: /home/ivasd/fyt_atuoaim/install/rm_interfaces/local/lib/python3.10/dist-packages/rm_interfaces/msg/_target_s.c
[5.045s] -- Symlinking: /home/ivasd/fyt_atuoaim/install/rm_interfaces/local/lib/python3.10/dist-packages/rm_interfaces/rm_interfaces_s__rosidl_typesupport_c.cpython-310-x86_64-linux-gnu.so
[5.048s] -- Symlinking: /home/ivasd/fyt_atuoaim/install/rm_interfaces/local/lib/python3.10/dist-packages/rm_interfaces/rm_interfaces_s__rosidl_typesupport_fastrtps_c.cpython-310-x86_64-linux-gnu.so
[5.050s] -- Symlinking: /home/ivasd/fyt_atuoaim/install/rm_interfaces/local/lib/python3.10/dist-packages/rm_interfaces/rm_interfaces_s__rosidl_typesupport_introspection_c.cpython-310-x86_64-linux-gnu.so
[5.052s] -- Symlinking: /home/ivasd/fyt_atuoaim/install/rm_interfaces/local/lib/python3.10/dist-packages/rm_interfaces/srv/__init__.py
[5.054s] -- Symlinking: /home/ivasd/fyt_atuoaim/install/rm_interfaces/local/lib/python3.10/dist-packages/rm_interfaces/srv/_set_mode.py
[5.056s] -- Symlinking: /home/ivasd/fyt_atuoaim/install/rm_interfaces/local/lib/python3.10/dist-packages/rm_interfaces/srv/_set_mode_s.c
[5.059s] -- Up-to-date symlink: /home/ivasd/fyt_atuoaim/install/rm_interfaces/local/lib/python3.10/dist-packages/rm_interfaces/rm_interfaces_s__rosidl_typesupport_fastrtps_c.cpython-310-x86_64-linux-gnu.so
[5.059s] -- Up-to-date symlink: /home/ivasd/fyt_atuoaim/install/rm_interfaces/local/lib/python3.10/dist-packages/rm_interfaces/rm_interfaces_s__rosidl_typesupport_introspection_c.cpython-310-x86_64-linux-gnu.so
[5.059s] -- Up-to-date symlink: /home/ivasd/fyt_atuoaim/install/rm_interfaces/local/lib/python3.10/dist-packages/rm_interfaces/rm_interfaces_s__rosidl_typesupport_c.cpython-310-x86_64-linux-gnu.so
[5.059s] -- Symlinking: /home/ivasd/fyt_atuoaim/install/rm_interfaces/share/rm_interfaces/msg/Armor.idl
[5.061s] -- Symlinking: /home/ivasd/fyt_atuoaim/install/rm_interfaces/share/rm_interfaces/msg/Armors.idl
[5.064s] -- Symlinking: /home/ivasd/fyt_atuoaim/install/rm_interfaces/share/rm_interfaces/msg/Target.idl
[5.066s] -- Symlinking: /home/ivasd/fyt_atuoaim/install/rm_interfaces/share/rm_interfaces/msg/RuneTarget.idl
[5.068s] -- Symlinking: /home/ivasd/fyt_atuoaim/install/rm_interfaces/share/rm_interfaces/msg/Point2d.idl
[5.071s] -- Symlinking: /home/ivasd/fyt_atuoaim/install/rm_interfaces/share/rm_interfaces/msg/GimbalCmd.idl
[5.073s] -- Symlinking: /home/ivasd/fyt_atuoaim/install/rm_interfaces/share/rm_interfaces/msg/ChassisCmd.idl
[5.075s] -- Symlinking: /home/ivasd/fyt_atuoaim/install/rm_interfaces/share/rm_interfaces/msg/DebugLight.idl
[5.077s] -- Symlinking: /home/ivasd/fyt_atuoaim/install/rm_interfaces/share/rm_interfaces/msg/DebugLights.idl
[5.078s] -- Symlinking: /home/ivasd/fyt_atuoaim/install/rm_interfaces/share/rm_interfaces/msg/DebugArmor.idl
[5.081s] -- Symlinking: /home/ivasd/fyt_atuoaim/install/rm_interfaces/share/rm_interfaces/msg/DebugArmors.idl
[5.083s] -- Symlinking: /home/ivasd/fyt_atuoaim/install/rm_interfaces/share/rm_interfaces/msg/DebugRuneAngle.idl
[5.085s] -- Symlinking: /home/ivasd/fyt_atuoaim/install/rm_interfaces/share/rm_interfaces/msg/Measurement.idl
[5.087s] -- Symlinking: /home/ivasd/fyt_atuoaim/install/rm_interfaces/share/rm_interfaces/msg/JudgeSystemData.idl
[5.088s] -- Symlinking: /home/ivasd/fyt_atuoaim/install/rm_interfaces/share/rm_interfaces/msg/OperatorCommand.idl
[5.090s] -- Symlinking: /home/ivasd/fyt_atuoaim/install/rm_interfaces/share/rm_interfaces/msg/SerialReceiveData.idl
[5.092s] -- Symlinking: /home/ivasd/fyt_atuoaim/install/rm_interfaces/share/rm_interfaces/srv/SetMode.idl
[5.095s] -- Symlinking: /home/ivasd/fyt_atuoaim/install/rm_interfaces/share/rm_interfaces/msg/Armor.msg
[5.097s] -- Symlinking: /home/ivasd/fyt_atuoaim/install/rm_interfaces/share/rm_interfaces/msg/Armors.msg
[5.099s] -- Symlinking: /home/ivasd/fyt_atuoaim/install/rm_interfaces/share/rm_interfaces/msg/Target.msg
[5.102s] -- Symlinking: /home/ivasd/fyt_atuoaim/install/rm_interfaces/share/rm_interfaces/msg/RuneTarget.msg
[5.104s] -- Symlinking: /home/ivasd/fyt_atuoaim/install/rm_interfaces/share/rm_interfaces/msg/Point2d.msg
[5.106s] -- Symlinking: /home/ivasd/fyt_atuoaim/install/rm_interfaces/share/rm_interfaces/msg/GimbalCmd.msg
[5.109s] -- Symlinking: /home/ivasd/fyt_atuoaim/install/rm_interfaces/share/rm_interfaces/msg/ChassisCmd.msg
[5.111s] -- Symlinking: /home/ivasd/fyt_atuoaim/install/rm_interfaces/share/rm_interfaces/msg/DebugLight.msg
[5.113s] -- Symlinking: /home/ivasd/fyt_atuoaim/install/rm_interfaces/share/rm_interfaces/msg/DebugLights.msg
[5.116s] -- Symlinking: /home/ivasd/fyt_atuoaim/install/rm_interfaces/share/rm_interfaces/msg/DebugArmor.msg
[5.118s] -- Symlinking: /home/ivasd/fyt_atuoaim/install/rm_interfaces/share/rm_interfaces/msg/DebugArmors.msg
[5.121s] -- Symlinking: /home/ivasd/fyt_atuoaim/install/rm_interfaces/share/rm_interfaces/msg/DebugRuneAngle.msg
[5.123s] -- Symlinking: /home/ivasd/fyt_atuoaim/install/rm_interfaces/share/rm_interfaces/msg/Measurement.msg
[5.125s] -- Symlinking: /home/ivasd/fyt_atuoaim/install/rm_interfaces/share/rm_interfaces/msg/JudgeSystemData.msg
[5.128s] -- Symlinking: /home/ivasd/fyt_atuoaim/install/rm_interfaces/share/rm_interfaces/msg/OperatorCommand.msg
[5.130s] -- Symlinking: /home/ivasd/fyt_atuoaim/install/rm_interfaces/share/rm_interfaces/msg/SerialReceiveData.msg
[5.132s] -- Symlinking: /home/ivasd/fyt_atuoaim/install/rm_interfaces/share/rm_interfaces/srv/SetMode.srv
[5.135s] -- Symlinking: /home/ivasd/fyt_atuoaim/install/rm_interfaces/share/rm_interfaces/srv/SetMode_Request.msg
[5.137s] -- Symlinking: /home/ivasd/fyt_atuoaim/install/rm_interfaces/share/rm_interfaces/srv/SetMode_Response.msg
[5.139s] -- Symlinking: /home/ivasd/fyt_atuoaim/install/rm_interfaces/share/ament_index/resource_index/package_run_dependencies/rm_interfaces
[5.141s] -- Symlinking: /home/ivasd/fyt_atuoaim/install/rm_interfaces/share/ament_index/resource_index/parent_prefix_path/rm_interfaces
[5.144s] -- Symlinking: /home/ivasd/fyt_atuoaim/install/rm_interfaces/share/rm_interfaces/environment/ament_prefix_path.sh
[5.146s] -- Symlinking: /home/ivasd/fyt_atuoaim/install/rm_interfaces/share/rm_interfaces/environment/ament_prefix_path.dsv
[5.148s] -- Symlinking: /home/ivasd/fyt_atuoaim/install/rm_interfaces/share/rm_interfaces/environment/path.sh
[5.150s] -- Symlinking: /home/ivasd/fyt_atuoaim/install/rm_interfaces/share/rm_interfaces/environment/path.dsv
[5.153s] -- Symlinking: /home/ivasd/fyt_atuoaim/install/rm_interfaces/share/rm_interfaces/local_setup.bash
[5.154s] -- Symlinking: /home/ivasd/fyt_atuoaim/install/rm_interfaces/share/rm_interfaces/local_setup.sh
[5.157s] -- Symlinking: /home/ivasd/fyt_atuoaim/install/rm_interfaces/share/rm_interfaces/local_setup.zsh
[5.159s] -- Symlinking: /home/ivasd/fyt_atuoaim/install/rm_interfaces/share/rm_interfaces/local_setup.dsv
[5.162s] -- Symlinking: /home/ivasd/fyt_atuoaim/install/rm_interfaces/share/rm_interfaces/package.dsv
[5.164s] -- Symlinking: /home/ivasd/fyt_atuoaim/install/rm_interfaces/share/ament_index/resource_index/packages/rm_interfaces
[5.167s] -- Symlinking: /home/ivasd/fyt_atuoaim/install/rm_interfaces/share/rm_interfaces/cmake/rosidl_cmake-extras.cmake
[5.169s] -- Symlinking: /home/ivasd/fyt_atuoaim/install/rm_interfaces/share/rm_interfaces/cmake/ament_cmake_export_dependencies-extras.cmake
[5.171s] -- Symlinking: /home/ivasd/fyt_atuoaim/install/rm_interfaces/share/rm_interfaces/cmake/ament_cmake_export_include_directories-extras.cmake
[5.173s] -- Symlinking: /home/ivasd/fyt_atuoaim/install/rm_interfaces/share/rm_interfaces/cmake/ament_cmake_export_libraries-extras.cmake
[5.175s] -- Symlinking: /home/ivasd/fyt_atuoaim/install/rm_interfaces/share/rm_interfaces/cmake/ament_cmake_export_targets-extras.cmake
[5.177s] -- Symlinking: /home/ivasd/fyt_atuoaim/install/rm_interfaces/share/rm_interfaces/cmake/rosidl_cmake_export_typesupport_targets-extras.cmake
[5.180s] -- Symlinking: /home/ivasd/fyt_atuoaim/install/rm_interfaces/share/rm_interfaces/cmake/rosidl_cmake_export_typesupport_libraries-extras.cmake
[5.182s] -- Symlinking: /home/ivasd/fyt_atuoaim/install/rm_interfaces/share/rm_interfaces/cmake/rm_interfacesConfig.cmake
[5.184s] -- Symlinking: /home/ivasd/fyt_atuoaim/install/rm_interfaces/share/rm_interfaces/cmake/rm_interfacesConfig-version.cmake
[5.186s] -- Symlinking: /home/ivasd/fyt_atuoaim/install/rm_interfaces/share/rm_interfaces/package.xml
[5.189s] -- Installing: /home/ivasd/fyt_atuoaim/install/rm_interfaces/lib/librm_interfaces__rosidl_generator_c.so
[5.189s] -- Set runtime path of "/home/ivasd/fyt_atuoaim/install/rm_interfaces/lib/librm_interfaces__rosidl_generator_c.so" to ""
[5.189s] -- Installing: /home/ivasd/fyt_atuoaim/install/rm_interfaces/lib/librm_interfaces__rosidl_typesupport_fastrtps_c.so
[5.189s] -- Set runtime path of "/home/ivasd/fyt_atuoaim/install/rm_interfaces/lib/librm_interfaces__rosidl_typesupport_fastrtps_c.so" to ""
[5.189s] -- Installing: /home/ivasd/fyt_atuoaim/install/rm_interfaces/lib/librm_interfaces__rosidl_typesupport_introspection_c.so
[5.190s] -- Set runtime path of "/home/ivasd/fyt_atuoaim/install/rm_interfaces/lib/librm_interfaces__rosidl_typesupport_introspection_c.so" to ""
[5.190s] -- Installing: /home/ivasd/fyt_atuoaim/install/rm_interfaces/lib/librm_interfaces__rosidl_typesupport_c.so
[5.190s] -- Set runtime path of "/home/ivasd/fyt_atuoaim/install/rm_interfaces/lib/librm_interfaces__rosidl_typesupport_c.so" to ""
[5.190s] -- Installing: /home/ivasd/fyt_atuoaim/install/rm_interfaces/lib/librm_interfaces__rosidl_typesupport_fastrtps_cpp.so
[5.190s] -- Set runtime path of "/home/ivasd/fyt_atuoaim/install/rm_interfaces/lib/librm_interfaces__rosidl_typesupport_fastrtps_cpp.so" to ""
[5.190s] -- Installing: /home/ivasd/fyt_atuoaim/install/rm_interfaces/lib/librm_interfaces__rosidl_typesupport_introspection_cpp.so
[5.191s] -- Set runtime path of "/home/ivasd/fyt_atuoaim/install/rm_interfaces/lib/librm_interfaces__rosidl_typesupport_introspection_cpp.so" to ""
[5.191s] -- Installing: /home/ivasd/fyt_atuoaim/install/rm_interfaces/lib/librm_interfaces__rosidl_typesupport_cpp.so
[5.191s] -- Set runtime path of "/home/ivasd/fyt_atuoaim/install/rm_interfaces/lib/librm_interfaces__rosidl_typesupport_cpp.so" to ""
[5.219s] Listing '/home/ivasd/fyt_atuoaim/install/rm_interfaces/local/lib/python3.10/dist-packages/rm_interfaces'...
[5.220s] Compiling '/home/ivasd/fyt_atuoaim/install/rm_interfaces/local/lib/python3.10/dist-packages/rm_interfaces/__init__.py'...
[5.220s] Listing '/home/ivasd/fyt_atuoaim/install/rm_interfaces/local/lib/python3.10/dist-packages/rm_interfaces/msg'...
[5.220s] Compiling '/home/ivasd/fyt_atuoaim/install/rm_interfaces/local/lib/python3.10/dist-packages/rm_interfaces/msg/__init__.py'...
[5.220s] Compiling '/home/ivasd/fyt_atuoaim/install/rm_interfaces/local/lib/python3.10/dist-packages/rm_interfaces/msg/_armor.py'...
[5.220s] Compiling '/home/ivasd/fyt_atuoaim/install/rm_interfaces/local/lib/python3.10/dist-packages/rm_interfaces/msg/_armors.py'...
[5.220s] Compiling '/home/ivasd/fyt_atuoaim/install/rm_interfaces/local/lib/python3.10/dist-packages/rm_interfaces/msg/_chassis_cmd.py'...
[5.220s] Compiling '/home/ivasd/fyt_atuoaim/install/rm_interfaces/local/lib/python3.10/dist-packages/rm_interfaces/msg/_debug_armor.py'...
[5.220s] Compiling '/home/ivasd/fyt_atuoaim/install/rm_interfaces/local/lib/python3.10/dist-packages/rm_interfaces/msg/_debug_armors.py'...
[5.220s] Compiling '/home/ivasd/fyt_atuoaim/install/rm_interfaces/local/lib/python3.10/dist-packages/rm_interfaces/msg/_debug_light.py'...
[5.220s] Compiling '/home/ivasd/fyt_atuoaim/install/rm_interfaces/local/lib/python3.10/dist-packages/rm_interfaces/msg/_debug_lights.py'...
[5.220s] Compiling '/home/ivasd/fyt_atuoaim/install/rm_interfaces/local/lib/python3.10/dist-packages/rm_interfaces/msg/_debug_rune_angle.py'...
[5.220s] Compiling '/home/ivasd/fyt_atuoaim/install/rm_interfaces/local/lib/python3.10/dist-packages/rm_interfaces/msg/_gimbal_cmd.py'...
[5.220s] Compiling '/home/ivasd/fyt_atuoaim/install/rm_interfaces/local/lib/python3.10/dist-packages/rm_interfaces/msg/_judge_system_data.py'...
[5.220s] Compiling '/home/ivasd/fyt_atuoaim/install/rm_interfaces/local/lib/python3.10/dist-packages/rm_interfaces/msg/_measurement.py'...
[5.220s] Compiling '/home/ivasd/fyt_atuoaim/install/rm_interfaces/local/lib/python3.10/dist-packages/rm_interfaces/msg/_operator_command.py'...
[5.220s] Compiling '/home/ivasd/fyt_atuoaim/install/rm_interfaces/local/lib/python3.10/dist-packages/rm_interfaces/msg/_point2d.py'...
[5.220s] Compiling '/home/ivasd/fyt_atuoaim/install/rm_interfaces/local/lib/python3.10/dist-packages/rm_interfaces/msg/_rune_target.py'...
[5.220s] Compiling '/home/ivasd/fyt_atuoaim/install/rm_interfaces/local/lib/python3.10/dist-packages/rm_interfaces/msg/_serial_receive_data.py'...
[5.220s] Compiling '/home/ivasd/fyt_atuoaim/install/rm_interfaces/local/lib/python3.10/dist-packages/rm_interfaces/msg/_target.py'...
[5.220s] Listing '/home/ivasd/fyt_atuoaim/install/rm_interfaces/local/lib/python3.10/dist-packages/rm_interfaces/srv'...
[5.220s] Compiling '/home/ivasd/fyt_atuoaim/install/rm_interfaces/local/lib/python3.10/dist-packages/rm_interfaces/srv/__init__.py'...
[5.220s] Compiling '/home/ivasd/fyt_atuoaim/install/rm_interfaces/local/lib/python3.10/dist-packages/rm_interfaces/srv/_set_mode.py'...
[5.223s] -- Installing: /home/ivasd/fyt_atuoaim/install/rm_interfaces/lib/librm_interfaces__rosidl_generator_py.so
[5.223s] -- Set runtime path of "/home/ivasd/fyt_atuoaim/install/rm_interfaces/lib/librm_interfaces__rosidl_generator_py.so" to ""
[5.223s] -- Installing: /home/ivasd/fyt_atuoaim/install/rm_interfaces/share/rm_interfaces/cmake/export_rm_interfaces__rosidl_generator_cExport.cmake
[5.223s] -- Installing: /home/ivasd/fyt_atuoaim/install/rm_interfaces/share/rm_interfaces/cmake/export_rm_interfaces__rosidl_generator_cExport-noconfig.cmake
[5.223s] -- Installing: /home/ivasd/fyt_atuoaim/install/rm_interfaces/share/rm_interfaces/cmake/export_rm_interfaces__rosidl_typesupport_fastrtps_cExport.cmake
[5.223s] -- Installing: /home/ivasd/fyt_atuoaim/install/rm_interfaces/share/rm_interfaces/cmake/export_rm_interfaces__rosidl_typesupport_fastrtps_cExport-noconfig.cmake
[5.223s] -- Installing: /home/ivasd/fyt_atuoaim/install/rm_interfaces/share/rm_interfaces/cmake/rm_interfaces__rosidl_typesupport_introspection_cExport.cmake
[5.223s] -- Installing: /home/ivasd/fyt_atuoaim/install/rm_interfaces/share/rm_interfaces/cmake/rm_interfaces__rosidl_typesupport_introspection_cExport-noconfig.cmake
[5.223s] -- Installing: /home/ivasd/fyt_atuoaim/install/rm_interfaces/share/rm_interfaces/cmake/rm_interfaces__rosidl_typesupport_cExport.cmake
[5.223s] -- Installing: /home/ivasd/fyt_atuoaim/install/rm_interfaces/share/rm_interfaces/cmake/rm_interfaces__rosidl_typesupport_cExport-noconfig.cmake
[5.223s] -- Installing: /home/ivasd/fyt_atuoaim/install/rm_interfaces/share/rm_interfaces/cmake/export_rm_interfaces__rosidl_generator_cppExport.cmake
[5.223s] -- Installing: /home/ivasd/fyt_atuoaim/install/rm_interfaces/share/rm_interfaces/cmake/export_rm_interfaces__rosidl_typesupport_fastrtps_cppExport.cmake
[5.223s] -- Installing: /home/ivasd/fyt_atuoaim/install/rm_interfaces/share/rm_interfaces/cmake/export_rm_interfaces__rosidl_typesupport_fastrtps_cppExport-noconfig.cmake
[5.223s] -- Installing: /home/ivasd/fyt_atuoaim/install/rm_interfaces/share/rm_interfaces/cmake/rm_interfaces__rosidl_typesupport_introspection_cppExport.cmake
[5.223s] -- Installing: /home/ivasd/fyt_atuoaim/install/rm_interfaces/share/rm_interfaces/cmake/rm_interfaces__rosidl_typesupport_introspection_cppExport-noconfig.cmake
[5.223s] -- Installing: /home/ivasd/fyt_atuoaim/install/rm_interfaces/share/rm_interfaces/cmake/rm_interfaces__rosidl_typesupport_cppExport.cmake
[5.223s] -- Installing: /home/ivasd/fyt_atuoaim/install/rm_interfaces/share/rm_interfaces/cmake/rm_interfaces__rosidl_typesupport_cppExport-noconfig.cmake
[5.223s] -- Installing: /home/ivasd/fyt_atuoaim/install/rm_interfaces/share/rm_interfaces/cmake/export_rm_interfaces__rosidl_generator_pyExport.cmake
[5.223s] -- Installing: /home/ivasd/fyt_atuoaim/install/rm_interfaces/share/rm_interfaces/cmake/export_rm_interfaces__rosidl_generator_pyExport-noconfig.cmake
[5.225s] Invoked command in '/home/ivasd/fyt_atuoaim/build/rm_interfaces' returned '0': CMAKE_PREFIX_PATH=${CMAKE_PREFIX_PATH}:/opt/ros/humble /usr/local/bin/cmake --install /home/ivasd/fyt_atuoaim/build/rm_interfaces
