[0.010s] Invoking command in '/home/ivasd/fyt_atuoaim/build/armor_solver': CMAKE_PREFIX_PATH=/home/ivasd/fyt_atuoaim/install/rm_utils:/home/ivasd/fyt_atuoaim/install/rm_interfaces:/home/ivasd/fyt_atuoaim/install/rm_bringup:/home/ivasd/fyt_atuoaim/install/rm_serial_driver:/home/ivasd/fyt_atuoaim/install/rm_camera_driver:/home/ivasd/fyt_atuoaim/install/rm_auto_aim:/home/ivasd/fyt_atuoaim/install/armor_solver:/home/ivasd/fyt_atuoaim/install/armor_detector:/home/ivasd/fyt_atuoaim/install/rm_robot_description:/opt/ros/humble LD_LIBRARY_PATH=/home/ivasd/fyt_atuoaim/install/rm_utils/lib:/home/ivasd/fyt_atuoaim/install/rm_interfaces/lib:/home/ivasd/fyt_atuoaim/install/rm_serial_driver/lib:/home/ivasd/fyt_atuoaim/install/rm_camera_driver/lib:/home/ivasd/fyt_atuoaim/install/armor_solver/lib:/home/ivasd/fyt_atuoaim/install/armor_detector/lib:/opt/ros/humble/opt/rviz_ogre_vendor/lib:/opt/ros/humble/lib/x86_64-linux-gnu:/opt/ros/humble/lib /usr/local/bin/cmake /home/ivasd/fyt_atuoaim/src/rm_auto_aim/armor_solver -DCMAKE_INSTALL_PREFIX=/home/ivasd/fyt_atuoaim/install/armor_solver
[0.014s] -- Found ament_cmake_auto: 1.3.12 (/opt/ros/humble/share/ament_cmake_auto/cmake)
[0.068s] -- Override CMake install command with custom implementation using symlinks instead of copying resources
[0.124s] -- Found rosidl_generator_c: 3.1.7 (/opt/ros/humble/share/rosidl_generator_c/cmake)
[0.126s] -- Found rosidl_adapter: 3.1.7 (/opt/ros/humble/share/rosidl_adapter/cmake)
[0.129s] -- Found rosidl_generator_cpp: 3.1.7 (/opt/ros/humble/share/rosidl_generator_cpp/cmake)
[0.134s] -- Using all available rosidl_typesupport_c: rosidl_typesupport_fastrtps_c;rosidl_typesupport_introspection_c
[0.142s] -- Using all available rosidl_typesupport_cpp: rosidl_typesupport_fastrtps_cpp;rosidl_typesupport_introspection_cpp
[0.160s] -- Found rmw_implementation_cmake: 6.1.2 (/opt/ros/humble/share/rmw_implementation_cmake/cmake)
[0.161s] -- Found rmw_fastrtps_cpp: 6.2.8 (/opt/ros/humble/share/rmw_fastrtps_cpp/cmake)
[0.225s] -- Using RMW implementation 'rmw_fastrtps_cpp' as default
[0.301s] -- Found eigen3_cmake_module: 0.1.1 (/opt/ros/humble/share/eigen3_cmake_module/cmake)
[0.302s] -- Ensuring Eigen3 include directory is part of orocos-kdl CMake target
[0.427s] -- Found AMD headers in: /usr/include/suitesparse
[0.427s] -- Found AMD library: /usr/lib/x86_64-linux-gnu/libamd.so
[0.427s] -- Found CAMD headers in: /usr/include/suitesparse
[0.427s] -- Found CAMD library: /usr/lib/x86_64-linux-gnu/libcamd.so
[0.427s] -- Found CCOLAMD headers in: /usr/include/suitesparse
[0.427s] -- Found CCOLAMD library: /usr/lib/x86_64-linux-gnu/libccolamd.so
[0.427s] -- Found CHOLMOD headers in: /usr/include/suitesparse
[0.427s] -- Found CHOLMOD library: /usr/lib/x86_64-linux-gnu/libcholmod.so
[0.427s] -- Found COLAMD headers in: /usr/include/suitesparse
[0.427s] -- Found COLAMD library: /usr/lib/x86_64-linux-gnu/libcolamd.so
[0.427s] -- Found SPQR headers in: /usr/include/suitesparse
[0.427s] -- Found SPQR library: /usr/lib/x86_64-linux-gnu/libspqr.so
[0.428s] -- Found Config headers in: /usr/include/suitesparse
[0.428s] -- Found Config library: /usr/lib/x86_64-linux-gnu/libsuitesparseconfig.so
[0.428s] -- Found Intel Thread Building Blocks (TBB) library (2021.5 / ) include location: . Assuming SuiteSparseQR was compiled with TBB.
[0.428s] -- Adding librt to SuiteSparse_config libraries (required on Linux & Unix [not OSX] if SuiteSparse is compiled with timing).
[0.429s] -- Could NOT find METIS (missing: METIS_INCLUDE_DIR METIS_LIBRARY) 
[0.440s] -- Found ament_lint_auto: 0.12.14 (/opt/ros/humble/share/ament_lint_auto/cmake)
[0.447s] -- Found ament_cmake_gtest: 1.3.12 (/opt/ros/humble/share/ament_cmake_gtest/cmake)
[0.448s] [0mIn this package, headers install destination is set to `include` by ament_auto_package. It is recommended to install `include/armor_solver` instead and will be the default behavior of ament_auto_package from ROS 2 Kilted Kaiju. On distributions before Kilted, ament_auto_package behaves the same way when you use USE_SCOPED_HEADER_INSTALL_DIR option.[0m
[0.452s] -- Added test 'cppcheck' to perform static code analysis on C / C++ code
[0.452s] -- Configured cppcheck include dirs: /home/ivasd/fyt_atuoaim/src/rm_auto_aim/armor_solver/include
[0.452s] -- Configured cppcheck exclude dirs and/or files: 
[0.452s] -- Added test 'lint_cmake' to check CMake code style
[0.452s] -- Added test 'xmllint' to check XML markup files
[0.453s] -- Configuring done
[0.465s] -- Generating done
[0.469s] -- Build files have been written to: /home/ivasd/fyt_atuoaim/build/armor_solver
[0.475s] Invoked command in '/home/ivasd/fyt_atuoaim/build/armor_solver' returned '0': CMAKE_PREFIX_PATH=/home/ivasd/fyt_atuoaim/install/rm_utils:/home/ivasd/fyt_atuoaim/install/rm_interfaces:/home/ivasd/fyt_atuoaim/install/rm_bringup:/home/ivasd/fyt_atuoaim/install/rm_serial_driver:/home/ivasd/fyt_atuoaim/install/rm_camera_driver:/home/ivasd/fyt_atuoaim/install/rm_auto_aim:/home/ivasd/fyt_atuoaim/install/armor_solver:/home/ivasd/fyt_atuoaim/install/armor_detector:/home/ivasd/fyt_atuoaim/install/rm_robot_description:/opt/ros/humble LD_LIBRARY_PATH=/home/ivasd/fyt_atuoaim/install/rm_utils/lib:/home/ivasd/fyt_atuoaim/install/rm_interfaces/lib:/home/ivasd/fyt_atuoaim/install/rm_serial_driver/lib:/home/ivasd/fyt_atuoaim/install/rm_camera_driver/lib:/home/ivasd/fyt_atuoaim/install/armor_solver/lib:/home/ivasd/fyt_atuoaim/install/armor_detector/lib:/opt/ros/humble/opt/rviz_ogre_vendor/lib:/opt/ros/humble/lib/x86_64-linux-gnu:/opt/ros/humble/lib /usr/local/bin/cmake /home/ivasd/fyt_atuoaim/src/rm_auto_aim/armor_solver -DCMAKE_INSTALL_PREFIX=/home/ivasd/fyt_atuoaim/install/armor_solver
[0.475s] Invoking command in '/home/ivasd/fyt_atuoaim/build/armor_solver': CMAKE_PREFIX_PATH=/home/ivasd/fyt_atuoaim/install/rm_utils:/home/ivasd/fyt_atuoaim/install/rm_interfaces:/home/ivasd/fyt_atuoaim/install/rm_bringup:/home/ivasd/fyt_atuoaim/install/rm_serial_driver:/home/ivasd/fyt_atuoaim/install/rm_camera_driver:/home/ivasd/fyt_atuoaim/install/rm_auto_aim:/home/ivasd/fyt_atuoaim/install/armor_solver:/home/ivasd/fyt_atuoaim/install/armor_detector:/home/ivasd/fyt_atuoaim/install/rm_robot_description:/opt/ros/humble LD_LIBRARY_PATH=/home/ivasd/fyt_atuoaim/install/rm_utils/lib:/home/ivasd/fyt_atuoaim/install/rm_interfaces/lib:/home/ivasd/fyt_atuoaim/install/rm_serial_driver/lib:/home/ivasd/fyt_atuoaim/install/rm_camera_driver/lib:/home/ivasd/fyt_atuoaim/install/armor_solver/lib:/home/ivasd/fyt_atuoaim/install/armor_detector/lib:/opt/ros/humble/opt/rviz_ogre_vendor/lib:/opt/ros/humble/lib/x86_64-linux-gnu:/opt/ros/humble/lib /usr/local/bin/cmake --build /home/ivasd/fyt_atuoaim/build/armor_solver -- -j32 -l32
[0.492s] [35m[1mConsolidate compiler generated dependencies of target armor_solver_node[0m
[0.494s] [35m[1mConsolidate compiler generated dependencies of target armor_solver[0m
[0.500s] [ 33%] Built target armor_solver_node
[0.514s] [100%] Built target armor_solver
[0.518s] Invoked command in '/home/ivasd/fyt_atuoaim/build/armor_solver' returned '0': CMAKE_PREFIX_PATH=/home/ivasd/fyt_atuoaim/install/rm_utils:/home/ivasd/fyt_atuoaim/install/rm_interfaces:/home/ivasd/fyt_atuoaim/install/rm_bringup:/home/ivasd/fyt_atuoaim/install/rm_serial_driver:/home/ivasd/fyt_atuoaim/install/rm_camera_driver:/home/ivasd/fyt_atuoaim/install/rm_auto_aim:/home/ivasd/fyt_atuoaim/install/armor_solver:/home/ivasd/fyt_atuoaim/install/armor_detector:/home/ivasd/fyt_atuoaim/install/rm_robot_description:/opt/ros/humble LD_LIBRARY_PATH=/home/ivasd/fyt_atuoaim/install/rm_utils/lib:/home/ivasd/fyt_atuoaim/install/rm_interfaces/lib:/home/ivasd/fyt_atuoaim/install/rm_serial_driver/lib:/home/ivasd/fyt_atuoaim/install/rm_camera_driver/lib:/home/ivasd/fyt_atuoaim/install/armor_solver/lib:/home/ivasd/fyt_atuoaim/install/armor_detector/lib:/opt/ros/humble/opt/rviz_ogre_vendor/lib:/opt/ros/humble/lib/x86_64-linux-gnu:/opt/ros/humble/lib /usr/local/bin/cmake --build /home/ivasd/fyt_atuoaim/build/armor_solver -- -j32 -l32
[0.519s] Invoking command in '/home/ivasd/fyt_atuoaim/build/armor_solver': CMAKE_PREFIX_PATH=/home/ivasd/fyt_atuoaim/install/rm_utils:/home/ivasd/fyt_atuoaim/install/rm_interfaces:/home/ivasd/fyt_atuoaim/install/rm_bringup:/home/ivasd/fyt_atuoaim/install/rm_serial_driver:/home/ivasd/fyt_atuoaim/install/rm_camera_driver:/home/ivasd/fyt_atuoaim/install/rm_auto_aim:/home/ivasd/fyt_atuoaim/install/armor_solver:/home/ivasd/fyt_atuoaim/install/armor_detector:/home/ivasd/fyt_atuoaim/install/rm_robot_description:/opt/ros/humble LD_LIBRARY_PATH=/home/ivasd/fyt_atuoaim/install/rm_utils/lib:/home/ivasd/fyt_atuoaim/install/rm_interfaces/lib:/home/ivasd/fyt_atuoaim/install/rm_serial_driver/lib:/home/ivasd/fyt_atuoaim/install/rm_camera_driver/lib:/home/ivasd/fyt_atuoaim/install/armor_solver/lib:/home/ivasd/fyt_atuoaim/install/armor_detector/lib:/opt/ros/humble/opt/rviz_ogre_vendor/lib:/opt/ros/humble/lib/x86_64-linux-gnu:/opt/ros/humble/lib /usr/local/bin/cmake --install /home/ivasd/fyt_atuoaim/build/armor_solver
[0.520s] -- Install configuration: ""
[0.521s] -- Execute custom install script
[0.521s] -- Up-to-date symlink: /home/ivasd/fyt_atuoaim/install/armor_solver/lib/armor_solver/armor_solver_node
[0.521s] -- Up-to-date symlink: /home/ivasd/fyt_atuoaim/install/armor_solver/include/armor_solver/armor_solver.hpp
[0.522s] -- Up-to-date symlink: /home/ivasd/fyt_atuoaim/install/armor_solver/include/armor_solver/armor_solver_node.hpp
[0.522s] -- Up-to-date symlink: /home/ivasd/fyt_atuoaim/install/armor_solver/include/armor_solver/armor_tracker.hpp
[0.522s] -- Up-to-date symlink: /home/ivasd/fyt_atuoaim/install/armor_solver/include/armor_solver/motion_model.hpp
[0.522s] -- Up-to-date symlink: /home/ivasd/fyt_atuoaim/install/armor_solver/share/armor_solver/environment/library_path.sh
[0.522s] -- Up-to-date symlink: /home/ivasd/fyt_atuoaim/install/armor_solver/share/armor_solver/environment/library_path.dsv
[0.522s] -- Up-to-date symlink: /home/ivasd/fyt_atuoaim/install/armor_solver/lib/libarmor_solver.so
[0.522s] -- Up-to-date symlink: /home/ivasd/fyt_atuoaim/install/armor_solver/share/ament_index/resource_index/package_run_dependencies/armor_solver
[0.522s] -- Up-to-date symlink: /home/ivasd/fyt_atuoaim/install/armor_solver/share/ament_index/resource_index/parent_prefix_path/armor_solver
[0.522s] -- Up-to-date symlink: /home/ivasd/fyt_atuoaim/install/armor_solver/share/armor_solver/environment/ament_prefix_path.sh
[0.523s] -- Up-to-date symlink: /home/ivasd/fyt_atuoaim/install/armor_solver/share/armor_solver/environment/ament_prefix_path.dsv
[0.523s] -- Up-to-date symlink: /home/ivasd/fyt_atuoaim/install/armor_solver/share/armor_solver/environment/path.sh
[0.523s] -- Up-to-date symlink: /home/ivasd/fyt_atuoaim/install/armor_solver/share/armor_solver/environment/path.dsv
[0.523s] -- Up-to-date symlink: /home/ivasd/fyt_atuoaim/install/armor_solver/share/armor_solver/local_setup.bash
[0.523s] -- Up-to-date symlink: /home/ivasd/fyt_atuoaim/install/armor_solver/share/armor_solver/local_setup.sh
[0.523s] -- Up-to-date symlink: /home/ivasd/fyt_atuoaim/install/armor_solver/share/armor_solver/local_setup.zsh
[0.523s] -- Up-to-date symlink: /home/ivasd/fyt_atuoaim/install/armor_solver/share/armor_solver/local_setup.dsv
[0.524s] -- Symlinking: /home/ivasd/fyt_atuoaim/install/armor_solver/share/armor_solver/package.dsv
[0.526s] -- Up-to-date symlink: /home/ivasd/fyt_atuoaim/install/armor_solver/share/ament_index/resource_index/packages/armor_solver
[0.526s] -- Up-to-date symlink: /home/ivasd/fyt_atuoaim/install/armor_solver/share/ament_index/resource_index/rclcpp_components/armor_solver
[0.526s] -- Up-to-date symlink: /home/ivasd/fyt_atuoaim/install/armor_solver/share/armor_solver/cmake/ament_cmake_export_dependencies-extras.cmake
[0.526s] -- Up-to-date symlink: /home/ivasd/fyt_atuoaim/install/armor_solver/share/armor_solver/cmake/ament_cmake_export_include_directories-extras.cmake
[0.527s] -- Up-to-date symlink: /home/ivasd/fyt_atuoaim/install/armor_solver/share/armor_solver/cmake/ament_cmake_export_libraries-extras.cmake
[0.527s] -- Up-to-date symlink: /home/ivasd/fyt_atuoaim/install/armor_solver/share/armor_solver/cmake/armor_solverConfig.cmake
[0.527s] -- Up-to-date symlink: /home/ivasd/fyt_atuoaim/install/armor_solver/share/armor_solver/cmake/armor_solverConfig-version.cmake
[0.527s] -- Up-to-date symlink: /home/ivasd/fyt_atuoaim/install/armor_solver/share/armor_solver/package.xml
[0.528s] Invoked command in '/home/ivasd/fyt_atuoaim/build/armor_solver' returned '0': CMAKE_PREFIX_PATH=/home/ivasd/fyt_atuoaim/install/rm_utils:/home/ivasd/fyt_atuoaim/install/rm_interfaces:/home/ivasd/fyt_atuoaim/install/rm_bringup:/home/ivasd/fyt_atuoaim/install/rm_serial_driver:/home/ivasd/fyt_atuoaim/install/rm_camera_driver:/home/ivasd/fyt_atuoaim/install/rm_auto_aim:/home/ivasd/fyt_atuoaim/install/armor_solver:/home/ivasd/fyt_atuoaim/install/armor_detector:/home/ivasd/fyt_atuoaim/install/rm_robot_description:/opt/ros/humble LD_LIBRARY_PATH=/home/ivasd/fyt_atuoaim/install/rm_utils/lib:/home/ivasd/fyt_atuoaim/install/rm_interfaces/lib:/home/ivasd/fyt_atuoaim/install/rm_serial_driver/lib:/home/ivasd/fyt_atuoaim/install/rm_camera_driver/lib:/home/ivasd/fyt_atuoaim/install/armor_solver/lib:/home/ivasd/fyt_atuoaim/install/armor_detector/lib:/opt/ros/humble/opt/rviz_ogre_vendor/lib:/opt/ros/humble/lib/x86_64-linux-gnu:/opt/ros/humble/lib /usr/local/bin/cmake --install /home/ivasd/fyt_atuoaim/build/armor_solver
