[0.007s] Invoking command in '/home/ivasd/fyt_atuoaim/build/rm_camera_driver': CMAKE_PREFIX_PATH=/home/ivasd/fyt_atuoaim/install/rm_utils:/home/ivasd/fyt_atuoaim/install/rm_bringup:/home/ivasd/fyt_atuoaim/install/rm_serial_driver:/home/ivasd/fyt_atuoaim/install/rm_camera_driver:/home/ivasd/fyt_atuoaim/install/rm_auto_aim:/home/ivasd/fyt_atuoaim/install/armor_solver:/home/ivasd/fyt_atuoaim/install/armor_detector:/home/ivasd/fyt_atuoaim/install/rm_robot_description:/home/ivasd/fyt_atuoaim/install/rm_interfaces:/opt/ros/humble LD_LIBRARY_PATH=/home/ivasd/fyt_atuoaim/install/rm_utils/lib:/home/ivasd/fyt_atuoaim/install/rm_serial_driver/lib:/home/ivasd/fyt_atuoaim/install/rm_camera_driver/lib:/home/ivasd/fyt_atuoaim/install/armor_solver/lib:/home/ivasd/fyt_atuoaim/install/armor_detector/lib:/home/ivasd/fyt_atuoaim/install/rm_interfaces/lib:/opt/ros/humble/opt/rviz_ogre_vendor/lib:/opt/ros/humble/lib/x86_64-linux-gnu:/opt/ros/humble/lib /usr/local/bin/cmake /home/ivasd/fyt_atuoaim/src/rm_hardware_driver/rm_camera_driver -DCMAKE_INSTALL_PREFIX=/home/ivasd/fyt_atuoaim/install/rm_camera_driver
[0.012s] -- Found ament_cmake_auto: 1.3.12 (/opt/ros/humble/share/ament_cmake_auto/cmake)
[0.061s] -- Override CMake install command with custom implementation using symlinks instead of copying resources
[0.107s] -- Found rosidl_generator_c: 3.1.7 (/opt/ros/humble/share/rosidl_generator_c/cmake)
[0.108s] -- Found rosidl_adapter: 3.1.7 (/opt/ros/humble/share/rosidl_adapter/cmake)
[0.111s] -- Found rosidl_generator_cpp: 3.1.7 (/opt/ros/humble/share/rosidl_generator_cpp/cmake)
[0.116s] -- Using all available rosidl_typesupport_c: rosidl_typesupport_fastrtps_c;rosidl_typesupport_introspection_c
[0.122s] -- Using all available rosidl_typesupport_cpp: rosidl_typesupport_fastrtps_cpp;rosidl_typesupport_introspection_cpp
[0.139s] -- Found rmw_implementation_cmake: 6.1.2 (/opt/ros/humble/share/rmw_implementation_cmake/cmake)
[0.140s] -- Found rmw_fastrtps_cpp: 6.2.8 (/opt/ros/humble/share/rmw_fastrtps_cpp/cmake)
[0.198s] -- Using RMW implementation 'rmw_fastrtps_cpp' as default
[0.359s] -- Found AMD headers in: /usr/include/suitesparse
[0.359s] -- Found AMD library: /usr/lib/x86_64-linux-gnu/libamd.so
[0.359s] -- Found CAMD headers in: /usr/include/suitesparse
[0.359s] -- Found CAMD library: /usr/lib/x86_64-linux-gnu/libcamd.so
[0.359s] -- Found CCOLAMD headers in: /usr/include/suitesparse
[0.359s] -- Found CCOLAMD library: /usr/lib/x86_64-linux-gnu/libccolamd.so
[0.359s] -- Found CHOLMOD headers in: /usr/include/suitesparse
[0.359s] -- Found CHOLMOD library: /usr/lib/x86_64-linux-gnu/libcholmod.so
[0.359s] -- Found COLAMD headers in: /usr/include/suitesparse
[0.359s] -- Found COLAMD library: /usr/lib/x86_64-linux-gnu/libcolamd.so
[0.359s] -- Found SPQR headers in: /usr/include/suitesparse
[0.359s] -- Found SPQR library: /usr/lib/x86_64-linux-gnu/libspqr.so
[0.360s] -- Found Config headers in: /usr/include/suitesparse
[0.360s] -- Found Config library: /usr/lib/x86_64-linux-gnu/libsuitesparseconfig.so
[0.360s] -- Found Intel Thread Building Blocks (TBB) library (2021.5 / ) include location: . Assuming SuiteSparseQR was compiled with TBB.
[0.360s] -- Adding librt to SuiteSparse_config libraries (required on Linux & Unix [not OSX] if SuiteSparse is compiled with timing).
[0.361s] -- Could NOT find METIS (missing: METIS_INCLUDE_DIR METIS_LIBRARY) 
[0.378s] -- Found ament_lint_auto: 0.12.14 (/opt/ros/humble/share/ament_lint_auto/cmake)
[0.381s] [0mIn this package, headers install destination is set to `include` by ament_auto_package. It is recommended to install `include/rm_camera_driver` instead and will be the default behavior of ament_auto_package from ROS 2 Kilted Kaiju. On distributions before Kilted, ament_auto_package behaves the same way when you use USE_SCOPED_HEADER_INSTALL_DIR option.[0m
[0.384s] -- Added test 'cppcheck' to perform static code analysis on C / C++ code
[0.384s] -- Configured cppcheck include dirs: /home/ivasd/fyt_atuoaim/src/rm_hardware_driver/rm_camera_driver/include
[0.384s] -- Configured cppcheck exclude dirs and/or files: 
[0.385s] -- Added test 'flake8' to check Python code syntax and style conventions
[0.385s] -- Added test 'lint_cmake' to check CMake code style
[0.385s] -- Added test 'pep257' to check Python code against some of the docstring style conventions in PEP 257
[0.385s] -- Added test 'xmllint' to check XML markup files
[0.386s] -- Configuring done
[0.398s] -- Generating done
[0.402s] -- Build files have been written to: /home/ivasd/fyt_atuoaim/build/rm_camera_driver
[0.406s] Invoked command in '/home/ivasd/fyt_atuoaim/build/rm_camera_driver' returned '0': CMAKE_PREFIX_PATH=/home/ivasd/fyt_atuoaim/install/rm_utils:/home/ivasd/fyt_atuoaim/install/rm_bringup:/home/ivasd/fyt_atuoaim/install/rm_serial_driver:/home/ivasd/fyt_atuoaim/install/rm_camera_driver:/home/ivasd/fyt_atuoaim/install/rm_auto_aim:/home/ivasd/fyt_atuoaim/install/armor_solver:/home/ivasd/fyt_atuoaim/install/armor_detector:/home/ivasd/fyt_atuoaim/install/rm_robot_description:/home/ivasd/fyt_atuoaim/install/rm_interfaces:/opt/ros/humble LD_LIBRARY_PATH=/home/ivasd/fyt_atuoaim/install/rm_utils/lib:/home/ivasd/fyt_atuoaim/install/rm_serial_driver/lib:/home/ivasd/fyt_atuoaim/install/rm_camera_driver/lib:/home/ivasd/fyt_atuoaim/install/armor_solver/lib:/home/ivasd/fyt_atuoaim/install/armor_detector/lib:/home/ivasd/fyt_atuoaim/install/rm_interfaces/lib:/opt/ros/humble/opt/rviz_ogre_vendor/lib:/opt/ros/humble/lib/x86_64-linux-gnu:/opt/ros/humble/lib /usr/local/bin/cmake /home/ivasd/fyt_atuoaim/src/rm_hardware_driver/rm_camera_driver -DCMAKE_INSTALL_PREFIX=/home/ivasd/fyt_atuoaim/install/rm_camera_driver
[0.407s] Invoking command in '/home/ivasd/fyt_atuoaim/build/rm_camera_driver': CMAKE_PREFIX_PATH=/home/ivasd/fyt_atuoaim/install/rm_utils:/home/ivasd/fyt_atuoaim/install/rm_bringup:/home/ivasd/fyt_atuoaim/install/rm_serial_driver:/home/ivasd/fyt_atuoaim/install/rm_camera_driver:/home/ivasd/fyt_atuoaim/install/rm_auto_aim:/home/ivasd/fyt_atuoaim/install/armor_solver:/home/ivasd/fyt_atuoaim/install/armor_detector:/home/ivasd/fyt_atuoaim/install/rm_robot_description:/home/ivasd/fyt_atuoaim/install/rm_interfaces:/opt/ros/humble LD_LIBRARY_PATH=/home/ivasd/fyt_atuoaim/install/rm_utils/lib:/home/ivasd/fyt_atuoaim/install/rm_serial_driver/lib:/home/ivasd/fyt_atuoaim/install/rm_camera_driver/lib:/home/ivasd/fyt_atuoaim/install/armor_solver/lib:/home/ivasd/fyt_atuoaim/install/armor_detector/lib:/home/ivasd/fyt_atuoaim/install/rm_interfaces/lib:/opt/ros/humble/opt/rviz_ogre_vendor/lib:/opt/ros/humble/lib/x86_64-linux-gnu:/opt/ros/humble/lib /usr/local/bin/cmake --build /home/ivasd/fyt_atuoaim/build/rm_camera_driver -- -j32 -l32
[0.424s] [35m[1mConsolidate compiler generated dependencies of target video_player_node[0m
[0.424s] [35m[1mConsolidate compiler generated dependencies of target rm_camera_driver_node[0m
[0.424s] [35m[1mConsolidate compiler generated dependencies of target rm_camera_driver[0m
[0.432s] [ 25%] Built target video_player_node
[0.434s] [ 50%] Built target rm_camera_driver_node
[0.436s] [100%] Built target rm_camera_driver
[0.442s] Invoked command in '/home/ivasd/fyt_atuoaim/build/rm_camera_driver' returned '0': CMAKE_PREFIX_PATH=/home/ivasd/fyt_atuoaim/install/rm_utils:/home/ivasd/fyt_atuoaim/install/rm_bringup:/home/ivasd/fyt_atuoaim/install/rm_serial_driver:/home/ivasd/fyt_atuoaim/install/rm_camera_driver:/home/ivasd/fyt_atuoaim/install/rm_auto_aim:/home/ivasd/fyt_atuoaim/install/armor_solver:/home/ivasd/fyt_atuoaim/install/armor_detector:/home/ivasd/fyt_atuoaim/install/rm_robot_description:/home/ivasd/fyt_atuoaim/install/rm_interfaces:/opt/ros/humble LD_LIBRARY_PATH=/home/ivasd/fyt_atuoaim/install/rm_utils/lib:/home/ivasd/fyt_atuoaim/install/rm_serial_driver/lib:/home/ivasd/fyt_atuoaim/install/rm_camera_driver/lib:/home/ivasd/fyt_atuoaim/install/armor_solver/lib:/home/ivasd/fyt_atuoaim/install/armor_detector/lib:/home/ivasd/fyt_atuoaim/install/rm_interfaces/lib:/opt/ros/humble/opt/rviz_ogre_vendor/lib:/opt/ros/humble/lib/x86_64-linux-gnu:/opt/ros/humble/lib /usr/local/bin/cmake --build /home/ivasd/fyt_atuoaim/build/rm_camera_driver -- -j32 -l32
[0.443s] Invoking command in '/home/ivasd/fyt_atuoaim/build/rm_camera_driver': CMAKE_PREFIX_PATH=/home/ivasd/fyt_atuoaim/install/rm_utils:/home/ivasd/fyt_atuoaim/install/rm_bringup:/home/ivasd/fyt_atuoaim/install/rm_serial_driver:/home/ivasd/fyt_atuoaim/install/rm_camera_driver:/home/ivasd/fyt_atuoaim/install/rm_auto_aim:/home/ivasd/fyt_atuoaim/install/armor_solver:/home/ivasd/fyt_atuoaim/install/armor_detector:/home/ivasd/fyt_atuoaim/install/rm_robot_description:/home/ivasd/fyt_atuoaim/install/rm_interfaces:/opt/ros/humble LD_LIBRARY_PATH=/home/ivasd/fyt_atuoaim/install/rm_utils/lib:/home/ivasd/fyt_atuoaim/install/rm_serial_driver/lib:/home/ivasd/fyt_atuoaim/install/rm_camera_driver/lib:/home/ivasd/fyt_atuoaim/install/armor_solver/lib:/home/ivasd/fyt_atuoaim/install/armor_detector/lib:/home/ivasd/fyt_atuoaim/install/rm_interfaces/lib:/opt/ros/humble/opt/rviz_ogre_vendor/lib:/opt/ros/humble/lib/x86_64-linux-gnu:/opt/ros/humble/lib /usr/local/bin/cmake --install /home/ivasd/fyt_atuoaim/build/rm_camera_driver
[0.445s] -- Install configuration: ""
[0.445s] -- Execute custom install script
[0.446s] -- Up-to-date symlink: /home/ivasd/fyt_atuoaim/install/rm_camera_driver/lib/x86_64/libFormatConversion.so
[0.446s] -- Up-to-date symlink: /home/ivasd/fyt_atuoaim/install/rm_camera_driver/lib/x86_64/libMVRender.so
[0.446s] -- Up-to-date symlink: /home/ivasd/fyt_atuoaim/install/rm_camera_driver/lib/x86_64/libMediaProcess.so
[0.446s] -- Up-to-date symlink: /home/ivasd/fyt_atuoaim/install/rm_camera_driver/lib/x86_64/libMvCameraControl.so
[0.446s] -- Up-to-date symlink: /home/ivasd/fyt_atuoaim/install/rm_camera_driver/lib/x86_64/libMvUsb3vTL.so
[0.446s] -- Up-to-date symlink: /home/ivasd/fyt_atuoaim/install/rm_camera_driver/lib/rm_camera_driver/rm_camera_driver_node
[0.446s] -- Up-to-date symlink: /home/ivasd/fyt_atuoaim/install/rm_camera_driver/lib/rm_camera_driver/video_player_node
[0.446s] -- Up-to-date symlink: /home/ivasd/fyt_atuoaim/install/rm_camera_driver/include/hik/CameraParams.h
[0.446s] -- Up-to-date symlink: /home/ivasd/fyt_atuoaim/install/rm_camera_driver/include/hik/MvCameraControl.h
[0.446s] -- Up-to-date symlink: /home/ivasd/fyt_atuoaim/install/rm_camera_driver/include/hik/MvErrorDefine.h
[0.446s] -- Up-to-date symlink: /home/ivasd/fyt_atuoaim/install/rm_camera_driver/include/hik/MvISPErrorDefine.h
[0.446s] -- Up-to-date symlink: /home/ivasd/fyt_atuoaim/install/rm_camera_driver/include/hik/PixelType.h
[0.446s] -- Up-to-date symlink: /home/ivasd/fyt_atuoaim/install/rm_camera_driver/include/rm_camera_driver/hik_camera.hpp
[0.447s] -- Up-to-date symlink: /home/ivasd/fyt_atuoaim/install/rm_camera_driver/include/rm_camera_driver/recorder.hpp
[0.447s] -- Up-to-date symlink: /home/ivasd/fyt_atuoaim/install/rm_camera_driver/share/rm_camera_driver/environment/library_path.sh
[0.447s] -- Up-to-date symlink: /home/ivasd/fyt_atuoaim/install/rm_camera_driver/share/rm_camera_driver/environment/library_path.dsv
[0.447s] -- Up-to-date symlink: /home/ivasd/fyt_atuoaim/install/rm_camera_driver/lib/librm_camera_driver.so
[0.447s] -- Up-to-date symlink: /home/ivasd/fyt_atuoaim/install/rm_camera_driver/share/rm_camera_driver/config/camera_info.yaml
[0.447s] -- Up-to-date symlink: /home/ivasd/fyt_atuoaim/install/rm_camera_driver/share/rm_camera_driver/config/camera_params.yaml
[0.447s] -- Up-to-date symlink: /home/ivasd/fyt_atuoaim/install/rm_camera_driver/share/rm_camera_driver/launch/hik_camera.launch.py
[0.447s] -- Up-to-date symlink: /home/ivasd/fyt_atuoaim/install/rm_camera_driver/share/ament_index/resource_index/package_run_dependencies/rm_camera_driver
[0.447s] -- Up-to-date symlink: /home/ivasd/fyt_atuoaim/install/rm_camera_driver/share/ament_index/resource_index/parent_prefix_path/rm_camera_driver
[0.447s] -- Up-to-date symlink: /home/ivasd/fyt_atuoaim/install/rm_camera_driver/share/rm_camera_driver/environment/ament_prefix_path.sh
[0.447s] -- Up-to-date symlink: /home/ivasd/fyt_atuoaim/install/rm_camera_driver/share/rm_camera_driver/environment/ament_prefix_path.dsv
[0.447s] -- Up-to-date symlink: /home/ivasd/fyt_atuoaim/install/rm_camera_driver/share/rm_camera_driver/environment/path.sh
[0.447s] -- Up-to-date symlink: /home/ivasd/fyt_atuoaim/install/rm_camera_driver/share/rm_camera_driver/environment/path.dsv
[0.448s] -- Up-to-date symlink: /home/ivasd/fyt_atuoaim/install/rm_camera_driver/share/rm_camera_driver/local_setup.bash
[0.448s] -- Up-to-date symlink: /home/ivasd/fyt_atuoaim/install/rm_camera_driver/share/rm_camera_driver/local_setup.sh
[0.448s] -- Up-to-date symlink: /home/ivasd/fyt_atuoaim/install/rm_camera_driver/share/rm_camera_driver/local_setup.zsh
[0.448s] -- Up-to-date symlink: /home/ivasd/fyt_atuoaim/install/rm_camera_driver/share/rm_camera_driver/local_setup.dsv
[0.448s] -- Symlinking: /home/ivasd/fyt_atuoaim/install/rm_camera_driver/share/rm_camera_driver/package.dsv
[0.450s] -- Up-to-date symlink: /home/ivasd/fyt_atuoaim/install/rm_camera_driver/share/ament_index/resource_index/packages/rm_camera_driver
[0.450s] -- Up-to-date symlink: /home/ivasd/fyt_atuoaim/install/rm_camera_driver/share/ament_index/resource_index/rclcpp_components/rm_camera_driver
[0.451s] -- Up-to-date symlink: /home/ivasd/fyt_atuoaim/install/rm_camera_driver/share/rm_camera_driver/cmake/ament_cmake_export_dependencies-extras.cmake
[0.451s] -- Up-to-date symlink: /home/ivasd/fyt_atuoaim/install/rm_camera_driver/share/rm_camera_driver/cmake/ament_cmake_export_include_directories-extras.cmake
[0.451s] -- Up-to-date symlink: /home/ivasd/fyt_atuoaim/install/rm_camera_driver/share/rm_camera_driver/cmake/ament_cmake_export_libraries-extras.cmake
[0.451s] -- Up-to-date symlink: /home/ivasd/fyt_atuoaim/install/rm_camera_driver/share/rm_camera_driver/cmake/rm_camera_driverConfig.cmake
[0.451s] -- Up-to-date symlink: /home/ivasd/fyt_atuoaim/install/rm_camera_driver/share/rm_camera_driver/cmake/rm_camera_driverConfig-version.cmake
[0.451s] -- Up-to-date symlink: /home/ivasd/fyt_atuoaim/install/rm_camera_driver/share/rm_camera_driver/package.xml
[0.452s] Invoked command in '/home/ivasd/fyt_atuoaim/build/rm_camera_driver' returned '0': CMAKE_PREFIX_PATH=/home/ivasd/fyt_atuoaim/install/rm_utils:/home/ivasd/fyt_atuoaim/install/rm_bringup:/home/ivasd/fyt_atuoaim/install/rm_serial_driver:/home/ivasd/fyt_atuoaim/install/rm_camera_driver:/home/ivasd/fyt_atuoaim/install/rm_auto_aim:/home/ivasd/fyt_atuoaim/install/armor_solver:/home/ivasd/fyt_atuoaim/install/armor_detector:/home/ivasd/fyt_atuoaim/install/rm_robot_description:/home/ivasd/fyt_atuoaim/install/rm_interfaces:/opt/ros/humble LD_LIBRARY_PATH=/home/ivasd/fyt_atuoaim/install/rm_utils/lib:/home/ivasd/fyt_atuoaim/install/rm_serial_driver/lib:/home/ivasd/fyt_atuoaim/install/rm_camera_driver/lib:/home/ivasd/fyt_atuoaim/install/armor_solver/lib:/home/ivasd/fyt_atuoaim/install/armor_detector/lib:/home/ivasd/fyt_atuoaim/install/rm_interfaces/lib:/opt/ros/humble/opt/rviz_ogre_vendor/lib:/opt/ros/humble/lib/x86_64-linux-gnu:/opt/ros/humble/lib /usr/local/bin/cmake --install /home/ivasd/fyt_atuoaim/build/rm_camera_driver
