[0.007s] Invoking command in '/home/ivasd/fyt_atuoaim/build/rm_robot_description': CMAKE_PREFIX_PATH=${CMAKE_PREFIX_PATH}:/opt/ros/humble /usr/local/bin/cmake /home/ivasd/fyt_atuoaim/src/rm_robot_description -DAMENT_CMAKE_SYMLINK_INSTALL=1 -DCMAKE_INSTALL_PREFIX=/home/ivasd/fyt_atuoaim/install/rm_robot_description
[0.041s] -- The C compiler identification is GNU 11.4.0
[0.075s] -- The CXX compiler identification is GNU 11.4.0
[0.081s] -- Detecting C compiler ABI info
[0.119s] -- Detecting C compiler ABI info - done
[0.122s] -- Check for working C compiler: /usr/bin/cc - skipped
[0.123s] -- Detecting C compile features
[0.123s] -- Detecting C compile features - done
[0.124s] -- Detecting CXX compiler ABI info
[0.164s] -- Detecting CXX compiler ABI info - done
[0.168s] -- Check for working CXX compiler: /usr/bin/c++ - skipped
[0.168s] -- Detecting CXX compile features
[0.168s] -- Detecting CXX compile features - done
[0.169s] -- Found ament_cmake: 1.3.12 (/opt/ros/humble/share/ament_cmake/cmake)
[0.235s] -- Found Python3: /usr/bin/python3 (found version "3.10.12") found components: Interpreter 
[0.267s] -- Override CMake install command with custom implementation using symlinks instead of copying resources
[0.278s] -- Found ament_lint_auto: 0.12.14 (/opt/ros/humble/share/ament_lint_auto/cmake)
[0.324s] -- Added test 'lint_cmake' to check CMake code style
[0.325s] -- Added test 'xmllint' to check XML markup files
[0.326s] -- Configuring done
[0.327s] -- Generating done
[0.328s] -- Build files have been written to: /home/ivasd/fyt_atuoaim/build/rm_robot_description
[0.330s] Invoked command in '/home/ivasd/fyt_atuoaim/build/rm_robot_description' returned '0': CMAKE_PREFIX_PATH=${CMAKE_PREFIX_PATH}:/opt/ros/humble /usr/local/bin/cmake /home/ivasd/fyt_atuoaim/src/rm_robot_description -DAMENT_CMAKE_SYMLINK_INSTALL=1 -DCMAKE_INSTALL_PREFIX=/home/ivasd/fyt_atuoaim/install/rm_robot_description
[0.331s] Invoking command in '/home/ivasd/fyt_atuoaim/build/rm_robot_description': CMAKE_PREFIX_PATH=${CMAKE_PREFIX_PATH}:/opt/ros/humble /usr/local/bin/cmake --build /home/ivasd/fyt_atuoaim/build/rm_robot_description -- -j32 -l32
[0.346s] Invoked command in '/home/ivasd/fyt_atuoaim/build/rm_robot_description' returned '0': CMAKE_PREFIX_PATH=${CMAKE_PREFIX_PATH}:/opt/ros/humble /usr/local/bin/cmake --build /home/ivasd/fyt_atuoaim/build/rm_robot_description -- -j32 -l32
[0.349s] Invoking command in '/home/ivasd/fyt_atuoaim/build/rm_robot_description': CMAKE_PREFIX_PATH=${CMAKE_PREFIX_PATH}:/opt/ros/humble /usr/local/bin/cmake --install /home/ivasd/fyt_atuoaim/build/rm_robot_description
[0.351s] -- Install configuration: ""
[0.351s] -- Execute custom install script
[0.351s] -- Symlinking: /home/ivasd/fyt_atuoaim/install/rm_robot_description/share/rm_robot_description/urdf/rm_gimbal.urdf.xacro
[0.354s] -- Symlinking: /home/ivasd/fyt_atuoaim/install/rm_robot_description/share/rm_robot_description/urdf/sentry.urdf.xacro
[0.356s] -- Symlinking: /home/ivasd/fyt_atuoaim/install/rm_robot_description/share/ament_index/resource_index/package_run_dependencies/rm_robot_description
[0.359s] -- Symlinking: /home/ivasd/fyt_atuoaim/install/rm_robot_description/share/ament_index/resource_index/parent_prefix_path/rm_robot_description
[0.361s] -- Symlinking: /home/ivasd/fyt_atuoaim/install/rm_robot_description/share/rm_robot_description/environment/ament_prefix_path.sh
[0.363s] -- Symlinking: /home/ivasd/fyt_atuoaim/install/rm_robot_description/share/rm_robot_description/environment/ament_prefix_path.dsv
[0.365s] -- Symlinking: /home/ivasd/fyt_atuoaim/install/rm_robot_description/share/rm_robot_description/environment/path.sh
[0.367s] -- Symlinking: /home/ivasd/fyt_atuoaim/install/rm_robot_description/share/rm_robot_description/environment/path.dsv
[0.369s] -- Symlinking: /home/ivasd/fyt_atuoaim/install/rm_robot_description/share/rm_robot_description/local_setup.bash
[0.372s] -- Symlinking: /home/ivasd/fyt_atuoaim/install/rm_robot_description/share/rm_robot_description/local_setup.sh
[0.374s] -- Symlinking: /home/ivasd/fyt_atuoaim/install/rm_robot_description/share/rm_robot_description/local_setup.zsh
[0.376s] -- Symlinking: /home/ivasd/fyt_atuoaim/install/rm_robot_description/share/rm_robot_description/local_setup.dsv
[0.379s] -- Symlinking: /home/ivasd/fyt_atuoaim/install/rm_robot_description/share/rm_robot_description/package.dsv
[0.381s] -- Symlinking: /home/ivasd/fyt_atuoaim/install/rm_robot_description/share/ament_index/resource_index/packages/rm_robot_description
[0.384s] -- Symlinking: /home/ivasd/fyt_atuoaim/install/rm_robot_description/share/rm_robot_description/cmake/rm_robot_descriptionConfig.cmake
[0.386s] -- Symlinking: /home/ivasd/fyt_atuoaim/install/rm_robot_description/share/rm_robot_description/cmake/rm_robot_descriptionConfig-version.cmake
[0.389s] -- Symlinking: /home/ivasd/fyt_atuoaim/install/rm_robot_description/share/rm_robot_description/package.xml
[0.392s] Invoked command in '/home/ivasd/fyt_atuoaim/build/rm_robot_description' returned '0': CMAKE_PREFIX_PATH=${CMAKE_PREFIX_PATH}:/opt/ros/humble /usr/local/bin/cmake --install /home/ivasd/fyt_atuoaim/build/rm_robot_description
