[0.010s] Invoking command in '/home/ivasd/fyt_atuoaim/build/armor_detector': CMAKE_PREFIX_PATH=/home/ivasd/fyt_atuoaim/install/rm_utils:/home/ivasd/fyt_atuoaim/install/rm_interfaces:/home/ivasd/fyt_atuoaim/install/rm_bringup:/home/ivasd/fyt_atuoaim/install/rm_serial_driver:/home/ivasd/fyt_atuoaim/install/rm_camera_driver:/home/ivasd/fyt_atuoaim/install/rm_auto_aim:/home/ivasd/fyt_atuoaim/install/armor_solver:/home/ivasd/fyt_atuoaim/install/armor_detector:/home/ivasd/fyt_atuoaim/install/rm_robot_description:/opt/ros/humble LD_LIBRARY_PATH=/home/ivasd/fyt_atuoaim/install/rm_utils/lib:/home/ivasd/fyt_atuoaim/install/rm_interfaces/lib:/home/ivasd/fyt_atuoaim/install/rm_serial_driver/lib:/home/ivasd/fyt_atuoaim/install/rm_camera_driver/lib:/home/ivasd/fyt_atuoaim/install/armor_solver/lib:/home/ivasd/fyt_atuoaim/install/armor_detector/lib:/opt/ros/humble/opt/rviz_ogre_vendor/lib:/opt/ros/humble/lib/x86_64-linux-gnu:/opt/ros/humble/lib /usr/local/bin/cmake /home/ivasd/fyt_atuoaim/src/rm_auto_aim/armor_detector -DCMAKE_INSTALL_PREFIX=/home/ivasd/fyt_atuoaim/install/armor_detector
[0.016s] -- Found ament_cmake_auto: 1.3.12 (/opt/ros/humble/share/ament_cmake_auto/cmake)
[0.070s] -- Override CMake install command with custom implementation using symlinks instead of copying resources
[0.080s] -- Searching for g2o ...
[0.080s] -- Found g2o headers in: /usr/local/include/g2o
[0.080s] -- Found libg2o: /usr/local/lib/libg2o_csparse_extension.so;/usr/local/lib/libg2o_core.so;/usr/local/lib/libg2o_stuff.so;/usr/local/lib/libg2o_types_slam2d.so;/usr/local/lib/libg2o_types_slam3d.so;/usr/local/lib/libg2o_solver_cholmod.so;/usr/local/lib/libg2o_solver_pcg.so;/usr/local/lib/libg2o_solver_csparse.so;/usr/local/lib/libg2o_incremental.so
[0.130s] -- Found rosidl_generator_c: 3.1.7 (/opt/ros/humble/share/rosidl_generator_c/cmake)
[0.132s] -- Found rosidl_adapter: 3.1.7 (/opt/ros/humble/share/rosidl_adapter/cmake)
[0.135s] -- Found rosidl_generator_cpp: 3.1.7 (/opt/ros/humble/share/rosidl_generator_cpp/cmake)
[0.140s] -- Using all available rosidl_typesupport_c: rosidl_typesupport_fastrtps_c;rosidl_typesupport_introspection_c
[0.148s] -- Using all available rosidl_typesupport_cpp: rosidl_typesupport_fastrtps_cpp;rosidl_typesupport_introspection_cpp
[0.167s] -- Found rmw_implementation_cmake: 6.1.2 (/opt/ros/humble/share/rmw_implementation_cmake/cmake)
[0.168s] -- Found rmw_fastrtps_cpp: 6.2.8 (/opt/ros/humble/share/rmw_fastrtps_cpp/cmake)
[0.228s] -- Using RMW implementation 'rmw_fastrtps_cpp' as default
[0.371s] -- Found eigen3_cmake_module: 0.1.1 (/opt/ros/humble/share/eigen3_cmake_module/cmake)
[0.371s] -- Ensuring Eigen3 include directory is part of orocos-kdl CMake target
[0.453s] -- Found AMD headers in: /usr/include/suitesparse
[0.453s] -- Found AMD library: /usr/lib/x86_64-linux-gnu/libamd.so
[0.453s] -- Found CAMD headers in: /usr/include/suitesparse
[0.453s] -- Found CAMD library: /usr/lib/x86_64-linux-gnu/libcamd.so
[0.453s] -- Found CCOLAMD headers in: /usr/include/suitesparse
[0.453s] -- Found CCOLAMD library: /usr/lib/x86_64-linux-gnu/libccolamd.so
[0.454s] -- Found CHOLMOD headers in: /usr/include/suitesparse
[0.454s] -- Found CHOLMOD library: /usr/lib/x86_64-linux-gnu/libcholmod.so
[0.454s] -- Found COLAMD headers in: /usr/include/suitesparse
[0.454s] -- Found COLAMD library: /usr/lib/x86_64-linux-gnu/libcolamd.so
[0.454s] -- Found SPQR headers in: /usr/include/suitesparse
[0.454s] -- Found SPQR library: /usr/lib/x86_64-linux-gnu/libspqr.so
[0.454s] -- Found Config headers in: /usr/include/suitesparse
[0.454s] -- Found Config library: /usr/lib/x86_64-linux-gnu/libsuitesparseconfig.so
[0.454s] -- Found Intel Thread Building Blocks (TBB) library (2021.5 / ) include location: . Assuming SuiteSparseQR was compiled with TBB.
[0.454s] -- Adding librt to SuiteSparse_config libraries (required on Linux & Unix [not OSX] if SuiteSparse is compiled with timing).
[0.456s] -- Could NOT find METIS (missing: METIS_INCLUDE_DIR METIS_LIBRARY) 
[0.464s] -- Found ament_lint_auto: 0.12.14 (/opt/ros/humble/share/ament_lint_auto/cmake)
[0.472s] -- Found gtest sources under '/opt/ros/humble/src/gtest_vendor': C++ tests using 'Google Test' will be built
[0.475s] [0mIn this package, headers install destination is set to `include` by ament_auto_package. It is recommended to install `include/armor_detector` instead and will be the default behavior of ament_auto_package from ROS 2 Kilted Kaiju. On distributions before Kilted, ament_auto_package behaves the same way when you use USE_SCOPED_HEADER_INSTALL_DIR option.[0m
[0.479s] -- Added test 'cppcheck' to perform static code analysis on C / C++ code
[0.479s] -- Configured cppcheck include dirs: /home/ivasd/fyt_atuoaim/src/rm_auto_aim/armor_detector/include
[0.479s] -- Configured cppcheck exclude dirs and/or files: 
[0.479s] -- Added test 'xmllint' to check XML markup files
[0.481s] -- Configuring done
[0.500s] -- Generating done
[0.506s] -- Build files have been written to: /home/ivasd/fyt_atuoaim/build/armor_detector
[0.512s] Invoked command in '/home/ivasd/fyt_atuoaim/build/armor_detector' returned '0': CMAKE_PREFIX_PATH=/home/ivasd/fyt_atuoaim/install/rm_utils:/home/ivasd/fyt_atuoaim/install/rm_interfaces:/home/ivasd/fyt_atuoaim/install/rm_bringup:/home/ivasd/fyt_atuoaim/install/rm_serial_driver:/home/ivasd/fyt_atuoaim/install/rm_camera_driver:/home/ivasd/fyt_atuoaim/install/rm_auto_aim:/home/ivasd/fyt_atuoaim/install/armor_solver:/home/ivasd/fyt_atuoaim/install/armor_detector:/home/ivasd/fyt_atuoaim/install/rm_robot_description:/opt/ros/humble LD_LIBRARY_PATH=/home/ivasd/fyt_atuoaim/install/rm_utils/lib:/home/ivasd/fyt_atuoaim/install/rm_interfaces/lib:/home/ivasd/fyt_atuoaim/install/rm_serial_driver/lib:/home/ivasd/fyt_atuoaim/install/rm_camera_driver/lib:/home/ivasd/fyt_atuoaim/install/armor_solver/lib:/home/ivasd/fyt_atuoaim/install/armor_detector/lib:/opt/ros/humble/opt/rviz_ogre_vendor/lib:/opt/ros/humble/lib/x86_64-linux-gnu:/opt/ros/humble/lib /usr/local/bin/cmake /home/ivasd/fyt_atuoaim/src/rm_auto_aim/armor_detector -DCMAKE_INSTALL_PREFIX=/home/ivasd/fyt_atuoaim/install/armor_detector
[0.512s] Invoking command in '/home/ivasd/fyt_atuoaim/build/armor_detector': CMAKE_PREFIX_PATH=/home/ivasd/fyt_atuoaim/install/rm_utils:/home/ivasd/fyt_atuoaim/install/rm_interfaces:/home/ivasd/fyt_atuoaim/install/rm_bringup:/home/ivasd/fyt_atuoaim/install/rm_serial_driver:/home/ivasd/fyt_atuoaim/install/rm_camera_driver:/home/ivasd/fyt_atuoaim/install/rm_auto_aim:/home/ivasd/fyt_atuoaim/install/armor_solver:/home/ivasd/fyt_atuoaim/install/armor_detector:/home/ivasd/fyt_atuoaim/install/rm_robot_description:/opt/ros/humble LD_LIBRARY_PATH=/home/ivasd/fyt_atuoaim/install/rm_utils/lib:/home/ivasd/fyt_atuoaim/install/rm_interfaces/lib:/home/ivasd/fyt_atuoaim/install/rm_serial_driver/lib:/home/ivasd/fyt_atuoaim/install/rm_camera_driver/lib:/home/ivasd/fyt_atuoaim/install/armor_solver/lib:/home/ivasd/fyt_atuoaim/install/armor_detector/lib:/opt/ros/humble/opt/rviz_ogre_vendor/lib:/opt/ros/humble/lib/x86_64-linux-gnu:/opt/ros/humble/lib /usr/local/bin/cmake --build /home/ivasd/fyt_atuoaim/build/armor_detector -- -j32 -l32
[0.529s] [35m[1mConsolidate compiler generated dependencies of target gtest_main[0m
[0.529s] [35m[1mConsolidate compiler generated dependencies of target gtest[0m
[0.529s] [35m[1mConsolidate compiler generated dependencies of target armor_detector_node[0m
[0.533s] [35m[1mConsolidate compiler generated dependencies of target armor_detector[0m
[0.534s] [ 12%] Built target gtest_main
[0.535s] [ 25%] Built target gtest
[0.537s] [ 37%] Built target armor_detector_node
[0.556s] [ 87%] Built target armor_detector
[0.561s] [35m[1mConsolidate compiler generated dependencies of target test_detector[0m
[0.572s] [100%] Built target test_detector
[0.577s] Invoked command in '/home/ivasd/fyt_atuoaim/build/armor_detector' returned '0': CMAKE_PREFIX_PATH=/home/ivasd/fyt_atuoaim/install/rm_utils:/home/ivasd/fyt_atuoaim/install/rm_interfaces:/home/ivasd/fyt_atuoaim/install/rm_bringup:/home/ivasd/fyt_atuoaim/install/rm_serial_driver:/home/ivasd/fyt_atuoaim/install/rm_camera_driver:/home/ivasd/fyt_atuoaim/install/rm_auto_aim:/home/ivasd/fyt_atuoaim/install/armor_solver:/home/ivasd/fyt_atuoaim/install/armor_detector:/home/ivasd/fyt_atuoaim/install/rm_robot_description:/opt/ros/humble LD_LIBRARY_PATH=/home/ivasd/fyt_atuoaim/install/rm_utils/lib:/home/ivasd/fyt_atuoaim/install/rm_interfaces/lib:/home/ivasd/fyt_atuoaim/install/rm_serial_driver/lib:/home/ivasd/fyt_atuoaim/install/rm_camera_driver/lib:/home/ivasd/fyt_atuoaim/install/armor_solver/lib:/home/ivasd/fyt_atuoaim/install/armor_detector/lib:/opt/ros/humble/opt/rviz_ogre_vendor/lib:/opt/ros/humble/lib/x86_64-linux-gnu:/opt/ros/humble/lib /usr/local/bin/cmake --build /home/ivasd/fyt_atuoaim/build/armor_detector -- -j32 -l32
[0.578s] Invoking command in '/home/ivasd/fyt_atuoaim/build/armor_detector': CMAKE_PREFIX_PATH=/home/ivasd/fyt_atuoaim/install/rm_utils:/home/ivasd/fyt_atuoaim/install/rm_interfaces:/home/ivasd/fyt_atuoaim/install/rm_bringup:/home/ivasd/fyt_atuoaim/install/rm_serial_driver:/home/ivasd/fyt_atuoaim/install/rm_camera_driver:/home/ivasd/fyt_atuoaim/install/rm_auto_aim:/home/ivasd/fyt_atuoaim/install/armor_solver:/home/ivasd/fyt_atuoaim/install/armor_detector:/home/ivasd/fyt_atuoaim/install/rm_robot_description:/opt/ros/humble LD_LIBRARY_PATH=/home/ivasd/fyt_atuoaim/install/rm_utils/lib:/home/ivasd/fyt_atuoaim/install/rm_interfaces/lib:/home/ivasd/fyt_atuoaim/install/rm_serial_driver/lib:/home/ivasd/fyt_atuoaim/install/rm_camera_driver/lib:/home/ivasd/fyt_atuoaim/install/armor_solver/lib:/home/ivasd/fyt_atuoaim/install/armor_detector/lib:/opt/ros/humble/opt/rviz_ogre_vendor/lib:/opt/ros/humble/lib/x86_64-linux-gnu:/opt/ros/humble/lib /usr/local/bin/cmake --install /home/ivasd/fyt_atuoaim/build/armor_detector
[0.581s] -- Install configuration: ""
[0.581s] -- Execute custom install script
[0.581s] -- Up-to-date symlink: /home/ivasd/fyt_atuoaim/install/armor_detector/lib/armor_detector/armor_detector_node
[0.581s] -- Up-to-date symlink: /home/ivasd/fyt_atuoaim/install/armor_detector/include/armor_detector/armor_detector.hpp
[0.581s] -- Up-to-date symlink: /home/ivasd/fyt_atuoaim/install/armor_detector/include/armor_detector/armor_detector_node.hpp
[0.581s] -- Up-to-date symlink: /home/ivasd/fyt_atuoaim/install/armor_detector/include/armor_detector/armor_pose_estimator.hpp
[0.581s] -- Up-to-date symlink: /home/ivasd/fyt_atuoaim/install/armor_detector/include/armor_detector/ba_solver.hpp
[0.581s] -- Up-to-date symlink: /home/ivasd/fyt_atuoaim/install/armor_detector/include/armor_detector/graph_optimizer.hpp
[0.581s] -- Up-to-date symlink: /home/ivasd/fyt_atuoaim/install/armor_detector/include/armor_detector/light_corner_corrector.hpp
[0.581s] -- Up-to-date symlink: /home/ivasd/fyt_atuoaim/install/armor_detector/include/armor_detector/number_classifier.hpp
[0.581s] -- Up-to-date symlink: /home/ivasd/fyt_atuoaim/install/armor_detector/include/armor_detector/types.hpp
[0.581s] -- Up-to-date symlink: /home/ivasd/fyt_atuoaim/install/armor_detector/share/armor_detector/environment/library_path.sh
[0.581s] -- Up-to-date symlink: /home/ivasd/fyt_atuoaim/install/armor_detector/share/armor_detector/environment/library_path.dsv
[0.582s] -- Up-to-date symlink: /home/ivasd/fyt_atuoaim/install/armor_detector/lib/libarmor_detector.so
[0.582s] -- Up-to-date symlink: /home/ivasd/fyt_atuoaim/install/armor_detector/share/armor_detector/docs/BA.png
[0.582s] -- Up-to-date symlink: /home/ivasd/fyt_atuoaim/install/armor_detector/share/armor_detector/docs/blue.png
[0.582s] -- Up-to-date symlink: /home/ivasd/fyt_atuoaim/install/armor_detector/share/armor_detector/docs/classify.png
[0.582s] -- Up-to-date symlink: /home/ivasd/fyt_atuoaim/install/armor_detector/share/armor_detector/docs/gray_bin.png
[0.582s] -- Up-to-date symlink: /home/ivasd/fyt_atuoaim/install/armor_detector/share/armor_detector/docs/hsv_bin.png
[0.582s] -- Up-to-date symlink: /home/ivasd/fyt_atuoaim/install/armor_detector/share/armor_detector/docs/model.svg
[0.582s] -- Up-to-date symlink: /home/ivasd/fyt_atuoaim/install/armor_detector/share/armor_detector/docs/num_bin.png
[0.582s] -- Up-to-date symlink: /home/ivasd/fyt_atuoaim/install/armor_detector/share/armor_detector/docs/num_raw.png
[0.582s] -- Up-to-date symlink: /home/ivasd/fyt_atuoaim/install/armor_detector/share/armor_detector/docs/num_roi.png
[0.582s] -- Up-to-date symlink: /home/ivasd/fyt_atuoaim/install/armor_detector/share/armor_detector/docs/num_warp.png
[0.582s] -- Up-to-date symlink: /home/ivasd/fyt_atuoaim/install/armor_detector/share/armor_detector/docs/origin1.png
[0.582s] -- Up-to-date symlink: /home/ivasd/fyt_atuoaim/install/armor_detector/share/armor_detector/docs/origin2.png
[0.582s] -- Up-to-date symlink: /home/ivasd/fyt_atuoaim/install/armor_detector/share/armor_detector/docs/pca1.png
[0.582s] -- Up-to-date symlink: /home/ivasd/fyt_atuoaim/install/armor_detector/share/armor_detector/docs/pca2.png
[0.582s] -- Up-to-date symlink: /home/ivasd/fyt_atuoaim/install/armor_detector/share/armor_detector/docs/raw.png
[0.582s] -- Up-to-date symlink: /home/ivasd/fyt_atuoaim/install/armor_detector/share/armor_detector/docs/red.png
[0.582s] -- Up-to-date symlink: /home/ivasd/fyt_atuoaim/install/armor_detector/share/armor_detector/docs/test.png
[0.583s] -- Up-to-date symlink: /home/ivasd/fyt_atuoaim/install/armor_detector/share/armor_detector/model/label.txt
[0.583s] -- Up-to-date symlink: /home/ivasd/fyt_atuoaim/install/armor_detector/share/armor_detector/model/lenet.onnx
[0.583s] -- Up-to-date symlink: /home/ivasd/fyt_atuoaim/install/armor_detector/share/armor_detector/model/mlp.onnx
[0.583s] -- Up-to-date symlink: /home/ivasd/fyt_atuoaim/install/armor_detector/share/ament_index/resource_index/package_run_dependencies/armor_detector
[0.583s] -- Up-to-date symlink: /home/ivasd/fyt_atuoaim/install/armor_detector/share/ament_index/resource_index/parent_prefix_path/armor_detector
[0.583s] -- Up-to-date symlink: /home/ivasd/fyt_atuoaim/install/armor_detector/share/armor_detector/environment/ament_prefix_path.sh
[0.583s] -- Up-to-date symlink: /home/ivasd/fyt_atuoaim/install/armor_detector/share/armor_detector/environment/ament_prefix_path.dsv
[0.583s] -- Up-to-date symlink: /home/ivasd/fyt_atuoaim/install/armor_detector/share/armor_detector/environment/path.sh
[0.583s] -- Up-to-date symlink: /home/ivasd/fyt_atuoaim/install/armor_detector/share/armor_detector/environment/path.dsv
[0.583s] -- Up-to-date symlink: /home/ivasd/fyt_atuoaim/install/armor_detector/share/armor_detector/local_setup.bash
[0.583s] -- Up-to-date symlink: /home/ivasd/fyt_atuoaim/install/armor_detector/share/armor_detector/local_setup.sh
[0.583s] -- Up-to-date symlink: /home/ivasd/fyt_atuoaim/install/armor_detector/share/armor_detector/local_setup.zsh
[0.583s] -- Up-to-date symlink: /home/ivasd/fyt_atuoaim/install/armor_detector/share/armor_detector/local_setup.dsv
[0.583s] -- Symlinking: /home/ivasd/fyt_atuoaim/install/armor_detector/share/armor_detector/package.dsv
[0.586s] -- Up-to-date symlink: /home/ivasd/fyt_atuoaim/install/armor_detector/share/ament_index/resource_index/packages/armor_detector
[0.586s] -- Up-to-date symlink: /home/ivasd/fyt_atuoaim/install/armor_detector/share/ament_index/resource_index/rclcpp_components/armor_detector
[0.586s] -- Up-to-date symlink: /home/ivasd/fyt_atuoaim/install/armor_detector/share/armor_detector/cmake/ament_cmake_export_dependencies-extras.cmake
[0.586s] -- Up-to-date symlink: /home/ivasd/fyt_atuoaim/install/armor_detector/share/armor_detector/cmake/ament_cmake_export_include_directories-extras.cmake
[0.586s] -- Up-to-date symlink: /home/ivasd/fyt_atuoaim/install/armor_detector/share/armor_detector/cmake/ament_cmake_export_libraries-extras.cmake
[0.587s] -- Up-to-date symlink: /home/ivasd/fyt_atuoaim/install/armor_detector/share/armor_detector/cmake/armor_detectorConfig.cmake
[0.587s] -- Up-to-date symlink: /home/ivasd/fyt_atuoaim/install/armor_detector/share/armor_detector/cmake/armor_detectorConfig-version.cmake
[0.587s] -- Up-to-date symlink: /home/ivasd/fyt_atuoaim/install/armor_detector/share/armor_detector/package.xml
[0.588s] Invoked command in '/home/ivasd/fyt_atuoaim/build/armor_detector' returned '0': CMAKE_PREFIX_PATH=/home/ivasd/fyt_atuoaim/install/rm_utils:/home/ivasd/fyt_atuoaim/install/rm_interfaces:/home/ivasd/fyt_atuoaim/install/rm_bringup:/home/ivasd/fyt_atuoaim/install/rm_serial_driver:/home/ivasd/fyt_atuoaim/install/rm_camera_driver:/home/ivasd/fyt_atuoaim/install/rm_auto_aim:/home/ivasd/fyt_atuoaim/install/armor_solver:/home/ivasd/fyt_atuoaim/install/armor_detector:/home/ivasd/fyt_atuoaim/install/rm_robot_description:/opt/ros/humble LD_LIBRARY_PATH=/home/ivasd/fyt_atuoaim/install/rm_utils/lib:/home/ivasd/fyt_atuoaim/install/rm_interfaces/lib:/home/ivasd/fyt_atuoaim/install/rm_serial_driver/lib:/home/ivasd/fyt_atuoaim/install/rm_camera_driver/lib:/home/ivasd/fyt_atuoaim/install/armor_solver/lib:/home/ivasd/fyt_atuoaim/install/armor_detector/lib:/opt/ros/humble/opt/rviz_ogre_vendor/lib:/opt/ros/humble/lib/x86_64-linux-gnu:/opt/ros/humble/lib /usr/local/bin/cmake --install /home/ivasd/fyt_atuoaim/build/armor_detector
