Determining if the function sgemm_ exists failed with the following output:
Change Dir: /home/ivasd/fyt_atuoaim/build/armor_solver/CMakeFiles/CMakeTmp

Run Build Command(s):/usr/bin/gmake -f Makefile cmTC_97778/fast && /usr/bin/gmake  -f CMakeFiles/cmTC_97778.dir/build.make CMakeFiles/cmTC_97778.dir/build
gmake[1]: 进入目录“/home/ivasd/fyt_atuoaim/build/armor_solver/CMakeFiles/CMakeTmp”
Building C object CMakeFiles/cmTC_97778.dir/CheckFunctionExists.c.o
/usr/bin/cc   -DCHECK_FUNCTION_EXISTS=sgemm_ -o CMakeFiles/cmTC_97778.dir/CheckFunctionExists.c.o -c /usr/local/share/cmake-3.24/Modules/CheckFunctionExists.c
Linking C executable cmTC_97778
/usr/local/bin/cmake -E cmake_link_script CMakeFiles/cmTC_97778.dir/link.txt --verbose=1
/usr/bin/cc  -DCHECK_FUNCTION_EXISTS=sgemm_ CMakeFiles/cmTC_97778.dir/CheckFunctionExists.c.o -o cmTC_97778 
/usr/bin/ld: CMakeFiles/cmTC_97778.dir/CheckFunctionExists.c.o: in function `main':
CheckFunctionExists.c:(.text+0x14): undefined reference to `sgemm_'
collect2: error: ld returned 1 exit status
gmake[1]: *** [CMakeFiles/cmTC_97778.dir/build.make:99：cmTC_97778] 错误 1
gmake[1]: 离开目录“/home/ivasd/fyt_atuoaim/build/armor_solver/CMakeFiles/CMakeTmp”
gmake: *** [Makefile:127：cmTC_97778/fast] 错误 2



Determining if the function cheev_ exists failed with the following output:
Change Dir: /home/ivasd/fyt_atuoaim/build/armor_solver/CMakeFiles/CMakeTmp

Run Build Command(s):/usr/bin/gmake -f Makefile cmTC_0543e/fast && /usr/bin/gmake  -f CMakeFiles/cmTC_0543e.dir/build.make CMakeFiles/cmTC_0543e.dir/build
gmake[1]: 进入目录“/home/ivasd/fyt_atuoaim/build/armor_solver/CMakeFiles/CMakeTmp”
Building C object CMakeFiles/cmTC_0543e.dir/CheckFunctionExists.c.o
/usr/bin/cc   -DCHECK_FUNCTION_EXISTS=cheev_ -o CMakeFiles/cmTC_0543e.dir/CheckFunctionExists.c.o -c /usr/local/share/cmake-3.24/Modules/CheckFunctionExists.c
Linking C executable cmTC_0543e
/usr/local/bin/cmake -E cmake_link_script CMakeFiles/cmTC_0543e.dir/link.txt --verbose=1
/usr/bin/cc  -DCHECK_FUNCTION_EXISTS=cheev_ CMakeFiles/cmTC_0543e.dir/CheckFunctionExists.c.o -o cmTC_0543e  /usr/lib/x86_64-linux-gnu/libblas.so -lm -ldl 
/usr/bin/ld: CMakeFiles/cmTC_0543e.dir/CheckFunctionExists.c.o: in function `main':
CheckFunctionExists.c:(.text+0x14): undefined reference to `cheev_'
collect2: error: ld returned 1 exit status
gmake[1]: *** [CMakeFiles/cmTC_0543e.dir/build.make:100：cmTC_0543e] 错误 1
gmake[1]: 离开目录“/home/ivasd/fyt_atuoaim/build/armor_solver/CMakeFiles/CMakeTmp”
gmake: *** [Makefile:127：cmTC_0543e/fast] 错误 2



