[0.009s] Invoking command in '/home/ivasd/fyt_atuoaim/build/armor_solver': CMAKE_PREFIX_PATH=/home/ivasd/fyt_atuoaim/install/rm_utils:/home/ivasd/fyt_atuoaim/install/rm_interfaces:/home/ivasd/fyt_atuoaim/install/rm_bringup:/home/ivasd/fyt_atuoaim/install/rm_serial_driver:/home/ivasd/fyt_atuoaim/install/rm_camera_driver:/home/ivasd/fyt_atuoaim/install/rm_auto_aim:/home/ivasd/fyt_atuoaim/install/armor_solver:/home/ivasd/fyt_atuoaim/install/armor_detector:/home/ivasd/fyt_atuoaim/install/rm_robot_description:/opt/ros/humble LD_LIBRARY_PATH=/home/ivasd/fyt_atuoaim/install/rm_utils/lib:/home/ivasd/fyt_atuoaim/install/rm_interfaces/lib:/home/ivasd/fyt_atuoaim/install/rm_serial_driver/lib:/home/ivasd/fyt_atuoaim/install/rm_camera_driver/lib:/home/ivasd/fyt_atuoaim/install/armor_solver/lib:/home/ivasd/fyt_atuoaim/install/armor_detector/lib:/opt/ros/humble/opt/rviz_ogre_vendor/lib:/opt/ros/humble/lib/x86_64-linux-gnu:/opt/ros/humble/lib /usr/local/bin/cmake --build /home/ivasd/fyt_atuoaim/build/armor_solver -- -j32 -l32
[0.029s] [ 33%] Built target armor_solver_node
[0.038s] [100%] Built target armor_solver
[0.042s] Invoked command in '/home/ivasd/fyt_atuoaim/build/armor_solver' returned '0': CMAKE_PREFIX_PATH=/home/ivasd/fyt_atuoaim/install/rm_utils:/home/ivasd/fyt_atuoaim/install/rm_interfaces:/home/ivasd/fyt_atuoaim/install/rm_bringup:/home/ivasd/fyt_atuoaim/install/rm_serial_driver:/home/ivasd/fyt_atuoaim/install/rm_camera_driver:/home/ivasd/fyt_atuoaim/install/rm_auto_aim:/home/ivasd/fyt_atuoaim/install/armor_solver:/home/ivasd/fyt_atuoaim/install/armor_detector:/home/ivasd/fyt_atuoaim/install/rm_robot_description:/opt/ros/humble LD_LIBRARY_PATH=/home/ivasd/fyt_atuoaim/install/rm_utils/lib:/home/ivasd/fyt_atuoaim/install/rm_interfaces/lib:/home/ivasd/fyt_atuoaim/install/rm_serial_driver/lib:/home/ivasd/fyt_atuoaim/install/rm_camera_driver/lib:/home/ivasd/fyt_atuoaim/install/armor_solver/lib:/home/ivasd/fyt_atuoaim/install/armor_detector/lib:/opt/ros/humble/opt/rviz_ogre_vendor/lib:/opt/ros/humble/lib/x86_64-linux-gnu:/opt/ros/humble/lib /usr/local/bin/cmake --build /home/ivasd/fyt_atuoaim/build/armor_solver -- -j32 -l32
[0.043s] Invoking command in '/home/ivasd/fyt_atuoaim/build/armor_solver': CMAKE_PREFIX_PATH=/home/ivasd/fyt_atuoaim/install/rm_utils:/home/ivasd/fyt_atuoaim/install/rm_interfaces:/home/ivasd/fyt_atuoaim/install/rm_bringup:/home/ivasd/fyt_atuoaim/install/rm_serial_driver:/home/ivasd/fyt_atuoaim/install/rm_camera_driver:/home/ivasd/fyt_atuoaim/install/rm_auto_aim:/home/ivasd/fyt_atuoaim/install/armor_solver:/home/ivasd/fyt_atuoaim/install/armor_detector:/home/ivasd/fyt_atuoaim/install/rm_robot_description:/opt/ros/humble LD_LIBRARY_PATH=/home/ivasd/fyt_atuoaim/install/rm_utils/lib:/home/ivasd/fyt_atuoaim/install/rm_interfaces/lib:/home/ivasd/fyt_atuoaim/install/rm_serial_driver/lib:/home/ivasd/fyt_atuoaim/install/rm_camera_driver/lib:/home/ivasd/fyt_atuoaim/install/armor_solver/lib:/home/ivasd/fyt_atuoaim/install/armor_detector/lib:/opt/ros/humble/opt/rviz_ogre_vendor/lib:/opt/ros/humble/lib/x86_64-linux-gnu:/opt/ros/humble/lib /usr/local/bin/cmake --install /home/ivasd/fyt_atuoaim/build/armor_solver
[0.045s] -- Install configuration: ""
[0.045s] -- Execute custom install script
[0.045s] -- Up-to-date symlink: /home/ivasd/fyt_atuoaim/install/armor_solver/lib/armor_solver/armor_solver_node
[0.045s] -- Up-to-date symlink: /home/ivasd/fyt_atuoaim/install/armor_solver/include/armor_solver/armor_solver.hpp
[0.045s] -- Up-to-date symlink: /home/ivasd/fyt_atuoaim/install/armor_solver/include/armor_solver/armor_solver_node.hpp
[0.045s] -- Up-to-date symlink: /home/ivasd/fyt_atuoaim/install/armor_solver/include/armor_solver/armor_tracker.hpp
[0.045s] -- Up-to-date symlink: /home/ivasd/fyt_atuoaim/install/armor_solver/include/armor_solver/motion_model.hpp
[0.045s] -- Up-to-date symlink: /home/ivasd/fyt_atuoaim/install/armor_solver/share/armor_solver/environment/library_path.sh
[0.045s] -- Up-to-date symlink: /home/ivasd/fyt_atuoaim/install/armor_solver/share/armor_solver/environment/library_path.dsv
[0.045s] -- Up-to-date symlink: /home/ivasd/fyt_atuoaim/install/armor_solver/lib/libarmor_solver.so
[0.045s] -- Up-to-date symlink: /home/ivasd/fyt_atuoaim/install/armor_solver/share/ament_index/resource_index/package_run_dependencies/armor_solver
[0.046s] -- Up-to-date symlink: /home/ivasd/fyt_atuoaim/install/armor_solver/share/ament_index/resource_index/parent_prefix_path/armor_solver
[0.046s] -- Up-to-date symlink: /home/ivasd/fyt_atuoaim/install/armor_solver/share/armor_solver/environment/ament_prefix_path.sh
[0.046s] -- Up-to-date symlink: /home/ivasd/fyt_atuoaim/install/armor_solver/share/armor_solver/environment/ament_prefix_path.dsv
[0.046s] -- Up-to-date symlink: /home/ivasd/fyt_atuoaim/install/armor_solver/share/armor_solver/environment/path.sh
[0.046s] -- Up-to-date symlink: /home/ivasd/fyt_atuoaim/install/armor_solver/share/armor_solver/environment/path.dsv
[0.046s] -- Up-to-date symlink: /home/ivasd/fyt_atuoaim/install/armor_solver/share/armor_solver/local_setup.bash
[0.046s] -- Up-to-date symlink: /home/ivasd/fyt_atuoaim/install/armor_solver/share/armor_solver/local_setup.sh
[0.046s] -- Up-to-date symlink: /home/ivasd/fyt_atuoaim/install/armor_solver/share/armor_solver/local_setup.zsh
[0.046s] -- Up-to-date symlink: /home/ivasd/fyt_atuoaim/install/armor_solver/share/armor_solver/local_setup.dsv
[0.046s] -- Symlinking: /home/ivasd/fyt_atuoaim/install/armor_solver/share/armor_solver/package.dsv
[0.048s] -- Up-to-date symlink: /home/ivasd/fyt_atuoaim/install/armor_solver/share/ament_index/resource_index/packages/armor_solver
[0.048s] -- Up-to-date symlink: /home/ivasd/fyt_atuoaim/install/armor_solver/share/ament_index/resource_index/rclcpp_components/armor_solver
[0.048s] -- Up-to-date symlink: /home/ivasd/fyt_atuoaim/install/armor_solver/share/armor_solver/cmake/ament_cmake_export_dependencies-extras.cmake
[0.048s] -- Up-to-date symlink: /home/ivasd/fyt_atuoaim/install/armor_solver/share/armor_solver/cmake/ament_cmake_export_include_directories-extras.cmake
[0.048s] -- Up-to-date symlink: /home/ivasd/fyt_atuoaim/install/armor_solver/share/armor_solver/cmake/ament_cmake_export_libraries-extras.cmake
[0.048s] -- Up-to-date symlink: /home/ivasd/fyt_atuoaim/install/armor_solver/share/armor_solver/cmake/armor_solverConfig.cmake
[0.048s] -- Up-to-date symlink: /home/ivasd/fyt_atuoaim/install/armor_solver/share/armor_solver/cmake/armor_solverConfig-version.cmake
[0.048s] -- Up-to-date symlink: /home/ivasd/fyt_atuoaim/install/armor_solver/share/armor_solver/package.xml
[0.050s] Invoked command in '/home/ivasd/fyt_atuoaim/build/armor_solver' returned '0': CMAKE_PREFIX_PATH=/home/ivasd/fyt_atuoaim/install/rm_utils:/home/ivasd/fyt_atuoaim/install/rm_interfaces:/home/ivasd/fyt_atuoaim/install/rm_bringup:/home/ivasd/fyt_atuoaim/install/rm_serial_driver:/home/ivasd/fyt_atuoaim/install/rm_camera_driver:/home/ivasd/fyt_atuoaim/install/rm_auto_aim:/home/ivasd/fyt_atuoaim/install/armor_solver:/home/ivasd/fyt_atuoaim/install/armor_detector:/home/ivasd/fyt_atuoaim/install/rm_robot_description:/opt/ros/humble LD_LIBRARY_PATH=/home/ivasd/fyt_atuoaim/install/rm_utils/lib:/home/ivasd/fyt_atuoaim/install/rm_interfaces/lib:/home/ivasd/fyt_atuoaim/install/rm_serial_driver/lib:/home/ivasd/fyt_atuoaim/install/rm_camera_driver/lib:/home/ivasd/fyt_atuoaim/install/armor_solver/lib:/home/ivasd/fyt_atuoaim/install/armor_detector/lib:/opt/ros/humble/opt/rviz_ogre_vendor/lib:/opt/ros/humble/lib/x86_64-linux-gnu:/opt/ros/humble/lib /usr/local/bin/cmake --install /home/ivasd/fyt_atuoaim/build/armor_solver
