[0.007s] Invoking command in '/home/ivasd/fyt_atuoaim/build/rm_robot_description': CMAKE_PREFIX_PATH=${CMAKE_PREFIX_PATH}:/opt/ros/humble /usr/local/bin/cmake /home/ivasd/fyt_atuoaim/src/rm_robot_description -DCMAKE_INSTALL_PREFIX=/home/ivasd/fyt_atuoaim/install/rm_robot_description
[0.011s] -- Found ament_cmake: 1.3.12 (/opt/ros/humble/share/ament_cmake/cmake)
[0.062s] -- Override CMake install command with custom implementation using symlinks instead of copying resources
[0.066s] -- Found ament_lint_auto: 0.12.14 (/opt/ros/humble/share/ament_lint_auto/cmake)
[0.101s] -- Added test 'lint_cmake' to check CMake code style
[0.101s] -- Added test 'xmllint' to check XML markup files
[0.101s] -- Configuring done
[0.103s] -- Generating done
[0.103s] -- Build files have been written to: /home/ivasd/fyt_atuoaim/build/rm_robot_description
[0.105s] Invoked command in '/home/ivasd/fyt_atuoaim/build/rm_robot_description' returned '0': CMAKE_PREFIX_PATH=${CMAKE_PREFIX_PATH}:/opt/ros/humble /usr/local/bin/cmake /home/ivasd/fyt_atuoaim/src/rm_robot_description -DCMAKE_INSTALL_PREFIX=/home/ivasd/fyt_atuoaim/install/rm_robot_description
[0.107s] Invoking command in '/home/ivasd/fyt_atuoaim/build/rm_robot_description': CMAKE_PREFIX_PATH=${CMAKE_PREFIX_PATH}:/opt/ros/humble /usr/local/bin/cmake --build /home/ivasd/fyt_atuoaim/build/rm_robot_description -- -j32 -l32
[0.120s] Invoked command in '/home/ivasd/fyt_atuoaim/build/rm_robot_description' returned '0': CMAKE_PREFIX_PATH=${CMAKE_PREFIX_PATH}:/opt/ros/humble /usr/local/bin/cmake --build /home/ivasd/fyt_atuoaim/build/rm_robot_description -- -j32 -l32
[0.124s] Invoking command in '/home/ivasd/fyt_atuoaim/build/rm_robot_description': CMAKE_PREFIX_PATH=${CMAKE_PREFIX_PATH}:/opt/ros/humble /usr/local/bin/cmake --install /home/ivasd/fyt_atuoaim/build/rm_robot_description
[0.125s] -- Install configuration: ""
[0.126s] -- Execute custom install script
[0.126s] -- Up-to-date symlink: /home/ivasd/fyt_atuoaim/install/rm_robot_description/share/rm_robot_description/urdf/rm_gimbal.urdf.xacro
[0.126s] -- Up-to-date symlink: /home/ivasd/fyt_atuoaim/install/rm_robot_description/share/rm_robot_description/urdf/sentry.urdf.xacro
[0.126s] -- Up-to-date symlink: /home/ivasd/fyt_atuoaim/install/rm_robot_description/share/ament_index/resource_index/package_run_dependencies/rm_robot_description
[0.126s] -- Up-to-date symlink: /home/ivasd/fyt_atuoaim/install/rm_robot_description/share/ament_index/resource_index/parent_prefix_path/rm_robot_description
[0.126s] -- Up-to-date symlink: /home/ivasd/fyt_atuoaim/install/rm_robot_description/share/rm_robot_description/environment/ament_prefix_path.sh
[0.126s] -- Up-to-date symlink: /home/ivasd/fyt_atuoaim/install/rm_robot_description/share/rm_robot_description/environment/ament_prefix_path.dsv
[0.126s] -- Up-to-date symlink: /home/ivasd/fyt_atuoaim/install/rm_robot_description/share/rm_robot_description/environment/path.sh
[0.126s] -- Up-to-date symlink: /home/ivasd/fyt_atuoaim/install/rm_robot_description/share/rm_robot_description/environment/path.dsv
[0.126s] -- Up-to-date symlink: /home/ivasd/fyt_atuoaim/install/rm_robot_description/share/rm_robot_description/local_setup.bash
[0.126s] -- Up-to-date symlink: /home/ivasd/fyt_atuoaim/install/rm_robot_description/share/rm_robot_description/local_setup.sh
[0.126s] -- Up-to-date symlink: /home/ivasd/fyt_atuoaim/install/rm_robot_description/share/rm_robot_description/local_setup.zsh
[0.126s] -- Up-to-date symlink: /home/ivasd/fyt_atuoaim/install/rm_robot_description/share/rm_robot_description/local_setup.dsv
[0.126s] -- Symlinking: /home/ivasd/fyt_atuoaim/install/rm_robot_description/share/rm_robot_description/package.dsv
[0.129s] -- Up-to-date symlink: /home/ivasd/fyt_atuoaim/install/rm_robot_description/share/ament_index/resource_index/packages/rm_robot_description
[0.129s] -- Up-to-date symlink: /home/ivasd/fyt_atuoaim/install/rm_robot_description/share/rm_robot_description/cmake/rm_robot_descriptionConfig.cmake
[0.129s] -- Up-to-date symlink: /home/ivasd/fyt_atuoaim/install/rm_robot_description/share/rm_robot_description/cmake/rm_robot_descriptionConfig-version.cmake
[0.129s] -- Up-to-date symlink: /home/ivasd/fyt_atuoaim/install/rm_robot_description/share/rm_robot_description/package.xml
[0.130s] Invoked command in '/home/ivasd/fyt_atuoaim/build/rm_robot_description' returned '0': CMAKE_PREFIX_PATH=${CMAKE_PREFIX_PATH}:/opt/ros/humble /usr/local/bin/cmake --install /home/ivasd/fyt_atuoaim/build/rm_robot_description
