[0.007s] Invoking command in '/home/ivasd/fyt_atuoaim/build/rm_robot_description': CMAKE_PREFIX_PATH=${CMAKE_PREFIX_PATH}:/opt/ros/humble /usr/local/bin/cmake --build /home/ivasd/fyt_atuoaim/build/rm_robot_description -- -j32 -l32
[0.019s] Invoked command in '/home/ivasd/fyt_atuoaim/build/rm_robot_description' returned '0': CMAKE_PREFIX_PATH=${CMAKE_PREFIX_PATH}:/opt/ros/humble /usr/local/bin/cmake --build /home/ivasd/fyt_atuoaim/build/rm_robot_description -- -j32 -l32
[0.023s] Invoking command in '/home/ivasd/fyt_atuoaim/build/rm_robot_description': CMAKE_PREFIX_PATH=${CMAKE_PREFIX_PATH}:/opt/ros/humble /usr/local/bin/cmake --install /home/ivasd/fyt_atuoaim/build/rm_robot_description
[0.025s] -- Install configuration: ""
[0.025s] -- Execute custom install script
[0.026s] -- Up-to-date symlink: /home/ivasd/fyt_atuoaim/install/rm_robot_description/share/rm_robot_description/urdf/rm_gimbal.urdf.xacro
[0.026s] -- Up-to-date symlink: /home/ivasd/fyt_atuoaim/install/rm_robot_description/share/rm_robot_description/urdf/sentry.urdf.xacro
[0.026s] -- Up-to-date symlink: /home/ivasd/fyt_atuoaim/install/rm_robot_description/share/ament_index/resource_index/package_run_dependencies/rm_robot_description
[0.026s] -- Up-to-date symlink: /home/ivasd/fyt_atuoaim/install/rm_robot_description/share/ament_index/resource_index/parent_prefix_path/rm_robot_description
[0.026s] -- Up-to-date symlink: /home/ivasd/fyt_atuoaim/install/rm_robot_description/share/rm_robot_description/environment/ament_prefix_path.sh
[0.026s] -- Up-to-date symlink: /home/ivasd/fyt_atuoaim/install/rm_robot_description/share/rm_robot_description/environment/ament_prefix_path.dsv
[0.026s] -- Up-to-date symlink: /home/ivasd/fyt_atuoaim/install/rm_robot_description/share/rm_robot_description/environment/path.sh
[0.026s] -- Up-to-date symlink: /home/ivasd/fyt_atuoaim/install/rm_robot_description/share/rm_robot_description/environment/path.dsv
[0.026s] -- Up-to-date symlink: /home/ivasd/fyt_atuoaim/install/rm_robot_description/share/rm_robot_description/local_setup.bash
[0.026s] -- Up-to-date symlink: /home/ivasd/fyt_atuoaim/install/rm_robot_description/share/rm_robot_description/local_setup.sh
[0.027s] -- Up-to-date symlink: /home/ivasd/fyt_atuoaim/install/rm_robot_description/share/rm_robot_description/local_setup.zsh
[0.027s] -- Up-to-date symlink: /home/ivasd/fyt_atuoaim/install/rm_robot_description/share/rm_robot_description/local_setup.dsv
[0.027s] -- Symlinking: /home/ivasd/fyt_atuoaim/install/rm_robot_description/share/rm_robot_description/package.dsv
[0.029s] -- Up-to-date symlink: /home/ivasd/fyt_atuoaim/install/rm_robot_description/share/ament_index/resource_index/packages/rm_robot_description
[0.029s] -- Up-to-date symlink: /home/ivasd/fyt_atuoaim/install/rm_robot_description/share/rm_robot_description/cmake/rm_robot_descriptionConfig.cmake
[0.029s] -- Up-to-date symlink: /home/ivasd/fyt_atuoaim/install/rm_robot_description/share/rm_robot_description/cmake/rm_robot_descriptionConfig-version.cmake
[0.030s] -- Up-to-date symlink: /home/ivasd/fyt_atuoaim/install/rm_robot_description/share/rm_robot_description/package.xml
[0.031s] Invoked command in '/home/ivasd/fyt_atuoaim/build/rm_robot_description' returned '0': CMAKE_PREFIX_PATH=${CMAKE_PREFIX_PATH}:/opt/ros/humble /usr/local/bin/cmake --install /home/ivasd/fyt_atuoaim/build/rm_robot_description
