-- The C compiler identification is GNU 11.4.0
-- The CXX compiler identification is GNU 11.4.0
-- Detecting C compiler ABI info
-- Detecting C compiler ABI info - done
-- Check for working C compiler: /usr/bin/cc - skipped
-- Detecting C compile features
-- Detecting C compile features - done
-- Detecting CXX compiler ABI info
-- Detecting CXX compiler ABI info - done
-- Check for working CXX compiler: /usr/bin/c++ - skipped
-- Detecting CXX compile features
-- Detecting CXX compile features - done
-- Found ament_cmake_auto: 1.3.12 (/opt/ros/humble/share/ament_cmake_auto/cmake)
-- Found Python3: /usr/bin/python3 (found version "3.10.12") found components: Interpreter 
-- Override CMake install command with custom implementation using symlinks instead of copying resources
-- Found rosidl_generator_c: 3.1.7 (/opt/ros/humble/share/rosidl_generator_c/cmake)
-- Found rosidl_adapter: 3.1.7 (/opt/ros/humble/share/rosidl_adapter/cmake)
-- Found rosidl_generator_cpp: 3.1.7 (/opt/ros/humble/share/rosidl_generator_cpp/cmake)
-- Using all available rosidl_typesupport_c: rosidl_typesupport_fastrtps_c;rosidl_typesupport_introspection_c
-- Using all available rosidl_typesupport_cpp: rosidl_typesupport_fastrtps_cpp;rosidl_typesupport_introspection_cpp
-- Found rmw_implementation_cmake: 6.1.2 (/opt/ros/humble/share/rmw_implementation_cmake/cmake)
-- Found rmw_fastrtps_cpp: 6.2.8 (/opt/ros/humble/share/rmw_fastrtps_cpp/cmake)
-- Found OpenSSL: /usr/lib/x86_64-linux-gnu/libcrypto.so (found version "3.0.2")  
-- Found FastRTPS: /opt/ros/humble/include  
-- Using RMW implementation 'rmw_fastrtps_cpp' as default
-- Performing Test CMAKE_HAVE_LIBC_PTHREAD
-- Performing Test CMAKE_HAVE_LIBC_PTHREAD - Success
-- Found Threads: TRUE  
-- Found AMD headers in: /usr/include/suitesparse
-- Found AMD library: /usr/lib/x86_64-linux-gnu/libamd.so
-- Found CAMD headers in: /usr/include/suitesparse
-- Found CAMD library: /usr/lib/x86_64-linux-gnu/libcamd.so
-- Found CCOLAMD headers in: /usr/include/suitesparse
-- Found CCOLAMD library: /usr/lib/x86_64-linux-gnu/libccolamd.so
-- Found CHOLMOD headers in: /usr/include/suitesparse
-- Found CHOLMOD library: /usr/lib/x86_64-linux-gnu/libcholmod.so
-- Found COLAMD headers in: /usr/include/suitesparse
-- Found COLAMD library: /usr/lib/x86_64-linux-gnu/libcolamd.so
-- Found SPQR headers in: /usr/include/suitesparse
-- Found SPQR library: /usr/lib/x86_64-linux-gnu/libspqr.so
-- Found Config headers in: /usr/include/suitesparse
-- Found Config library: /usr/lib/x86_64-linux-gnu/libsuitesparseconfig.so
-- Found Intel Thread Building Blocks (TBB) library (2021.5 / ) include location: . Assuming SuiteSparseQR was compiled with TBB.
-- Looking for shm_open in rt
-- Looking for shm_open in rt - found
-- Adding librt to SuiteSparse_config libraries (required on Linux & Unix [not OSX] if SuiteSparse is compiled with timing).
-- Could NOT find METIS (missing: METIS_INCLUDE_DIR METIS_LIBRARY) 
-- Found OpenCV: /usr (found version "4.5.4") 
-- Found ament_lint_auto: 0.12.14 (/opt/ros/humble/share/ament_lint_auto/cmake)
-- Added test 'cppcheck' to perform static code analysis on C / C++ code
-- Configured cppcheck include dirs: /home/ivasd/fyt_atuoaim/src/rm_hardware_driver/rm_camera_driver/include
-- Configured cppcheck exclude dirs and/or files: 
-- Added test 'flake8' to check Python code syntax and style conventions
-- Added test 'lint_cmake' to check CMake code style
-- Added test 'pep257' to check Python code against some of the docstring style conventions in PEP 257
-- Added test 'xmllint' to check XML markup files
-- Configuring done
-- Generating done
-- Build files have been written to: /home/ivasd/fyt_atuoaim/build/rm_camera_driver
[ 12%] [32mBuilding CXX object CMakeFiles/rm_camera_driver.dir/src/hik_camera.cpp.o[0m
[ 50%] [32mBuilding CXX object CMakeFiles/rm_camera_driver_node.dir/rclcpp_components/node_main_rm_camera_driver_node.cpp.o[0m
[ 50%] [32mBuilding CXX object CMakeFiles/video_player_node.dir/rclcpp_components/node_main_video_player_node.cpp.o[0m
[ 50%] [32mBuilding CXX object CMakeFiles/rm_camera_driver.dir/src/video_player.cpp.o[0m
[ 62%] [32mBuilding CXX object CMakeFiles/rm_camera_driver.dir/src/recorder.cpp.o[0m
[ 75%] [32m[1mLinking CXX executable video_player_node[0m
[ 75%] Built target video_player_node
[ 87%] [32m[1mLinking CXX executable rm_camera_driver_node[0m
[ 87%] Built target rm_camera_driver_node
[100%] [32m[1mLinking CXX shared library librm_camera_driver.so[0m
[100%] Built target rm_camera_driver
-- Install configuration: ""
-- Execute custom install script
-- Symlinking: /home/ivasd/fyt_atuoaim/install/rm_camera_driver/lib/x86_64/libFormatConversion.so
-- Symlinking: /home/ivasd/fyt_atuoaim/install/rm_camera_driver/lib/x86_64/libMVRender.so
-- Symlinking: /home/ivasd/fyt_atuoaim/install/rm_camera_driver/lib/x86_64/libMediaProcess.so
-- Symlinking: /home/ivasd/fyt_atuoaim/install/rm_camera_driver/lib/x86_64/libMvCameraControl.so
-- Symlinking: /home/ivasd/fyt_atuoaim/install/rm_camera_driver/lib/x86_64/libMvUsb3vTL.so
-- Symlinking: /home/ivasd/fyt_atuoaim/install/rm_camera_driver/lib/rm_camera_driver/rm_camera_driver_node
-- Symlinking: /home/ivasd/fyt_atuoaim/install/rm_camera_driver/lib/rm_camera_driver/video_player_node
-- Symlinking: /home/ivasd/fyt_atuoaim/install/rm_camera_driver/include/hik/CameraParams.h
-- Symlinking: /home/ivasd/fyt_atuoaim/install/rm_camera_driver/include/hik/MvCameraControl.h
-- Symlinking: /home/ivasd/fyt_atuoaim/install/rm_camera_driver/include/hik/MvErrorDefine.h
-- Symlinking: /home/ivasd/fyt_atuoaim/install/rm_camera_driver/include/hik/MvISPErrorDefine.h
-- Symlinking: /home/ivasd/fyt_atuoaim/install/rm_camera_driver/include/hik/PixelType.h
-- Symlinking: /home/ivasd/fyt_atuoaim/install/rm_camera_driver/include/rm_camera_driver/hik_camera.hpp
-- Symlinking: /home/ivasd/fyt_atuoaim/install/rm_camera_driver/include/rm_camera_driver/recorder.hpp
-- Symlinking: /home/ivasd/fyt_atuoaim/install/rm_camera_driver/share/rm_camera_driver/environment/library_path.sh
-- Symlinking: /home/ivasd/fyt_atuoaim/install/rm_camera_driver/share/rm_camera_driver/environment/library_path.dsv
-- Symlinking: /home/ivasd/fyt_atuoaim/install/rm_camera_driver/lib/librm_camera_driver.so
-- Symlinking: /home/ivasd/fyt_atuoaim/install/rm_camera_driver/share/rm_camera_driver/config/camera_info.yaml
-- Symlinking: /home/ivasd/fyt_atuoaim/install/rm_camera_driver/share/rm_camera_driver/config/camera_params.yaml
-- Symlinking: /home/ivasd/fyt_atuoaim/install/rm_camera_driver/share/rm_camera_driver/launch/hik_camera.launch.py
-- Symlinking: /home/ivasd/fyt_atuoaim/install/rm_camera_driver/share/ament_index/resource_index/package_run_dependencies/rm_camera_driver
-- Symlinking: /home/ivasd/fyt_atuoaim/install/rm_camera_driver/share/ament_index/resource_index/parent_prefix_path/rm_camera_driver
-- Symlinking: /home/ivasd/fyt_atuoaim/install/rm_camera_driver/share/rm_camera_driver/environment/ament_prefix_path.sh
-- Symlinking: /home/ivasd/fyt_atuoaim/install/rm_camera_driver/share/rm_camera_driver/environment/ament_prefix_path.dsv
-- Symlinking: /home/ivasd/fyt_atuoaim/install/rm_camera_driver/share/rm_camera_driver/environment/path.sh
-- Symlinking: /home/ivasd/fyt_atuoaim/install/rm_camera_driver/share/rm_camera_driver/environment/path.dsv
-- Symlinking: /home/ivasd/fyt_atuoaim/install/rm_camera_driver/share/rm_camera_driver/local_setup.bash
-- Symlinking: /home/ivasd/fyt_atuoaim/install/rm_camera_driver/share/rm_camera_driver/local_setup.sh
-- Symlinking: /home/ivasd/fyt_atuoaim/install/rm_camera_driver/share/rm_camera_driver/local_setup.zsh
-- Symlinking: /home/ivasd/fyt_atuoaim/install/rm_camera_driver/share/rm_camera_driver/local_setup.dsv
-- Symlinking: /home/ivasd/fyt_atuoaim/install/rm_camera_driver/share/rm_camera_driver/package.dsv
-- Symlinking: /home/ivasd/fyt_atuoaim/install/rm_camera_driver/share/ament_index/resource_index/packages/rm_camera_driver
-- Symlinking: /home/ivasd/fyt_atuoaim/install/rm_camera_driver/share/ament_index/resource_index/rclcpp_components/rm_camera_driver
-- Symlinking: /home/ivasd/fyt_atuoaim/install/rm_camera_driver/share/rm_camera_driver/cmake/ament_cmake_export_dependencies-extras.cmake
-- Symlinking: /home/ivasd/fyt_atuoaim/install/rm_camera_driver/share/rm_camera_driver/cmake/ament_cmake_export_include_directories-extras.cmake
-- Symlinking: /home/ivasd/fyt_atuoaim/install/rm_camera_driver/share/rm_camera_driver/cmake/ament_cmake_export_libraries-extras.cmake
-- Symlinking: /home/ivasd/fyt_atuoaim/install/rm_camera_driver/share/rm_camera_driver/cmake/rm_camera_driverConfig.cmake
-- Symlinking: /home/ivasd/fyt_atuoaim/install/rm_camera_driver/share/rm_camera_driver/cmake/rm_camera_driverConfig-version.cmake
-- Symlinking: /home/ivasd/fyt_atuoaim/install/rm_camera_driver/share/rm_camera_driver/package.xml
