[0.006s] Invoking command in '/home/ivasd/fyt_atuoaim/build/rm_camera_driver': CMAKE_PREFIX_PATH=/home/ivasd/fyt_atuoaim/install/rm_utils:/home/ivasd/fyt_atuoaim/install/rm_bringup:/home/ivasd/fyt_atuoaim/install/rm_serial_driver:/home/ivasd/fyt_atuoaim/install/rm_camera_driver:/home/ivasd/fyt_atuoaim/install/rm_auto_aim:/home/ivasd/fyt_atuoaim/install/armor_solver:/home/ivasd/fyt_atuoaim/install/armor_detector:/home/ivasd/fyt_atuoaim/install/rm_robot_description:/home/ivasd/fyt_atuoaim/install/rm_interfaces:/opt/ros/humble LD_LIBRARY_PATH=/home/ivasd/fyt_atuoaim/install/rm_utils/lib:/home/ivasd/fyt_atuoaim/install/rm_serial_driver/lib:/home/ivasd/fyt_atuoaim/install/rm_camera_driver/lib:/home/ivasd/fyt_atuoaim/install/armor_solver/lib:/home/ivasd/fyt_atuoaim/install/armor_detector/lib:/home/ivasd/fyt_atuoaim/install/rm_interfaces/lib:/opt/ros/humble/opt/rviz_ogre_vendor/lib:/opt/ros/humble/lib/x86_64-linux-gnu:/opt/ros/humble/lib /usr/local/bin/cmake /home/ivasd/fyt_atuoaim/src/rm_hardware_driver/rm_camera_driver -DAMENT_CMAKE_SYMLINK_INSTALL=1 -DCMAKE_INSTALL_PREFIX=/home/ivasd/fyt_atuoaim/install/rm_camera_driver
[0.037s] -- The C compiler identification is GNU 11.4.0
[0.069s] -- The CXX compiler identification is GNU 11.4.0
[0.075s] -- Detecting C compiler ABI info
[0.110s] -- Detecting C compiler ABI info - done
[0.113s] -- Check for working C compiler: /usr/bin/cc - skipped
[0.113s] -- Detecting C compile features
[0.114s] -- Detecting C compile features - done
[0.115s] -- Detecting CXX compiler ABI info
[0.158s] -- Detecting CXX compiler ABI info - done
[0.163s] -- Check for working CXX compiler: /usr/bin/c++ - skipped
[0.163s] -- Detecting CXX compile features
[0.163s] -- Detecting CXX compile features - done
[0.164s] -- Found ament_cmake_auto: 1.3.12 (/opt/ros/humble/share/ament_cmake_auto/cmake)
[0.231s] -- Found Python3: /usr/bin/python3 (found version "3.10.12") found components: Interpreter 
[0.261s] -- Override CMake install command with custom implementation using symlinks instead of copying resources
[0.324s] -- Found rosidl_generator_c: 3.1.7 (/opt/ros/humble/share/rosidl_generator_c/cmake)
[0.327s] -- Found rosidl_adapter: 3.1.7 (/opt/ros/humble/share/rosidl_adapter/cmake)
[0.330s] -- Found rosidl_generator_cpp: 3.1.7 (/opt/ros/humble/share/rosidl_generator_cpp/cmake)
[0.336s] -- Using all available rosidl_typesupport_c: rosidl_typesupport_fastrtps_c;rosidl_typesupport_introspection_c
[0.343s] -- Using all available rosidl_typesupport_cpp: rosidl_typesupport_fastrtps_cpp;rosidl_typesupport_introspection_cpp
[0.364s] -- Found rmw_implementation_cmake: 6.1.2 (/opt/ros/humble/share/rmw_implementation_cmake/cmake)
[0.366s] -- Found rmw_fastrtps_cpp: 6.2.8 (/opt/ros/humble/share/rmw_fastrtps_cpp/cmake)
[0.413s] -- Found OpenSSL: /usr/lib/x86_64-linux-gnu/libcrypto.so (found version "3.0.2")  
[0.426s] -- Found FastRTPS: /opt/ros/humble/include  
[0.450s] -- Using RMW implementation 'rmw_fastrtps_cpp' as default
[0.456s] -- Performing Test CMAKE_HAVE_LIBC_PTHREAD
[0.495s] -- Performing Test CMAKE_HAVE_LIBC_PTHREAD - Success
[0.496s] -- Found Threads: TRUE  
[0.803s] -- Found AMD headers in: /usr/include/suitesparse
[0.804s] -- Found AMD library: /usr/lib/x86_64-linux-gnu/libamd.so
[0.804s] -- Found CAMD headers in: /usr/include/suitesparse
[0.804s] -- Found CAMD library: /usr/lib/x86_64-linux-gnu/libcamd.so
[0.805s] -- Found CCOLAMD headers in: /usr/include/suitesparse
[0.805s] -- Found CCOLAMD library: /usr/lib/x86_64-linux-gnu/libccolamd.so
[0.806s] -- Found CHOLMOD headers in: /usr/include/suitesparse
[0.806s] -- Found CHOLMOD library: /usr/lib/x86_64-linux-gnu/libcholmod.so
[0.806s] -- Found COLAMD headers in: /usr/include/suitesparse
[0.806s] -- Found COLAMD library: /usr/lib/x86_64-linux-gnu/libcolamd.so
[0.807s] -- Found SPQR headers in: /usr/include/suitesparse
[0.807s] -- Found SPQR library: /usr/lib/x86_64-linux-gnu/libspqr.so
[0.807s] -- Found Config headers in: /usr/include/suitesparse
[0.807s] -- Found Config library: /usr/lib/x86_64-linux-gnu/libsuitesparseconfig.so
[0.808s] -- Found Intel Thread Building Blocks (TBB) library (2021.5 / ) include location: . Assuming SuiteSparseQR was compiled with TBB.
[0.808s] -- Looking for shm_open in rt
[0.850s] -- Looking for shm_open in rt - found
[0.850s] -- Adding librt to SuiteSparse_config libraries (required on Linux & Unix [not OSX] if SuiteSparse is compiled with timing).
[0.852s] -- Could NOT find METIS (missing: METIS_INCLUDE_DIR METIS_LIBRARY) 
[0.870s] -- Found OpenCV: /usr (found version "4.5.4") 
[0.873s] -- Found ament_lint_auto: 0.12.14 (/opt/ros/humble/share/ament_lint_auto/cmake)
[0.881s] [0mIn this package, headers install destination is set to `include` by ament_auto_package. It is recommended to install `include/rm_camera_driver` instead and will be the default behavior of ament_auto_package from ROS 2 Kilted Kaiju. On distributions before Kilted, ament_auto_package behaves the same way when you use USE_SCOPED_HEADER_INSTALL_DIR option.[0m
[0.884s] -- Added test 'cppcheck' to perform static code analysis on C / C++ code
[0.884s] -- Configured cppcheck include dirs: /home/ivasd/fyt_atuoaim/src/rm_hardware_driver/rm_camera_driver/include
[0.884s] -- Configured cppcheck exclude dirs and/or files: 
[0.885s] -- Added test 'flake8' to check Python code syntax and style conventions
[0.885s] -- Added test 'lint_cmake' to check CMake code style
[0.885s] -- Added test 'pep257' to check Python code against some of the docstring style conventions in PEP 257
[0.886s] -- Added test 'xmllint' to check XML markup files
[0.887s] -- Configuring done
[0.899s] -- Generating done
[0.903s] -- Build files have been written to: /home/ivasd/fyt_atuoaim/build/rm_camera_driver
[0.909s] Invoked command in '/home/ivasd/fyt_atuoaim/build/rm_camera_driver' returned '0': CMAKE_PREFIX_PATH=/home/ivasd/fyt_atuoaim/install/rm_utils:/home/ivasd/fyt_atuoaim/install/rm_bringup:/home/ivasd/fyt_atuoaim/install/rm_serial_driver:/home/ivasd/fyt_atuoaim/install/rm_camera_driver:/home/ivasd/fyt_atuoaim/install/rm_auto_aim:/home/ivasd/fyt_atuoaim/install/armor_solver:/home/ivasd/fyt_atuoaim/install/armor_detector:/home/ivasd/fyt_atuoaim/install/rm_robot_description:/home/ivasd/fyt_atuoaim/install/rm_interfaces:/opt/ros/humble LD_LIBRARY_PATH=/home/ivasd/fyt_atuoaim/install/rm_utils/lib:/home/ivasd/fyt_atuoaim/install/rm_serial_driver/lib:/home/ivasd/fyt_atuoaim/install/rm_camera_driver/lib:/home/ivasd/fyt_atuoaim/install/armor_solver/lib:/home/ivasd/fyt_atuoaim/install/armor_detector/lib:/home/ivasd/fyt_atuoaim/install/rm_interfaces/lib:/opt/ros/humble/opt/rviz_ogre_vendor/lib:/opt/ros/humble/lib/x86_64-linux-gnu:/opt/ros/humble/lib /usr/local/bin/cmake /home/ivasd/fyt_atuoaim/src/rm_hardware_driver/rm_camera_driver -DAMENT_CMAKE_SYMLINK_INSTALL=1 -DCMAKE_INSTALL_PREFIX=/home/ivasd/fyt_atuoaim/install/rm_camera_driver
[0.910s] Invoking command in '/home/ivasd/fyt_atuoaim/build/rm_camera_driver': CMAKE_PREFIX_PATH=/home/ivasd/fyt_atuoaim/install/rm_utils:/home/ivasd/fyt_atuoaim/install/rm_bringup:/home/ivasd/fyt_atuoaim/install/rm_serial_driver:/home/ivasd/fyt_atuoaim/install/rm_camera_driver:/home/ivasd/fyt_atuoaim/install/rm_auto_aim:/home/ivasd/fyt_atuoaim/install/armor_solver:/home/ivasd/fyt_atuoaim/install/armor_detector:/home/ivasd/fyt_atuoaim/install/rm_robot_description:/home/ivasd/fyt_atuoaim/install/rm_interfaces:/opt/ros/humble LD_LIBRARY_PATH=/home/ivasd/fyt_atuoaim/install/rm_utils/lib:/home/ivasd/fyt_atuoaim/install/rm_serial_driver/lib:/home/ivasd/fyt_atuoaim/install/rm_camera_driver/lib:/home/ivasd/fyt_atuoaim/install/armor_solver/lib:/home/ivasd/fyt_atuoaim/install/armor_detector/lib:/home/ivasd/fyt_atuoaim/install/rm_interfaces/lib:/opt/ros/humble/opt/rviz_ogre_vendor/lib:/opt/ros/humble/lib/x86_64-linux-gnu:/opt/ros/humble/lib /usr/local/bin/cmake --build /home/ivasd/fyt_atuoaim/build/rm_camera_driver -- -j32 -l32
[0.932s] [ 12%] [32mBuilding CXX object CMakeFiles/rm_camera_driver.dir/src/hik_camera.cpp.o[0m
[0.932s] [ 50%] [32mBuilding CXX object CMakeFiles/rm_camera_driver_node.dir/rclcpp_components/node_main_rm_camera_driver_node.cpp.o[0m
[0.932s] [ 50%] [32mBuilding CXX object CMakeFiles/video_player_node.dir/rclcpp_components/node_main_video_player_node.cpp.o[0m
[0.932s] [ 50%] [32mBuilding CXX object CMakeFiles/rm_camera_driver.dir/src/video_player.cpp.o[0m
[0.932s] [ 62%] [32mBuilding CXX object CMakeFiles/rm_camera_driver.dir/src/recorder.cpp.o[0m
[3.871s] [ 75%] [32m[1mLinking CXX executable video_player_node[0m
[3.953s] [ 75%] Built target video_player_node
[4.605s] [ 87%] [32m[1mLinking CXX executable rm_camera_driver_node[0m
[4.739s] [ 87%] Built target rm_camera_driver_node
[9.349s] [100%] [32m[1mLinking CXX shared library librm_camera_driver.so[0m
[9.545s] [100%] Built target rm_camera_driver
[9.550s] Invoked command in '/home/ivasd/fyt_atuoaim/build/rm_camera_driver' returned '0': CMAKE_PREFIX_PATH=/home/ivasd/fyt_atuoaim/install/rm_utils:/home/ivasd/fyt_atuoaim/install/rm_bringup:/home/ivasd/fyt_atuoaim/install/rm_serial_driver:/home/ivasd/fyt_atuoaim/install/rm_camera_driver:/home/ivasd/fyt_atuoaim/install/rm_auto_aim:/home/ivasd/fyt_atuoaim/install/armor_solver:/home/ivasd/fyt_atuoaim/install/armor_detector:/home/ivasd/fyt_atuoaim/install/rm_robot_description:/home/ivasd/fyt_atuoaim/install/rm_interfaces:/opt/ros/humble LD_LIBRARY_PATH=/home/ivasd/fyt_atuoaim/install/rm_utils/lib:/home/ivasd/fyt_atuoaim/install/rm_serial_driver/lib:/home/ivasd/fyt_atuoaim/install/rm_camera_driver/lib:/home/ivasd/fyt_atuoaim/install/armor_solver/lib:/home/ivasd/fyt_atuoaim/install/armor_detector/lib:/home/ivasd/fyt_atuoaim/install/rm_interfaces/lib:/opt/ros/humble/opt/rviz_ogre_vendor/lib:/opt/ros/humble/lib/x86_64-linux-gnu:/opt/ros/humble/lib /usr/local/bin/cmake --build /home/ivasd/fyt_atuoaim/build/rm_camera_driver -- -j32 -l32
[9.552s] Invoking command in '/home/ivasd/fyt_atuoaim/build/rm_camera_driver': CMAKE_PREFIX_PATH=/home/ivasd/fyt_atuoaim/install/rm_utils:/home/ivasd/fyt_atuoaim/install/rm_bringup:/home/ivasd/fyt_atuoaim/install/rm_serial_driver:/home/ivasd/fyt_atuoaim/install/rm_camera_driver:/home/ivasd/fyt_atuoaim/install/rm_auto_aim:/home/ivasd/fyt_atuoaim/install/armor_solver:/home/ivasd/fyt_atuoaim/install/armor_detector:/home/ivasd/fyt_atuoaim/install/rm_robot_description:/home/ivasd/fyt_atuoaim/install/rm_interfaces:/opt/ros/humble LD_LIBRARY_PATH=/home/ivasd/fyt_atuoaim/install/rm_utils/lib:/home/ivasd/fyt_atuoaim/install/rm_serial_driver/lib:/home/ivasd/fyt_atuoaim/install/rm_camera_driver/lib:/home/ivasd/fyt_atuoaim/install/armor_solver/lib:/home/ivasd/fyt_atuoaim/install/armor_detector/lib:/home/ivasd/fyt_atuoaim/install/rm_interfaces/lib:/opt/ros/humble/opt/rviz_ogre_vendor/lib:/opt/ros/humble/lib/x86_64-linux-gnu:/opt/ros/humble/lib /usr/local/bin/cmake --install /home/ivasd/fyt_atuoaim/build/rm_camera_driver
[9.556s] -- Install configuration: ""
[9.557s] -- Execute custom install script
[9.557s] -- Symlinking: /home/ivasd/fyt_atuoaim/install/rm_camera_driver/lib/x86_64/libFormatConversion.so
[9.562s] -- Symlinking: /home/ivasd/fyt_atuoaim/install/rm_camera_driver/lib/x86_64/libMVRender.so
[9.566s] -- Symlinking: /home/ivasd/fyt_atuoaim/install/rm_camera_driver/lib/x86_64/libMediaProcess.so
[9.569s] -- Symlinking: /home/ivasd/fyt_atuoaim/install/rm_camera_driver/lib/x86_64/libMvCameraControl.so
[9.574s] -- Symlinking: /home/ivasd/fyt_atuoaim/install/rm_camera_driver/lib/x86_64/libMvUsb3vTL.so
[9.577s] -- Symlinking: /home/ivasd/fyt_atuoaim/install/rm_camera_driver/lib/rm_camera_driver/rm_camera_driver_node
[9.582s] -- Symlinking: /home/ivasd/fyt_atuoaim/install/rm_camera_driver/lib/rm_camera_driver/video_player_node
[9.586s] -- Symlinking: /home/ivasd/fyt_atuoaim/install/rm_camera_driver/include/hik/CameraParams.h
[9.589s] -- Symlinking: /home/ivasd/fyt_atuoaim/install/rm_camera_driver/include/hik/MvCameraControl.h
[9.593s] -- Symlinking: /home/ivasd/fyt_atuoaim/install/rm_camera_driver/include/hik/MvErrorDefine.h
[9.596s] -- Symlinking: /home/ivasd/fyt_atuoaim/install/rm_camera_driver/include/hik/MvISPErrorDefine.h
[9.600s] -- Symlinking: /home/ivasd/fyt_atuoaim/install/rm_camera_driver/include/hik/PixelType.h
[9.603s] -- Symlinking: /home/ivasd/fyt_atuoaim/install/rm_camera_driver/include/rm_camera_driver/hik_camera.hpp
[9.607s] -- Symlinking: /home/ivasd/fyt_atuoaim/install/rm_camera_driver/include/rm_camera_driver/recorder.hpp
[9.610s] -- Symlinking: /home/ivasd/fyt_atuoaim/install/rm_camera_driver/share/rm_camera_driver/environment/library_path.sh
[9.614s] -- Symlinking: /home/ivasd/fyt_atuoaim/install/rm_camera_driver/share/rm_camera_driver/environment/library_path.dsv
[9.618s] -- Symlinking: /home/ivasd/fyt_atuoaim/install/rm_camera_driver/lib/librm_camera_driver.so
[9.622s] -- Symlinking: /home/ivasd/fyt_atuoaim/install/rm_camera_driver/share/rm_camera_driver/config/camera_info.yaml
[9.626s] -- Symlinking: /home/ivasd/fyt_atuoaim/install/rm_camera_driver/share/rm_camera_driver/config/camera_params.yaml
[9.630s] -- Symlinking: /home/ivasd/fyt_atuoaim/install/rm_camera_driver/share/rm_camera_driver/launch/hik_camera.launch.py
[9.633s] -- Symlinking: /home/ivasd/fyt_atuoaim/install/rm_camera_driver/share/ament_index/resource_index/package_run_dependencies/rm_camera_driver
[9.637s] -- Symlinking: /home/ivasd/fyt_atuoaim/install/rm_camera_driver/share/ament_index/resource_index/parent_prefix_path/rm_camera_driver
[9.640s] -- Symlinking: /home/ivasd/fyt_atuoaim/install/rm_camera_driver/share/rm_camera_driver/environment/ament_prefix_path.sh
[9.644s] -- Symlinking: /home/ivasd/fyt_atuoaim/install/rm_camera_driver/share/rm_camera_driver/environment/ament_prefix_path.dsv
[9.647s] -- Symlinking: /home/ivasd/fyt_atuoaim/install/rm_camera_driver/share/rm_camera_driver/environment/path.sh
[9.650s] -- Symlinking: /home/ivasd/fyt_atuoaim/install/rm_camera_driver/share/rm_camera_driver/environment/path.dsv
[9.654s] -- Symlinking: /home/ivasd/fyt_atuoaim/install/rm_camera_driver/share/rm_camera_driver/local_setup.bash
[9.658s] -- Symlinking: /home/ivasd/fyt_atuoaim/install/rm_camera_driver/share/rm_camera_driver/local_setup.sh
[9.663s] -- Symlinking: /home/ivasd/fyt_atuoaim/install/rm_camera_driver/share/rm_camera_driver/local_setup.zsh
[9.666s] -- Symlinking: /home/ivasd/fyt_atuoaim/install/rm_camera_driver/share/rm_camera_driver/local_setup.dsv
[9.670s] -- Symlinking: /home/ivasd/fyt_atuoaim/install/rm_camera_driver/share/rm_camera_driver/package.dsv
[9.674s] -- Symlinking: /home/ivasd/fyt_atuoaim/install/rm_camera_driver/share/ament_index/resource_index/packages/rm_camera_driver
[9.678s] -- Symlinking: /home/ivasd/fyt_atuoaim/install/rm_camera_driver/share/ament_index/resource_index/rclcpp_components/rm_camera_driver
[9.682s] -- Symlinking: /home/ivasd/fyt_atuoaim/install/rm_camera_driver/share/rm_camera_driver/cmake/ament_cmake_export_dependencies-extras.cmake
[9.686s] -- Symlinking: /home/ivasd/fyt_atuoaim/install/rm_camera_driver/share/rm_camera_driver/cmake/ament_cmake_export_include_directories-extras.cmake
[9.690s] -- Symlinking: /home/ivasd/fyt_atuoaim/install/rm_camera_driver/share/rm_camera_driver/cmake/ament_cmake_export_libraries-extras.cmake
[9.693s] -- Symlinking: /home/ivasd/fyt_atuoaim/install/rm_camera_driver/share/rm_camera_driver/cmake/rm_camera_driverConfig.cmake
[9.696s] -- Symlinking: /home/ivasd/fyt_atuoaim/install/rm_camera_driver/share/rm_camera_driver/cmake/rm_camera_driverConfig-version.cmake
[9.700s] -- Symlinking: /home/ivasd/fyt_atuoaim/install/rm_camera_driver/share/rm_camera_driver/package.xml
[9.705s] Invoked command in '/home/ivasd/fyt_atuoaim/build/rm_camera_driver' returned '0': CMAKE_PREFIX_PATH=/home/ivasd/fyt_atuoaim/install/rm_utils:/home/ivasd/fyt_atuoaim/install/rm_bringup:/home/ivasd/fyt_atuoaim/install/rm_serial_driver:/home/ivasd/fyt_atuoaim/install/rm_camera_driver:/home/ivasd/fyt_atuoaim/install/rm_auto_aim:/home/ivasd/fyt_atuoaim/install/armor_solver:/home/ivasd/fyt_atuoaim/install/armor_detector:/home/ivasd/fyt_atuoaim/install/rm_robot_description:/home/ivasd/fyt_atuoaim/install/rm_interfaces:/opt/ros/humble LD_LIBRARY_PATH=/home/ivasd/fyt_atuoaim/install/rm_utils/lib:/home/ivasd/fyt_atuoaim/install/rm_serial_driver/lib:/home/ivasd/fyt_atuoaim/install/rm_camera_driver/lib:/home/ivasd/fyt_atuoaim/install/armor_solver/lib:/home/ivasd/fyt_atuoaim/install/armor_detector/lib:/home/ivasd/fyt_atuoaim/install/rm_interfaces/lib:/opt/ros/humble/opt/rviz_ogre_vendor/lib:/opt/ros/humble/lib/x86_64-linux-gnu:/opt/ros/humble/lib /usr/local/bin/cmake --install /home/ivasd/fyt_atuoaim/build/rm_camera_driver
