[0.007s] Invoking command in '/home/ivasd/fyt_atuoaim/build/armor_solver': CMAKE_PREFIX_PATH=/home/ivasd/fyt_atuoaim/install/rm_utils:/home/ivasd/fyt_atuoaim/install/rm_interfaces:/home/ivasd/fyt_atuoaim/install/rm_bringup:/home/ivasd/fyt_atuoaim/install/rm_serial_driver:/home/ivasd/fyt_atuoaim/install/rm_camera_driver:/home/ivasd/fyt_atuoaim/install/rm_auto_aim:/home/ivasd/fyt_atuoaim/install/armor_solver:/home/ivasd/fyt_atuoaim/install/armor_detector:/home/ivasd/fyt_atuoaim/install/rm_robot_description:/opt/ros/humble LD_LIBRARY_PATH=/home/ivasd/fyt_atuoaim/install/rm_utils/lib:/home/ivasd/fyt_atuoaim/install/rm_interfaces/lib:/home/ivasd/fyt_atuoaim/install/rm_serial_driver/lib:/home/ivasd/fyt_atuoaim/install/rm_camera_driver/lib:/home/ivasd/fyt_atuoaim/install/armor_solver/lib:/home/ivasd/fyt_atuoaim/install/armor_detector/lib:/opt/ros/humble/opt/rviz_ogre_vendor/lib:/opt/ros/humble/lib/x86_64-linux-gnu:/opt/ros/humble/lib /usr/local/bin/cmake /home/ivasd/fyt_atuoaim/src/rm_auto_aim/armor_solver -DAMENT_CMAKE_SYMLINK_INSTALL=1 -DCMAKE_INSTALL_PREFIX=/home/ivasd/fyt_atuoaim/install/armor_solver
[0.038s] -- The C compiler identification is GNU 11.4.0
[0.071s] -- The CXX compiler identification is GNU 11.4.0
[0.077s] -- Detecting C compiler ABI info
[0.111s] -- Detecting C compiler ABI info - done
[0.118s] -- Check for working C compiler: /usr/bin/cc - skipped
[0.118s] -- Detecting C compile features
[0.119s] -- Detecting C compile features - done
[0.120s] -- Detecting CXX compiler ABI info
[0.160s] -- Detecting CXX compiler ABI info - done
[0.164s] -- Check for working CXX compiler: /usr/bin/c++ - skipped
[0.164s] -- Detecting CXX compile features
[0.164s] -- Detecting CXX compile features - done
[0.165s] -- Found ament_cmake_auto: 1.3.12 (/opt/ros/humble/share/ament_cmake_auto/cmake)
[0.238s] -- Found Python3: /usr/bin/python3 (found version "3.10.12") found components: Interpreter 
[0.271s] -- Override CMake install command with custom implementation using symlinks instead of copying resources
[0.346s] -- Found rosidl_generator_c: 3.1.7 (/opt/ros/humble/share/rosidl_generator_c/cmake)
[0.349s] -- Found rosidl_adapter: 3.1.7 (/opt/ros/humble/share/rosidl_adapter/cmake)
[0.354s] -- Found rosidl_generator_cpp: 3.1.7 (/opt/ros/humble/share/rosidl_generator_cpp/cmake)
[0.362s] -- Using all available rosidl_typesupport_c: rosidl_typesupport_fastrtps_c;rosidl_typesupport_introspection_c
[0.372s] -- Using all available rosidl_typesupport_cpp: rosidl_typesupport_fastrtps_cpp;rosidl_typesupport_introspection_cpp
[0.401s] -- Found rmw_implementation_cmake: 6.1.2 (/opt/ros/humble/share/rmw_implementation_cmake/cmake)
[0.403s] -- Found rmw_fastrtps_cpp: 6.2.8 (/opt/ros/humble/share/rmw_fastrtps_cpp/cmake)
[0.467s] -- Found OpenSSL: /usr/lib/x86_64-linux-gnu/libcrypto.so (found version "3.0.2")  
[0.488s] -- Found FastRTPS: /opt/ros/humble/include  
[0.526s] -- Using RMW implementation 'rmw_fastrtps_cpp' as default
[0.533s] -- Performing Test CMAKE_HAVE_LIBC_PTHREAD
[0.587s] -- Performing Test CMAKE_HAVE_LIBC_PTHREAD - Success
[0.588s] -- Found Threads: TRUE  
[0.723s] -- Found eigen3_cmake_module: 0.1.1 (/opt/ros/humble/share/eigen3_cmake_module/cmake)
[0.724s] -- Found Eigen3: TRUE (found version "3.4.0") 
[0.724s] -- Ensuring Eigen3 include directory is part of orocos-kdl CMake target
[1.128s] -- Found AMD headers in: /usr/include/suitesparse
[1.129s] -- Found AMD library: /usr/lib/x86_64-linux-gnu/libamd.so
[1.129s] -- Found CAMD headers in: /usr/include/suitesparse
[1.130s] -- Found CAMD library: /usr/lib/x86_64-linux-gnu/libcamd.so
[1.130s] -- Found CCOLAMD headers in: /usr/include/suitesparse
[1.131s] -- Found CCOLAMD library: /usr/lib/x86_64-linux-gnu/libccolamd.so
[1.131s] -- Found CHOLMOD headers in: /usr/include/suitesparse
[1.132s] -- Found CHOLMOD library: /usr/lib/x86_64-linux-gnu/libcholmod.so
[1.132s] -- Found COLAMD headers in: /usr/include/suitesparse
[1.133s] -- Found COLAMD library: /usr/lib/x86_64-linux-gnu/libcolamd.so
[1.133s] -- Found SPQR headers in: /usr/include/suitesparse
[1.134s] -- Found SPQR library: /usr/lib/x86_64-linux-gnu/libspqr.so
[1.134s] -- Found Config headers in: /usr/include/suitesparse
[1.135s] -- Found Config library: /usr/lib/x86_64-linux-gnu/libsuitesparseconfig.so
[1.137s] -- Found Intel Thread Building Blocks (TBB) library (2021.5 / ) include location: . Assuming SuiteSparseQR was compiled with TBB.
[1.137s] -- Looking for shm_open in rt
[1.184s] -- Looking for shm_open in rt - found
[1.184s] -- Adding librt to SuiteSparse_config libraries (required on Linux & Unix [not OSX] if SuiteSparse is compiled with timing).
[1.189s] -- Could NOT find METIS (missing: METIS_INCLUDE_DIR METIS_LIBRARY) 
[1.208s] -- Found ament_lint_auto: 0.12.14 (/opt/ros/humble/share/ament_lint_auto/cmake)
[1.224s] -- Found ament_cmake_gtest: 1.3.12 (/opt/ros/humble/share/ament_cmake_gtest/cmake)
[1.224s] [0mIn this package, headers install destination is set to `include` by ament_auto_package. It is recommended to install `include/armor_solver` instead and will be the default behavior of ament_auto_package from ROS 2 Kilted Kaiju. On distributions before Kilted, ament_auto_package behaves the same way when you use USE_SCOPED_HEADER_INSTALL_DIR option.[0m
[1.228s] -- Added test 'cppcheck' to perform static code analysis on C / C++ code
[1.228s] -- Configured cppcheck include dirs: /home/ivasd/fyt_atuoaim/src/rm_auto_aim/armor_solver/include
[1.228s] -- Configured cppcheck exclude dirs and/or files: 
[1.229s] -- Added test 'lint_cmake' to check CMake code style
[1.229s] -- Added test 'xmllint' to check XML markup files
[1.231s] -- Configuring done
[1.246s] -- Generating done
[1.251s] -- Build files have been written to: /home/ivasd/fyt_atuoaim/build/armor_solver
[1.259s] Invoked command in '/home/ivasd/fyt_atuoaim/build/armor_solver' returned '0': CMAKE_PREFIX_PATH=/home/ivasd/fyt_atuoaim/install/rm_utils:/home/ivasd/fyt_atuoaim/install/rm_interfaces:/home/ivasd/fyt_atuoaim/install/rm_bringup:/home/ivasd/fyt_atuoaim/install/rm_serial_driver:/home/ivasd/fyt_atuoaim/install/rm_camera_driver:/home/ivasd/fyt_atuoaim/install/rm_auto_aim:/home/ivasd/fyt_atuoaim/install/armor_solver:/home/ivasd/fyt_atuoaim/install/armor_detector:/home/ivasd/fyt_atuoaim/install/rm_robot_description:/opt/ros/humble LD_LIBRARY_PATH=/home/ivasd/fyt_atuoaim/install/rm_utils/lib:/home/ivasd/fyt_atuoaim/install/rm_interfaces/lib:/home/ivasd/fyt_atuoaim/install/rm_serial_driver/lib:/home/ivasd/fyt_atuoaim/install/rm_camera_driver/lib:/home/ivasd/fyt_atuoaim/install/armor_solver/lib:/home/ivasd/fyt_atuoaim/install/armor_detector/lib:/opt/ros/humble/opt/rviz_ogre_vendor/lib:/opt/ros/humble/lib/x86_64-linux-gnu:/opt/ros/humble/lib /usr/local/bin/cmake /home/ivasd/fyt_atuoaim/src/rm_auto_aim/armor_solver -DAMENT_CMAKE_SYMLINK_INSTALL=1 -DCMAKE_INSTALL_PREFIX=/home/ivasd/fyt_atuoaim/install/armor_solver
[1.260s] Invoking command in '/home/ivasd/fyt_atuoaim/build/armor_solver': CMAKE_PREFIX_PATH=/home/ivasd/fyt_atuoaim/install/rm_utils:/home/ivasd/fyt_atuoaim/install/rm_interfaces:/home/ivasd/fyt_atuoaim/install/rm_bringup:/home/ivasd/fyt_atuoaim/install/rm_serial_driver:/home/ivasd/fyt_atuoaim/install/rm_camera_driver:/home/ivasd/fyt_atuoaim/install/rm_auto_aim:/home/ivasd/fyt_atuoaim/install/armor_solver:/home/ivasd/fyt_atuoaim/install/armor_detector:/home/ivasd/fyt_atuoaim/install/rm_robot_description:/opt/ros/humble LD_LIBRARY_PATH=/home/ivasd/fyt_atuoaim/install/rm_utils/lib:/home/ivasd/fyt_atuoaim/install/rm_interfaces/lib:/home/ivasd/fyt_atuoaim/install/rm_serial_driver/lib:/home/ivasd/fyt_atuoaim/install/rm_camera_driver/lib:/home/ivasd/fyt_atuoaim/install/armor_solver/lib:/home/ivasd/fyt_atuoaim/install/armor_detector/lib:/opt/ros/humble/opt/rviz_ogre_vendor/lib:/opt/ros/humble/lib/x86_64-linux-gnu:/opt/ros/humble/lib /usr/local/bin/cmake --build /home/ivasd/fyt_atuoaim/build/armor_solver -- -j32 -l32
[1.287s] [ 50%] [32mBuilding CXX object CMakeFiles/armor_solver_node.dir/rclcpp_components/node_main_armor_solver_node.cpp.o[0m
[1.287s] [ 50%] [32mBuilding CXX object CMakeFiles/armor_solver.dir/src/armor_solver.cpp.o[0m
[1.287s] [ 50%] [32mBuilding CXX object CMakeFiles/armor_solver.dir/src/armor_solver_node.cpp.o[0m
[1.287s] [ 66%] [32mBuilding CXX object CMakeFiles/armor_solver.dir/src/armor_tracker.cpp.o[0m
[5.674s] [ 83%] [32m[1mLinking CXX executable armor_solver_node[0m
[5.796s] [ 83%] Built target armor_solver_node
[19.053s] [100%] [32m[1mLinking CXX shared library libarmor_solver.so[0m
[19.212s] [100%] Built target armor_solver
[19.216s] Invoked command in '/home/ivasd/fyt_atuoaim/build/armor_solver' returned '0': CMAKE_PREFIX_PATH=/home/ivasd/fyt_atuoaim/install/rm_utils:/home/ivasd/fyt_atuoaim/install/rm_interfaces:/home/ivasd/fyt_atuoaim/install/rm_bringup:/home/ivasd/fyt_atuoaim/install/rm_serial_driver:/home/ivasd/fyt_atuoaim/install/rm_camera_driver:/home/ivasd/fyt_atuoaim/install/rm_auto_aim:/home/ivasd/fyt_atuoaim/install/armor_solver:/home/ivasd/fyt_atuoaim/install/armor_detector:/home/ivasd/fyt_atuoaim/install/rm_robot_description:/opt/ros/humble LD_LIBRARY_PATH=/home/ivasd/fyt_atuoaim/install/rm_utils/lib:/home/ivasd/fyt_atuoaim/install/rm_interfaces/lib:/home/ivasd/fyt_atuoaim/install/rm_serial_driver/lib:/home/ivasd/fyt_atuoaim/install/rm_camera_driver/lib:/home/ivasd/fyt_atuoaim/install/armor_solver/lib:/home/ivasd/fyt_atuoaim/install/armor_detector/lib:/opt/ros/humble/opt/rviz_ogre_vendor/lib:/opt/ros/humble/lib/x86_64-linux-gnu:/opt/ros/humble/lib /usr/local/bin/cmake --build /home/ivasd/fyt_atuoaim/build/armor_solver -- -j32 -l32
[19.217s] Invoking command in '/home/ivasd/fyt_atuoaim/build/armor_solver': CMAKE_PREFIX_PATH=/home/ivasd/fyt_atuoaim/install/rm_utils:/home/ivasd/fyt_atuoaim/install/rm_interfaces:/home/ivasd/fyt_atuoaim/install/rm_bringup:/home/ivasd/fyt_atuoaim/install/rm_serial_driver:/home/ivasd/fyt_atuoaim/install/rm_camera_driver:/home/ivasd/fyt_atuoaim/install/rm_auto_aim:/home/ivasd/fyt_atuoaim/install/armor_solver:/home/ivasd/fyt_atuoaim/install/armor_detector:/home/ivasd/fyt_atuoaim/install/rm_robot_description:/opt/ros/humble LD_LIBRARY_PATH=/home/ivasd/fyt_atuoaim/install/rm_utils/lib:/home/ivasd/fyt_atuoaim/install/rm_interfaces/lib:/home/ivasd/fyt_atuoaim/install/rm_serial_driver/lib:/home/ivasd/fyt_atuoaim/install/rm_camera_driver/lib:/home/ivasd/fyt_atuoaim/install/armor_solver/lib:/home/ivasd/fyt_atuoaim/install/armor_detector/lib:/opt/ros/humble/opt/rviz_ogre_vendor/lib:/opt/ros/humble/lib/x86_64-linux-gnu:/opt/ros/humble/lib /usr/local/bin/cmake --install /home/ivasd/fyt_atuoaim/build/armor_solver
[19.220s] -- Install configuration: ""
[19.220s] -- Execute custom install script
[19.221s] -- Symlinking: /home/ivasd/fyt_atuoaim/install/armor_solver/lib/armor_solver/armor_solver_node
[19.224s] -- Symlinking: /home/ivasd/fyt_atuoaim/install/armor_solver/include/armor_solver/armor_solver.hpp
[19.226s] -- Symlinking: /home/ivasd/fyt_atuoaim/install/armor_solver/include/armor_solver/armor_solver_node.hpp
[19.229s] -- Symlinking: /home/ivasd/fyt_atuoaim/install/armor_solver/include/armor_solver/armor_tracker.hpp
[19.231s] -- Symlinking: /home/ivasd/fyt_atuoaim/install/armor_solver/include/armor_solver/motion_model.hpp
[19.234s] -- Symlinking: /home/ivasd/fyt_atuoaim/install/armor_solver/share/armor_solver/environment/library_path.sh
[19.237s] -- Symlinking: /home/ivasd/fyt_atuoaim/install/armor_solver/share/armor_solver/environment/library_path.dsv
[19.239s] -- Symlinking: /home/ivasd/fyt_atuoaim/install/armor_solver/lib/libarmor_solver.so
[19.242s] -- Symlinking: /home/ivasd/fyt_atuoaim/install/armor_solver/share/ament_index/resource_index/package_run_dependencies/armor_solver
[19.245s] -- Symlinking: /home/ivasd/fyt_atuoaim/install/armor_solver/share/ament_index/resource_index/parent_prefix_path/armor_solver
[19.248s] -- Symlinking: /home/ivasd/fyt_atuoaim/install/armor_solver/share/armor_solver/environment/ament_prefix_path.sh
[19.251s] -- Symlinking: /home/ivasd/fyt_atuoaim/install/armor_solver/share/armor_solver/environment/ament_prefix_path.dsv
[19.253s] -- Symlinking: /home/ivasd/fyt_atuoaim/install/armor_solver/share/armor_solver/environment/path.sh
[19.256s] -- Symlinking: /home/ivasd/fyt_atuoaim/install/armor_solver/share/armor_solver/environment/path.dsv
[19.258s] -- Symlinking: /home/ivasd/fyt_atuoaim/install/armor_solver/share/armor_solver/local_setup.bash
[19.261s] -- Symlinking: /home/ivasd/fyt_atuoaim/install/armor_solver/share/armor_solver/local_setup.sh
[19.264s] -- Symlinking: /home/ivasd/fyt_atuoaim/install/armor_solver/share/armor_solver/local_setup.zsh
[19.266s] -- Symlinking: /home/ivasd/fyt_atuoaim/install/armor_solver/share/armor_solver/local_setup.dsv
[19.269s] -- Symlinking: /home/ivasd/fyt_atuoaim/install/armor_solver/share/armor_solver/package.dsv
[19.271s] -- Symlinking: /home/ivasd/fyt_atuoaim/install/armor_solver/share/ament_index/resource_index/packages/armor_solver
[19.273s] -- Symlinking: /home/ivasd/fyt_atuoaim/install/armor_solver/share/ament_index/resource_index/rclcpp_components/armor_solver
[19.276s] -- Symlinking: /home/ivasd/fyt_atuoaim/install/armor_solver/share/armor_solver/cmake/ament_cmake_export_dependencies-extras.cmake
[19.278s] -- Symlinking: /home/ivasd/fyt_atuoaim/install/armor_solver/share/armor_solver/cmake/ament_cmake_export_include_directories-extras.cmake
[19.281s] -- Symlinking: /home/ivasd/fyt_atuoaim/install/armor_solver/share/armor_solver/cmake/ament_cmake_export_libraries-extras.cmake
[19.283s] -- Symlinking: /home/ivasd/fyt_atuoaim/install/armor_solver/share/armor_solver/cmake/armor_solverConfig.cmake
[19.285s] -- Symlinking: /home/ivasd/fyt_atuoaim/install/armor_solver/share/armor_solver/cmake/armor_solverConfig-version.cmake
[19.288s] -- Symlinking: /home/ivasd/fyt_atuoaim/install/armor_solver/share/armor_solver/package.xml
[19.292s] Invoked command in '/home/ivasd/fyt_atuoaim/build/armor_solver' returned '0': CMAKE_PREFIX_PATH=/home/ivasd/fyt_atuoaim/install/rm_utils:/home/ivasd/fyt_atuoaim/install/rm_interfaces:/home/ivasd/fyt_atuoaim/install/rm_bringup:/home/ivasd/fyt_atuoaim/install/rm_serial_driver:/home/ivasd/fyt_atuoaim/install/rm_camera_driver:/home/ivasd/fyt_atuoaim/install/rm_auto_aim:/home/ivasd/fyt_atuoaim/install/armor_solver:/home/ivasd/fyt_atuoaim/install/armor_detector:/home/ivasd/fyt_atuoaim/install/rm_robot_description:/opt/ros/humble LD_LIBRARY_PATH=/home/ivasd/fyt_atuoaim/install/rm_utils/lib:/home/ivasd/fyt_atuoaim/install/rm_interfaces/lib:/home/ivasd/fyt_atuoaim/install/rm_serial_driver/lib:/home/ivasd/fyt_atuoaim/install/rm_camera_driver/lib:/home/ivasd/fyt_atuoaim/install/armor_solver/lib:/home/ivasd/fyt_atuoaim/install/armor_detector/lib:/opt/ros/humble/opt/rviz_ogre_vendor/lib:/opt/ros/humble/lib/x86_64-linux-gnu:/opt/ros/humble/lib /usr/local/bin/cmake --install /home/ivasd/fyt_atuoaim/build/armor_solver
