[0.006s] Invoking command in '/home/ivasd/fyt_atuoaim/build/rm_interfaces': CMAKE_PREFIX_PATH=${CMAKE_PREFIX_PATH}:/opt/ros/humble /usr/local/bin/cmake /home/ivasd/fyt_atuoaim/src/rm_interfaces -DCMAKE_INSTALL_PREFIX=/home/ivasd/fyt_atuoaim/install/rm_interfaces
[0.011s] -- Found ament_cmake: 1.3.12 (/opt/ros/humble/share/ament_cmake/cmake)
[0.060s] -- Override CMake install command with custom implementation using symlinks instead of copying resources
[0.063s] -- Found rosidl_default_generators: 1.2.0 (/opt/ros/humble/share/rosidl_default_generators/cmake)
[0.064s] -- Using all available rosidl_typesupport_c: rosidl_typesupport_fastrtps_c;rosidl_typesupport_introspection_c
[0.066s] -- Found rosidl_adapter: 3.1.7 (/opt/ros/humble/share/rosidl_adapter/cmake)
[0.080s] -- Using all available rosidl_typesupport_cpp: rosidl_typesupport_fastrtps_cpp;rosidl_typesupport_introspection_cpp
[0.092s] -- Found geometry_msgs: 4.9.0 (/opt/ros/humble/share/geometry_msgs/cmake)
[0.257s] -- Found ament_cmake_ros: 0.10.0 (/opt/ros/humble/share/ament_cmake_ros/cmake)
[0.339s] -- Using all available rosidl_typesupport_c: rosidl_typesupport_fastrtps_c;rosidl_typesupport_introspection_c
[0.443s] -- Using all available rosidl_typesupport_cpp: rosidl_typesupport_fastrtps_cpp;rosidl_typesupport_introspection_cpp
[0.457s] -- Found python_cmake_module: 0.10.0 (/opt/ros/humble/share/python_cmake_module/cmake)
[0.470s] -- Using PYTHON_EXECUTABLE: /usr/bin/python3
[0.471s] -- Using PYTHON_INCLUDE_DIRS: /usr/include/python3.10
[0.471s] -- Using PYTHON_LIBRARIES: /usr/lib/x86_64-linux-gnu/libpython3.10.so
[0.497s] -- Configuring done
[0.528s] -- Generating done
[0.536s] -- Build files have been written to: /home/ivasd/fyt_atuoaim/build/rm_interfaces
[0.541s] Invoked command in '/home/ivasd/fyt_atuoaim/build/rm_interfaces' returned '0': CMAKE_PREFIX_PATH=${CMAKE_PREFIX_PATH}:/opt/ros/humble /usr/local/bin/cmake /home/ivasd/fyt_atuoaim/src/rm_interfaces -DCMAKE_INSTALL_PREFIX=/home/ivasd/fyt_atuoaim/install/rm_interfaces
[0.542s] Invoking command in '/home/ivasd/fyt_atuoaim/build/rm_interfaces': CMAKE_PREFIX_PATH=${CMAKE_PREFIX_PATH}:/opt/ros/humble /usr/local/bin/cmake --build /home/ivasd/fyt_atuoaim/build/rm_interfaces -- -j32 -l32
[0.566s] [35m[1mConsolidate compiler generated dependencies of target rm_interfaces__rosidl_generator_c[0m
[0.568s] [  0%] Built target rm_interfaces__cpp
[0.571s] [  0%] Built target ament_cmake_python_symlink_rm_interfaces
[0.574s] [ 12%] Built target rm_interfaces__rosidl_generator_c
[0.576s] [35m[1mConsolidate compiler generated dependencies of target rm_interfaces__rosidl_typesupport_cpp[0m
[0.576s] [35m[1mConsolidate compiler generated dependencies of target rm_interfaces__rosidl_typesupport_introspection_cpp[0m
[0.576s] [35m[1mConsolidate compiler generated dependencies of target rm_interfaces__rosidl_typesupport_fastrtps_cpp[0m
[0.580s] [35m[1mConsolidate compiler generated dependencies of target rm_interfaces__rosidl_typesupport_c[0m
[0.580s] [35m[1mConsolidate compiler generated dependencies of target rm_interfaces__rosidl_typesupport_introspection_c[0m
[0.582s] [35m[1mConsolidate compiler generated dependencies of target rm_interfaces__rosidl_typesupport_fastrtps_c[0m
[0.589s] [ 24%] Built target rm_interfaces__rosidl_typesupport_introspection_c
[0.589s] [ 36%] Built target rm_interfaces__rosidl_typesupport_c
[0.592s] [ 70%] Built target rm_interfaces__rosidl_typesupport_cpp
[0.592s] [ 70%] Built target rm_interfaces__rosidl_typesupport_introspection_cpp
[0.592s] [ 72%] Built target rm_interfaces__rosidl_typesupport_fastrtps_cpp
[0.600s] [ 84%] Built target rm_interfaces__rosidl_typesupport_fastrtps_c
[0.610s] [ 84%] Built target rm_interfaces
[0.621s] [ 85%] Built target rm_interfaces__py
[0.629s] [35m[1mConsolidate compiler generated dependencies of target rm_interfaces__rosidl_generator_py[0m
[0.642s] [ 96%] Built target rm_interfaces__rosidl_generator_py
[0.647s] [35m[1mConsolidate compiler generated dependencies of target rm_interfaces__rosidl_typesupport_fastrtps_c__pyext[0m
[0.647s] [35m[1mConsolidate compiler generated dependencies of target rm_interfaces__rosidl_typesupport_introspection_c__pyext[0m
[0.647s] [35m[1mConsolidate compiler generated dependencies of target rm_interfaces__rosidl_typesupport_c__pyext[0m
[0.653s] [ 97%] Built target rm_interfaces__rosidl_typesupport_fastrtps_c__pyext
[0.654s] [ 98%] Built target rm_interfaces__rosidl_typesupport_c__pyext
[0.654s] [100%] Built target rm_interfaces__rosidl_typesupport_introspection_c__pyext
[0.689s] running egg_info
[0.690s] writing rm_interfaces.egg-info/PKG-INFO
[0.690s] writing dependency_links to rm_interfaces.egg-info/dependency_links.txt
[0.690s] writing top-level names to rm_interfaces.egg-info/top_level.txt
[0.691s] reading manifest file 'rm_interfaces.egg-info/SOURCES.txt'
[0.691s] writing manifest file 'rm_interfaces.egg-info/SOURCES.txt'
[0.703s] [100%] Built target ament_cmake_python_build_rm_interfaces_egg
[0.708s] Invoked command in '/home/ivasd/fyt_atuoaim/build/rm_interfaces' returned '0': CMAKE_PREFIX_PATH=${CMAKE_PREFIX_PATH}:/opt/ros/humble /usr/local/bin/cmake --build /home/ivasd/fyt_atuoaim/build/rm_interfaces -- -j32 -l32
[0.710s] Invoking command in '/home/ivasd/fyt_atuoaim/build/rm_interfaces': CMAKE_PREFIX_PATH=${CMAKE_PREFIX_PATH}:/opt/ros/humble /usr/local/bin/cmake --install /home/ivasd/fyt_atuoaim/build/rm_interfaces
[0.713s] -- Install configuration: ""
[0.713s] -- Execute custom install script
[0.713s] -- Up-to-date symlink: /home/ivasd/fyt_atuoaim/install/rm_interfaces/share/ament_index/resource_index/rosidl_interfaces/rm_interfaces
[0.713s] -- Up-to-date symlink: /home/ivasd/fyt_atuoaim/install/rm_interfaces/include/rm_interfaces/rm_interfaces/msg/armor.h
[0.714s] -- Up-to-date symlink: /home/ivasd/fyt_atuoaim/install/rm_interfaces/include/rm_interfaces/rm_interfaces/msg/armors.h
[0.714s] -- Up-to-date symlink: /home/ivasd/fyt_atuoaim/install/rm_interfaces/include/rm_interfaces/rm_interfaces/msg/chassis_cmd.h
[0.714s] -- Up-to-date symlink: /home/ivasd/fyt_atuoaim/install/rm_interfaces/include/rm_interfaces/rm_interfaces/msg/debug_armor.h
[0.714s] -- Up-to-date symlink: /home/ivasd/fyt_atuoaim/install/rm_interfaces/include/rm_interfaces/rm_interfaces/msg/debug_armors.h
[0.714s] -- Up-to-date symlink: /home/ivasd/fyt_atuoaim/install/rm_interfaces/include/rm_interfaces/rm_interfaces/msg/debug_light.h
[0.714s] -- Up-to-date symlink: /home/ivasd/fyt_atuoaim/install/rm_interfaces/include/rm_interfaces/rm_interfaces/msg/debug_lights.h
[0.714s] -- Up-to-date symlink: /home/ivasd/fyt_atuoaim/install/rm_interfaces/include/rm_interfaces/rm_interfaces/msg/debug_rune_angle.h
[0.714s] -- Up-to-date symlink: /home/ivasd/fyt_atuoaim/install/rm_interfaces/include/rm_interfaces/rm_interfaces/msg/detail/armor__functions.h
[0.714s] -- Up-to-date symlink: /home/ivasd/fyt_atuoaim/install/rm_interfaces/include/rm_interfaces/rm_interfaces/msg/detail/armor__struct.h
[0.714s] -- Up-to-date symlink: /home/ivasd/fyt_atuoaim/install/rm_interfaces/include/rm_interfaces/rm_interfaces/msg/detail/armor__type_support.h
[0.714s] -- Up-to-date symlink: /home/ivasd/fyt_atuoaim/install/rm_interfaces/include/rm_interfaces/rm_interfaces/msg/detail/armors__functions.h
[0.714s] -- Up-to-date symlink: /home/ivasd/fyt_atuoaim/install/rm_interfaces/include/rm_interfaces/rm_interfaces/msg/detail/armors__struct.h
[0.714s] -- Up-to-date symlink: /home/ivasd/fyt_atuoaim/install/rm_interfaces/include/rm_interfaces/rm_interfaces/msg/detail/armors__type_support.h
[0.714s] -- Up-to-date symlink: /home/ivasd/fyt_atuoaim/install/rm_interfaces/include/rm_interfaces/rm_interfaces/msg/detail/chassis_cmd__functions.h
[0.714s] -- Up-to-date symlink: /home/ivasd/fyt_atuoaim/install/rm_interfaces/include/rm_interfaces/rm_interfaces/msg/detail/chassis_cmd__struct.h
[0.714s] -- Up-to-date symlink: /home/ivasd/fyt_atuoaim/install/rm_interfaces/include/rm_interfaces/rm_interfaces/msg/detail/chassis_cmd__type_support.h
[0.714s] -- Up-to-date symlink: /home/ivasd/fyt_atuoaim/install/rm_interfaces/include/rm_interfaces/rm_interfaces/msg/detail/debug_armor__functions.h
[0.714s] -- Up-to-date symlink: /home/ivasd/fyt_atuoaim/install/rm_interfaces/include/rm_interfaces/rm_interfaces/msg/detail/debug_armor__struct.h
[0.715s] -- Up-to-date symlink: /home/ivasd/fyt_atuoaim/install/rm_interfaces/include/rm_interfaces/rm_interfaces/msg/detail/debug_armor__type_support.h
[0.715s] -- Up-to-date symlink: /home/ivasd/fyt_atuoaim/install/rm_interfaces/include/rm_interfaces/rm_interfaces/msg/detail/debug_armors__functions.h
[0.715s] -- Up-to-date symlink: /home/ivasd/fyt_atuoaim/install/rm_interfaces/include/rm_interfaces/rm_interfaces/msg/detail/debug_armors__struct.h
[0.715s] -- Up-to-date symlink: /home/ivasd/fyt_atuoaim/install/rm_interfaces/include/rm_interfaces/rm_interfaces/msg/detail/debug_armors__type_support.h
[0.715s] -- Up-to-date symlink: /home/ivasd/fyt_atuoaim/install/rm_interfaces/include/rm_interfaces/rm_interfaces/msg/detail/debug_light__functions.h
[0.715s] -- Up-to-date symlink: /home/ivasd/fyt_atuoaim/install/rm_interfaces/include/rm_interfaces/rm_interfaces/msg/detail/debug_light__struct.h
[0.715s] -- Up-to-date symlink: /home/ivasd/fyt_atuoaim/install/rm_interfaces/include/rm_interfaces/rm_interfaces/msg/detail/debug_light__type_support.h
[0.715s] -- Up-to-date symlink: /home/ivasd/fyt_atuoaim/install/rm_interfaces/include/rm_interfaces/rm_interfaces/msg/detail/debug_lights__functions.h
[0.715s] -- Up-to-date symlink: /home/ivasd/fyt_atuoaim/install/rm_interfaces/include/rm_interfaces/rm_interfaces/msg/detail/debug_lights__struct.h
[0.715s] -- Up-to-date symlink: /home/ivasd/fyt_atuoaim/install/rm_interfaces/include/rm_interfaces/rm_interfaces/msg/detail/debug_lights__type_support.h
[0.715s] -- Up-to-date symlink: /home/ivasd/fyt_atuoaim/install/rm_interfaces/include/rm_interfaces/rm_interfaces/msg/detail/debug_rune_angle__functions.h
[0.715s] -- Up-to-date symlink: /home/ivasd/fyt_atuoaim/install/rm_interfaces/include/rm_interfaces/rm_interfaces/msg/detail/debug_rune_angle__struct.h
[0.715s] -- Up-to-date symlink: /home/ivasd/fyt_atuoaim/install/rm_interfaces/include/rm_interfaces/rm_interfaces/msg/detail/debug_rune_angle__type_support.h
[0.715s] -- Up-to-date symlink: /home/ivasd/fyt_atuoaim/install/rm_interfaces/include/rm_interfaces/rm_interfaces/msg/detail/gimbal_cmd__functions.h
[0.715s] -- Up-to-date symlink: /home/ivasd/fyt_atuoaim/install/rm_interfaces/include/rm_interfaces/rm_interfaces/msg/detail/gimbal_cmd__struct.h
[0.715s] -- Up-to-date symlink: /home/ivasd/fyt_atuoaim/install/rm_interfaces/include/rm_interfaces/rm_interfaces/msg/detail/gimbal_cmd__type_support.h
[0.715s] -- Up-to-date symlink: /home/ivasd/fyt_atuoaim/install/rm_interfaces/include/rm_interfaces/rm_interfaces/msg/detail/judge_system_data__functions.h
[0.715s] -- Up-to-date symlink: /home/ivasd/fyt_atuoaim/install/rm_interfaces/include/rm_interfaces/rm_interfaces/msg/detail/judge_system_data__struct.h
[0.715s] -- Up-to-date symlink: /home/ivasd/fyt_atuoaim/install/rm_interfaces/include/rm_interfaces/rm_interfaces/msg/detail/judge_system_data__type_support.h
[0.715s] -- Up-to-date symlink: /home/ivasd/fyt_atuoaim/install/rm_interfaces/include/rm_interfaces/rm_interfaces/msg/detail/measurement__functions.h
[0.715s] -- Up-to-date symlink: /home/ivasd/fyt_atuoaim/install/rm_interfaces/include/rm_interfaces/rm_interfaces/msg/detail/measurement__struct.h
[0.715s] -- Up-to-date symlink: /home/ivasd/fyt_atuoaim/install/rm_interfaces/include/rm_interfaces/rm_interfaces/msg/detail/measurement__type_support.h
[0.715s] -- Up-to-date symlink: /home/ivasd/fyt_atuoaim/install/rm_interfaces/include/rm_interfaces/rm_interfaces/msg/detail/operator_command__functions.h
[0.715s] -- Up-to-date symlink: /home/ivasd/fyt_atuoaim/install/rm_interfaces/include/rm_interfaces/rm_interfaces/msg/detail/operator_command__struct.h
[0.715s] -- Up-to-date symlink: /home/ivasd/fyt_atuoaim/install/rm_interfaces/include/rm_interfaces/rm_interfaces/msg/detail/operator_command__type_support.h
[0.715s] -- Up-to-date symlink: /home/ivasd/fyt_atuoaim/install/rm_interfaces/include/rm_interfaces/rm_interfaces/msg/detail/point2d__functions.h
[0.715s] -- Up-to-date symlink: /home/ivasd/fyt_atuoaim/install/rm_interfaces/include/rm_interfaces/rm_interfaces/msg/detail/point2d__struct.h
[0.715s] -- Up-to-date symlink: /home/ivasd/fyt_atuoaim/install/rm_interfaces/include/rm_interfaces/rm_interfaces/msg/detail/point2d__type_support.h
[0.715s] -- Up-to-date symlink: /home/ivasd/fyt_atuoaim/install/rm_interfaces/include/rm_interfaces/rm_interfaces/msg/detail/rune_target__functions.h
[0.715s] -- Up-to-date symlink: /home/ivasd/fyt_atuoaim/install/rm_interfaces/include/rm_interfaces/rm_interfaces/msg/detail/rune_target__struct.h
[0.715s] -- Up-to-date symlink: /home/ivasd/fyt_atuoaim/install/rm_interfaces/include/rm_interfaces/rm_interfaces/msg/detail/rune_target__type_support.h
[0.715s] -- Up-to-date symlink: /home/ivasd/fyt_atuoaim/install/rm_interfaces/include/rm_interfaces/rm_interfaces/msg/detail/serial_receive_data__functions.h
[0.715s] -- Up-to-date symlink: /home/ivasd/fyt_atuoaim/install/rm_interfaces/include/rm_interfaces/rm_interfaces/msg/detail/serial_receive_data__struct.h
[0.715s] -- Up-to-date symlink: /home/ivasd/fyt_atuoaim/install/rm_interfaces/include/rm_interfaces/rm_interfaces/msg/detail/serial_receive_data__type_support.h
[0.715s] -- Up-to-date symlink: /home/ivasd/fyt_atuoaim/install/rm_interfaces/include/rm_interfaces/rm_interfaces/msg/detail/target__functions.h
[0.716s] -- Up-to-date symlink: /home/ivasd/fyt_atuoaim/install/rm_interfaces/include/rm_interfaces/rm_interfaces/msg/detail/target__struct.h
[0.716s] -- Up-to-date symlink: /home/ivasd/fyt_atuoaim/install/rm_interfaces/include/rm_interfaces/rm_interfaces/msg/detail/target__type_support.h
[0.716s] -- Up-to-date symlink: /home/ivasd/fyt_atuoaim/install/rm_interfaces/include/rm_interfaces/rm_interfaces/msg/gimbal_cmd.h
[0.716s] -- Up-to-date symlink: /home/ivasd/fyt_atuoaim/install/rm_interfaces/include/rm_interfaces/rm_interfaces/msg/judge_system_data.h
[0.716s] -- Up-to-date symlink: /home/ivasd/fyt_atuoaim/install/rm_interfaces/include/rm_interfaces/rm_interfaces/msg/measurement.h
[0.716s] -- Up-to-date symlink: /home/ivasd/fyt_atuoaim/install/rm_interfaces/include/rm_interfaces/rm_interfaces/msg/operator_command.h
[0.716s] -- Up-to-date symlink: /home/ivasd/fyt_atuoaim/install/rm_interfaces/include/rm_interfaces/rm_interfaces/msg/point2d.h
[0.716s] -- Up-to-date symlink: /home/ivasd/fyt_atuoaim/install/rm_interfaces/include/rm_interfaces/rm_interfaces/msg/rosidl_generator_c__visibility_control.h
[0.716s] -- Up-to-date symlink: /home/ivasd/fyt_atuoaim/install/rm_interfaces/include/rm_interfaces/rm_interfaces/msg/rune_target.h
[0.716s] -- Up-to-date symlink: /home/ivasd/fyt_atuoaim/install/rm_interfaces/include/rm_interfaces/rm_interfaces/msg/serial_receive_data.h
[0.716s] -- Up-to-date symlink: /home/ivasd/fyt_atuoaim/install/rm_interfaces/include/rm_interfaces/rm_interfaces/msg/target.h
[0.716s] -- Up-to-date symlink: /home/ivasd/fyt_atuoaim/install/rm_interfaces/include/rm_interfaces/rm_interfaces/srv/detail/set_mode__functions.h
[0.716s] -- Up-to-date symlink: /home/ivasd/fyt_atuoaim/install/rm_interfaces/include/rm_interfaces/rm_interfaces/srv/detail/set_mode__struct.h
[0.716s] -- Up-to-date symlink: /home/ivasd/fyt_atuoaim/install/rm_interfaces/include/rm_interfaces/rm_interfaces/srv/detail/set_mode__type_support.h
[0.716s] -- Up-to-date symlink: /home/ivasd/fyt_atuoaim/install/rm_interfaces/include/rm_interfaces/rm_interfaces/srv/set_mode.h
[0.716s] -- Up-to-date symlink: /home/ivasd/fyt_atuoaim/install/rm_interfaces/share/rm_interfaces/environment/library_path.sh
[0.716s] -- Up-to-date symlink: /home/ivasd/fyt_atuoaim/install/rm_interfaces/share/rm_interfaces/environment/library_path.dsv
[0.717s] -- Up-to-date symlink: /home/ivasd/fyt_atuoaim/install/rm_interfaces/include/rm_interfaces/rm_interfaces/msg/detail/armor__rosidl_typesupport_fastrtps_c.h
[0.717s] -- Up-to-date symlink: /home/ivasd/fyt_atuoaim/install/rm_interfaces/include/rm_interfaces/rm_interfaces/msg/detail/armors__rosidl_typesupport_fastrtps_c.h
[0.717s] -- Up-to-date symlink: /home/ivasd/fyt_atuoaim/install/rm_interfaces/include/rm_interfaces/rm_interfaces/msg/detail/chassis_cmd__rosidl_typesupport_fastrtps_c.h
[0.717s] -- Up-to-date symlink: /home/ivasd/fyt_atuoaim/install/rm_interfaces/include/rm_interfaces/rm_interfaces/msg/detail/debug_armor__rosidl_typesupport_fastrtps_c.h
[0.717s] -- Up-to-date symlink: /home/ivasd/fyt_atuoaim/install/rm_interfaces/include/rm_interfaces/rm_interfaces/msg/detail/debug_armors__rosidl_typesupport_fastrtps_c.h
[0.717s] -- Up-to-date symlink: /home/ivasd/fyt_atuoaim/install/rm_interfaces/include/rm_interfaces/rm_interfaces/msg/detail/debug_light__rosidl_typesupport_fastrtps_c.h
[0.717s] -- Up-to-date symlink: /home/ivasd/fyt_atuoaim/install/rm_interfaces/include/rm_interfaces/rm_interfaces/msg/detail/debug_lights__rosidl_typesupport_fastrtps_c.h
[0.717s] -- Up-to-date symlink: /home/ivasd/fyt_atuoaim/install/rm_interfaces/include/rm_interfaces/rm_interfaces/msg/detail/debug_rune_angle__rosidl_typesupport_fastrtps_c.h
[0.717s] -- Up-to-date symlink: /home/ivasd/fyt_atuoaim/install/rm_interfaces/include/rm_interfaces/rm_interfaces/msg/detail/gimbal_cmd__rosidl_typesupport_fastrtps_c.h
[0.717s] -- Up-to-date symlink: /home/ivasd/fyt_atuoaim/install/rm_interfaces/include/rm_interfaces/rm_interfaces/msg/detail/judge_system_data__rosidl_typesupport_fastrtps_c.h
[0.717s] -- Up-to-date symlink: /home/ivasd/fyt_atuoaim/install/rm_interfaces/include/rm_interfaces/rm_interfaces/msg/detail/measurement__rosidl_typesupport_fastrtps_c.h
[0.717s] -- Up-to-date symlink: /home/ivasd/fyt_atuoaim/install/rm_interfaces/include/rm_interfaces/rm_interfaces/msg/detail/operator_command__rosidl_typesupport_fastrtps_c.h
[0.717s] -- Up-to-date symlink: /home/ivasd/fyt_atuoaim/install/rm_interfaces/include/rm_interfaces/rm_interfaces/msg/detail/point2d__rosidl_typesupport_fastrtps_c.h
[0.717s] -- Up-to-date symlink: /home/ivasd/fyt_atuoaim/install/rm_interfaces/include/rm_interfaces/rm_interfaces/msg/detail/rune_target__rosidl_typesupport_fastrtps_c.h
[0.717s] -- Up-to-date symlink: /home/ivasd/fyt_atuoaim/install/rm_interfaces/include/rm_interfaces/rm_interfaces/msg/detail/serial_receive_data__rosidl_typesupport_fastrtps_c.h
[0.717s] -- Up-to-date symlink: /home/ivasd/fyt_atuoaim/install/rm_interfaces/include/rm_interfaces/rm_interfaces/msg/detail/target__rosidl_typesupport_fastrtps_c.h
[0.717s] -- Up-to-date symlink: /home/ivasd/fyt_atuoaim/install/rm_interfaces/include/rm_interfaces/rm_interfaces/msg/rosidl_typesupport_fastrtps_c__visibility_control.h
[0.717s] -- Up-to-date symlink: /home/ivasd/fyt_atuoaim/install/rm_interfaces/include/rm_interfaces/rm_interfaces/srv/detail/set_mode__rosidl_typesupport_fastrtps_c.h
[0.717s] -- Up-to-date symlink: /home/ivasd/fyt_atuoaim/install/rm_interfaces/include/rm_interfaces/rm_interfaces/msg/detail/armor__rosidl_typesupport_introspection_c.h
[0.717s] -- Up-to-date symlink: /home/ivasd/fyt_atuoaim/install/rm_interfaces/include/rm_interfaces/rm_interfaces/msg/detail/armors__rosidl_typesupport_introspection_c.h
[0.718s] -- Up-to-date symlink: /home/ivasd/fyt_atuoaim/install/rm_interfaces/include/rm_interfaces/rm_interfaces/msg/detail/chassis_cmd__rosidl_typesupport_introspection_c.h
[0.718s] -- Up-to-date symlink: /home/ivasd/fyt_atuoaim/install/rm_interfaces/include/rm_interfaces/rm_interfaces/msg/detail/debug_armor__rosidl_typesupport_introspection_c.h
[0.718s] -- Up-to-date symlink: /home/ivasd/fyt_atuoaim/install/rm_interfaces/include/rm_interfaces/rm_interfaces/msg/detail/debug_armors__rosidl_typesupport_introspection_c.h
[0.718s] -- Up-to-date symlink: /home/ivasd/fyt_atuoaim/install/rm_interfaces/include/rm_interfaces/rm_interfaces/msg/detail/debug_light__rosidl_typesupport_introspection_c.h
[0.718s] -- Up-to-date symlink: /home/ivasd/fyt_atuoaim/install/rm_interfaces/include/rm_interfaces/rm_interfaces/msg/detail/debug_lights__rosidl_typesupport_introspection_c.h
[0.718s] -- Up-to-date symlink: /home/ivasd/fyt_atuoaim/install/rm_interfaces/include/rm_interfaces/rm_interfaces/msg/detail/debug_rune_angle__rosidl_typesupport_introspection_c.h
[0.718s] -- Up-to-date symlink: /home/ivasd/fyt_atuoaim/install/rm_interfaces/include/rm_interfaces/rm_interfaces/msg/detail/gimbal_cmd__rosidl_typesupport_introspection_c.h
[0.718s] -- Up-to-date symlink: /home/ivasd/fyt_atuoaim/install/rm_interfaces/include/rm_interfaces/rm_interfaces/msg/detail/judge_system_data__rosidl_typesupport_introspection_c.h
[0.718s] -- Up-to-date symlink: /home/ivasd/fyt_atuoaim/install/rm_interfaces/include/rm_interfaces/rm_interfaces/msg/detail/measurement__rosidl_typesupport_introspection_c.h
[0.718s] -- Up-to-date symlink: /home/ivasd/fyt_atuoaim/install/rm_interfaces/include/rm_interfaces/rm_interfaces/msg/detail/operator_command__rosidl_typesupport_introspection_c.h
[0.718s] -- Up-to-date symlink: /home/ivasd/fyt_atuoaim/install/rm_interfaces/include/rm_interfaces/rm_interfaces/msg/detail/point2d__rosidl_typesupport_introspection_c.h
[0.718s] -- Up-to-date symlink: /home/ivasd/fyt_atuoaim/install/rm_interfaces/include/rm_interfaces/rm_interfaces/msg/detail/rune_target__rosidl_typesupport_introspection_c.h
[0.718s] -- Up-to-date symlink: /home/ivasd/fyt_atuoaim/install/rm_interfaces/include/rm_interfaces/rm_interfaces/msg/detail/serial_receive_data__rosidl_typesupport_introspection_c.h
[0.718s] -- Up-to-date symlink: /home/ivasd/fyt_atuoaim/install/rm_interfaces/include/rm_interfaces/rm_interfaces/msg/detail/target__rosidl_typesupport_introspection_c.h
[0.718s] -- Up-to-date symlink: /home/ivasd/fyt_atuoaim/install/rm_interfaces/include/rm_interfaces/rm_interfaces/msg/rosidl_typesupport_introspection_c__visibility_control.h
[0.718s] -- Up-to-date symlink: /home/ivasd/fyt_atuoaim/install/rm_interfaces/include/rm_interfaces/rm_interfaces/srv/detail/set_mode__rosidl_typesupport_introspection_c.h
[0.719s] -- Up-to-date symlink: /home/ivasd/fyt_atuoaim/install/rm_interfaces/include/rm_interfaces/rm_interfaces/msg/armor.hpp
[0.719s] -- Up-to-date symlink: /home/ivasd/fyt_atuoaim/install/rm_interfaces/include/rm_interfaces/rm_interfaces/msg/armors.hpp
[0.719s] -- Up-to-date symlink: /home/ivasd/fyt_atuoaim/install/rm_interfaces/include/rm_interfaces/rm_interfaces/msg/chassis_cmd.hpp
[0.719s] -- Up-to-date symlink: /home/ivasd/fyt_atuoaim/install/rm_interfaces/include/rm_interfaces/rm_interfaces/msg/debug_armor.hpp
[0.719s] -- Up-to-date symlink: /home/ivasd/fyt_atuoaim/install/rm_interfaces/include/rm_interfaces/rm_interfaces/msg/debug_armors.hpp
[0.719s] -- Up-to-date symlink: /home/ivasd/fyt_atuoaim/install/rm_interfaces/include/rm_interfaces/rm_interfaces/msg/debug_light.hpp
[0.719s] -- Up-to-date symlink: /home/ivasd/fyt_atuoaim/install/rm_interfaces/include/rm_interfaces/rm_interfaces/msg/debug_lights.hpp
[0.719s] -- Up-to-date symlink: /home/ivasd/fyt_atuoaim/install/rm_interfaces/include/rm_interfaces/rm_interfaces/msg/debug_rune_angle.hpp
[0.719s] -- Up-to-date symlink: /home/ivasd/fyt_atuoaim/install/rm_interfaces/include/rm_interfaces/rm_interfaces/msg/detail/armor__builder.hpp
[0.719s] -- Up-to-date symlink: /home/ivasd/fyt_atuoaim/install/rm_interfaces/include/rm_interfaces/rm_interfaces/msg/detail/armor__struct.hpp
[0.719s] -- Up-to-date symlink: /home/ivasd/fyt_atuoaim/install/rm_interfaces/include/rm_interfaces/rm_interfaces/msg/detail/armor__traits.hpp
[0.719s] -- Up-to-date symlink: /home/ivasd/fyt_atuoaim/install/rm_interfaces/include/rm_interfaces/rm_interfaces/msg/detail/armor__type_support.hpp
[0.719s] -- Up-to-date symlink: /home/ivasd/fyt_atuoaim/install/rm_interfaces/include/rm_interfaces/rm_interfaces/msg/detail/armors__builder.hpp
[0.719s] -- Up-to-date symlink: /home/ivasd/fyt_atuoaim/install/rm_interfaces/include/rm_interfaces/rm_interfaces/msg/detail/armors__struct.hpp
[0.719s] -- Up-to-date symlink: /home/ivasd/fyt_atuoaim/install/rm_interfaces/include/rm_interfaces/rm_interfaces/msg/detail/armors__traits.hpp
[0.719s] -- Up-to-date symlink: /home/ivasd/fyt_atuoaim/install/rm_interfaces/include/rm_interfaces/rm_interfaces/msg/detail/armors__type_support.hpp
[0.719s] -- Up-to-date symlink: /home/ivasd/fyt_atuoaim/install/rm_interfaces/include/rm_interfaces/rm_interfaces/msg/detail/chassis_cmd__builder.hpp
[0.719s] -- Up-to-date symlink: /home/ivasd/fyt_atuoaim/install/rm_interfaces/include/rm_interfaces/rm_interfaces/msg/detail/chassis_cmd__struct.hpp
[0.719s] -- Up-to-date symlink: /home/ivasd/fyt_atuoaim/install/rm_interfaces/include/rm_interfaces/rm_interfaces/msg/detail/chassis_cmd__traits.hpp
[0.719s] -- Up-to-date symlink: /home/ivasd/fyt_atuoaim/install/rm_interfaces/include/rm_interfaces/rm_interfaces/msg/detail/chassis_cmd__type_support.hpp
[0.719s] -- Up-to-date symlink: /home/ivasd/fyt_atuoaim/install/rm_interfaces/include/rm_interfaces/rm_interfaces/msg/detail/debug_armor__builder.hpp
[0.719s] -- Up-to-date symlink: /home/ivasd/fyt_atuoaim/install/rm_interfaces/include/rm_interfaces/rm_interfaces/msg/detail/debug_armor__struct.hpp
[0.719s] -- Up-to-date symlink: /home/ivasd/fyt_atuoaim/install/rm_interfaces/include/rm_interfaces/rm_interfaces/msg/detail/debug_armor__traits.hpp
[0.719s] -- Up-to-date symlink: /home/ivasd/fyt_atuoaim/install/rm_interfaces/include/rm_interfaces/rm_interfaces/msg/detail/debug_armor__type_support.hpp
[0.719s] -- Up-to-date symlink: /home/ivasd/fyt_atuoaim/install/rm_interfaces/include/rm_interfaces/rm_interfaces/msg/detail/debug_armors__builder.hpp
[0.719s] -- Up-to-date symlink: /home/ivasd/fyt_atuoaim/install/rm_interfaces/include/rm_interfaces/rm_interfaces/msg/detail/debug_armors__struct.hpp
[0.720s] -- Up-to-date symlink: /home/ivasd/fyt_atuoaim/install/rm_interfaces/include/rm_interfaces/rm_interfaces/msg/detail/debug_armors__traits.hpp
[0.720s] -- Up-to-date symlink: /home/ivasd/fyt_atuoaim/install/rm_interfaces/include/rm_interfaces/rm_interfaces/msg/detail/debug_armors__type_support.hpp
[0.720s] -- Up-to-date symlink: /home/ivasd/fyt_atuoaim/install/rm_interfaces/include/rm_interfaces/rm_interfaces/msg/detail/debug_light__builder.hpp
[0.720s] -- Up-to-date symlink: /home/ivasd/fyt_atuoaim/install/rm_interfaces/include/rm_interfaces/rm_interfaces/msg/detail/debug_light__struct.hpp
[0.720s] -- Up-to-date symlink: /home/ivasd/fyt_atuoaim/install/rm_interfaces/include/rm_interfaces/rm_interfaces/msg/detail/debug_light__traits.hpp
[0.720s] -- Up-to-date symlink: /home/ivasd/fyt_atuoaim/install/rm_interfaces/include/rm_interfaces/rm_interfaces/msg/detail/debug_light__type_support.hpp
[0.720s] -- Up-to-date symlink: /home/ivasd/fyt_atuoaim/install/rm_interfaces/include/rm_interfaces/rm_interfaces/msg/detail/debug_lights__builder.hpp
[0.720s] -- Up-to-date symlink: /home/ivasd/fyt_atuoaim/install/rm_interfaces/include/rm_interfaces/rm_interfaces/msg/detail/debug_lights__struct.hpp
[0.720s] -- Up-to-date symlink: /home/ivasd/fyt_atuoaim/install/rm_interfaces/include/rm_interfaces/rm_interfaces/msg/detail/debug_lights__traits.hpp
[0.720s] -- Up-to-date symlink: /home/ivasd/fyt_atuoaim/install/rm_interfaces/include/rm_interfaces/rm_interfaces/msg/detail/debug_lights__type_support.hpp
[0.720s] -- Up-to-date symlink: /home/ivasd/fyt_atuoaim/install/rm_interfaces/include/rm_interfaces/rm_interfaces/msg/detail/debug_rune_angle__builder.hpp
[0.720s] -- Up-to-date symlink: /home/ivasd/fyt_atuoaim/install/rm_interfaces/include/rm_interfaces/rm_interfaces/msg/detail/debug_rune_angle__struct.hpp
[0.720s] -- Up-to-date symlink: /home/ivasd/fyt_atuoaim/install/rm_interfaces/include/rm_interfaces/rm_interfaces/msg/detail/debug_rune_angle__traits.hpp
[0.720s] -- Up-to-date symlink: /home/ivasd/fyt_atuoaim/install/rm_interfaces/include/rm_interfaces/rm_interfaces/msg/detail/debug_rune_angle__type_support.hpp
[0.720s] -- Up-to-date symlink: /home/ivasd/fyt_atuoaim/install/rm_interfaces/include/rm_interfaces/rm_interfaces/msg/detail/gimbal_cmd__builder.hpp
[0.720s] -- Up-to-date symlink: /home/ivasd/fyt_atuoaim/install/rm_interfaces/include/rm_interfaces/rm_interfaces/msg/detail/gimbal_cmd__struct.hpp
[0.720s] -- Up-to-date symlink: /home/ivasd/fyt_atuoaim/install/rm_interfaces/include/rm_interfaces/rm_interfaces/msg/detail/gimbal_cmd__traits.hpp
[0.720s] -- Up-to-date symlink: /home/ivasd/fyt_atuoaim/install/rm_interfaces/include/rm_interfaces/rm_interfaces/msg/detail/gimbal_cmd__type_support.hpp
[0.720s] -- Up-to-date symlink: /home/ivasd/fyt_atuoaim/install/rm_interfaces/include/rm_interfaces/rm_interfaces/msg/detail/judge_system_data__builder.hpp
[0.720s] -- Up-to-date symlink: /home/ivasd/fyt_atuoaim/install/rm_interfaces/include/rm_interfaces/rm_interfaces/msg/detail/judge_system_data__struct.hpp
[0.720s] -- Up-to-date symlink: /home/ivasd/fyt_atuoaim/install/rm_interfaces/include/rm_interfaces/rm_interfaces/msg/detail/judge_system_data__traits.hpp
[0.720s] -- Up-to-date symlink: /home/ivasd/fyt_atuoaim/install/rm_interfaces/include/rm_interfaces/rm_interfaces/msg/detail/judge_system_data__type_support.hpp
[0.720s] -- Up-to-date symlink: /home/ivasd/fyt_atuoaim/install/rm_interfaces/include/rm_interfaces/rm_interfaces/msg/detail/measurement__builder.hpp
[0.720s] -- Up-to-date symlink: /home/ivasd/fyt_atuoaim/install/rm_interfaces/include/rm_interfaces/rm_interfaces/msg/detail/measurement__struct.hpp
[0.720s] -- Up-to-date symlink: /home/ivasd/fyt_atuoaim/install/rm_interfaces/include/rm_interfaces/rm_interfaces/msg/detail/measurement__traits.hpp
[0.720s] -- Up-to-date symlink: /home/ivasd/fyt_atuoaim/install/rm_interfaces/include/rm_interfaces/rm_interfaces/msg/detail/measurement__type_support.hpp
[0.720s] -- Up-to-date symlink: /home/ivasd/fyt_atuoaim/install/rm_interfaces/include/rm_interfaces/rm_interfaces/msg/detail/operator_command__builder.hpp
[0.721s] -- Up-to-date symlink: /home/ivasd/fyt_atuoaim/install/rm_interfaces/include/rm_interfaces/rm_interfaces/msg/detail/operator_command__struct.hpp
[0.721s] -- Up-to-date symlink: /home/ivasd/fyt_atuoaim/install/rm_interfaces/include/rm_interfaces/rm_interfaces/msg/detail/operator_command__traits.hpp
[0.721s] -- Up-to-date symlink: /home/ivasd/fyt_atuoaim/install/rm_interfaces/include/rm_interfaces/rm_interfaces/msg/detail/operator_command__type_support.hpp
[0.721s] -- Up-to-date symlink: /home/ivasd/fyt_atuoaim/install/rm_interfaces/include/rm_interfaces/rm_interfaces/msg/detail/point2d__builder.hpp
[0.721s] -- Up-to-date symlink: /home/ivasd/fyt_atuoaim/install/rm_interfaces/include/rm_interfaces/rm_interfaces/msg/detail/point2d__struct.hpp
[0.721s] -- Up-to-date symlink: /home/ivasd/fyt_atuoaim/install/rm_interfaces/include/rm_interfaces/rm_interfaces/msg/detail/point2d__traits.hpp
[0.721s] -- Up-to-date symlink: /home/ivasd/fyt_atuoaim/install/rm_interfaces/include/rm_interfaces/rm_interfaces/msg/detail/point2d__type_support.hpp
[0.721s] -- Up-to-date symlink: /home/ivasd/fyt_atuoaim/install/rm_interfaces/include/rm_interfaces/rm_interfaces/msg/detail/rune_target__builder.hpp
[0.721s] -- Up-to-date symlink: /home/ivasd/fyt_atuoaim/install/rm_interfaces/include/rm_interfaces/rm_interfaces/msg/detail/rune_target__struct.hpp
[0.721s] -- Up-to-date symlink: /home/ivasd/fyt_atuoaim/install/rm_interfaces/include/rm_interfaces/rm_interfaces/msg/detail/rune_target__traits.hpp
[0.721s] -- Up-to-date symlink: /home/ivasd/fyt_atuoaim/install/rm_interfaces/include/rm_interfaces/rm_interfaces/msg/detail/rune_target__type_support.hpp
[0.721s] -- Up-to-date symlink: /home/ivasd/fyt_atuoaim/install/rm_interfaces/include/rm_interfaces/rm_interfaces/msg/detail/serial_receive_data__builder.hpp
[0.721s] -- Up-to-date symlink: /home/ivasd/fyt_atuoaim/install/rm_interfaces/include/rm_interfaces/rm_interfaces/msg/detail/serial_receive_data__struct.hpp
[0.721s] -- Up-to-date symlink: /home/ivasd/fyt_atuoaim/install/rm_interfaces/include/rm_interfaces/rm_interfaces/msg/detail/serial_receive_data__traits.hpp
[0.721s] -- Up-to-date symlink: /home/ivasd/fyt_atuoaim/install/rm_interfaces/include/rm_interfaces/rm_interfaces/msg/detail/serial_receive_data__type_support.hpp
[0.721s] -- Up-to-date symlink: /home/ivasd/fyt_atuoaim/install/rm_interfaces/include/rm_interfaces/rm_interfaces/msg/detail/target__builder.hpp
[0.721s] -- Up-to-date symlink: /home/ivasd/fyt_atuoaim/install/rm_interfaces/include/rm_interfaces/rm_interfaces/msg/detail/target__struct.hpp
[0.721s] -- Up-to-date symlink: /home/ivasd/fyt_atuoaim/install/rm_interfaces/include/rm_interfaces/rm_interfaces/msg/detail/target__traits.hpp
[0.721s] -- Up-to-date symlink: /home/ivasd/fyt_atuoaim/install/rm_interfaces/include/rm_interfaces/rm_interfaces/msg/detail/target__type_support.hpp
[0.721s] -- Up-to-date symlink: /home/ivasd/fyt_atuoaim/install/rm_interfaces/include/rm_interfaces/rm_interfaces/msg/gimbal_cmd.hpp
[0.721s] -- Up-to-date symlink: /home/ivasd/fyt_atuoaim/install/rm_interfaces/include/rm_interfaces/rm_interfaces/msg/judge_system_data.hpp
[0.721s] -- Up-to-date symlink: /home/ivasd/fyt_atuoaim/install/rm_interfaces/include/rm_interfaces/rm_interfaces/msg/measurement.hpp
[0.721s] -- Up-to-date symlink: /home/ivasd/fyt_atuoaim/install/rm_interfaces/include/rm_interfaces/rm_interfaces/msg/operator_command.hpp
[0.721s] -- Up-to-date symlink: /home/ivasd/fyt_atuoaim/install/rm_interfaces/include/rm_interfaces/rm_interfaces/msg/point2d.hpp
[0.721s] -- Up-to-date symlink: /home/ivasd/fyt_atuoaim/install/rm_interfaces/include/rm_interfaces/rm_interfaces/msg/rosidl_generator_cpp__visibility_control.hpp
[0.721s] -- Up-to-date symlink: /home/ivasd/fyt_atuoaim/install/rm_interfaces/include/rm_interfaces/rm_interfaces/msg/rune_target.hpp
[0.721s] -- Up-to-date symlink: /home/ivasd/fyt_atuoaim/install/rm_interfaces/include/rm_interfaces/rm_interfaces/msg/serial_receive_data.hpp
[0.722s] -- Up-to-date symlink: /home/ivasd/fyt_atuoaim/install/rm_interfaces/include/rm_interfaces/rm_interfaces/msg/target.hpp
[0.722s] -- Up-to-date symlink: /home/ivasd/fyt_atuoaim/install/rm_interfaces/include/rm_interfaces/rm_interfaces/srv/detail/set_mode__builder.hpp
[0.722s] -- Up-to-date symlink: /home/ivasd/fyt_atuoaim/install/rm_interfaces/include/rm_interfaces/rm_interfaces/srv/detail/set_mode__struct.hpp
[0.722s] -- Up-to-date symlink: /home/ivasd/fyt_atuoaim/install/rm_interfaces/include/rm_interfaces/rm_interfaces/srv/detail/set_mode__traits.hpp
[0.722s] -- Up-to-date symlink: /home/ivasd/fyt_atuoaim/install/rm_interfaces/include/rm_interfaces/rm_interfaces/srv/detail/set_mode__type_support.hpp
[0.722s] -- Up-to-date symlink: /home/ivasd/fyt_atuoaim/install/rm_interfaces/include/rm_interfaces/rm_interfaces/srv/set_mode.hpp
[0.722s] -- Up-to-date symlink: /home/ivasd/fyt_atuoaim/install/rm_interfaces/include/rm_interfaces/rm_interfaces/msg/detail/armor__rosidl_typesupport_fastrtps_cpp.hpp
[0.722s] -- Up-to-date symlink: /home/ivasd/fyt_atuoaim/install/rm_interfaces/include/rm_interfaces/rm_interfaces/msg/detail/armors__rosidl_typesupport_fastrtps_cpp.hpp
[0.722s] -- Up-to-date symlink: /home/ivasd/fyt_atuoaim/install/rm_interfaces/include/rm_interfaces/rm_interfaces/msg/detail/chassis_cmd__rosidl_typesupport_fastrtps_cpp.hpp
[0.722s] -- Up-to-date symlink: /home/ivasd/fyt_atuoaim/install/rm_interfaces/include/rm_interfaces/rm_interfaces/msg/detail/debug_armor__rosidl_typesupport_fastrtps_cpp.hpp
[0.722s] -- Up-to-date symlink: /home/ivasd/fyt_atuoaim/install/rm_interfaces/include/rm_interfaces/rm_interfaces/msg/detail/debug_armors__rosidl_typesupport_fastrtps_cpp.hpp
[0.722s] -- Up-to-date symlink: /home/ivasd/fyt_atuoaim/install/rm_interfaces/include/rm_interfaces/rm_interfaces/msg/detail/debug_light__rosidl_typesupport_fastrtps_cpp.hpp
[0.722s] -- Up-to-date symlink: /home/ivasd/fyt_atuoaim/install/rm_interfaces/include/rm_interfaces/rm_interfaces/msg/detail/debug_lights__rosidl_typesupport_fastrtps_cpp.hpp
[0.722s] -- Up-to-date symlink: /home/ivasd/fyt_atuoaim/install/rm_interfaces/include/rm_interfaces/rm_interfaces/msg/detail/debug_rune_angle__rosidl_typesupport_fastrtps_cpp.hpp
[0.722s] -- Up-to-date symlink: /home/ivasd/fyt_atuoaim/install/rm_interfaces/include/rm_interfaces/rm_interfaces/msg/detail/gimbal_cmd__rosidl_typesupport_fastrtps_cpp.hpp
[0.723s] -- Up-to-date symlink: /home/ivasd/fyt_atuoaim/install/rm_interfaces/include/rm_interfaces/rm_interfaces/msg/detail/judge_system_data__rosidl_typesupport_fastrtps_cpp.hpp
[0.723s] -- Up-to-date symlink: /home/ivasd/fyt_atuoaim/install/rm_interfaces/include/rm_interfaces/rm_interfaces/msg/detail/measurement__rosidl_typesupport_fastrtps_cpp.hpp
[0.723s] -- Up-to-date symlink: /home/ivasd/fyt_atuoaim/install/rm_interfaces/include/rm_interfaces/rm_interfaces/msg/detail/operator_command__rosidl_typesupport_fastrtps_cpp.hpp
[0.723s] -- Up-to-date symlink: /home/ivasd/fyt_atuoaim/install/rm_interfaces/include/rm_interfaces/rm_interfaces/msg/detail/point2d__rosidl_typesupport_fastrtps_cpp.hpp
[0.723s] -- Up-to-date symlink: /home/ivasd/fyt_atuoaim/install/rm_interfaces/include/rm_interfaces/rm_interfaces/msg/detail/rune_target__rosidl_typesupport_fastrtps_cpp.hpp
[0.723s] -- Up-to-date symlink: /home/ivasd/fyt_atuoaim/install/rm_interfaces/include/rm_interfaces/rm_interfaces/msg/detail/serial_receive_data__rosidl_typesupport_fastrtps_cpp.hpp
[0.723s] -- Up-to-date symlink: /home/ivasd/fyt_atuoaim/install/rm_interfaces/include/rm_interfaces/rm_interfaces/msg/detail/target__rosidl_typesupport_fastrtps_cpp.hpp
[0.723s] -- Up-to-date symlink: /home/ivasd/fyt_atuoaim/install/rm_interfaces/include/rm_interfaces/rm_interfaces/msg/rosidl_typesupport_fastrtps_cpp__visibility_control.h
[0.723s] -- Up-to-date symlink: /home/ivasd/fyt_atuoaim/install/rm_interfaces/include/rm_interfaces/rm_interfaces/srv/detail/set_mode__rosidl_typesupport_fastrtps_cpp.hpp
[0.723s] -- Up-to-date symlink: /home/ivasd/fyt_atuoaim/install/rm_interfaces/include/rm_interfaces/rm_interfaces/msg/detail/armor__rosidl_typesupport_introspection_cpp.hpp
[0.723s] -- Up-to-date symlink: /home/ivasd/fyt_atuoaim/install/rm_interfaces/include/rm_interfaces/rm_interfaces/msg/detail/armors__rosidl_typesupport_introspection_cpp.hpp
[0.723s] -- Up-to-date symlink: /home/ivasd/fyt_atuoaim/install/rm_interfaces/include/rm_interfaces/rm_interfaces/msg/detail/chassis_cmd__rosidl_typesupport_introspection_cpp.hpp
[0.723s] -- Up-to-date symlink: /home/ivasd/fyt_atuoaim/install/rm_interfaces/include/rm_interfaces/rm_interfaces/msg/detail/debug_armor__rosidl_typesupport_introspection_cpp.hpp
[0.723s] -- Up-to-date symlink: /home/ivasd/fyt_atuoaim/install/rm_interfaces/include/rm_interfaces/rm_interfaces/msg/detail/debug_armors__rosidl_typesupport_introspection_cpp.hpp
[0.723s] -- Up-to-date symlink: /home/ivasd/fyt_atuoaim/install/rm_interfaces/include/rm_interfaces/rm_interfaces/msg/detail/debug_light__rosidl_typesupport_introspection_cpp.hpp
[0.723s] -- Up-to-date symlink: /home/ivasd/fyt_atuoaim/install/rm_interfaces/include/rm_interfaces/rm_interfaces/msg/detail/debug_lights__rosidl_typesupport_introspection_cpp.hpp
[0.723s] -- Up-to-date symlink: /home/ivasd/fyt_atuoaim/install/rm_interfaces/include/rm_interfaces/rm_interfaces/msg/detail/debug_rune_angle__rosidl_typesupport_introspection_cpp.hpp
[0.723s] -- Up-to-date symlink: /home/ivasd/fyt_atuoaim/install/rm_interfaces/include/rm_interfaces/rm_interfaces/msg/detail/gimbal_cmd__rosidl_typesupport_introspection_cpp.hpp
[0.723s] -- Up-to-date symlink: /home/ivasd/fyt_atuoaim/install/rm_interfaces/include/rm_interfaces/rm_interfaces/msg/detail/judge_system_data__rosidl_typesupport_introspection_cpp.hpp
[0.723s] -- Up-to-date symlink: /home/ivasd/fyt_atuoaim/install/rm_interfaces/include/rm_interfaces/rm_interfaces/msg/detail/measurement__rosidl_typesupport_introspection_cpp.hpp
[0.723s] -- Up-to-date symlink: /home/ivasd/fyt_atuoaim/install/rm_interfaces/include/rm_interfaces/rm_interfaces/msg/detail/operator_command__rosidl_typesupport_introspection_cpp.hpp
[0.723s] -- Up-to-date symlink: /home/ivasd/fyt_atuoaim/install/rm_interfaces/include/rm_interfaces/rm_interfaces/msg/detail/point2d__rosidl_typesupport_introspection_cpp.hpp
[0.724s] -- Up-to-date symlink: /home/ivasd/fyt_atuoaim/install/rm_interfaces/include/rm_interfaces/rm_interfaces/msg/detail/rune_target__rosidl_typesupport_introspection_cpp.hpp
[0.724s] -- Up-to-date symlink: /home/ivasd/fyt_atuoaim/install/rm_interfaces/include/rm_interfaces/rm_interfaces/msg/detail/serial_receive_data__rosidl_typesupport_introspection_cpp.hpp
[0.724s] -- Up-to-date symlink: /home/ivasd/fyt_atuoaim/install/rm_interfaces/include/rm_interfaces/rm_interfaces/msg/detail/target__rosidl_typesupport_introspection_cpp.hpp
[0.724s] -- Up-to-date symlink: /home/ivasd/fyt_atuoaim/install/rm_interfaces/include/rm_interfaces/rm_interfaces/srv/detail/set_mode__rosidl_typesupport_introspection_cpp.hpp
[0.724s] -- Up-to-date symlink: /home/ivasd/fyt_atuoaim/install/rm_interfaces/share/rm_interfaces/environment/pythonpath.sh
[0.724s] -- Up-to-date symlink: /home/ivasd/fyt_atuoaim/install/rm_interfaces/share/rm_interfaces/environment/pythonpath.dsv
[0.724s] -- Up-to-date symlink: /home/ivasd/fyt_atuoaim/install/rm_interfaces/local/lib/python3.10/dist-packages/rm_interfaces-0.0.0-py3.10.egg-info/PKG-INFO
[0.724s] -- Up-to-date symlink: /home/ivasd/fyt_atuoaim/install/rm_interfaces/local/lib/python3.10/dist-packages/rm_interfaces-0.0.0-py3.10.egg-info/SOURCES.txt
[0.724s] -- Up-to-date symlink: /home/ivasd/fyt_atuoaim/install/rm_interfaces/local/lib/python3.10/dist-packages/rm_interfaces-0.0.0-py3.10.egg-info/dependency_links.txt
[0.724s] -- Up-to-date symlink: /home/ivasd/fyt_atuoaim/install/rm_interfaces/local/lib/python3.10/dist-packages/rm_interfaces-0.0.0-py3.10.egg-info/top_level.txt
[0.725s] -- Up-to-date symlink: /home/ivasd/fyt_atuoaim/install/rm_interfaces/local/lib/python3.10/dist-packages/rm_interfaces/__init__.py
[0.725s] -- Up-to-date symlink: /home/ivasd/fyt_atuoaim/install/rm_interfaces/local/lib/python3.10/dist-packages/rm_interfaces/_rm_interfaces_s.ep.rosidl_typesupport_c.c
[0.725s] -- Up-to-date symlink: /home/ivasd/fyt_atuoaim/install/rm_interfaces/local/lib/python3.10/dist-packages/rm_interfaces/_rm_interfaces_s.ep.rosidl_typesupport_fastrtps_c.c
[0.725s] -- Up-to-date symlink: /home/ivasd/fyt_atuoaim/install/rm_interfaces/local/lib/python3.10/dist-packages/rm_interfaces/_rm_interfaces_s.ep.rosidl_typesupport_introspection_c.c
[0.725s] -- Up-to-date symlink: /home/ivasd/fyt_atuoaim/install/rm_interfaces/local/lib/python3.10/dist-packages/rm_interfaces/librm_interfaces__rosidl_generator_py.so
[0.725s] -- Up-to-date symlink: /home/ivasd/fyt_atuoaim/install/rm_interfaces/local/lib/python3.10/dist-packages/rm_interfaces/msg/__init__.py
[0.725s] -- Up-to-date symlink: /home/ivasd/fyt_atuoaim/install/rm_interfaces/local/lib/python3.10/dist-packages/rm_interfaces/msg/_armor.py
[0.725s] -- Up-to-date symlink: /home/ivasd/fyt_atuoaim/install/rm_interfaces/local/lib/python3.10/dist-packages/rm_interfaces/msg/_armor_s.c
[0.725s] -- Up-to-date symlink: /home/ivasd/fyt_atuoaim/install/rm_interfaces/local/lib/python3.10/dist-packages/rm_interfaces/msg/_armors.py
[0.725s] -- Up-to-date symlink: /home/ivasd/fyt_atuoaim/install/rm_interfaces/local/lib/python3.10/dist-packages/rm_interfaces/msg/_armors_s.c
[0.725s] -- Up-to-date symlink: /home/ivasd/fyt_atuoaim/install/rm_interfaces/local/lib/python3.10/dist-packages/rm_interfaces/msg/_chassis_cmd.py
[0.725s] -- Up-to-date symlink: /home/ivasd/fyt_atuoaim/install/rm_interfaces/local/lib/python3.10/dist-packages/rm_interfaces/msg/_chassis_cmd_s.c
[0.725s] -- Up-to-date symlink: /home/ivasd/fyt_atuoaim/install/rm_interfaces/local/lib/python3.10/dist-packages/rm_interfaces/msg/_debug_armor.py
[0.725s] -- Up-to-date symlink: /home/ivasd/fyt_atuoaim/install/rm_interfaces/local/lib/python3.10/dist-packages/rm_interfaces/msg/_debug_armor_s.c
[0.725s] -- Up-to-date symlink: /home/ivasd/fyt_atuoaim/install/rm_interfaces/local/lib/python3.10/dist-packages/rm_interfaces/msg/_debug_armors.py
[0.725s] -- Up-to-date symlink: /home/ivasd/fyt_atuoaim/install/rm_interfaces/local/lib/python3.10/dist-packages/rm_interfaces/msg/_debug_armors_s.c
[0.725s] -- Up-to-date symlink: /home/ivasd/fyt_atuoaim/install/rm_interfaces/local/lib/python3.10/dist-packages/rm_interfaces/msg/_debug_light.py
[0.725s] -- Up-to-date symlink: /home/ivasd/fyt_atuoaim/install/rm_interfaces/local/lib/python3.10/dist-packages/rm_interfaces/msg/_debug_light_s.c
[0.725s] -- Up-to-date symlink: /home/ivasd/fyt_atuoaim/install/rm_interfaces/local/lib/python3.10/dist-packages/rm_interfaces/msg/_debug_lights.py
[0.725s] -- Up-to-date symlink: /home/ivasd/fyt_atuoaim/install/rm_interfaces/local/lib/python3.10/dist-packages/rm_interfaces/msg/_debug_lights_s.c
[0.725s] -- Up-to-date symlink: /home/ivasd/fyt_atuoaim/install/rm_interfaces/local/lib/python3.10/dist-packages/rm_interfaces/msg/_debug_rune_angle.py
[0.725s] -- Up-to-date symlink: /home/ivasd/fyt_atuoaim/install/rm_interfaces/local/lib/python3.10/dist-packages/rm_interfaces/msg/_debug_rune_angle_s.c
[0.725s] -- Up-to-date symlink: /home/ivasd/fyt_atuoaim/install/rm_interfaces/local/lib/python3.10/dist-packages/rm_interfaces/msg/_gimbal_cmd.py
[0.725s] -- Up-to-date symlink: /home/ivasd/fyt_atuoaim/install/rm_interfaces/local/lib/python3.10/dist-packages/rm_interfaces/msg/_gimbal_cmd_s.c
[0.725s] -- Up-to-date symlink: /home/ivasd/fyt_atuoaim/install/rm_interfaces/local/lib/python3.10/dist-packages/rm_interfaces/msg/_judge_system_data.py
[0.725s] -- Up-to-date symlink: /home/ivasd/fyt_atuoaim/install/rm_interfaces/local/lib/python3.10/dist-packages/rm_interfaces/msg/_judge_system_data_s.c
[0.725s] -- Up-to-date symlink: /home/ivasd/fyt_atuoaim/install/rm_interfaces/local/lib/python3.10/dist-packages/rm_interfaces/msg/_measurement.py
[0.726s] -- Up-to-date symlink: /home/ivasd/fyt_atuoaim/install/rm_interfaces/local/lib/python3.10/dist-packages/rm_interfaces/msg/_measurement_s.c
[0.726s] -- Up-to-date symlink: /home/ivasd/fyt_atuoaim/install/rm_interfaces/local/lib/python3.10/dist-packages/rm_interfaces/msg/_operator_command.py
[0.726s] -- Up-to-date symlink: /home/ivasd/fyt_atuoaim/install/rm_interfaces/local/lib/python3.10/dist-packages/rm_interfaces/msg/_operator_command_s.c
[0.726s] -- Up-to-date symlink: /home/ivasd/fyt_atuoaim/install/rm_interfaces/local/lib/python3.10/dist-packages/rm_interfaces/msg/_point2d.py
[0.726s] -- Up-to-date symlink: /home/ivasd/fyt_atuoaim/install/rm_interfaces/local/lib/python3.10/dist-packages/rm_interfaces/msg/_point2d_s.c
[0.726s] -- Up-to-date symlink: /home/ivasd/fyt_atuoaim/install/rm_interfaces/local/lib/python3.10/dist-packages/rm_interfaces/msg/_rune_target.py
[0.726s] -- Up-to-date symlink: /home/ivasd/fyt_atuoaim/install/rm_interfaces/local/lib/python3.10/dist-packages/rm_interfaces/msg/_rune_target_s.c
[0.726s] -- Up-to-date symlink: /home/ivasd/fyt_atuoaim/install/rm_interfaces/local/lib/python3.10/dist-packages/rm_interfaces/msg/_serial_receive_data.py
[0.726s] -- Up-to-date symlink: /home/ivasd/fyt_atuoaim/install/rm_interfaces/local/lib/python3.10/dist-packages/rm_interfaces/msg/_serial_receive_data_s.c
[0.726s] -- Up-to-date symlink: /home/ivasd/fyt_atuoaim/install/rm_interfaces/local/lib/python3.10/dist-packages/rm_interfaces/msg/_target.py
[0.726s] -- Up-to-date symlink: /home/ivasd/fyt_atuoaim/install/rm_interfaces/local/lib/python3.10/dist-packages/rm_interfaces/msg/_target_s.c
[0.726s] -- Up-to-date symlink: /home/ivasd/fyt_atuoaim/install/rm_interfaces/local/lib/python3.10/dist-packages/rm_interfaces/rm_interfaces_s__rosidl_typesupport_c.cpython-310-x86_64-linux-gnu.so
[0.726s] -- Up-to-date symlink: /home/ivasd/fyt_atuoaim/install/rm_interfaces/local/lib/python3.10/dist-packages/rm_interfaces/rm_interfaces_s__rosidl_typesupport_fastrtps_c.cpython-310-x86_64-linux-gnu.so
[0.726s] -- Up-to-date symlink: /home/ivasd/fyt_atuoaim/install/rm_interfaces/local/lib/python3.10/dist-packages/rm_interfaces/rm_interfaces_s__rosidl_typesupport_introspection_c.cpython-310-x86_64-linux-gnu.so
[0.726s] -- Up-to-date symlink: /home/ivasd/fyt_atuoaim/install/rm_interfaces/local/lib/python3.10/dist-packages/rm_interfaces/srv/__init__.py
[0.726s] -- Up-to-date symlink: /home/ivasd/fyt_atuoaim/install/rm_interfaces/local/lib/python3.10/dist-packages/rm_interfaces/srv/_set_mode.py
[0.726s] -- Up-to-date symlink: /home/ivasd/fyt_atuoaim/install/rm_interfaces/local/lib/python3.10/dist-packages/rm_interfaces/srv/_set_mode_s.c
[0.726s] -- Up-to-date symlink: /home/ivasd/fyt_atuoaim/install/rm_interfaces/local/lib/python3.10/dist-packages/rm_interfaces/rm_interfaces_s__rosidl_typesupport_fastrtps_c.cpython-310-x86_64-linux-gnu.so
[0.726s] -- Up-to-date symlink: /home/ivasd/fyt_atuoaim/install/rm_interfaces/local/lib/python3.10/dist-packages/rm_interfaces/rm_interfaces_s__rosidl_typesupport_introspection_c.cpython-310-x86_64-linux-gnu.so
[0.726s] -- Up-to-date symlink: /home/ivasd/fyt_atuoaim/install/rm_interfaces/local/lib/python3.10/dist-packages/rm_interfaces/rm_interfaces_s__rosidl_typesupport_c.cpython-310-x86_64-linux-gnu.so
[0.727s] -- Up-to-date symlink: /home/ivasd/fyt_atuoaim/install/rm_interfaces/share/rm_interfaces/msg/Armor.idl
[0.727s] -- Up-to-date symlink: /home/ivasd/fyt_atuoaim/install/rm_interfaces/share/rm_interfaces/msg/Armors.idl
[0.727s] -- Up-to-date symlink: /home/ivasd/fyt_atuoaim/install/rm_interfaces/share/rm_interfaces/msg/Target.idl
[0.727s] -- Up-to-date symlink: /home/ivasd/fyt_atuoaim/install/rm_interfaces/share/rm_interfaces/msg/RuneTarget.idl
[0.727s] -- Up-to-date symlink: /home/ivasd/fyt_atuoaim/install/rm_interfaces/share/rm_interfaces/msg/Point2d.idl
[0.727s] -- Up-to-date symlink: /home/ivasd/fyt_atuoaim/install/rm_interfaces/share/rm_interfaces/msg/GimbalCmd.idl
[0.727s] -- Up-to-date symlink: /home/ivasd/fyt_atuoaim/install/rm_interfaces/share/rm_interfaces/msg/ChassisCmd.idl
[0.727s] -- Up-to-date symlink: /home/ivasd/fyt_atuoaim/install/rm_interfaces/share/rm_interfaces/msg/DebugLight.idl
[0.727s] -- Up-to-date symlink: /home/ivasd/fyt_atuoaim/install/rm_interfaces/share/rm_interfaces/msg/DebugLights.idl
[0.727s] -- Up-to-date symlink: /home/ivasd/fyt_atuoaim/install/rm_interfaces/share/rm_interfaces/msg/DebugArmor.idl
[0.727s] -- Up-to-date symlink: /home/ivasd/fyt_atuoaim/install/rm_interfaces/share/rm_interfaces/msg/DebugArmors.idl
[0.728s] -- Up-to-date symlink: /home/ivasd/fyt_atuoaim/install/rm_interfaces/share/rm_interfaces/msg/DebugRuneAngle.idl
[0.728s] -- Up-to-date symlink: /home/ivasd/fyt_atuoaim/install/rm_interfaces/share/rm_interfaces/msg/Measurement.idl
[0.728s] -- Up-to-date symlink: /home/ivasd/fyt_atuoaim/install/rm_interfaces/share/rm_interfaces/msg/JudgeSystemData.idl
[0.728s] -- Up-to-date symlink: /home/ivasd/fyt_atuoaim/install/rm_interfaces/share/rm_interfaces/msg/OperatorCommand.idl
[0.728s] -- Up-to-date symlink: /home/ivasd/fyt_atuoaim/install/rm_interfaces/share/rm_interfaces/msg/SerialReceiveData.idl
[0.728s] -- Up-to-date symlink: /home/ivasd/fyt_atuoaim/install/rm_interfaces/share/rm_interfaces/srv/SetMode.idl
[0.728s] -- Up-to-date symlink: /home/ivasd/fyt_atuoaim/install/rm_interfaces/share/rm_interfaces/msg/Armor.msg
[0.728s] -- Up-to-date symlink: /home/ivasd/fyt_atuoaim/install/rm_interfaces/share/rm_interfaces/msg/Armors.msg
[0.728s] -- Up-to-date symlink: /home/ivasd/fyt_atuoaim/install/rm_interfaces/share/rm_interfaces/msg/Target.msg
[0.728s] -- Up-to-date symlink: /home/ivasd/fyt_atuoaim/install/rm_interfaces/share/rm_interfaces/msg/RuneTarget.msg
[0.728s] -- Up-to-date symlink: /home/ivasd/fyt_atuoaim/install/rm_interfaces/share/rm_interfaces/msg/Point2d.msg
[0.728s] -- Up-to-date symlink: /home/ivasd/fyt_atuoaim/install/rm_interfaces/share/rm_interfaces/msg/GimbalCmd.msg
[0.728s] -- Up-to-date symlink: /home/ivasd/fyt_atuoaim/install/rm_interfaces/share/rm_interfaces/msg/ChassisCmd.msg
[0.728s] -- Up-to-date symlink: /home/ivasd/fyt_atuoaim/install/rm_interfaces/share/rm_interfaces/msg/DebugLight.msg
[0.728s] -- Up-to-date symlink: /home/ivasd/fyt_atuoaim/install/rm_interfaces/share/rm_interfaces/msg/DebugLights.msg
[0.728s] -- Up-to-date symlink: /home/ivasd/fyt_atuoaim/install/rm_interfaces/share/rm_interfaces/msg/DebugArmor.msg
[0.728s] -- Up-to-date symlink: /home/ivasd/fyt_atuoaim/install/rm_interfaces/share/rm_interfaces/msg/DebugArmors.msg
[0.728s] -- Up-to-date symlink: /home/ivasd/fyt_atuoaim/install/rm_interfaces/share/rm_interfaces/msg/DebugRuneAngle.msg
[0.728s] -- Up-to-date symlink: /home/ivasd/fyt_atuoaim/install/rm_interfaces/share/rm_interfaces/msg/Measurement.msg
[0.728s] -- Up-to-date symlink: /home/ivasd/fyt_atuoaim/install/rm_interfaces/share/rm_interfaces/msg/JudgeSystemData.msg
[0.728s] -- Up-to-date symlink: /home/ivasd/fyt_atuoaim/install/rm_interfaces/share/rm_interfaces/msg/OperatorCommand.msg
[0.728s] -- Up-to-date symlink: /home/ivasd/fyt_atuoaim/install/rm_interfaces/share/rm_interfaces/msg/SerialReceiveData.msg
[0.728s] -- Up-to-date symlink: /home/ivasd/fyt_atuoaim/install/rm_interfaces/share/rm_interfaces/srv/SetMode.srv
[0.728s] -- Up-to-date symlink: /home/ivasd/fyt_atuoaim/install/rm_interfaces/share/rm_interfaces/srv/SetMode_Request.msg
[0.728s] -- Up-to-date symlink: /home/ivasd/fyt_atuoaim/install/rm_interfaces/share/rm_interfaces/srv/SetMode_Response.msg
[0.728s] -- Up-to-date symlink: /home/ivasd/fyt_atuoaim/install/rm_interfaces/share/ament_index/resource_index/package_run_dependencies/rm_interfaces
[0.729s] -- Up-to-date symlink: /home/ivasd/fyt_atuoaim/install/rm_interfaces/share/ament_index/resource_index/parent_prefix_path/rm_interfaces
[0.729s] -- Up-to-date symlink: /home/ivasd/fyt_atuoaim/install/rm_interfaces/share/rm_interfaces/environment/ament_prefix_path.sh
[0.729s] -- Up-to-date symlink: /home/ivasd/fyt_atuoaim/install/rm_interfaces/share/rm_interfaces/environment/ament_prefix_path.dsv
[0.729s] -- Up-to-date symlink: /home/ivasd/fyt_atuoaim/install/rm_interfaces/share/rm_interfaces/environment/path.sh
[0.729s] -- Up-to-date symlink: /home/ivasd/fyt_atuoaim/install/rm_interfaces/share/rm_interfaces/environment/path.dsv
[0.729s] -- Up-to-date symlink: /home/ivasd/fyt_atuoaim/install/rm_interfaces/share/rm_interfaces/local_setup.bash
[0.729s] -- Up-to-date symlink: /home/ivasd/fyt_atuoaim/install/rm_interfaces/share/rm_interfaces/local_setup.sh
[0.729s] -- Up-to-date symlink: /home/ivasd/fyt_atuoaim/install/rm_interfaces/share/rm_interfaces/local_setup.zsh
[0.729s] -- Up-to-date symlink: /home/ivasd/fyt_atuoaim/install/rm_interfaces/share/rm_interfaces/local_setup.dsv
[0.729s] -- Symlinking: /home/ivasd/fyt_atuoaim/install/rm_interfaces/share/rm_interfaces/package.dsv
[0.732s] -- Up-to-date symlink: /home/ivasd/fyt_atuoaim/install/rm_interfaces/share/ament_index/resource_index/packages/rm_interfaces
[0.732s] -- Up-to-date symlink: /home/ivasd/fyt_atuoaim/install/rm_interfaces/share/rm_interfaces/cmake/rosidl_cmake-extras.cmake
[0.732s] -- Up-to-date symlink: /home/ivasd/fyt_atuoaim/install/rm_interfaces/share/rm_interfaces/cmake/ament_cmake_export_dependencies-extras.cmake
[0.732s] -- Up-to-date symlink: /home/ivasd/fyt_atuoaim/install/rm_interfaces/share/rm_interfaces/cmake/ament_cmake_export_include_directories-extras.cmake
[0.732s] -- Up-to-date symlink: /home/ivasd/fyt_atuoaim/install/rm_interfaces/share/rm_interfaces/cmake/ament_cmake_export_libraries-extras.cmake
[0.733s] -- Up-to-date symlink: /home/ivasd/fyt_atuoaim/install/rm_interfaces/share/rm_interfaces/cmake/ament_cmake_export_targets-extras.cmake
[0.733s] -- Up-to-date symlink: /home/ivasd/fyt_atuoaim/install/rm_interfaces/share/rm_interfaces/cmake/rosidl_cmake_export_typesupport_targets-extras.cmake
[0.733s] -- Up-to-date symlink: /home/ivasd/fyt_atuoaim/install/rm_interfaces/share/rm_interfaces/cmake/rosidl_cmake_export_typesupport_libraries-extras.cmake
[0.733s] -- Up-to-date symlink: /home/ivasd/fyt_atuoaim/install/rm_interfaces/share/rm_interfaces/cmake/rm_interfacesConfig.cmake
[0.733s] -- Up-to-date symlink: /home/ivasd/fyt_atuoaim/install/rm_interfaces/share/rm_interfaces/cmake/rm_interfacesConfig-version.cmake
[0.733s] -- Up-to-date symlink: /home/ivasd/fyt_atuoaim/install/rm_interfaces/share/rm_interfaces/package.xml
[0.733s] -- Up-to-date: /home/ivasd/fyt_atuoaim/install/rm_interfaces/lib/librm_interfaces__rosidl_generator_c.so
[0.733s] -- Up-to-date: /home/ivasd/fyt_atuoaim/install/rm_interfaces/lib/librm_interfaces__rosidl_typesupport_fastrtps_c.so
[0.733s] -- Up-to-date: /home/ivasd/fyt_atuoaim/install/rm_interfaces/lib/librm_interfaces__rosidl_typesupport_introspection_c.so
[0.733s] -- Up-to-date: /home/ivasd/fyt_atuoaim/install/rm_interfaces/lib/librm_interfaces__rosidl_typesupport_c.so
[0.733s] -- Up-to-date: /home/ivasd/fyt_atuoaim/install/rm_interfaces/lib/librm_interfaces__rosidl_typesupport_fastrtps_cpp.so
[0.733s] -- Up-to-date: /home/ivasd/fyt_atuoaim/install/rm_interfaces/lib/librm_interfaces__rosidl_typesupport_introspection_cpp.so
[0.734s] -- Up-to-date: /home/ivasd/fyt_atuoaim/install/rm_interfaces/lib/librm_interfaces__rosidl_typesupport_cpp.so
[0.752s] Listing '/home/ivasd/fyt_atuoaim/install/rm_interfaces/local/lib/python3.10/dist-packages/rm_interfaces'...
[0.752s] Compiling '/home/ivasd/fyt_atuoaim/install/rm_interfaces/local/lib/python3.10/dist-packages/rm_interfaces/__init__.py'...
[0.752s] Listing '/home/ivasd/fyt_atuoaim/install/rm_interfaces/local/lib/python3.10/dist-packages/rm_interfaces/msg'...
[0.752s] Listing '/home/ivasd/fyt_atuoaim/install/rm_interfaces/local/lib/python3.10/dist-packages/rm_interfaces/srv'...
[0.755s] -- Up-to-date: /home/ivasd/fyt_atuoaim/install/rm_interfaces/lib/librm_interfaces__rosidl_generator_py.so
[0.755s] -- Up-to-date: /home/ivasd/fyt_atuoaim/install/rm_interfaces/share/rm_interfaces/cmake/export_rm_interfaces__rosidl_generator_cExport.cmake
[0.755s] -- Up-to-date: /home/ivasd/fyt_atuoaim/install/rm_interfaces/share/rm_interfaces/cmake/export_rm_interfaces__rosidl_generator_cExport-noconfig.cmake
[0.755s] -- Up-to-date: /home/ivasd/fyt_atuoaim/install/rm_interfaces/share/rm_interfaces/cmake/export_rm_interfaces__rosidl_typesupport_fastrtps_cExport.cmake
[0.755s] -- Up-to-date: /home/ivasd/fyt_atuoaim/install/rm_interfaces/share/rm_interfaces/cmake/export_rm_interfaces__rosidl_typesupport_fastrtps_cExport-noconfig.cmake
[0.755s] -- Up-to-date: /home/ivasd/fyt_atuoaim/install/rm_interfaces/share/rm_interfaces/cmake/rm_interfaces__rosidl_typesupport_introspection_cExport.cmake
[0.755s] -- Up-to-date: /home/ivasd/fyt_atuoaim/install/rm_interfaces/share/rm_interfaces/cmake/rm_interfaces__rosidl_typesupport_introspection_cExport-noconfig.cmake
[0.755s] -- Up-to-date: /home/ivasd/fyt_atuoaim/install/rm_interfaces/share/rm_interfaces/cmake/rm_interfaces__rosidl_typesupport_cExport.cmake
[0.755s] -- Up-to-date: /home/ivasd/fyt_atuoaim/install/rm_interfaces/share/rm_interfaces/cmake/rm_interfaces__rosidl_typesupport_cExport-noconfig.cmake
[0.755s] -- Up-to-date: /home/ivasd/fyt_atuoaim/install/rm_interfaces/share/rm_interfaces/cmake/export_rm_interfaces__rosidl_generator_cppExport.cmake
[0.755s] -- Up-to-date: /home/ivasd/fyt_atuoaim/install/rm_interfaces/share/rm_interfaces/cmake/export_rm_interfaces__rosidl_typesupport_fastrtps_cppExport.cmake
[0.755s] -- Up-to-date: /home/ivasd/fyt_atuoaim/install/rm_interfaces/share/rm_interfaces/cmake/export_rm_interfaces__rosidl_typesupport_fastrtps_cppExport-noconfig.cmake
[0.755s] -- Up-to-date: /home/ivasd/fyt_atuoaim/install/rm_interfaces/share/rm_interfaces/cmake/rm_interfaces__rosidl_typesupport_introspection_cppExport.cmake
[0.755s] -- Up-to-date: /home/ivasd/fyt_atuoaim/install/rm_interfaces/share/rm_interfaces/cmake/rm_interfaces__rosidl_typesupport_introspection_cppExport-noconfig.cmake
[0.755s] -- Up-to-date: /home/ivasd/fyt_atuoaim/install/rm_interfaces/share/rm_interfaces/cmake/rm_interfaces__rosidl_typesupport_cppExport.cmake
[0.755s] -- Up-to-date: /home/ivasd/fyt_atuoaim/install/rm_interfaces/share/rm_interfaces/cmake/rm_interfaces__rosidl_typesupport_cppExport-noconfig.cmake
[0.755s] -- Up-to-date: /home/ivasd/fyt_atuoaim/install/rm_interfaces/share/rm_interfaces/cmake/export_rm_interfaces__rosidl_generator_pyExport.cmake
[0.755s] -- Up-to-date: /home/ivasd/fyt_atuoaim/install/rm_interfaces/share/rm_interfaces/cmake/export_rm_interfaces__rosidl_generator_pyExport-noconfig.cmake
[0.756s] Invoked command in '/home/ivasd/fyt_atuoaim/build/rm_interfaces' returned '0': CMAKE_PREFIX_PATH=${CMAKE_PREFIX_PATH}:/opt/ros/humble /usr/local/bin/cmake --install /home/ivasd/fyt_atuoaim/build/rm_interfaces
