Determining if the function sgemm_ exists failed with the following output:
Change Dir: /home/ivasd/fyt_atuoaim/build/rm_serial_driver/CMakeFiles/CMakeTmp

Run Build Command(s):/usr/bin/gmake -f Makefile cmTC_7b31d/fast && /usr/bin/gmake  -f CMakeFiles/cmTC_7b31d.dir/build.make CMakeFiles/cmTC_7b31d.dir/build
gmake[1]: 进入目录“/home/ivasd/fyt_atuoaim/build/rm_serial_driver/CMakeFiles/CMakeTmp”
Building C object CMakeFiles/cmTC_7b31d.dir/CheckFunctionExists.c.o
/usr/bin/cc   -DCHECK_FUNCTION_EXISTS=sgemm_ -o CMakeFiles/cmTC_7b31d.dir/CheckFunctionExists.c.o -c /usr/local/share/cmake-3.24/Modules/CheckFunctionExists.c
Linking C executable cmTC_7b31d
/usr/local/bin/cmake -E cmake_link_script CMakeFiles/cmTC_7b31d.dir/link.txt --verbose=1
/usr/bin/cc  -DCHECK_FUNCTION_EXISTS=sgemm_ CMakeFiles/cmTC_7b31d.dir/CheckFunctionExists.c.o -o cmTC_7b31d 
/usr/bin/ld: CMakeFiles/cmTC_7b31d.dir/CheckFunctionExists.c.o: in function `main':
CheckFunctionExists.c:(.text+0x14): undefined reference to `sgemm_'
collect2: error: ld returned 1 exit status
gmake[1]: *** [CMakeFiles/cmTC_7b31d.dir/build.make:99：cmTC_7b31d] 错误 1
gmake[1]: 离开目录“/home/ivasd/fyt_atuoaim/build/rm_serial_driver/CMakeFiles/CMakeTmp”
gmake: *** [Makefile:127：cmTC_7b31d/fast] 错误 2



Determining if the function cheev_ exists failed with the following output:
Change Dir: /home/ivasd/fyt_atuoaim/build/rm_serial_driver/CMakeFiles/CMakeTmp

Run Build Command(s):/usr/bin/gmake -f Makefile cmTC_e6540/fast && /usr/bin/gmake  -f CMakeFiles/cmTC_e6540.dir/build.make CMakeFiles/cmTC_e6540.dir/build
gmake[1]: 进入目录“/home/ivasd/fyt_atuoaim/build/rm_serial_driver/CMakeFiles/CMakeTmp”
Building C object CMakeFiles/cmTC_e6540.dir/CheckFunctionExists.c.o
/usr/bin/cc   -DCHECK_FUNCTION_EXISTS=cheev_ -o CMakeFiles/cmTC_e6540.dir/CheckFunctionExists.c.o -c /usr/local/share/cmake-3.24/Modules/CheckFunctionExists.c
Linking C executable cmTC_e6540
/usr/local/bin/cmake -E cmake_link_script CMakeFiles/cmTC_e6540.dir/link.txt --verbose=1
/usr/bin/cc  -DCHECK_FUNCTION_EXISTS=cheev_ CMakeFiles/cmTC_e6540.dir/CheckFunctionExists.c.o -o cmTC_e6540  /usr/lib/x86_64-linux-gnu/libblas.so -lm -ldl 
/usr/bin/ld: CMakeFiles/cmTC_e6540.dir/CheckFunctionExists.c.o: in function `main':
CheckFunctionExists.c:(.text+0x14): undefined reference to `cheev_'
collect2: error: ld returned 1 exit status
gmake[1]: *** [CMakeFiles/cmTC_e6540.dir/build.make:100：cmTC_e6540] 错误 1
gmake[1]: 离开目录“/home/ivasd/fyt_atuoaim/build/rm_serial_driver/CMakeFiles/CMakeTmp”
gmake: *** [Makefile:127：cmTC_e6540/fast] 错误 2



